{"C:\\Users\\JarettHall\\Programming\\Ultron\\services\\analyticsService.ts": {"path":"C:\\Users\\JarettHall\\Programming\\Ultron\\services\\analyticsService.ts","statementMap":{"0":{"start":{"line":1,"column":0},"end":{"line":1,"column":82}},"1":{"start":{"line":77,"column":25},"end":{"line":77,"column":75}},"2":{"start":{"line":78,"column":19},"end":{"line":78,"column":56}},"3":{"start":{"line":79,"column":18},"end":{"line":79,"column":53}},"4":{"start":{"line":80,"column":29},"end":{"line":80,"column":76}},"5":{"start":{"line":81,"column":32},"end":{"line":81,"column":82}},"6":{"start":{"line":83,"column":4},"end":{"line":89,"column":6}},"7":{"start":{"line":96,"column":27},"end":{"line":96,"column":85}},"8":{"start":{"line":96,"column":48},"end":{"line":96,"column":84}},"9":{"start":{"line":97,"column":23},"end":{"line":97,"column":35}},"10":{"start":{"line":98,"column":31},"end":{"line":98,"column":94}},"11":{"start":{"line":100,"column":30},"end":{"line":100,"column":100}},"12":{"start":{"line":100,"column":57},"end":{"line":100,"column":99}},"13":{"start":{"line":101,"column":26},"end":{"line":101,"column":41}},"14":{"start":{"line":102,"column":34},"end":{"line":102,"column":106}},"15":{"start":{"line":105,"column":38},"end":{"line":105,"column":89}},"16":{"start":{"line":108,"column":35},"end":{"line":108,"column":87}},"17":{"start":{"line":111,"column":33},"end":{"line":111,"column":74}},"18":{"start":{"line":114,"column":30},"end":{"line":114,"column":128}},"19":{"start":{"line":115,"column":33},"end":{"line":115,"column":74}},"20":{"start":{"line":116,"column":29},"end":{"line":116,"column":66}},"21":{"start":{"line":117,"column":25},"end":{"line":117,"column":67}},"22":{"start":{"line":119,"column":4},"end":{"line":129,"column":6}},"23":{"start":{"line":138,"column":18},"end":{"line":138,"column":62}},"24":{"start":{"line":141,"column":19},"end":{"line":141,"column":64}},"25":{"start":{"line":144,"column":20},"end":{"line":144,"column":66}},"26":{"start":{"line":146,"column":4},"end":{"line":146,"column":38}},"27":{"start":{"line":153,"column":21},"end":{"line":153,"column":22}},"28":{"start":{"line":154,"column":25},"end":{"line":154,"column":26}},"29":{"start":{"line":155,"column":28},"end":{"line":155,"column":29}},"30":{"start":{"line":157,"column":37},"end":{"line":161,"column":6}},"31":{"start":{"line":163,"column":4},"end":{"line":181,"column":7}},"32":{"start":{"line":164,"column":6},"end":{"line":180,"column":7}},"33":{"start":{"line":165,"column":8},"end":{"line":165,"column":28}},"34":{"start":{"line":166,"column":8},"end":{"line":166,"column":43}},"35":{"start":{"line":169,"column":8},"end":{"line":179,"column":9}},"36":{"start":{"line":170,"column":10},"end":{"line":170,"column":49}},"37":{"start":{"line":171,"column":10},"end":{"line":171,"column":69}},"38":{"start":{"line":172,"column":15},"end":{"line":179,"column":9}},"39":{"start":{"line":173,"column":36},"end":{"line":173,"column":74}},"40":{"start":{"line":174,"column":10},"end":{"line":174,"column":46}},"41":{"start":{"line":175,"column":10},"end":{"line":175,"column":90}},"42":{"start":{"line":176,"column":10},"end":{"line":176,"column":66}},"43":{"start":{"line":178,"column":10},"end":{"line":178,"column":70}},"44":{"start":{"line":183,"column":31},"end":{"line":183,"column":87}},"45":{"start":{"line":184,"column":35},"end":{"line":184,"column":93}},"46":{"start":{"line":186,"column":4},"end":{"line":193,"column":6}},"47":{"start":{"line":200,"column":24},"end":{"line":200,"column":84}},"48":{"start":{"line":200,"column":45},"end":{"line":200,"column":83}},"49":{"start":{"line":201,"column":33},"end":{"line":201,"column":51}},"50":{"start":{"line":202,"column":35},"end":{"line":202,"column":91}},"51":{"start":{"line":205,"column":57},"end":{"line":205,"column":59}},"52":{"start":{"line":206,"column":4},"end":{"line":210,"column":7}},"53":{"start":{"line":207,"column":6},"end":{"line":209,"column":7}},"54":{"start":{"line":208,"column":8},"end":{"line":208,"column":91}},"55":{"start":{"line":212,"column":31},"end":{"line":218,"column":48}},"56":{"start":{"line":213,"column":25},"end":{"line":213,"column":58}},"57":{"start":{"line":214,"column":23},"end":{"line":217,"column":8}},"58":{"start":{"line":218,"column":22},"end":{"line":218,"column":47}},"59":{"start":{"line":221,"column":16},"end":{"line":221,"column":26}},"60":{"start":{"line":222,"column":29},"end":{"line":222,"column":78}},"61":{"start":{"line":223,"column":102},"end":{"line":223,"column":104}},"62":{"start":{"line":225,"column":9},"end":{"line":233,"column":8}},"63":{"start":{"line":226,"column":7},"end":{"line":232,"column":8}},"64":{"start":{"line":227,"column":30},"end":{"line":227,"column":56}},"65":{"start":{"line":228,"column":9},"end":{"line":231,"column":10}},"66":{"start":{"line":229,"column":29},"end":{"line":229,"column":104}},"67":{"start":{"line":230,"column":11},"end":{"line":230,"column":94}},"68":{"start":{"line":235,"column":5},"end":{"line":243,"column":8}},"69":{"start":{"line":236,"column":7},"end":{"line":242,"column":8}},"70":{"start":{"line":237,"column":30},"end":{"line":237,"column":53}},"71":{"start":{"line":238,"column":9},"end":{"line":241,"column":10}},"72":{"start":{"line":239,"column":29},"end":{"line":239,"column":104}},"73":{"start":{"line":240,"column":11},"end":{"line":240,"column":88}},"74":{"start":{"line":246,"column":24},"end":{"line":246,"column":84}},"75":{"start":{"line":247,"column":35},"end":{"line":247,"column":88}},"76":{"start":{"line":248,"column":36},"end":{"line":248,"column":80}},"77":{"start":{"line":250,"column":4},"end":{"line":258,"column":6}},"78":{"start":{"line":254,"column":58},"end":{"line":254,"column":83}},"79":{"start":{"line":266,"column":30},"end":{"line":266,"column":63}},"80":{"start":{"line":267,"column":31},"end":{"line":271,"column":6}},"81":{"start":{"line":272,"column":35},"end":{"line":276,"column":6}},"82":{"start":{"line":277,"column":29},"end":{"line":277,"column":64}},"83":{"start":{"line":279,"column":4},"end":{"line":284,"column":6}},"84":{"start":{"line":291,"column":37},"end":{"line":291,"column":39}},"85":{"start":{"line":292,"column":16},"end":{"line":292,"column":26}},"86":{"start":{"line":294,"column":4},"end":{"line":320,"column":5}},"87":{"start":{"line":294,"column":17},"end":{"line":294,"column":28}},"88":{"start":{"line":295,"column":25},"end":{"line":295,"column":38}},"89":{"start":{"line":297,"column":6},"end":{"line":303,"column":7}},"90":{"start":{"line":298,"column":8},"end":{"line":298,"column":46}},"91":{"start":{"line":299,"column":13},"end":{"line":303,"column":7}},"92":{"start":{"line":300,"column":8},"end":{"line":300,"column":52}},"93":{"start":{"line":301,"column":13},"end":{"line":303,"column":7}},"94":{"start":{"line":302,"column":8},"end":{"line":302,"column":48}},"95":{"start":{"line":305,"column":27},"end":{"line":305,"column":65}},"96":{"start":{"line":308,"column":29},"end":{"line":308,"column":63}},"97":{"start":{"line":309,"column":32},"end":{"line":309,"column":61}},"98":{"start":{"line":310,"column":26},"end":{"line":310,"column":59}},"99":{"start":{"line":311,"column":29},"end":{"line":311,"column":64}},"100":{"start":{"line":313,"column":6},"end":{"line":319,"column":9}},"101":{"start":{"line":322,"column":4},"end":{"line":322,"column":19}},"102":{"start":{"line":329,"column":4},"end":{"line":329,"column":46}},"103":{"start":{"line":329,"column":37},"end":{"line":329,"column":46}},"104":{"start":{"line":332,"column":23},"end":{"line":332,"column":90}},"105":{"start":{"line":332,"column":60},"end":{"line":332,"column":86}},"106":{"start":{"line":333,"column":4},"end":{"line":333,"column":46}},"107":{"start":{"line":342,"column":4},"end":{"line":342,"column":47}},"108":{"start":{"line":349,"column":18},"end":{"line":349,"column":30}},"109":{"start":{"line":350,"column":4},"end":{"line":352,"column":5}},"110":{"start":{"line":351,"column":6},"end":{"line":351,"column":55}},"111":{"start":{"line":354,"column":19},"end":{"line":354,"column":85}},"112":{"start":{"line":354,"column":40},"end":{"line":354,"column":77}},"113":{"start":{"line":355,"column":17},"end":{"line":355,"column":81}},"114":{"start":{"line":355,"column":38},"end":{"line":355,"column":73}},"115":{"start":{"line":356,"column":19},"end":{"line":356,"column":85}},"116":{"start":{"line":356,"column":40},"end":{"line":356,"column":77}},"117":{"start":{"line":357,"column":16},"end":{"line":357,"column":79}},"118":{"start":{"line":357,"column":37},"end":{"line":357,"column":71}},"119":{"start":{"line":359,"column":4},"end":{"line":364,"column":6}},"120":{"start":{"line":369,"column":4},"end":{"line":369,"column":93}},"121":{"start":{"line":373,"column":28},"end":{"line":373,"column":85}},"122":{"start":{"line":373,"column":49},"end":{"line":373,"column":77}},"123":{"start":{"line":374,"column":23},"end":{"line":374,"column":35}},"124":{"start":{"line":375,"column":4},"end":{"line":375,"column":81}},"125":{"start":{"line":379,"column":31},"end":{"line":379,"column":66}},"126":{"start":{"line":379,"column":52},"end":{"line":379,"column":65}},"127":{"start":{"line":380,"column":4},"end":{"line":380,"column":50}},"128":{"start":{"line":380,"column":41},"end":{"line":380,"column":50}},"129":{"start":{"line":382,"column":16},"end":{"line":382,"column":26}},"130":{"start":{"line":383,"column":28},"end":{"line":387,"column":12}},"131":{"start":{"line":384,"column":6},"end":{"line":386,"column":42}},"132":{"start":{"line":389,"column":4},"end":{"line":389,"column":75}},"133":{"start":{"line":394,"column":4},"end":{"line":394,"column":46}},"134":{"start":{"line":398,"column":24},"end":{"line":398,"column":96}},"135":{"start":{"line":398,"column":51},"end":{"line":398,"column":88}},"136":{"start":{"line":399,"column":22},"end":{"line":399,"column":66}},"137":{"start":{"line":401,"column":4},"end":{"line":401,"column":38}},"138":{"start":{"line":401,"column":24},"end":{"line":401,"column":38}},"139":{"start":{"line":402,"column":4},"end":{"line":402,"column":39}},"140":{"start":{"line":402,"column":23},"end":{"line":402,"column":39}},"141":{"start":{"line":403,"column":4},"end":{"line":403,"column":17}},"142":{"start":{"line":407,"column":29},"end":{"line":407,"column":82}},"143":{"start":{"line":407,"column":50},"end":{"line":407,"column":74}},"144":{"start":{"line":408,"column":29},"end":{"line":408,"column":82}},"145":{"start":{"line":408,"column":50},"end":{"line":408,"column":74}},"146":{"start":{"line":409,"column":4},"end":{"line":409,"column":60}},"147":{"start":{"line":413,"column":18},"end":{"line":413,"column":30}},"148":{"start":{"line":414,"column":4},"end":{"line":414,"column":59}},"149":{"start":{"line":414,"column":21},"end":{"line":414,"column":59}},"150":{"start":{"line":416,"column":22},"end":{"line":416,"column":78}},"151":{"start":{"line":416,"column":43},"end":{"line":416,"column":70}},"152":{"start":{"line":417,"column":25},"end":{"line":417,"column":84}},"153":{"start":{"line":417,"column":46},"end":{"line":417,"column":76}},"154":{"start":{"line":418,"column":23},"end":{"line":418,"column":80}},"155":{"start":{"line":418,"column":44},"end":{"line":418,"column":72}},"156":{"start":{"line":420,"column":4},"end":{"line":424,"column":6}},"157":{"start":{"line":438,"column":22},"end":{"line":438,"column":62}},"158":{"start":{"line":439,"column":75},"end":{"line":439,"column":84}},"159":{"start":{"line":442,"column":29},"end":{"line":442,"column":405}},"160":{"start":{"line":442,"column":302},"end":{"line":442,"column":323}},"161":{"start":{"line":445,"column":24},"end":{"line":451,"column":6}},"162":{"start":{"line":454,"column":28},"end":{"line":460,"column":33}},"163":{"start":{"line":463,"column":22},"end":{"line":470,"column":33}},"164":{"start":{"line":473,"column":32},"end":{"line":480,"column":33}},"165":{"start":{"line":483,"column":54},"end":{"line":483,"column":62}},"166":{"start":{"line":484,"column":4},"end":{"line":488,"column":5}},"167":{"start":{"line":485,"column":6},"end":{"line":485,"column":26}},"168":{"start":{"line":486,"column":11},"end":{"line":488,"column":5}},"169":{"start":{"line":487,"column":6},"end":{"line":487,"column":26}},"170":{"start":{"line":490,"column":4},"end":{"line":497,"column":6}},"171":{"start":{"line":72,"column":0},"end":{"line":72,"column":13}}},"fnMap":{"0":{"name":"(anonymous_0)","decl":{"start":{"line":76,"column":2},"end":{"line":76,"column":8}},"loc":{"start":{"line":76,"column":62},"end":{"line":90,"column":3}}},"1":{"name":"(anonymous_1)","decl":{"start":{"line":95,"column":10},"end":{"line":95,"column":16}},"loc":{"start":{"line":95,"column":80},"end":{"line":130,"column":3}}},"2":{"name":"(anonymous_2)","decl":{"start":{"line":96,"column":40},"end":{"line":96,"column":44}},"loc":{"start":{"line":96,"column":48},"end":{"line":96,"column":84}}},"3":{"name":"(anonymous_3)","decl":{"start":{"line":100,"column":46},"end":{"line":100,"column":53}},"loc":{"start":{"line":100,"column":57},"end":{"line":100,"column":99}}},"4":{"name":"(anonymous_4)","decl":{"start":{"line":135,"column":10},"end":{"line":135,"column":16}},"loc":{"start":{"line":135,"column":68},"end":{"line":147,"column":3}}},"5":{"name":"(anonymous_5)","decl":{"start":{"line":152,"column":10},"end":{"line":152,"column":16}},"loc":{"start":{"line":152,"column":57},"end":{"line":194,"column":3}}},"6":{"name":"(anonymous_6)","decl":{"start":{"line":163,"column":21},"end":{"line":163,"column":28}},"loc":{"start":{"line":163,"column":31},"end":{"line":181,"column":5}}},"7":{"name":"(anonymous_7)","decl":{"start":{"line":199,"column":10},"end":{"line":199,"column":16}},"loc":{"start":{"line":199,"column":77},"end":{"line":259,"column":3}}},"8":{"name":"(anonymous_8)","decl":{"start":{"line":200,"column":37},"end":{"line":200,"column":41}},"loc":{"start":{"line":200,"column":45},"end":{"line":200,"column":83}}},"9":{"name":"(anonymous_9)","decl":{"start":{"line":206,"column":18},"end":{"line":206,"column":22}},"loc":{"start":{"line":206,"column":25},"end":{"line":210,"column":5}}},"10":{"name":"(anonymous_10)","decl":{"start":{"line":213,"column":14},"end":{"line":213,"column":21}},"loc":{"start":{"line":213,"column":25},"end":{"line":213,"column":58}}},"11":{"name":"(anonymous_11)","decl":{"start":{"line":214,"column":11},"end":{"line":214,"column":18}},"loc":{"start":{"line":214,"column":23},"end":{"line":217,"column":8}}},"12":{"name":"(anonymous_12)","decl":{"start":{"line":218,"column":12},"end":{"line":218,"column":13}},"loc":{"start":{"line":218,"column":22},"end":{"line":218,"column":47}}},"13":{"name":"(anonymous_13)","decl":{"start":{"line":225,"column":26},"end":{"line":225,"column":33}},"loc":{"start":{"line":225,"column":36},"end":{"line":233,"column":6}}},"14":{"name":"(anonymous_14)","decl":{"start":{"line":235,"column":19},"end":{"line":235,"column":23}},"loc":{"start":{"line":235,"column":26},"end":{"line":243,"column":6}}},"15":{"name":"(anonymous_15)","decl":{"start":{"line":254,"column":48},"end":{"line":254,"column":49}},"loc":{"start":{"line":254,"column":58},"end":{"line":254,"column":83}}},"16":{"name":"(anonymous_16)","decl":{"start":{"line":264,"column":10},"end":{"line":264,"column":16}},"loc":{"start":{"line":264,"column":82},"end":{"line":285,"column":3}}},"17":{"name":"(anonymous_17)","decl":{"start":{"line":290,"column":10},"end":{"line":290,"column":16}},"loc":{"start":{"line":290,"column":108},"end":{"line":323,"column":3}}},"18":{"name":"(anonymous_18)","decl":{"start":{"line":328,"column":10},"end":{"line":328,"column":16}},"loc":{"start":{"line":328,"column":70},"end":{"line":334,"column":3}}},"19":{"name":"(anonymous_19)","decl":{"start":{"line":332,"column":45},"end":{"line":332,"column":46}},"loc":{"start":{"line":332,"column":60},"end":{"line":332,"column":86}}},"20":{"name":"(anonymous_20)","decl":{"start":{"line":339,"column":10},"end":{"line":339,"column":16}},"loc":{"start":{"line":339,"column":72},"end":{"line":343,"column":3}}},"21":{"name":"(anonymous_21)","decl":{"start":{"line":348,"column":10},"end":{"line":348,"column":16}},"loc":{"start":{"line":348,"column":60},"end":{"line":365,"column":3}}},"22":{"name":"(anonymous_22)","decl":{"start":{"line":354,"column":32},"end":{"line":354,"column":36}},"loc":{"start":{"line":354,"column":40},"end":{"line":354,"column":77}}},"23":{"name":"(anonymous_23)","decl":{"start":{"line":355,"column":30},"end":{"line":355,"column":34}},"loc":{"start":{"line":355,"column":38},"end":{"line":355,"column":73}}},"24":{"name":"(anonymous_24)","decl":{"start":{"line":356,"column":32},"end":{"line":356,"column":36}},"loc":{"start":{"line":356,"column":40},"end":{"line":356,"column":77}}},"25":{"name":"(anonymous_25)","decl":{"start":{"line":357,"column":29},"end":{"line":357,"column":33}},"loc":{"start":{"line":357,"column":37},"end":{"line":357,"column":71}}},"26":{"name":"(anonymous_26)","decl":{"start":{"line":368,"column":10},"end":{"line":368,"column":16}},"loc":{"start":{"line":368,"column":115},"end":{"line":370,"column":3}}},"27":{"name":"(anonymous_27)","decl":{"start":{"line":372,"column":10},"end":{"line":372,"column":16}},"loc":{"start":{"line":372,"column":60},"end":{"line":376,"column":3}}},"28":{"name":"(anonymous_28)","decl":{"start":{"line":373,"column":41},"end":{"line":373,"column":45}},"loc":{"start":{"line":373,"column":49},"end":{"line":373,"column":77}}},"29":{"name":"(anonymous_29)","decl":{"start":{"line":378,"column":10},"end":{"line":378,"column":16}},"loc":{"start":{"line":378,"column":56},"end":{"line":390,"column":3}}},"30":{"name":"(anonymous_30)","decl":{"start":{"line":379,"column":44},"end":{"line":379,"column":48}},"loc":{"start":{"line":379,"column":52},"end":{"line":379,"column":65}}},"31":{"name":"(anonymous_31)","decl":{"start":{"line":383,"column":54},"end":{"line":383,"column":58}},"loc":{"start":{"line":384,"column":6},"end":{"line":386,"column":42}}},"32":{"name":"(anonymous_32)","decl":{"start":{"line":392,"column":10},"end":{"line":392,"column":16}},"loc":{"start":{"line":392,"column":62},"end":{"line":395,"column":3}}},"33":{"name":"(anonymous_33)","decl":{"start":{"line":397,"column":10},"end":{"line":397,"column":16}},"loc":{"start":{"line":397,"column":87},"end":{"line":404,"column":3}}},"34":{"name":"(anonymous_34)","decl":{"start":{"line":398,"column":43},"end":{"line":398,"column":47}},"loc":{"start":{"line":398,"column":51},"end":{"line":398,"column":88}}},"35":{"name":"(anonymous_35)","decl":{"start":{"line":406,"column":10},"end":{"line":406,"column":16}},"loc":{"start":{"line":406,"column":84},"end":{"line":410,"column":3}}},"36":{"name":"(anonymous_36)","decl":{"start":{"line":407,"column":45},"end":{"line":407,"column":46}},"loc":{"start":{"line":407,"column":50},"end":{"line":407,"column":74}}},"37":{"name":"(anonymous_37)","decl":{"start":{"line":408,"column":45},"end":{"line":408,"column":46}},"loc":{"start":{"line":408,"column":50},"end":{"line":408,"column":74}}},"38":{"name":"(anonymous_38)","decl":{"start":{"line":412,"column":10},"end":{"line":412,"column":16}},"loc":{"start":{"line":412,"column":63},"end":{"line":425,"column":3}}},"39":{"name":"(anonymous_39)","decl":{"start":{"line":416,"column":35},"end":{"line":416,"column":39}},"loc":{"start":{"line":416,"column":43},"end":{"line":416,"column":70}}},"40":{"name":"(anonymous_40)","decl":{"start":{"line":417,"column":38},"end":{"line":417,"column":42}},"loc":{"start":{"line":417,"column":46},"end":{"line":417,"column":76}}},"41":{"name":"(anonymous_41)","decl":{"start":{"line":418,"column":36},"end":{"line":418,"column":40}},"loc":{"start":{"line":418,"column":44},"end":{"line":418,"column":72}}},"42":{"name":"(anonymous_42)","decl":{"start":{"line":430,"column":2},"end":{"line":430,"column":8}},"loc":{"start":{"line":430,"column":69},"end":{"line":498,"column":3}}},"43":{"name":"(anonymous_43)","decl":{"start":{"line":442,"column":297},"end":{"line":442,"column":298}},"loc":{"start":{"line":442,"column":302},"end":{"line":442,"column":323}}}},"branchMap":{"0":{"loc":{"start":{"line":98,"column":31},"end":{"line":98,"column":94}},"type":"cond-expr","locations":[{"start":{"line":98,"column":48},"end":{"line":98,"column":90}},{"start":{"line":98,"column":93},"end":{"line":98,"column":94}}]},"1":{"loc":{"start":{"line":102,"column":34},"end":{"line":102,"column":106}},"type":"cond-expr","locations":[{"start":{"line":102,"column":54},"end":{"line":102,"column":102}},{"start":{"line":102,"column":105},"end":{"line":102,"column":106}}]},"2":{"loc":{"start":{"line":164,"column":6},"end":{"line":180,"column":7}},"type":"if","locations":[{"start":{"line":164,"column":6},"end":{"line":180,"column":7}}]},"3":{"loc":{"start":{"line":164,"column":10},"end":{"line":164,"column":51}},"type":"binary-expr","locations":[{"start":{"line":164,"column":10},"end":{"line":164,"column":23}},{"start":{"line":164,"column":27},"end":{"line":164,"column":51}}]},"4":{"loc":{"start":{"line":169,"column":8},"end":{"line":179,"column":9}},"type":"if","locations":[{"start":{"line":169,"column":8},"end":{"line":179,"column":9}},{"start":{"line":172,"column":15},"end":{"line":179,"column":9}}]},"5":{"loc":{"start":{"line":172,"column":15},"end":{"line":179,"column":9}},"type":"if","locations":[{"start":{"line":172,"column":15},"end":{"line":179,"column":9}},{"start":{"line":177,"column":15},"end":{"line":179,"column":9}}]},"6":{"loc":{"start":{"line":183,"column":31},"end":{"line":183,"column":87}},"type":"cond-expr","locations":[{"start":{"line":183,"column":48},"end":{"line":183,"column":83}},{"start":{"line":183,"column":86},"end":{"line":183,"column":87}}]},"7":{"loc":{"start":{"line":184,"column":35},"end":{"line":184,"column":93}},"type":"cond-expr","locations":[{"start":{"line":184,"column":59},"end":{"line":184,"column":89}},{"start":{"line":184,"column":92},"end":{"line":184,"column":93}}]},"8":{"loc":{"start":{"line":202,"column":35},"end":{"line":202,"column":91}},"type":"cond-expr","locations":[{"start":{"line":202,"column":57},"end":{"line":202,"column":87}},{"start":{"line":202,"column":90},"end":{"line":202,"column":91}}]},"9":{"loc":{"start":{"line":207,"column":6},"end":{"line":209,"column":7}},"type":"if","locations":[{"start":{"line":207,"column":6},"end":{"line":209,"column":7}}]},"10":{"loc":{"start":{"line":208,"column":46},"end":{"line":208,"column":85}},"type":"binary-expr","locations":[{"start":{"line":208,"column":46},"end":{"line":208,"column":80}},{"start":{"line":208,"column":84},"end":{"line":208,"column":85}}]},"11":{"loc":{"start":{"line":216,"column":19},"end":{"line":216,"column":53}},"type":"binary-expr","locations":[{"start":{"line":216,"column":19},"end":{"line":216,"column":48}},{"start":{"line":216,"column":52},"end":{"line":216,"column":53}}]},"12":{"loc":{"start":{"line":226,"column":7},"end":{"line":232,"column":8}},"type":"if","locations":[{"start":{"line":226,"column":7},"end":{"line":232,"column":8}}]},"13":{"loc":{"start":{"line":228,"column":9},"end":{"line":231,"column":10}},"type":"if","locations":[{"start":{"line":228,"column":9},"end":{"line":231,"column":10}}]},"14":{"loc":{"start":{"line":228,"column":13},"end":{"line":228,"column":68}},"type":"binary-expr","locations":[{"start":{"line":228,"column":13},"end":{"line":228,"column":32}},{"start":{"line":228,"column":36},"end":{"line":228,"column":68}}]},"15":{"loc":{"start":{"line":236,"column":7},"end":{"line":242,"column":8}},"type":"if","locations":[{"start":{"line":236,"column":7},"end":{"line":242,"column":8}}]},"16":{"loc":{"start":{"line":238,"column":9},"end":{"line":241,"column":10}},"type":"if","locations":[{"start":{"line":238,"column":9},"end":{"line":241,"column":10}}]},"17":{"loc":{"start":{"line":238,"column":13},"end":{"line":238,"column":68}},"type":"binary-expr","locations":[{"start":{"line":238,"column":13},"end":{"line":238,"column":32}},{"start":{"line":238,"column":36},"end":{"line":238,"column":68}}]},"18":{"loc":{"start":{"line":297,"column":6},"end":{"line":303,"column":7}},"type":"if","locations":[{"start":{"line":297,"column":6},"end":{"line":303,"column":7}},{"start":{"line":299,"column":13},"end":{"line":303,"column":7}}]},"19":{"loc":{"start":{"line":299,"column":13},"end":{"line":303,"column":7}},"type":"if","locations":[{"start":{"line":299,"column":13},"end":{"line":303,"column":7}},{"start":{"line":301,"column":13},"end":{"line":303,"column":7}}]},"20":{"loc":{"start":{"line":301,"column":13},"end":{"line":303,"column":7}},"type":"if","locations":[{"start":{"line":301,"column":13},"end":{"line":303,"column":7}}]},"21":{"loc":{"start":{"line":329,"column":4},"end":{"line":329,"column":46}},"type":"if","locations":[{"start":{"line":329,"column":4},"end":{"line":329,"column":46}}]},"22":{"loc":{"start":{"line":350,"column":4},"end":{"line":352,"column":5}},"type":"if","locations":[{"start":{"line":350,"column":4},"end":{"line":352,"column":5}}]},"23":{"loc":{"start":{"line":375,"column":11},"end":{"line":375,"column":80}},"type":"cond-expr","locations":[{"start":{"line":375,"column":28},"end":{"line":375,"column":76}},{"start":{"line":375,"column":79},"end":{"line":375,"column":80}}]},"24":{"loc":{"start":{"line":380,"column":4},"end":{"line":380,"column":50}},"type":"if","locations":[{"start":{"line":380,"column":4},"end":{"line":380,"column":50}}]},"25":{"loc":{"start":{"line":384,"column":6},"end":{"line":386,"column":42}},"type":"binary-expr","locations":[{"start":{"line":384,"column":6},"end":{"line":384,"column":19}},{"start":{"line":385,"column":6},"end":{"line":385,"column":35}},{"start":{"line":386,"column":6},"end":{"line":386,"column":42}}]},"26":{"loc":{"start":{"line":401,"column":4},"end":{"line":401,"column":38}},"type":"if","locations":[{"start":{"line":401,"column":4},"end":{"line":401,"column":38}}]},"27":{"loc":{"start":{"line":402,"column":4},"end":{"line":402,"column":39}},"type":"if","locations":[{"start":{"line":402,"column":4},"end":{"line":402,"column":39}}]},"28":{"loc":{"start":{"line":414,"column":4},"end":{"line":414,"column":59}},"type":"if","locations":[{"start":{"line":414,"column":4},"end":{"line":414,"column":59}}]},"29":{"loc":{"start":{"line":447,"column":85},"end":{"line":447,"column":141}},"type":"cond-expr","locations":[{"start":{"line":447,"column":126},"end":{"line":447,"column":132}},{"start":{"line":447,"column":135},"end":{"line":447,"column":141}}]},"30":{"loc":{"start":{"line":448,"column":62},"end":{"line":448,"column":177}},"type":"cond-expr","locations":[{"start":{"line":448,"column":99},"end":{"line":448,"column":141}},{"start":{"line":448,"column":144},"end":{"line":448,"column":177}}]},"31":{"loc":{"start":{"line":456,"column":6},"end":{"line":456,"column":127}},"type":"cond-expr","locations":[{"start":{"line":456,"column":43},"end":{"line":456,"column":120}},{"start":{"line":456,"column":123},"end":{"line":456,"column":127}}]},"32":{"loc":{"start":{"line":457,"column":6},"end":{"line":457,"column":118}},"type":"cond-expr","locations":[{"start":{"line":457,"column":48},"end":{"line":457,"column":111}},{"start":{"line":457,"column":114},"end":{"line":457,"column":118}}]},"33":{"loc":{"start":{"line":458,"column":6},"end":{"line":458,"column":120}},"type":"cond-expr","locations":[{"start":{"line":458,"column":47},"end":{"line":458,"column":113}},{"start":{"line":458,"column":116},"end":{"line":458,"column":120}}]},"34":{"loc":{"start":{"line":459,"column":6},"end":{"line":459,"column":121}},"type":"cond-expr","locations":[{"start":{"line":459,"column":52},"end":{"line":459,"column":114}},{"start":{"line":459,"column":117},"end":{"line":459,"column":121}}]},"35":{"loc":{"start":{"line":464,"column":6},"end":{"line":464,"column":81}},"type":"cond-expr","locations":[{"start":{"line":464,"column":45},"end":{"line":464,"column":74}},{"start":{"line":464,"column":77},"end":{"line":464,"column":81}}]},"36":{"loc":{"start":{"line":465,"column":6},"end":{"line":465,"column":89}},"type":"cond-expr","locations":[{"start":{"line":465,"column":49},"end":{"line":465,"column":82}},{"start":{"line":465,"column":85},"end":{"line":465,"column":89}}]},"37":{"loc":{"start":{"line":466,"column":6},"end":{"line":466,"column":73}},"type":"cond-expr","locations":[{"start":{"line":466,"column":38},"end":{"line":466,"column":66}},{"start":{"line":466,"column":69},"end":{"line":466,"column":73}}]},"38":{"loc":{"start":{"line":467,"column":6},"end":{"line":467,"column":81}},"type":"cond-expr","locations":[{"start":{"line":467,"column":43},"end":{"line":467,"column":74}},{"start":{"line":467,"column":77},"end":{"line":467,"column":81}}]},"39":{"loc":{"start":{"line":468,"column":6},"end":{"line":468,"column":90}},"type":"cond-expr","locations":[{"start":{"line":468,"column":50},"end":{"line":468,"column":83}},{"start":{"line":468,"column":86},"end":{"line":468,"column":90}}]},"40":{"loc":{"start":{"line":469,"column":6},"end":{"line":469,"column":85}},"type":"cond-expr","locations":[{"start":{"line":469,"column":47},"end":{"line":469,"column":78}},{"start":{"line":469,"column":81},"end":{"line":469,"column":85}}]},"41":{"loc":{"start":{"line":474,"column":6},"end":{"line":474,"column":92}},"type":"cond-expr","locations":[{"start":{"line":474,"column":45},"end":{"line":474,"column":85}},{"start":{"line":474,"column":88},"end":{"line":474,"column":92}}]},"42":{"loc":{"start":{"line":475,"column":6},"end":{"line":475,"column":92}},"type":"cond-expr","locations":[{"start":{"line":475,"column":47},"end":{"line":475,"column":85}},{"start":{"line":475,"column":88},"end":{"line":475,"column":92}}]},"43":{"loc":{"start":{"line":476,"column":6},"end":{"line":476,"column":83}},"type":"cond-expr","locations":[{"start":{"line":476,"column":38},"end":{"line":476,"column":76}},{"start":{"line":476,"column":79},"end":{"line":476,"column":83}}]},"44":{"loc":{"start":{"line":477,"column":6},"end":{"line":477,"column":87}},"type":"cond-expr","locations":[{"start":{"line":477,"column":43},"end":{"line":477,"column":80}},{"start":{"line":477,"column":83},"end":{"line":477,"column":87}}]},"45":{"loc":{"start":{"line":478,"column":6},"end":{"line":478,"column":105}},"type":"cond-expr","locations":[{"start":{"line":478,"column":48},"end":{"line":478,"column":98}},{"start":{"line":478,"column":101},"end":{"line":478,"column":105}}]},"46":{"loc":{"start":{"line":479,"column":6},"end":{"line":479,"column":102}},"type":"cond-expr","locations":[{"start":{"line":479,"column":52},"end":{"line":479,"column":95}},{"start":{"line":479,"column":98},"end":{"line":479,"column":102}}]},"47":{"loc":{"start":{"line":484,"column":4},"end":{"line":488,"column":5}},"type":"if","locations":[{"start":{"line":484,"column":4},"end":{"line":488,"column":5}},{"start":{"line":486,"column":11},"end":{"line":488,"column":5}}]},"48":{"loc":{"start":{"line":484,"column":8},"end":{"line":484,"column":81}},"type":"binary-expr","locations":[{"start":{"line":484,"column":8},"end":{"line":484,"column":43}},{"start":{"line":484,"column":47},"end":{"line":484,"column":81}}]},"49":{"loc":{"start":{"line":486,"column":11},"end":{"line":488,"column":5}},"type":"if","locations":[{"start":{"line":486,"column":11},"end":{"line":488,"column":5}}]},"50":{"loc":{"start":{"line":486,"column":15},"end":{"line":486,"column":93}},"type":"binary-expr","locations":[{"start":{"line":486,"column":15},"end":{"line":486,"column":50}},{"start":{"line":486,"column":54},"end":{"line":486,"column":93}}]}},"s":{"0":0,"1":0,"2":0,"3":0,"4":0,"5":0,"6":0,"7":0,"8":0,"9":0,"10":0,"11":0,"12":0,"13":0,"14":0,"15":0,"16":0,"17":0,"18":0,"19":0,"20":0,"21":0,"22":0,"23":0,"24":0,"25":0,"26":0,"27":0,"28":0,"29":0,"30":0,"31":0,"32":0,"33":0,"34":0,"35":0,"36":0,"37":0,"38":0,"39":0,"40":0,"41":0,"42":0,"43":0,"44":0,"45":0,"46":0,"47":0,"48":0,"49":0,"50":0,"51":0,"52":0,"53":0,"54":0,"55":0,"56":0,"57":0,"58":0,"59":0,"60":0,"61":0,"62":0,"63":0,"64":0,"65":0,"66":0,"67":0,"68":0,"69":0,"70":0,"71":0,"72":0,"73":0,"74":0,"75":0,"76":0,"77":0,"78":0,"79":0,"80":0,"81":0,"82":0,"83":0,"84":0,"85":0,"86":0,"87":0,"88":0,"89":0,"90":0,"91":0,"92":0,"93":0,"94":0,"95":0,"96":0,"97":0,"98":0,"99":0,"100":0,"101":0,"102":0,"103":0,"104":0,"105":0,"106":0,"107":0,"108":0,"109":0,"110":0,"111":0,"112":0,"113":0,"114":0,"115":0,"116":0,"117":0,"118":0,"119":0,"120":0,"121":0,"122":0,"123":0,"124":0,"125":0,"126":0,"127":0,"128":0,"129":0,"130":0,"131":0,"132":0,"133":0,"134":0,"135":0,"136":0,"137":0,"138":0,"139":0,"140":0,"141":0,"142":0,"143":0,"144":0,"145":0,"146":0,"147":0,"148":0,"149":0,"150":0,"151":0,"152":0,"153":0,"154":0,"155":0,"156":0,"157":0,"158":0,"159":0,"160":0,"161":0,"162":0,"163":0,"164":0,"165":0,"166":0,"167":0,"168":0,"169":0,"170":0,"171":0},"f":{"0":0,"1":0,"2":0,"3":0,"4":0,"5":0,"6":0,"7":0,"8":0,"9":0,"10":0,"11":0,"12":0,"13":0,"14":0,"15":0,"16":0,"17":0,"18":0,"19":0,"20":0,"21":0,"22":0,"23":0,"24":0,"25":0,"26":0,"27":0,"28":0,"29":0,"30":0,"31":0,"32":0,"33":0,"34":0,"35":0,"36":0,"37":0,"38":0,"39":0,"40":0,"41":0,"42":0,"43":0},"b":{"0":[0,0],"1":[0,0],"2":[0],"3":[0,0],"4":[0,0],"5":[0,0],"6":[0,0],"7":[0,0],"8":[0,0],"9":[0],"10":[0,0],"11":[0,0],"12":[0],"13":[0],"14":[0,0],"15":[0],"16":[0],"17":[0,0],"18":[0,0],"19":[0,0],"20":[0],"21":[0],"22":[0],"23":[0,0],"24":[0],"25":[0,0,0],"26":[0],"27":[0],"28":[0],"29":[0,0],"30":[0,0],"31":[0,0],"32":[0,0],"33":[0,0],"34":[0,0],"35":[0,0],"36":[0,0],"37":[0,0],"38":[0,0],"39":[0,0],"40":[0,0],"41":[0,0],"42":[0,0],"43":[0,0],"44":[0,0],"45":[0,0],"46":[0,0],"47":[0,0],"48":[0,0],"49":[0],"50":[0,0]}}
,"C:\\Users\\JarettHall\\Programming\\Ultron\\services\\databaseService.ts": {"path":"C:\\Users\\JarettHall\\Programming\\Ultron\\services\\databaseService.ts","statementMap":{"0":{"start":{"line":1,"column":0},"end":{"line":1,"column":49}},"1":{"start":{"line":2,"column":0},"end":{"line":2,"column":null}},"2":{"start":{"line":21,"column":4},"end":{"line":21,"column":25}},"3":{"start":{"line":22,"column":4},"end":{"line":22,"column":39}},"4":{"start":{"line":23,"column":4},"end":{"line":23,"column":33}},"5":{"start":{"line":24,"column":4},"end":{"line":24,"column":27}},"6":{"start":{"line":25,"column":4},"end":{"line":25,"column":27}},"7":{"start":{"line":1454,"column":9},"end":{"line":1454,"column":29}},"8":{"start":{"line":30,"column":20},"end":{"line":38,"column":1}},"9":{"start":{"line":31,"column":2},"end":{"line":31,"column":56}},"10":{"start":{"line":32,"column":2},"end":{"line":37,"column":5}},"11":{"start":{"line":41,"column":13},"end":{"line":230,"column":2}},"12":{"start":{"line":43,"column":4},"end":{"line":43,"column":70}},"13":{"start":{"line":43,"column":19},"end":{"line":43,"column":70}},"14":{"start":{"line":45,"column":28},"end":{"line":48,"column":48}},"15":{"start":{"line":50,"column":4},"end":{"line":50,"column":55}},"16":{"start":{"line":50,"column":15},"end":{"line":50,"column":55}},"17":{"start":{"line":51,"column":4},"end":{"line":51,"column":22}},"18":{"start":{"line":55,"column":4},"end":{"line":55,"column":70}},"19":{"start":{"line":55,"column":19},"end":{"line":55,"column":70}},"20":{"start":{"line":57,"column":28},"end":{"line":61,"column":15}},"21":{"start":{"line":63,"column":4},"end":{"line":66,"column":5}},"22":{"start":{"line":64,"column":6},"end":{"line":64,"column":49}},"23":{"start":{"line":64,"column":37},"end":{"line":64,"column":49}},"24":{"start":{"line":65,"column":6},"end":{"line":65,"column":51}},"25":{"start":{"line":67,"column":4},"end":{"line":67,"column":16}},"26":{"start":{"line":71,"column":4},"end":{"line":71,"column":70}},"27":{"start":{"line":71,"column":19},"end":{"line":71,"column":70}},"28":{"start":{"line":74,"column":49},"end":{"line":74,"column":78}},"29":{"start":{"line":75,"column":4},"end":{"line":77,"column":5}},"30":{"start":{"line":76,"column":6},"end":{"line":76,"column":48}},"31":{"start":{"line":80,"column":25},"end":{"line":86,"column":5}},"32":{"start":{"line":81,"column":6},"end":{"line":85,"column":9}},"33":{"start":{"line":82,"column":18},"end":{"line":82,"column":40}},"34":{"start":{"line":83,"column":18},"end":{"line":83,"column":48}},"35":{"start":{"line":84,"column":8},"end":{"line":84,"column":30}},"36":{"start":{"line":89,"column":30},"end":{"line":100,"column":6}},"37":{"start":{"line":103,"column":4},"end":{"line":103,"column":67}},"38":{"start":{"line":103,"column":26},"end":{"line":103,"column":67}},"39":{"start":{"line":105,"column":28},"end":{"line":109,"column":15}},"40":{"start":{"line":111,"column":4},"end":{"line":111,"column":54}},"41":{"start":{"line":111,"column":15},"end":{"line":111,"column":54}},"42":{"start":{"line":112,"column":4},"end":{"line":112,"column":16}},"43":{"start":{"line":116,"column":4},"end":{"line":116,"column":70}},"44":{"start":{"line":116,"column":19},"end":{"line":116,"column":70}},"45":{"start":{"line":118,"column":28},"end":{"line":123,"column":15}},"46":{"start":{"line":125,"column":4},"end":{"line":125,"column":54}},"47":{"start":{"line":125,"column":15},"end":{"line":125,"column":54}},"48":{"start":{"line":126,"column":4},"end":{"line":126,"column":16}},"49":{"start":{"line":130,"column":4},"end":{"line":130,"column":70}},"50":{"start":{"line":130,"column":19},"end":{"line":130,"column":70}},"51":{"start":{"line":132,"column":22},"end":{"line":135,"column":19}},"52":{"start":{"line":137,"column":4},"end":{"line":137,"column":54}},"53":{"start":{"line":137,"column":15},"end":{"line":137,"column":54}},"54":{"start":{"line":141,"column":4},"end":{"line":141,"column":70}},"55":{"start":{"line":141,"column":19},"end":{"line":141,"column":70}},"56":{"start":{"line":143,"column":28},"end":{"line":147,"column":48}},"57":{"start":{"line":149,"column":4},"end":{"line":149,"column":65}},"58":{"start":{"line":149,"column":15},"end":{"line":149,"column":65}},"59":{"start":{"line":150,"column":4},"end":{"line":150,"column":22}},"60":{"start":{"line":154,"column":4},"end":{"line":154,"column":70}},"61":{"start":{"line":154,"column":19},"end":{"line":154,"column":70}},"62":{"start":{"line":156,"column":28},"end":{"line":160,"column":48}},"63":{"start":{"line":162,"column":4},"end":{"line":162,"column":66}},"64":{"start":{"line":162,"column":15},"end":{"line":162,"column":66}},"65":{"start":{"line":163,"column":4},"end":{"line":163,"column":22}},"66":{"start":{"line":167,"column":4},"end":{"line":167,"column":70}},"67":{"start":{"line":167,"column":19},"end":{"line":167,"column":70}},"68":{"start":{"line":169,"column":28},"end":{"line":177,"column":48}},"69":{"start":{"line":179,"column":4},"end":{"line":179,"column":79}},"70":{"start":{"line":179,"column":15},"end":{"line":179,"column":79}},"71":{"start":{"line":181,"column":4},"end":{"line":187,"column":8}},"72":{"start":{"line":181,"column":40},"end":{"line":187,"column":6}},"73":{"start":{"line":191,"column":4},"end":{"line":191,"column":70}},"74":{"start":{"line":191,"column":19},"end":{"line":191,"column":70}},"75":{"start":{"line":193,"column":16},"end":{"line":193,"column":40}},"76":{"start":{"line":194,"column":28},"end":{"line":199,"column":45}},"77":{"start":{"line":201,"column":4},"end":{"line":201,"column":63}},"78":{"start":{"line":201,"column":15},"end":{"line":201,"column":63}},"79":{"start":{"line":202,"column":4},"end":{"line":202,"column":22}},"80":{"start":{"line":206,"column":4},"end":{"line":206,"column":70}},"81":{"start":{"line":206,"column":19},"end":{"line":206,"column":70}},"82":{"start":{"line":208,"column":28},"end":{"line":212,"column":56}},"83":{"start":{"line":214,"column":4},"end":{"line":214,"column":77}},"84":{"start":{"line":214,"column":15},"end":{"line":214,"column":77}},"85":{"start":{"line":215,"column":4},"end":{"line":215,"column":22}},"86":{"start":{"line":219,"column":4},"end":{"line":219,"column":70}},"87":{"start":{"line":219,"column":19},"end":{"line":219,"column":70}},"88":{"start":{"line":221,"column":28},"end":{"line":225,"column":48}},"89":{"start":{"line":227,"column":4},"end":{"line":227,"column":68}},"90":{"start":{"line":227,"column":15},"end":{"line":227,"column":68}},"91":{"start":{"line":228,"column":4},"end":{"line":228,"column":22}},"92":{"start":{"line":233,"column":13},"end":{"line":676,"column":2}},"93":{"start":{"line":235,"column":4},"end":{"line":235,"column":70}},"94":{"start":{"line":235,"column":19},"end":{"line":235,"column":70}},"95":{"start":{"line":237,"column":28},"end":{"line":240,"column":48}},"96":{"start":{"line":242,"column":4},"end":{"line":242,"column":52}},"97":{"start":{"line":242,"column":15},"end":{"line":242,"column":52}},"98":{"start":{"line":243,"column":4},"end":{"line":243,"column":22}},"99":{"start":{"line":247,"column":4},"end":{"line":247,"column":70}},"100":{"start":{"line":247,"column":19},"end":{"line":247,"column":70}},"101":{"start":{"line":249,"column":28},"end":{"line":253,"column":15}},"102":{"start":{"line":255,"column":4},"end":{"line":258,"column":5}},"103":{"start":{"line":256,"column":6},"end":{"line":256,"column":49}},"104":{"start":{"line":256,"column":37},"end":{"line":256,"column":49}},"105":{"start":{"line":257,"column":6},"end":{"line":257,"column":48}},"106":{"start":{"line":259,"column":4},"end":{"line":259,"column":16}},"107":{"start":{"line":263,"column":4},"end":{"line":263,"column":70}},"108":{"start":{"line":263,"column":19},"end":{"line":263,"column":70}},"109":{"start":{"line":266,"column":49},"end":{"line":266,"column":78}},"110":{"start":{"line":267,"column":4},"end":{"line":269,"column":5}},"111":{"start":{"line":268,"column":6},"end":{"line":268,"column":48}},"112":{"start":{"line":272,"column":25},"end":{"line":278,"column":5}},"113":{"start":{"line":273,"column":6},"end":{"line":277,"column":9}},"114":{"start":{"line":274,"column":18},"end":{"line":274,"column":40}},"115":{"start":{"line":275,"column":18},"end":{"line":275,"column":48}},"116":{"start":{"line":276,"column":8},"end":{"line":276,"column":30}},"117":{"start":{"line":281,"column":27},"end":{"line":291,"column":6}},"118":{"start":{"line":294,"column":4},"end":{"line":294,"column":64}},"119":{"start":{"line":294,"column":25},"end":{"line":294,"column":64}},"120":{"start":{"line":295,"column":4},"end":{"line":295,"column":58}},"121":{"start":{"line":295,"column":23},"end":{"line":295,"column":58}},"122":{"start":{"line":296,"column":4},"end":{"line":296,"column":58}},"123":{"start":{"line":296,"column":23},"end":{"line":296,"column":58}},"124":{"start":{"line":297,"column":4},"end":{"line":297,"column":70}},"125":{"start":{"line":297,"column":27},"end":{"line":297,"column":70}},"126":{"start":{"line":298,"column":4},"end":{"line":298,"column":70}},"127":{"start":{"line":298,"column":27},"end":{"line":298,"column":70}},"128":{"start":{"line":299,"column":4},"end":{"line":299,"column":49}},"129":{"start":{"line":299,"column":20},"end":{"line":299,"column":49}},"130":{"start":{"line":300,"column":4},"end":{"line":300,"column":82}},"131":{"start":{"line":300,"column":31},"end":{"line":300,"column":82}},"132":{"start":{"line":302,"column":28},"end":{"line":306,"column":15}},"133":{"start":{"line":308,"column":4},"end":{"line":308,"column":51}},"134":{"start":{"line":308,"column":15},"end":{"line":308,"column":51}},"135":{"start":{"line":309,"column":4},"end":{"line":309,"column":16}},"136":{"start":{"line":313,"column":4},"end":{"line":313,"column":70}},"137":{"start":{"line":313,"column":19},"end":{"line":313,"column":70}},"138":{"start":{"line":315,"column":28},"end":{"line":320,"column":15}},"139":{"start":{"line":322,"column":4},"end":{"line":322,"column":51}},"140":{"start":{"line":322,"column":15},"end":{"line":322,"column":51}},"141":{"start":{"line":323,"column":4},"end":{"line":323,"column":16}},"142":{"start":{"line":327,"column":4},"end":{"line":327,"column":70}},"143":{"start":{"line":327,"column":19},"end":{"line":327,"column":70}},"144":{"start":{"line":329,"column":22},"end":{"line":332,"column":19}},"145":{"start":{"line":334,"column":4},"end":{"line":334,"column":51}},"146":{"start":{"line":334,"column":15},"end":{"line":334,"column":51}},"147":{"start":{"line":338,"column":4},"end":{"line":338,"column":70}},"148":{"start":{"line":338,"column":19},"end":{"line":338,"column":70}},"149":{"start":{"line":340,"column":28},"end":{"line":344,"column":48}},"150":{"start":{"line":346,"column":4},"end":{"line":346,"column":63}},"151":{"start":{"line":346,"column":15},"end":{"line":346,"column":63}},"152":{"start":{"line":347,"column":4},"end":{"line":347,"column":22}},"153":{"start":{"line":351,"column":4},"end":{"line":351,"column":70}},"154":{"start":{"line":351,"column":19},"end":{"line":351,"column":70}},"155":{"start":{"line":353,"column":28},"end":{"line":357,"column":48}},"156":{"start":{"line":359,"column":4},"end":{"line":359,"column":62}},"157":{"start":{"line":359,"column":15},"end":{"line":359,"column":62}},"158":{"start":{"line":360,"column":4},"end":{"line":360,"column":22}},"159":{"start":{"line":364,"column":4},"end":{"line":364,"column":70}},"160":{"start":{"line":364,"column":19},"end":{"line":364,"column":70}},"161":{"start":{"line":366,"column":28},"end":{"line":370,"column":48}},"162":{"start":{"line":372,"column":4},"end":{"line":372,"column":64}},"163":{"start":{"line":372,"column":15},"end":{"line":372,"column":64}},"164":{"start":{"line":373,"column":4},"end":{"line":373,"column":22}},"165":{"start":{"line":377,"column":4},"end":{"line":377,"column":70}},"166":{"start":{"line":377,"column":19},"end":{"line":377,"column":70}},"167":{"start":{"line":379,"column":23},"end":{"line":379,"column":33}},"168":{"start":{"line":380,"column":4},"end":{"line":380,"column":52}},"169":{"start":{"line":382,"column":28},"end":{"line":388,"column":45}},"170":{"start":{"line":390,"column":4},"end":{"line":390,"column":61}},"171":{"start":{"line":390,"column":15},"end":{"line":390,"column":61}},"172":{"start":{"line":391,"column":4},"end":{"line":391,"column":22}},"173":{"start":{"line":395,"column":4},"end":{"line":395,"column":70}},"174":{"start":{"line":395,"column":19},"end":{"line":395,"column":70}},"175":{"start":{"line":397,"column":16},"end":{"line":397,"column":40}},"176":{"start":{"line":399,"column":28},"end":{"line":405,"column":45}},"177":{"start":{"line":407,"column":4},"end":{"line":407,"column":60}},"178":{"start":{"line":407,"column":15},"end":{"line":407,"column":60}},"179":{"start":{"line":408,"column":4},"end":{"line":408,"column":22}},"180":{"start":{"line":419,"column":4},"end":{"line":419,"column":70}},"181":{"start":{"line":419,"column":19},"end":{"line":419,"column":70}},"182":{"start":{"line":422,"column":35},"end":{"line":425,"column":6}},"183":{"start":{"line":427,"column":4},"end":{"line":427,"column":67}},"184":{"start":{"line":427,"column":15},"end":{"line":427,"column":67}},"185":{"start":{"line":428,"column":4},"end":{"line":428,"column":94}},"186":{"start":{"line":428,"column":25},"end":{"line":428,"column":94}},"187":{"start":{"line":431,"column":4},"end":{"line":433,"column":5}},"188":{"start":{"line":432,"column":6},"end":{"line":432,"column":56}},"189":{"start":{"line":436,"column":29},"end":{"line":436,"column":91}},"190":{"start":{"line":437,"column":4},"end":{"line":439,"column":5}},"191":{"start":{"line":438,"column":6},"end":{"line":438,"column":83}},"192":{"start":{"line":442,"column":32},"end":{"line":442,"column":82}},"193":{"start":{"line":444,"column":4},"end":{"line":444,"column":70}},"194":{"start":{"line":451,"column":4},"end":{"line":451,"column":70}},"195":{"start":{"line":451,"column":19},"end":{"line":451,"column":70}},"196":{"start":{"line":453,"column":17},"end":{"line":453,"column":43}},"197":{"start":{"line":454,"column":4},"end":{"line":454,"column":67}},"198":{"start":{"line":454,"column":15},"end":{"line":454,"column":67}},"199":{"start":{"line":456,"column":32},"end":{"line":456,"column":83}},"200":{"start":{"line":456,"column":63},"end":{"line":456,"column":82}},"201":{"start":{"line":458,"column":4},"end":{"line":458,"column":70}},"202":{"start":{"line":465,"column":4},"end":{"line":465,"column":70}},"203":{"start":{"line":465,"column":19},"end":{"line":465,"column":70}},"204":{"start":{"line":467,"column":28},"end":{"line":470,"column":41}},"205":{"start":{"line":472,"column":4},"end":{"line":472,"column":62}},"206":{"start":{"line":472,"column":15},"end":{"line":472,"column":62}},"207":{"start":{"line":473,"column":4},"end":{"line":473,"column":22}},"208":{"start":{"line":480,"column":4},"end":{"line":480,"column":70}},"209":{"start":{"line":480,"column":19},"end":{"line":480,"column":70}},"210":{"start":{"line":482,"column":17},"end":{"line":482,"column":43}},"211":{"start":{"line":483,"column":4},"end":{"line":483,"column":54}},"212":{"start":{"line":483,"column":44},"end":{"line":483,"column":54}},"213":{"start":{"line":485,"column":28},"end":{"line":488,"column":34}},"214":{"start":{"line":490,"column":4},"end":{"line":490,"column":64}},"215":{"start":{"line":490,"column":15},"end":{"line":490,"column":64}},"216":{"start":{"line":491,"column":4},"end":{"line":491,"column":22}},"217":{"start":{"line":498,"column":20},"end":{"line":498,"column":37}},"218":{"start":{"line":499,"column":27},"end":{"line":499,"column":44}},"219":{"start":{"line":501,"column":21},"end":{"line":523,"column":5}},"220":{"start":{"line":502,"column":6},"end":{"line":502,"column":57}},"221":{"start":{"line":502,"column":45},"end":{"line":502,"column":57}},"222":{"start":{"line":503,"column":6},"end":{"line":503,"column":51}},"223":{"start":{"line":503,"column":38},"end":{"line":503,"column":51}},"224":{"start":{"line":505,"column":6},"end":{"line":505,"column":33}},"225":{"start":{"line":506,"column":6},"end":{"line":506,"column":40}},"226":{"start":{"line":509,"column":26},"end":{"line":509,"column":59}},"227":{"start":{"line":510,"column":6},"end":{"line":510,"column":37}},"228":{"start":{"line":510,"column":24},"end":{"line":510,"column":37}},"229":{"start":{"line":513,"column":27},"end":{"line":515,"column":34}},"230":{"start":{"line":517,"column":6},"end":{"line":519,"column":7}},"231":{"start":{"line":518,"column":8},"end":{"line":518,"column":47}},"232":{"start":{"line":518,"column":35},"end":{"line":518,"column":47}},"233":{"start":{"line":521,"column":6},"end":{"line":521,"column":43}},"234":{"start":{"line":522,"column":6},"end":{"line":522,"column":19}},"235":{"start":{"line":525,"column":4},"end":{"line":525,"column":34}},"236":{"start":{"line":532,"column":4},"end":{"line":532,"column":70}},"237":{"start":{"line":532,"column":19},"end":{"line":532,"column":70}},"238":{"start":{"line":535,"column":43},"end":{"line":539,"column":38}},"239":{"start":{"line":541,"column":4},"end":{"line":541,"column":70}},"240":{"start":{"line":541,"column":15},"end":{"line":541,"column":70}},"241":{"start":{"line":543,"column":96},"end":{"line":543,"column":98}},"242":{"start":{"line":545,"column":4},"end":{"line":556,"column":5}},"243":{"start":{"line":546,"column":27},"end":{"line":546,"column":66}},"244":{"start":{"line":547,"column":29},"end":{"line":547,"column":83}},"245":{"start":{"line":547,"column":56},"end":{"line":547,"column":82}},"246":{"start":{"line":549,"column":6},"end":{"line":555,"column":7}},"247":{"start":{"line":550,"column":8},"end":{"line":554,"column":11}},"248":{"start":{"line":553,"column":56},"end":{"line":553,"column":65}},"249":{"start":{"line":558,"column":4},"end":{"line":558,"column":24}},"250":{"start":{"line":565,"column":4},"end":{"line":565,"column":70}},"251":{"start":{"line":565,"column":19},"end":{"line":565,"column":70}},"252":{"start":{"line":568,"column":21},"end":{"line":568,"column":60}},"253":{"start":{"line":569,"column":28},"end":{"line":569,"column":74}},"254":{"start":{"line":570,"column":30},"end":{"line":570,"column":63}},"255":{"start":{"line":572,"column":35},"end":{"line":572,"column":37}},"256":{"start":{"line":574,"column":4},"end":{"line":587,"column":5}},"257":{"start":{"line":575,"column":6},"end":{"line":586,"column":7}},"258":{"start":{"line":577,"column":8},"end":{"line":577,"column":34}},"259":{"start":{"line":580,"column":29},"end":{"line":580,"column":68}},"260":{"start":{"line":581,"column":34},"end":{"line":581,"column":86}},"261":{"start":{"line":581,"column":59},"end":{"line":581,"column":85}},"262":{"start":{"line":583,"column":8},"end":{"line":585,"column":9}},"263":{"start":{"line":584,"column":10},"end":{"line":584,"column":36}},"264":{"start":{"line":589,"column":4},"end":{"line":589,"column":26}},"265":{"start":{"line":599,"column":4},"end":{"line":599,"column":70}},"266":{"start":{"line":599,"column":19},"end":{"line":599,"column":70}},"267":{"start":{"line":601,"column":21},"end":{"line":601,"column":40}},"268":{"start":{"line":603,"column":18},"end":{"line":608,"column":7}},"269":{"start":{"line":603,"column":40},"end":{"line":608,"column":6}},"270":{"start":{"line":610,"column":55},"end":{"line":610,"column":57}},"271":{"start":{"line":612,"column":4},"end":{"line":619,"column":5}},"272":{"start":{"line":613,"column":6},"end":{"line":618,"column":7}},"273":{"start":{"line":614,"column":8},"end":{"line":617,"column":11}},"274":{"start":{"line":621,"column":4},"end":{"line":621,"column":28}},"275":{"start":{"line":628,"column":17},"end":{"line":628,"column":43}},"276":{"start":{"line":629,"column":4},"end":{"line":629,"column":24}},"277":{"start":{"line":629,"column":15},"end":{"line":629,"column":24}},"278":{"start":{"line":631,"column":16},"end":{"line":631,"column":17}},"279":{"start":{"line":634,"column":27},"end":{"line":639,"column":6}},"280":{"start":{"line":640,"column":4},"end":{"line":640,"column":49}},"281":{"start":{"line":643,"column":4},"end":{"line":648,"column":5}},"282":{"start":{"line":644,"column":27},"end":{"line":644,"column":110}},"283":{"start":{"line":645,"column":6},"end":{"line":647,"column":46}},"284":{"start":{"line":645,"column":29},"end":{"line":645,"column":41}},"285":{"start":{"line":646,"column":11},"end":{"line":647,"column":46}},"286":{"start":{"line":646,"column":34},"end":{"line":646,"column":46}},"287":{"start":{"line":647,"column":11},"end":{"line":647,"column":46}},"288":{"start":{"line":647,"column":34},"end":{"line":647,"column":46}},"289":{"start":{"line":651,"column":23},"end":{"line":651,"column":59}},"290":{"start":{"line":652,"column":4},"end":{"line":652,"column":36}},"291":{"start":{"line":655,"column":4},"end":{"line":655,"column":52}},"292":{"start":{"line":657,"column":4},"end":{"line":657,"column":32}},"293":{"start":{"line":664,"column":21},"end":{"line":664,"column":40}},"294":{"start":{"line":665,"column":69},"end":{"line":665,"column":71}},"295":{"start":{"line":667,"column":4},"end":{"line":672,"column":5}},"296":{"start":{"line":668,"column":6},"end":{"line":671,"column":7}},"297":{"start":{"line":669,"column":30},"end":{"line":669,"column":74}},"298":{"start":{"line":670,"column":8},"end":{"line":670,"column":57}},"299":{"start":{"line":674,"column":4},"end":{"line":674,"column":77}},"300":{"start":{"line":674,"column":42},"end":{"line":674,"column":75}},"301":{"start":{"line":679,"column":13},"end":{"line":791,"column":2}},"302":{"start":{"line":681,"column":4},"end":{"line":681,"column":70}},"303":{"start":{"line":681,"column":19},"end":{"line":681,"column":70}},"304":{"start":{"line":684,"column":49},"end":{"line":684,"column":78}},"305":{"start":{"line":685,"column":4},"end":{"line":687,"column":5}},"306":{"start":{"line":686,"column":6},"end":{"line":686,"column":48}},"307":{"start":{"line":689,"column":28},"end":{"line":693,"column":15}},"308":{"start":{"line":695,"column":4},"end":{"line":698,"column":5}},"309":{"start":{"line":696,"column":6},"end":{"line":696,"column":49}},"310":{"start":{"line":696,"column":37},"end":{"line":696,"column":49}},"311":{"start":{"line":697,"column":6},"end":{"line":697,"column":54}},"312":{"start":{"line":699,"column":4},"end":{"line":699,"column":16}},"313":{"start":{"line":703,"column":4},"end":{"line":703,"column":70}},"314":{"start":{"line":703,"column":19},"end":{"line":703,"column":70}},"315":{"start":{"line":706,"column":49},"end":{"line":706,"column":78}},"316":{"start":{"line":707,"column":4},"end":{"line":709,"column":5}},"317":{"start":{"line":708,"column":6},"end":{"line":708,"column":48}},"318":{"start":{"line":712,"column":42},"end":{"line":716,"column":15}},"319":{"start":{"line":718,"column":4},"end":{"line":721,"column":5}},"320":{"start":{"line":720,"column":6},"end":{"line":720,"column":44}},"321":{"start":{"line":724,"column":25},"end":{"line":730,"column":5}},"322":{"start":{"line":725,"column":6},"end":{"line":729,"column":9}},"323":{"start":{"line":726,"column":18},"end":{"line":726,"column":40}},"324":{"start":{"line":727,"column":18},"end":{"line":727,"column":48}},"325":{"start":{"line":728,"column":8},"end":{"line":728,"column":30}},"326":{"start":{"line":733,"column":29},"end":{"line":760,"column":6}},"327":{"start":{"line":762,"column":28},"end":{"line":766,"column":15}},"328":{"start":{"line":768,"column":4},"end":{"line":768,"column":63}},"329":{"start":{"line":768,"column":15},"end":{"line":768,"column":63}},"330":{"start":{"line":769,"column":4},"end":{"line":769,"column":16}},"331":{"start":{"line":773,"column":4},"end":{"line":773,"column":70}},"332":{"start":{"line":773,"column":19},"end":{"line":773,"column":70}},"333":{"start":{"line":776,"column":49},"end":{"line":776,"column":78}},"334":{"start":{"line":777,"column":4},"end":{"line":779,"column":5}},"335":{"start":{"line":778,"column":6},"end":{"line":778,"column":48}},"336":{"start":{"line":781,"column":28},"end":{"line":786,"column":15}},"337":{"start":{"line":788,"column":4},"end":{"line":788,"column":63}},"338":{"start":{"line":788,"column":15},"end":{"line":788,"column":63}},"339":{"start":{"line":789,"column":4},"end":{"line":789,"column":16}},"340":{"start":{"line":794,"column":13},"end":{"line":1091,"column":2}},"341":{"start":{"line":796,"column":4},"end":{"line":796,"column":70}},"342":{"start":{"line":796,"column":19},"end":{"line":796,"column":70}},"343":{"start":{"line":798,"column":28},"end":{"line":801,"column":49}},"344":{"start":{"line":803,"column":4},"end":{"line":803,"column":51}},"345":{"start":{"line":803,"column":15},"end":{"line":803,"column":51}},"346":{"start":{"line":804,"column":4},"end":{"line":804,"column":22}},"347":{"start":{"line":808,"column":4},"end":{"line":808,"column":70}},"348":{"start":{"line":808,"column":19},"end":{"line":808,"column":70}},"349":{"start":{"line":810,"column":28},"end":{"line":814,"column":15}},"350":{"start":{"line":816,"column":4},"end":{"line":816,"column":50}},"351":{"start":{"line":816,"column":15},"end":{"line":816,"column":50}},"352":{"start":{"line":817,"column":4},"end":{"line":817,"column":16}},"353":{"start":{"line":821,"column":4},"end":{"line":821,"column":70}},"354":{"start":{"line":821,"column":19},"end":{"line":821,"column":70}},"355":{"start":{"line":823,"column":28},"end":{"line":828,"column":15}},"356":{"start":{"line":830,"column":4},"end":{"line":830,"column":50}},"357":{"start":{"line":830,"column":15},"end":{"line":830,"column":50}},"358":{"start":{"line":831,"column":4},"end":{"line":831,"column":16}},"359":{"start":{"line":835,"column":4},"end":{"line":835,"column":70}},"360":{"start":{"line":835,"column":19},"end":{"line":835,"column":70}},"361":{"start":{"line":837,"column":22},"end":{"line":840,"column":19}},"362":{"start":{"line":842,"column":4},"end":{"line":842,"column":50}},"363":{"start":{"line":842,"column":15},"end":{"line":842,"column":50}},"364":{"start":{"line":846,"column":4},"end":{"line":846,"column":70}},"365":{"start":{"line":846,"column":19},"end":{"line":846,"column":70}},"366":{"start":{"line":848,"column":28},"end":{"line":852,"column":49}},"367":{"start":{"line":854,"column":4},"end":{"line":854,"column":63}},"368":{"start":{"line":854,"column":15},"end":{"line":854,"column":63}},"369":{"start":{"line":855,"column":4},"end":{"line":855,"column":22}},"370":{"start":{"line":882,"column":4},"end":{"line":882,"column":70}},"371":{"start":{"line":882,"column":19},"end":{"line":882,"column":70}},"372":{"start":{"line":885,"column":45},"end":{"line":890,"column":8}},"373":{"start":{"line":892,"column":4},"end":{"line":892,"column":73}},"374":{"start":{"line":892,"column":19},"end":{"line":892,"column":73}},"375":{"start":{"line":895,"column":30},"end":{"line":900,"column":6}},"376":{"start":{"line":902,"column":20},"end":{"line":902,"column":30}},"377":{"start":{"line":903,"column":26},"end":{"line":924,"column":6}},"378":{"start":{"line":904,"column":27},"end":{"line":904,"column":81}},"379":{"start":{"line":904,"column":48},"end":{"line":904,"column":73}},"380":{"start":{"line":905,"column":24},"end":{"line":905,"column":75}},"381":{"start":{"line":905,"column":42},"end":{"line":905,"column":67}},"382":{"start":{"line":906,"column":28},"end":{"line":906,"column":29}},"383":{"start":{"line":907,"column":28},"end":{"line":907,"column":29}},"384":{"start":{"line":908,"column":25},"end":{"line":908,"column":81}},"385":{"start":{"line":912,"column":8},"end":{"line":913,"column":63}},"386":{"start":{"line":915,"column":6},"end":{"line":923,"column":8}},"387":{"start":{"line":927,"column":57},"end":{"line":929,"column":18}},"388":{"start":{"line":931,"column":4},"end":{"line":931,"column":91}},"389":{"start":{"line":931,"column":25},"end":{"line":931,"column":91}},"390":{"start":{"line":933,"column":26},"end":{"line":945,"column":6}},"391":{"start":{"line":934,"column":27},"end":{"line":934,"column":81}},"392":{"start":{"line":934,"column":49},"end":{"line":934,"column":80}},"393":{"start":{"line":935,"column":25},"end":{"line":938,"column":11}},"394":{"start":{"line":936,"column":22},"end":{"line":936,"column":89}},"395":{"start":{"line":936,"column":49},"end":{"line":936,"column":71}},"396":{"start":{"line":937,"column":8},"end":{"line":937,"column":27}},"397":{"start":{"line":940,"column":6},"end":{"line":944,"column":8}},"398":{"start":{"line":948,"column":25},"end":{"line":950,"column":28}},"399":{"start":{"line":949,"column":22},"end":{"line":949,"column":43}},"400":{"start":{"line":950,"column":19},"end":{"line":950,"column":27}},"401":{"start":{"line":953,"column":39},"end":{"line":953,"column":41}},"402":{"start":{"line":954,"column":4},"end":{"line":956,"column":5}},"403":{"start":{"line":955,"column":6},"end":{"line":955,"column":84}},"404":{"start":{"line":958,"column":27},"end":{"line":960,"column":64}},"405":{"start":{"line":959,"column":18},"end":{"line":959,"column":40}},"406":{"start":{"line":960,"column":36},"end":{"line":960,"column":63}},"407":{"start":{"line":962,"column":4},"end":{"line":964,"column":5}},"408":{"start":{"line":963,"column":6},"end":{"line":963,"column":86}},"409":{"start":{"line":966,"column":4},"end":{"line":972,"column":6}},"410":{"start":{"line":979,"column":4},"end":{"line":979,"column":70}},"411":{"start":{"line":979,"column":19},"end":{"line":979,"column":70}},"412":{"start":{"line":981,"column":28},"end":{"line":986,"column":16}},"413":{"start":{"line":988,"column":4},"end":{"line":988,"column":52}},"414":{"start":{"line":988,"column":15},"end":{"line":988,"column":52}},"415":{"start":{"line":989,"column":4},"end":{"line":989,"column":22}},"416":{"start":{"line":996,"column":4},"end":{"line":996,"column":70}},"417":{"start":{"line":996,"column":19},"end":{"line":996,"column":70}},"418":{"start":{"line":999,"column":28},"end":{"line":1003,"column":16}},"419":{"start":{"line":1005,"column":4},"end":{"line":1005,"column":61}},"420":{"start":{"line":1005,"column":15},"end":{"line":1005,"column":61}},"421":{"start":{"line":1008,"column":4},"end":{"line":1008,"column":22}},"422":{"start":{"line":1015,"column":4},"end":{"line":1015,"column":70}},"423":{"start":{"line":1015,"column":19},"end":{"line":1015,"column":70}},"424":{"start":{"line":1017,"column":22},"end":{"line":1017,"column":50}},"425":{"start":{"line":1020,"column":4},"end":{"line":1022,"column":5}},"426":{"start":{"line":1021,"column":6},"end":{"line":1021,"column":71}},"427":{"start":{"line":1029,"column":4},"end":{"line":1029,"column":70}},"428":{"start":{"line":1029,"column":19},"end":{"line":1029,"column":70}},"429":{"start":{"line":1031,"column":16},"end":{"line":1031,"column":41}},"430":{"start":{"line":1032,"column":4},"end":{"line":1032,"column":24}},"431":{"start":{"line":1032,"column":14},"end":{"line":1032,"column":24}},"432":{"start":{"line":1035,"column":30},"end":{"line":1038,"column":6}},"433":{"start":{"line":1040,"column":28},"end":{"line":1043,"column":6}},"434":{"start":{"line":1041,"column":30},"end":{"line":1041,"column":55}},"435":{"start":{"line":1042,"column":27},"end":{"line":1042,"column":52}},"436":{"start":{"line":1046,"column":28},"end":{"line":1046,"column":53}},"437":{"start":{"line":1048,"column":4},"end":{"line":1054,"column":7}},"438":{"start":{"line":1049,"column":6},"end":{"line":1053,"column":9}},"439":{"start":{"line":1050,"column":8},"end":{"line":1052,"column":9}},"440":{"start":{"line":1051,"column":10},"end":{"line":1051,"column":90}},"441":{"start":{"line":1057,"column":20},"end":{"line":1057,"column":39}},"442":{"start":{"line":1058,"column":24},"end":{"line":1068,"column":19}},"443":{"start":{"line":1060,"column":27},"end":{"line":1060,"column":64}},"444":{"start":{"line":1060,"column":45},"end":{"line":1060,"column":63}},"445":{"start":{"line":1061,"column":8},"end":{"line":1064,"column":17}},"446":{"start":{"line":1066,"column":73},"end":{"line":1066,"column":86}},"447":{"start":{"line":1067,"column":22},"end":{"line":1067,"column":63}},"448":{"start":{"line":1070,"column":4},"end":{"line":1070,"column":23}},"449":{"start":{"line":1077,"column":4},"end":{"line":1077,"column":70}},"450":{"start":{"line":1077,"column":19},"end":{"line":1077,"column":70}},"451":{"start":{"line":1079,"column":28},"end":{"line":1083,"column":15}},"452":{"start":{"line":1085,"column":4},"end":{"line":1088,"column":5}},"453":{"start":{"line":1086,"column":6},"end":{"line":1086,"column":49}},"454":{"start":{"line":1086,"column":37},"end":{"line":1086,"column":49}},"455":{"start":{"line":1087,"column":6},"end":{"line":1087,"column":47}},"456":{"start":{"line":1089,"column":4},"end":{"line":1089,"column":16}},"457":{"start":{"line":1094,"column":13},"end":{"line":1209,"column":2}},"458":{"start":{"line":1096,"column":4},"end":{"line":1096,"column":70}},"459":{"start":{"line":1096,"column":19},"end":{"line":1096,"column":70}},"460":{"start":{"line":1098,"column":28},"end":{"line":1101,"column":47}},"461":{"start":{"line":1103,"column":4},"end":{"line":1103,"column":61}},"462":{"start":{"line":1103,"column":15},"end":{"line":1103,"column":61}},"463":{"start":{"line":1104,"column":4},"end":{"line":1104,"column":22}},"464":{"start":{"line":1108,"column":4},"end":{"line":1108,"column":70}},"465":{"start":{"line":1108,"column":19},"end":{"line":1108,"column":70}},"466":{"start":{"line":1110,"column":28},"end":{"line":1114,"column":15}},"467":{"start":{"line":1116,"column":4},"end":{"line":1116,"column":59}},"468":{"start":{"line":1116,"column":15},"end":{"line":1116,"column":59}},"469":{"start":{"line":1117,"column":4},"end":{"line":1117,"column":16}},"470":{"start":{"line":1121,"column":4},"end":{"line":1121,"column":70}},"471":{"start":{"line":1121,"column":19},"end":{"line":1121,"column":70}},"472":{"start":{"line":1123,"column":28},"end":{"line":1128,"column":15}},"473":{"start":{"line":1130,"column":4},"end":{"line":1130,"column":59}},"474":{"start":{"line":1130,"column":15},"end":{"line":1130,"column":59}},"475":{"start":{"line":1131,"column":4},"end":{"line":1131,"column":16}},"476":{"start":{"line":1135,"column":4},"end":{"line":1135,"column":70}},"477":{"start":{"line":1135,"column":19},"end":{"line":1135,"column":70}},"478":{"start":{"line":1137,"column":22},"end":{"line":1140,"column":19}},"479":{"start":{"line":1142,"column":4},"end":{"line":1142,"column":59}},"480":{"start":{"line":1142,"column":15},"end":{"line":1142,"column":59}},"481":{"start":{"line":1151,"column":4},"end":{"line":1151,"column":70}},"482":{"start":{"line":1151,"column":19},"end":{"line":1151,"column":70}},"483":{"start":{"line":1153,"column":28},"end":{"line":1160,"column":15}},"484":{"start":{"line":1162,"column":4},"end":{"line":1165,"column":5}},"485":{"start":{"line":1163,"column":6},"end":{"line":1163,"column":49}},"486":{"start":{"line":1163,"column":37},"end":{"line":1163,"column":49}},"487":{"start":{"line":1164,"column":6},"end":{"line":1164,"column":56}},"488":{"start":{"line":1166,"column":4},"end":{"line":1166,"column":16}},"489":{"start":{"line":1173,"column":4},"end":{"line":1173,"column":70}},"490":{"start":{"line":1173,"column":19},"end":{"line":1173,"column":70}},"491":{"start":{"line":1175,"column":28},"end":{"line":1180,"column":8}},"492":{"start":{"line":1182,"column":4},"end":{"line":1182,"column":73}},"493":{"start":{"line":1182,"column":15},"end":{"line":1182,"column":73}},"494":{"start":{"line":1184,"column":4},"end":{"line":1188,"column":8}},"495":{"start":{"line":1184,"column":41},"end":{"line":1188,"column":6}},"496":{"start":{"line":1187,"column":67},"end":{"line":1187,"column":95}},"497":{"start":{"line":1195,"column":4},"end":{"line":1195,"column":70}},"498":{"start":{"line":1195,"column":19},"end":{"line":1195,"column":70}},"499":{"start":{"line":1197,"column":28},"end":{"line":1201,"column":15}},"500":{"start":{"line":1203,"column":4},"end":{"line":1206,"column":5}},"501":{"start":{"line":1204,"column":6},"end":{"line":1204,"column":49}},"502":{"start":{"line":1204,"column":37},"end":{"line":1204,"column":49}},"503":{"start":{"line":1205,"column":6},"end":{"line":1205,"column":56}},"504":{"start":{"line":1207,"column":4},"end":{"line":1207,"column":16}},"505":{"start":{"line":1212,"column":13},"end":{"line":1371,"column":2}},"506":{"start":{"line":1229,"column":71},"end":{"line":1229,"column":78}},"507":{"start":{"line":1231,"column":20},"end":{"line":1237,"column":6}},"508":{"start":{"line":1240,"column":4},"end":{"line":1247,"column":5}},"509":{"start":{"line":1241,"column":23},"end":{"line":1241,"column":53}},"510":{"start":{"line":1242,"column":6},"end":{"line":1246,"column":8}},"511":{"start":{"line":1243,"column":8},"end":{"line":1245,"column":61}},"512":{"start":{"line":1244,"column":33},"end":{"line":1244,"column":59}},"513":{"start":{"line":1245,"column":34},"end":{"line":1245,"column":60}},"514":{"start":{"line":1250,"column":4},"end":{"line":1257,"column":5}},"515":{"start":{"line":1251,"column":20},"end":{"line":1251,"column":47}},"516":{"start":{"line":1252,"column":6},"end":{"line":1256,"column":8}},"517":{"start":{"line":1253,"column":8},"end":{"line":1255,"column":58}},"518":{"start":{"line":1254,"column":33},"end":{"line":1254,"column":56}},"519":{"start":{"line":1255,"column":34},"end":{"line":1255,"column":57}},"520":{"start":{"line":1261,"column":4},"end":{"line":1262,"column":78}},"521":{"start":{"line":1264,"column":4},"end":{"line":1264,"column":19}},"522":{"start":{"line":1279,"column":29},"end":{"line":1279,"column":31}},"523":{"start":{"line":1281,"column":4},"end":{"line":1287,"column":5}},"524":{"start":{"line":1282,"column":22},"end":{"line":1282,"column":65}},"525":{"start":{"line":1283,"column":6},"end":{"line":1283,"column":37}},"526":{"start":{"line":1284,"column":11},"end":{"line":1287,"column":5}},"527":{"start":{"line":1285,"column":19},"end":{"line":1285,"column":59}},"528":{"start":{"line":1286,"column":6},"end":{"line":1286,"column":34}},"529":{"start":{"line":1289,"column":4},"end":{"line":1291,"column":5}},"530":{"start":{"line":1290,"column":6},"end":{"line":1290,"column":41}},"531":{"start":{"line":1294,"column":36},"end":{"line":1297,"column":6}},"532":{"start":{"line":1300,"column":32},"end":{"line":1304,"column":5}},"533":{"start":{"line":1301,"column":27},"end":{"line":1301,"column":82}},"534":{"start":{"line":1301,"column":50},"end":{"line":1301,"column":74}},"535":{"start":{"line":1302,"column":20},"end":{"line":1302,"column":62}},"536":{"start":{"line":1303,"column":6},"end":{"line":1303,"column":52}},"537":{"start":{"line":1307,"column":28},"end":{"line":1315,"column":22}},"538":{"start":{"line":1308,"column":25},"end":{"line":1308,"column":90}},"539":{"start":{"line":1309,"column":23},"end":{"line":1312,"column":8}},"540":{"start":{"line":1313,"column":25},"end":{"line":1313,"column":47}},"541":{"start":{"line":1314,"column":22},"end":{"line":1314,"column":49}},"542":{"start":{"line":1317,"column":25},"end":{"line":1325,"column":22}},"543":{"start":{"line":1318,"column":22},"end":{"line":1318,"column":81}},"544":{"start":{"line":1319,"column":20},"end":{"line":1322,"column":8}},"545":{"start":{"line":1323,"column":22},"end":{"line":1323,"column":41}},"546":{"start":{"line":1324,"column":22},"end":{"line":1324,"column":49}},"547":{"start":{"line":1327,"column":4},"end":{"line":1330,"column":6}},"548":{"start":{"line":1349,"column":84},"end":{"line":1349,"column":91}},"549":{"start":{"line":1352,"column":25},"end":{"line":1354,"column":43}},"550":{"start":{"line":1356,"column":29},"end":{"line":1356,"column":62}},"551":{"start":{"line":1356,"column":53},"end":{"line":1356,"column":61}},"552":{"start":{"line":1359,"column":21},"end":{"line":1362,"column":6}},"553":{"start":{"line":1364,"column":4},"end":{"line":1369,"column":6}},"554":{"start":{"line":1374,"column":13},"end":{"line":1404,"column":2}},"555":{"start":{"line":1376,"column":4},"end":{"line":1376,"column":70}},"556":{"start":{"line":1376,"column":19},"end":{"line":1376,"column":70}},"557":{"start":{"line":1378,"column":4},"end":{"line":1384,"column":19}},"558":{"start":{"line":1388,"column":4},"end":{"line":1388,"column":70}},"559":{"start":{"line":1388,"column":19},"end":{"line":1388,"column":70}},"560":{"start":{"line":1390,"column":4},"end":{"line":1396,"column":19}},"561":{"start":{"line":1400,"column":4},"end":{"line":1402,"column":5}},"562":{"start":{"line":1401,"column":6},"end":{"line":1401,"column":44}},"563":{"start":{"line":1407,"column":13},"end":{"line":1452,"column":2}},"564":{"start":{"line":1409,"column":4},"end":{"line":1409,"column":70}},"565":{"start":{"line":1409,"column":19},"end":{"line":1409,"column":70}},"566":{"start":{"line":1411,"column":38},"end":{"line":1411,"column":67}},"567":{"start":{"line":1412,"column":4},"end":{"line":1412,"column":58}},"568":{"start":{"line":1412,"column":15},"end":{"line":1412,"column":58}},"569":{"start":{"line":1413,"column":4},"end":{"line":1413,"column":16}},"570":{"start":{"line":1417,"column":4},"end":{"line":1417,"column":70}},"571":{"start":{"line":1417,"column":19},"end":{"line":1417,"column":70}},"572":{"start":{"line":1419,"column":28},"end":{"line":1422,"column":6}},"573":{"start":{"line":1424,"column":4},"end":{"line":1424,"column":48}},"574":{"start":{"line":1424,"column":15},"end":{"line":1424,"column":48}},"575":{"start":{"line":1425,"column":4},"end":{"line":1425,"column":16}},"576":{"start":{"line":1429,"column":4},"end":{"line":1429,"column":70}},"577":{"start":{"line":1429,"column":19},"end":{"line":1429,"column":70}},"578":{"start":{"line":1431,"column":28},"end":{"line":1434,"column":6}},"579":{"start":{"line":1436,"column":4},"end":{"line":1436,"column":48}},"580":{"start":{"line":1436,"column":15},"end":{"line":1436,"column":48}},"581":{"start":{"line":1437,"column":4},"end":{"line":1437,"column":16}},"582":{"start":{"line":1441,"column":4},"end":{"line":1441,"column":70}},"583":{"start":{"line":1441,"column":19},"end":{"line":1441,"column":70}},"584":{"start":{"line":1443,"column":22},"end":{"line":1443,"column":51}},"585":{"start":{"line":1444,"column":4},"end":{"line":1444,"column":49}},"586":{"start":{"line":1444,"column":15},"end":{"line":1444,"column":49}},"587":{"start":{"line":1448,"column":4},"end":{"line":1448,"column":70}},"588":{"start":{"line":1448,"column":19},"end":{"line":1448,"column":70}},"589":{"start":{"line":1450,"column":4},"end":{"line":1450,"column":53}}},"fnMap":{"0":{"name":"(anonymous_0)","decl":{"start":{"line":20,"column":2},"end":{"line":20,"column":14}},"loc":{"start":{"line":20,"column":34},"end":{"line":26,"column":3}}},"1":{"name":"(anonymous_1)","decl":{"start":{"line":30,"column":20},"end":{"line":30,"column":21}},"loc":{"start":{"line":30,"column":59},"end":{"line":38,"column":1}}},"2":{"name":"(anonymous_2)","decl":{"start":{"line":42,"column":2},"end":{"line":42,"column":7}},"loc":{"start":{"line":42,"column":14},"end":{"line":52,"column":3}}},"3":{"name":"(anonymous_3)","decl":{"start":{"line":54,"column":2},"end":{"line":54,"column":7}},"loc":{"start":{"line":54,"column":26},"end":{"line":68,"column":3}}},"4":{"name":"(anonymous_4)","decl":{"start":{"line":70,"column":2},"end":{"line":70,"column":7}},"loc":{"start":{"line":70,"column":85},"end":{"line":113,"column":3}}},"5":{"name":"(anonymous_5)","decl":{"start":{"line":80,"column":25},"end":{"line":80,"column":28}},"loc":{"start":{"line":80,"column":30},"end":{"line":86,"column":5}}},"6":{"name":"(anonymous_6)","decl":{"start":{"line":81,"column":69},"end":{"line":81,"column":78}},"loc":{"start":{"line":81,"column":79},"end":{"line":85,"column":7}}},"7":{"name":"(anonymous_7)","decl":{"start":{"line":115,"column":2},"end":{"line":115,"column":7}},"loc":{"start":{"line":115,"column":52},"end":{"line":127,"column":3}}},"8":{"name":"(anonymous_8)","decl":{"start":{"line":129,"column":2},"end":{"line":129,"column":7}},"loc":{"start":{"line":129,"column":25},"end":{"line":138,"column":3}}},"9":{"name":"(anonymous_9)","decl":{"start":{"line":140,"column":2},"end":{"line":140,"column":7}},"loc":{"start":{"line":140,"column":41},"end":{"line":151,"column":3}}},"10":{"name":"(anonymous_10)","decl":{"start":{"line":153,"column":2},"end":{"line":153,"column":7}},"loc":{"start":{"line":153,"column":44},"end":{"line":164,"column":3}}},"11":{"name":"(anonymous_11)","decl":{"start":{"line":166,"column":2},"end":{"line":166,"column":7}},"loc":{"start":{"line":166,"column":32},"end":{"line":188,"column":3}}},"12":{"name":"(anonymous_12)","decl":{"start":{"line":181,"column":28},"end":{"line":181,"column":35}},"loc":{"start":{"line":181,"column":40},"end":{"line":187,"column":6}}},"13":{"name":"(anonymous_13)","decl":{"start":{"line":190,"column":2},"end":{"line":190,"column":7}},"loc":{"start":{"line":190,"column":26},"end":{"line":203,"column":3}}},"14":{"name":"(anonymous_14)","decl":{"start":{"line":205,"column":2},"end":{"line":205,"column":7}},"loc":{"start":{"line":205,"column":63},"end":{"line":216,"column":3}}},"15":{"name":"(anonymous_15)","decl":{"start":{"line":218,"column":2},"end":{"line":218,"column":7}},"loc":{"start":{"line":218,"column":46},"end":{"line":229,"column":3}}},"16":{"name":"(anonymous_16)","decl":{"start":{"line":234,"column":2},"end":{"line":234,"column":7}},"loc":{"start":{"line":234,"column":14},"end":{"line":244,"column":3}}},"17":{"name":"(anonymous_17)","decl":{"start":{"line":246,"column":2},"end":{"line":246,"column":7}},"loc":{"start":{"line":246,"column":26},"end":{"line":260,"column":3}}},"18":{"name":"(anonymous_18)","decl":{"start":{"line":262,"column":2},"end":{"line":262,"column":7}},"loc":{"start":{"line":262,"column":79},"end":{"line":310,"column":3}}},"19":{"name":"(anonymous_19)","decl":{"start":{"line":272,"column":25},"end":{"line":272,"column":28}},"loc":{"start":{"line":272,"column":30},"end":{"line":278,"column":5}}},"20":{"name":"(anonymous_20)","decl":{"start":{"line":273,"column":69},"end":{"line":273,"column":78}},"loc":{"start":{"line":273,"column":79},"end":{"line":277,"column":7}}},"21":{"name":"(anonymous_21)","decl":{"start":{"line":312,"column":2},"end":{"line":312,"column":7}},"loc":{"start":{"line":312,"column":49},"end":{"line":324,"column":3}}},"22":{"name":"(anonymous_22)","decl":{"start":{"line":326,"column":2},"end":{"line":326,"column":7}},"loc":{"start":{"line":326,"column":25},"end":{"line":335,"column":3}}},"2
[...]
:{"start":{"line":34,"column":0},"end":{"line":34,"column":13}},"37":{"start":{"line":139,"column":28},"end":{"line":139,"column":83}},"38":{"start":{"line":149,"column":16},"end":{"line":149,"column":26}},"39":{"start":{"line":150,"column":24},"end":{"line":150,"column":53}},"40":{"start":{"line":152,"column":4},"end":{"line":159,"column":5}},"41":{"start":{"line":154,"column":6},"end":{"line":157,"column":9}},"42":{"start":{"line":158,"column":6},"end":{"line":158,"column":31}},"43":{"start":{"line":161,"column":4},"end":{"line":166,"column":5}},"44":{"start":{"line":162,"column":6},"end":{"line":165,"column":8}},"45":{"start":{"line":168,"column":4},"end":{"line":168,"column":24}},"46":{"start":{"line":169,"column":4},"end":{"line":169,"column":29}},"47":{"start":{"line":176,"column":16},"end":{"line":176,"column":26}},"48":{"start":{"line":177,"column":4},"end":{"line":181,"column":5}},"49":{"start":{"line":178,"column":6},"end":{"line":180,"column":7}},"50":{"start":{"line":179,"column":8},"end":{"line":179,"column":34}},"51":{"start":{"line":138,"column":0},"end":{"line":138,"column":13}},"52":{"start":{"line":191,"column":4},"end":{"line":198,"column":5}},"53":{"start":{"line":192,"column":24},"end":{"line":192,"column":35}},"54":{"start":{"line":193,"column":6},"end":{"line":193,"column":55}},"55":{"start":{"line":194,"column":6},"end":{"line":194,"column":18}},"56":{"start":{"line":196,"column":6},"end":{"line":196,"column":59}},"57":{"start":{"line":197,"column":6},"end":{"line":197,"column":19}},"58":{"start":{"line":205,"column":4},"end":{"line":212,"column":5}},"59":{"start":{"line":206,"column":24},"end":{"line":206,"column":61}},"60":{"start":{"line":207,"column":6},"end":{"line":207,"column":34}},"61":{"start":{"line":207,"column":22},"end":{"line":207,"column":34}},"62":{"start":{"line":208,"column":6},"end":{"line":208,"column":29}},"63":{"start":{"line":210,"column":6},"end":{"line":210,"column":62}},"64":{"start":{"line":211,"column":6},"end":{"line":211,"column":18}},"65":{"start":{"line":219,"column":4},"end":{"line":219,"column":45}},"66":{"start":{"line":226,"column":17},"end":{"line":226,"column":42}},"67":{"start":{"line":227,"column":4},"end":{"line":231,"column":7}},"68":{"start":{"line":228,"column":6},"end":{"line":230,"column":7}},"69":{"start":{"line":229,"column":8},"end":{"line":229,"column":37}},"70":{"start":{"line":186,"column":0},"end":{"line":186,"column":13}},"71":{"start":{"line":237,"column":40},"end":{"line":237,"column":44}},"72":{"start":{"line":243,"column":18},"end":{"line":243,"column":36}},"73":{"start":{"line":244,"column":4},"end":{"line":244,"column":34}},"74":{"start":{"line":245,"column":4},"end":{"line":245,"column":88}},"75":{"start":{"line":245,"column":43},"end":{"line":245,"column":77}},"76":{"start":{"line":246,"column":4},"end":{"line":246,"column":22}},"77":{"start":{"line":253,"column":4},"end":{"line":255,"column":5}},"78":{"start":{"line":254,"column":6},"end":{"line":254,"column":34}},"79":{"start":{"line":256,"column":4},"end":{"line":256,"column":22}},"80":{"start":{"line":263,"column":4},"end":{"line":263,"column":63}},"81":{"start":{"line":236,"column":0},"end":{"line":236,"column":13}},"82":{"start":{"line":276,"column":21},"end":{"line":282,"column":6}},"83":{"start":{"line":285,"column":4},"end":{"line":285,"column":46}},"84":{"start":{"line":288,"column":25},"end":{"line":288,"column":82}},"85":{"start":{"line":289,"column":4},"end":{"line":289,"column":32}},"86":{"start":{"line":292,"column":4},"end":{"line":294,"column":5}},"87":{"start":{"line":293,"column":6},"end":{"line":293,"column":56}},"88":{"start":{"line":296,"column":4},"end":{"line":296,"column":72}},"89":{"start":{"line":303,"column":4},"end":{"line":303,"column":69}},"90":{"start":{"line":268,"column":0},"end":{"line":268,"column":13}},"91":{"start":{"line":308,"column":34},"end":{"line":315,"column":1}},"92":{"start":{"line":309,"column":2},"end":{"line":314,"column":5}},"93":{"start":{"line":308,"column":13},"end":{"line":308,"column":34}},"94":{"start":{"line":318,"column":34},"end":{"line":333,"column":1}},"95":{"start":{"line":320,"column":2},"end":{"line":322,"column":3}},"96":{"start":{"line":321,"column":4},"end":{"line":321,"column":77}},"97":{"start":{"line":325,"column":2},"end":{"line":325,"column":33}},"98":{"start":{"line":328,"column":2},"end":{"line":330,"column":12}},"99":{"start":{"line":329,"column":4},"end":{"line":329,"column":26}},"100":{"start":{"line":332,"column":2},"end":{"line":332,"column":49}},"101":{"start":{"line":318,"column":13},"end":{"line":318,"column":34}},"102":{"start":{"line":336,"column":13},"end":{"line":344,"column":2}},"103":{"start":{"line":346,"column":0},"end":{"line":346,"column":30}}},"fnMap":{"0":{"name":"(anonymous_0)","decl":{"start":{"line":38,"column":2},"end":{"line":38,"column":8}},"loc":{"start":{"line":38,"column":36},"end":{"line":52,"column":3}}},"1":{"name":"(anonymous_1)","decl":{"start":{"line":42,"column":26},"end":{"line":42,"column":27}},"loc":{"start":{"line":42,"column":35},"end":{"line":50,"column":7}}},"2":{"name":"(anonymous_2)","decl":{"start":{"line":57,"column":2},"end":{"line":57,"column":8}},"loc":{"start":{"line":57,"column":35},"end":{"line":60,"column":3}}},"3":{"name":"(anonymous_3)","decl":{"start":{"line":65,"column":2},"end":{"line":65,"column":8}},"loc":{"start":{"line":65,"column":41},"end":{"line":91,"column":3}}},"4":{"name":"(anonymous_4)","decl":{"start":{"line":96,"column":2},"end":{"line":96,"column":8}},"loc":{"start":{"line":96,"column":36},"end":{"line":121,"column":3}}},"5":{"name":"(anonymous_5)","decl":{"start":{"line":116,"column":31},"end":{"line":116,"column":38}},"loc":{"start":{"line":116,"column":42},"end":{"line":116,"column":65}}},"6":{"name":"(anonymous_6)","decl":{"start":{"line":126,"column":2},"end":{"line":126,"column":8}},"loc":{"start":{"line":126,"column":48},"end":{"line":134,"column":3}}},"7":{"name":"(anonymous_7)","decl":{"start":{"line":144,"column":2},"end":{"line":144,"column":8}},"loc":{"start":{"line":147,"column":28},"end":{"line":170,"column":3}}},"8":{"name":"(anonymous_8)","decl":{"start":{"line":175,"column":2},"end":{"line":175,"column":8}},"loc":{"start":{"line":175,"column":16},"end":{"line":182,"column":3}}},"9":{"name":"(anonymous_9)","decl":{"start":{"line":190,"column":2},"end":{"line":190,"column":8}},"loc":{"start":{"line":190,"column":45},"end":{"line":199,"column":3}}},"10":{"name":"(anonymous_10)","decl":{"start":{"line":204,"column":2},"end":{"line":204,"column":8}},"loc":{"start":{"line":204,"column":30},"end":{"line":213,"column":3}}},"11":{"name":"(anonymous_11)","decl":{"start":{"line":218,"column":2},"end":{"line":218,"column":8}},"loc":{"start":{"line":218,"column":33},"end":{"line":220,"column":3}}},"12":{"name":"(anonymous_12)","decl":{"start":{"line":225,"column":2},"end":{"line":225,"column":8}},"loc":{"start":{"line":225,"column":17},"end":{"line":232,"column":3}}},"13":{"name":"(anonymous_13)","decl":{"start":{"line":227,"column":17},"end":{"line":227,"column":20}},"loc":{"start":{"line":227,"column":23},"end":{"line":231,"column":5}}},"14":{"name":"(anonymous_14)","decl":{"start":{"line":242,"column":2},"end":{"line":242,"column":8}},"loc":{"start":{"line":242,"column":22},"end":{"line":247,"column":3}}},"15":{"name":"(anonymous_15)","decl":{"start":{"line":245,"column":35},"end":{"line":245,"column":39}},"loc":{"start":{"line":245,"column":43},"end":{"line":245,"column":77}}},"16":{"name":"(anonymous_16)","decl":{"start":{"line":252,"column":2},"end":{"line":252,"column":8}},"loc":{"start":{"line":252,"column":17},"end":{"line":257,"column":3}}},"17":{"name":"(anonymous_17)","decl":{"start":{"line":262,"column":2},"end":{"line":262,"column":8}},"loc":{"start":{"line":262,"column":44},"end":{"line":264,"column":3}}},"18":{"name":"(anonymous_18)","decl":{"start":{"line":272,"column":2},"end":{"line":272,"column":8}},"loc":{"start":{"line":274,"column":37},"end":{"line":297,"column":3}}},"19":{"name":"(anonymous_19)","decl":{"start":{"line":302,"column":2},"end":{"line":302,"column":8}},"loc":{"start":{"line":302,"column":24},"end":{"line":304,"column":3}}},"20":{"name":"(anonymous_20)","decl":{"start":{"line":308,"column":34},"end":{"line":308,"column":35}},"loc":{"start":{"line":308,"column":80},"end":{"line":315,"column":1}}},"21":{"name":"(anonymous_21)","decl":{"start":{"line":318,"column":34},"end":{"line":318,"column":43}},"loc":{"start":{"line":318,"column":45},"end":{"line":333,"column":1}}},"22":{"name":"(anonymous_22)","decl":{"start":{"line":328,"column":14},"end":{"line":328,"column":17}},"loc":{"start":{"line":328,"column":19},"end":{"line":330,"column":3}}}},"branchMap":{"0":{"loc":{"start":{"line":39,"column":4},"end":{"line":39,"column":45}},"type":"if","locations":[{"start":{"line":39,"column":4},"end":{"line":39,"column":45}}]},"1":{"loc":{"start":{"line":49,"column":15},"end":{"line":49,"column":37}},"type":"binary-expr","locations":[{"start":{"line":49,"column":15},"end":{"line":49,"column":29}},{"start":{"line":49,"column":33},"end":{"line":49,"column":37}}]},"2":{"loc":{"start":{"line":59,"column":11},"end":{"line":59,"column":56}},"type":"binary-expr","locations":[{"start":{"line":59,"column":11},"end":{"line":59,"column":33}},{"start":{"line":59,"column":37},"end":{"line":59,"column":56}}]},"3":{"loc":{"start":{"line":68,"column":4},"end":{"line":70,"column":5}},"type":"if","locations":[{"start":{"line":68,"column":4},"end":{"line":70,"column":5}}]},"4":{"loc":{"start":{"line":71,"column":4},"end":{"line":73,"column":5}},"type":"if","locations":[{"start":{"line":71,"column":4},"end":{"line":73,"column":5}}]},"5":{"loc":{"start":{"line":74,"column":4},"end":{"line":76,"column":5}},"type":"if","locations":[{"start":{"line":74,"column":4},"end":{"line":76,"column":5}}]},"6":{"loc":{"start":{"line":77,"column":4},"end":{"line":79,"column":5}},"type":"if","locations":[{"start":{"line":77,"column":4},"end":{"line":79,"column":5}}]},"7":{"loc":{"start":{"line":80,"column":4},"end":{"line":82,"column":5}},"type":"if","locations":[{"start":{"line":80,"column":4},"end":{"line":82,"column":5}}]},"8":{"loc":{"start":{"line":83,"column":4},"end":{"line":85,"column":5}},"type":"if","locations":[{"start":{"line":83,"column":4},"end":{"line":85,"column":5}}]},"9":{"loc":{"start":{"line":99,"column":4},"end":{"line":101,"column":5}},"type":"if","locations":[{"start":{"line":99,"column":4},"end":{"line":101,"column":5}}]},"10":{"loc":{"start":{"line":99,"column":8},"end":{"line":99,"column":44}},"type":"binary-expr","locations":[{"start":{"line":99,"column":8},"end":{"line":99,"column":18}},{"start":{"line":99,"column":22},"end":{"line":99,"column":44}}]},"11":{"loc":{"start":{"line":103,"column":4},"end":{"line":105,"column":5}},"type":"if","locations":[{"start":{"line":103,"column":4},"end":{"line":105,"column":5}}]},"12":{"loc":{"start":{"line":116,"column":4},"end":{"line":118,"column":5}},"type":"if","locations":[{"start":{"line":116,"column":4},"end":{"line":118,"column":5}}]},"13":{"loc":{"start":{"line":129,"column":4},"end":{"line":131,"column":5}},"type":"if","locations":[{"start":{"line":129,"column":4},"end":{"line":131,"column":5}}]},"14":{"loc":{"start":{"line":146,"column":4},"end":{"line":146,"column":28}},"type":"default-arg","locations":[{"start":{"line":146,"column":26},"end":{"line":146,"column":28}}]},"15":{"loc":{"start":{"line":147,"column":4},"end":{"line":147,"column":28}},"type":"default-arg","locations":[{"start":{"line":147,"column":23},"end":{"line":147,"column":28}}]},"16":{"loc":{"start":{"line":152,"column":4},"end":{"line":159,"column":5}},"type":"if","locations":[{"start":{"line":152,"column":4},"end":{"line":159,"column":5}}]},"17":{"loc":{"start":{"line":152,"column":8},"end":{"line":152,"column":51}},"type":"binary-expr","locations":[{"start":{"line":152,"column":8},"end":{"line":152,"column":20}},{"start":{"line":152,"column":24},"end":{"line":152,"column":51}}]},"18":{"loc":{"start":{"line":161,"column":4},"end":{"line":166,"column":5}},"type":"if","locations":[{"start":{"line":161,"column":4},"end":{"line":166,"column":5}}]},"19":{"loc":{"start":{"line":178,"column":6},"end":{"line":180,"column":7}},"type":"if","locations":[{"start":{"line":178,"column":6},"end":{"line":180,"column":7}}]},"20":{"loc":{"start":{"line":207,"column":6},"end":{"line":207,"column":34}},"type":"if","locations":[{"start":{"line":207,"column":6},"end":{"line":207,"column":34}}]},"21":{"loc":{"start":{"line":228,"column":6},"end":{"line":230,"column":7}},"type":"if","locations":[{"start":{"line":228,"column":6},"end":{"line":230,"column":7}}]},"22":{"loc":{"start":{"line":253,"column":4},"end":{"line":255,"column":5}},"type":"if","locations":[{"start":{"line":253,"column":4},"end":{"line":255,"column":5}}]},"23":{"loc":{"start":{"line":263,"column":11},"end":{"line":263,"column":62}},"type":"binary-expr","locations":[{"start":{"line":263,"column":11},"end":{"line":263,"column":30}},{"start":{"line":263,"column":34},"end":{"line":263,"column":62}}]},"24":{"loc":{"start":{"line":274,"column":4},"end":{"line":274,"column":37}},"type":"default-arg","locations":[{"start":{"line":274,"column":35},"end":{"line":274,"column":37}}]},"25":{"loc":{"start":{"line":288,"column":36},"end":{"line":288,"column":81}},"type":"binary-expr","locations":[{"start":{"line":288,"column":36},"end":{"line":288,"column":73}},{"start":{"line":288,"column":77},"end":{"line":288,"column":81}}]},"26":{"loc":{"start":{"line":292,"column":4},"end":{"line":294,"column":5}},"type":"if","locations":[{"start":{"line":292,"column":4},"end":{"line":294,"column":5}}]},"27":{"loc":{"start":{"line":303,"column":22},"end":{"line":303,"column":67}},"type":"binary-expr","locations":[{"start":{"line":303,"column":22},"end":{"line":303,"column":59}},{"start":{"line":303,"column":63},"end":{"line":303,"column":67}}]},"28":{"loc":{"start":{"line":320,"column":2},"end":{"line":322,"column":3}},"type":"if","locations":[{"start":{"line":320,"column":2},"end":{"line":322,"column":3}}]}},"s":{"0":0,"1":0,"2":0,"3":0,"4":0,"5":0,"6":0,"7":0,"8":0,"9":0,"10":0,"11":0,"12":0,"13":0,"14":0,"15":0,"16":0,"17":0,"18":0,"19":0,"20":0,"21":0,"22":0,"23":0,"24":0,"25":0,"26":0,"27":0,"28":0,"29":0,"30":0,"31":0,"32":0,"33":0,"34":0,"35":0,"36":0,"37":0,"38":0,"39":0,"40":0,"41":0,"42":0,"43":0,"44":0,"45":0,"46":0,"47":0,"48":0,"49":0,"50":0,"51":0,"52":0,"53":0,"54":0,"55":0,"56":0,"57":0,"58":0,"59":0,"60":0,"61":0,"62":0,"63":0,"64":0,"65":0,"66":0,"67":0,"68":0,"69":0,"70":0,"71":0,"72":0,"73":0,"74":0,"75":0,"76":0,"77":0,"78":0,"79":0,"80":0,"81":0,"82":0,"83":0,"84":0,"85":0,"86":0,"87":0,"88":0,"89":0,"90":0,"91":0,"92":0,"93":0,"94":0,"95":0,"96":0,"97":0,"98":0,"99":0,"100":0,"101":0,"102":0,"103":0},"f":{"0":0,"1":0,"2":0,"3":0,"4":0,"5":0,"6":0,"7":0,"8":0,"9":0,"10":0,"11":0,"12":0,"13":0,"14":0,"15":0,"16":0,"17":0,"18":0,"19":0,"20":0,"21":0,"22":0},"b":{"0":[0],"1":[0,0],"2":[0,0],"3":[0],"4":[0],"5":[0],"6":[0],"7":[0],"8":[0],"9":[0],"10":[0,0],"11":[0],"12":[0],"13":[0],"14":[0],"15":[0],"16":[0],"17":[0,0],"18":[0],"19":[0],"20":[0],"21":[0],"22":[0],"23":[0,0],"24":[0],"25":[0,0],"26":[0],"27":[0,0],"28":[0]}}
,"C:\\Users\\JarettHall\\Programming\\Ultron\\src\\utils\\testUtils.tsx": {"path":"C:\\Users\\JarettHall\\Programming\\Ultron\\src\\utils\\testUtils.tsx","statementMap":{"0":{"start":{"line":1,"column":0},"end":{"line":1,"column":44}},"1":{"start":{"line":2,"column":0},"end":{"line":2,"column":63}},"2":{"start":{"line":3,"column":0},"end":{"line":3,"column":49}},"3":{"start":{"line":4,"column":0},"end":{"line":4,"column":57}},"4":{"start":{"line":5,"column":0},"end":{"line":5,"column":null}},"5":{"start":{"line":18,"column":13},"end":{"line":42,"column":2}},"6":{"start":{"line":44,"column":13},"end":{"line":72,"column":2}},"7":{"start":{"line":74,"column":13},"end":{"line":101,"column":2}},"8":{"start":{"line":103,"column":13},"end":{"line":120,"column":2}},"9":{"start":{"line":122,"column":13},"end":{"line":131,"column":2}},"10":{"start":{"line":175,"column":13},"end":{"line":183,"column":2}},"11":{"start":{"line":185,"column":13},"end":{"line":213,"column":2}},"12":{"start":{"line":220,"column":32},"end":{"line":231,"column":1}},"13":{"start":{"line":224,"column":24},"end":{"line":227,"column":null}},"14":{"start":{"line":225,"column":4},"end":{"line":226,"column":null}},"15":{"start":{"line":230,"column":2},"end":{"line":230,"column":66}},"16":{"start":{"line":220,"column":13},"end":{"line":220,"column":32}},"17":{"start":{"line":234,"column":13},"end":{"line":244,"column":2}},"18":{"start":{"line":246,"column":42},"end":{"line":249,"column":2}},"19":{"start":{"line":246,"column":82},"end":{"line":249,"column":2}},"20":{"start":{"line":246,"column":13},"end":{"line":246,"column":42}},"21":{"start":{"line":252,"column":13},"end":{"line":266,"column":2}},"22":{"start":{"line":268,"column":13},"end":{"line":272,"column":2}},"23":{"start":{"line":275,"column":31},"end":{"line":280,"column":2}},"24":{"start":{"line":275,"column":68},"end":{"line":280,"column":2}},"25":{"start":{"line":275,"column":13},"end":{"line":275,"column":31}},"26":{"start":{"line":283,"column":28},"end":{"line":283,"column":80}},"27":{"start":{"line":283,"column":34},"end":{"line":283,"column":80}},"28":{"start":{"line":283,"column":57},"end":{"line":283,"column":79}},"29":{"start":{"line":283,"column":13},"end":{"line":283,"column":28}},"30":{"start":{"line":286,"column":0},"end":{"line":286,"column":39}},"31":{"start":{"line":287,"column":0},"end":{"line":287,"column":9}},"32":{"start":{"line":287,"column":9},"end":{"line":287,"column":29}}},"fnMap":{"0":{"name":"(anonymous_5)","decl":{"start":{"line":220,"column":32},"end":{"line":220,"column":null}},"loc":{"start":{"line":223,"column":4},"end":{"line":231,"column":1}}},"1":{"name":"(anonymous_6)","decl":{"start":{"line":224,"column":24},"end":{"line":224,"column":25}},"loc":{"start":{"line":225,"column":4},"end":{"line":226,"column":null}}},"2":{"name":"(anonymous_7)","decl":{"start":{"line":246,"column":42},"end":{"line":246,"column":43}},"loc":{"start":{"line":246,"column":82},"end":{"line":249,"column":2}}},"3":{"name":"(anonymous_8)","decl":{"start":{"line":275,"column":31},"end":{"line":275,"column":32}},"loc":{"start":{"line":275,"column":68},"end":{"line":280,"column":2}}},"4":{"name":"(anonymous_9)","decl":{"start":{"line":283,"column":28},"end":{"line":283,"column":31}},"loc":{"start":{"line":283,"column":34},"end":{"line":283,"column":80}}},"5":{"name":"(anonymous_10)","decl":{"start":{"line":283,"column":46},"end":{"line":283,"column":53}},"loc":{"start":{"line":283,"column":57},"end":{"line":283,"column":79}}},"6":{"name":"(anonymous_11)","decl":{"start":{"line":287,"column":9},"end":{"line":287,"column":16}},"loc":{"start":{"line":287,"column":9},"end":{"line":287,"column":29}}}},"branchMap":{"0":{"loc":{"start":{"line":222,"column":2},"end":{"line":222,"column":72}},"type":"default-arg","locations":[{"start":{"line":222,"column":70},"end":{"line":222,"column":72}}]},"1":{"loc":{"start":{"line":222,"column":4},"end":{"line":222,"column":26}},"type":"default-arg","locations":[{"start":{"line":222,"column":21},"end":{"line":222,"column":26}}]},"2":{"loc":{"start":{"line":246,"column":43},"end":{"line":246,"column":57}},"type":"default-arg","locations":[{"start":{"line":246,"column":55},"end":{"line":246,"column":57}}]},"3":{"loc":{"start":{"line":246,"column":59},"end":{"line":246,"column":76}},"type":"default-arg","locations":[{"start":{"line":246,"column":72},"end":{"line":246,"column":76}}]}},"s":{"0":0,"1":0,"2":0,"3":0,"4":0,"5":0,"6":0,"7":0,"8":0,"9":0,"10":0,"11":0,"12":0,"13":0,"14":0,"15":0,"16":0,"17":0,"18":0,"19":0,"20":0,"21":0,"22":0,"23":0,"24":0,"25":0,"26":0,"27":0,"28":0,"29":0,"30":0,"31":0,"32":0},"f":{"0":0,"1":0,"2":0,"3":0,"4":0,"5":0,"6":0},"b":{"0":[0],"1":[0],"2":[0],"3":[0]}}
}
