TN:
SF:services\analyticsService.ts
FN:76,(anonymous_0)
FN:95,(anonymous_1)
FN:96,(anonymous_2)
FN:100,(anonymous_3)
FN:135,(anonymous_4)
FN:152,(anonymous_5)
FN:163,(anonymous_6)
FN:199,(anonymous_7)
FN:200,(anonymous_8)
FN:206,(anonymous_9)
FN:213,(anonymous_10)
FN:214,(anonymous_11)
FN:218,(anonymous_12)
FN:225,(anonymous_13)
FN:235,(anonymous_14)
FN:254,(anonymous_15)
FN:264,(anonymous_16)
FN:290,(anonymous_17)
FN:328,(anonymous_18)
FN:332,(anonymous_19)
FN:339,(anonymous_20)
FN:348,(anonymous_21)
FN:354,(anonymous_22)
FN:355,(anonymous_23)
FN:356,(anonymous_24)
FN:357,(anonymous_25)
FN:368,(anonymous_26)
FN:372,(anonymous_27)
FN:373,(anonymous_28)
FN:378,(anonymous_29)
FN:379,(anonymous_30)
FN:383,(anonymous_31)
FN:392,(anonymous_32)
FN:397,(anonymous_33)
FN:398,(anonymous_34)
FN:406,(anonymous_35)
FN:407,(anonymous_36)
FN:408,(anonymous_37)
FN:412,(anonymous_38)
FN:416,(anonymous_39)
FN:417,(anonymous_40)
FN:418,(anonymous_41)
FN:430,(anonymous_42)
FN:442,(anonymous_43)
FNF:44
FNH:0
FNDA:0,(anonymous_0)
FNDA:0,(anonymous_1)
FNDA:0,(anonymous_2)
FNDA:0,(anonymous_3)
FNDA:0,(anonymous_4)
FNDA:0,(anonymous_5)
FNDA:0,(anonymous_6)
FNDA:0,(anonymous_7)
FNDA:0,(anonymous_8)
FNDA:0,(anonymous_9)
FNDA:0,(anonymous_10)
FNDA:0,(anonymous_11)
FNDA:0,(anonymous_12)
FNDA:0,(anonymous_13)
FNDA:0,(anonymous_14)
FNDA:0,(anonymous_15)
FNDA:0,(anonymous_16)
FNDA:0,(anonymous_17)
FNDA:0,(anonymous_18)
FNDA:0,(anonymous_19)
FNDA:0,(anonymous_20)
FNDA:0,(anonymous_21)
FNDA:0,(anonymous_22)
FNDA:0,(anonymous_23)
FNDA:0,(anonymous_24)
FNDA:0,(anonymous_25)
FNDA:0,(anonymous_26)
FNDA:0,(anonymous_27)
FNDA:0,(anonymous_28)
FNDA:0,(anonymous_29)
FNDA:0,(anonymous_30)
FNDA:0,(anonymous_31)
FNDA:0,(anonymous_32)
FNDA:0,(anonymous_33)
FNDA:0,(anonymous_34)
FNDA:0,(anonymous_35)
FNDA:0,(anonymous_36)
FNDA:0,(anonymous_37)
FNDA:0,(anonymous_38)
FNDA:0,(anonymous_39)
FNDA:0,(anonymous_40)
FNDA:0,(anonymous_41)
FNDA:0,(anonymous_42)
FNDA:0,(anonymous_43)
DA:1,0
DA:72,0
DA:77,0
DA:78,0
DA:79,0
DA:80,0
DA:81,0
DA:83,0
DA:96,0
DA:97,0
DA:98,0
DA:100,0
DA:101,0
DA:102,0
DA:105,0
DA:108,0
DA:111,0
DA:114,0
DA:115,0
DA:116,0
DA:117,0
DA:119,0
DA:138,0
DA:141,0
DA:144,0
DA:146,0
DA:153,0
DA:154,0
DA:155,0
DA:157,0
DA:163,0
DA:164,0
DA:165,0
DA:166,0
DA:169,0
DA:170,0
DA:171,0
DA:172,0
DA:173,0
DA:174,0
DA:175,0
DA:176,0
DA:178,0
DA:183,0
DA:184,0
DA:186,0
DA:200,0
DA:201,0
DA:202,0
DA:205,0
DA:206,0
DA:207,0
DA:208,0
DA:212,0
DA:213,0
DA:214,0
DA:218,0
DA:221,0
DA:222,0
DA:223,0
DA:225,0
DA:226,0
DA:227,0
DA:228,0
DA:229,0
DA:230,0
DA:235,0
DA:236,0
DA:237,0
DA:238,0
DA:239,0
DA:240,0
DA:246,0
DA:247,0
DA:248,0
DA:250,0
DA:254,0
DA:266,0
DA:267,0
DA:272,0
DA:277,0
DA:279,0
DA:291,0
DA:292,0
DA:294,0
DA:295,0
DA:297,0
DA:298,0
DA:299,0
DA:300,0
DA:301,0
DA:302,0
DA:305,0
DA:308,0
DA:309,0
DA:310,0
DA:311,0
DA:313,0
DA:322,0
DA:329,0
DA:332,0
DA:333,0
DA:342,0
DA:349,0
DA:350,0
DA:351,0
DA:354,0
DA:355,0
DA:356,0
DA:357,0
DA:359,0
DA:369,0
DA:373,0
DA:374,0
DA:375,0
DA:379,0
DA:380,0
DA:382,0
DA:383,0
DA:384,0
DA:389,0
DA:394,0
DA:398,0
DA:399,0
DA:401,0
DA:402,0
DA:403,0
DA:407,0
DA:408,0
DA:409,0
DA:413,0
DA:414,0
DA:416,0
DA:417,0
DA:418,0
DA:420,0
DA:438,0
DA:439,0
DA:442,0
DA:445,0
DA:454,0
DA:463,0
DA:473,0
DA:483,0
DA:484,0
DA:485,0
DA:486,0
DA:487,0
DA:490,0
LF:149
LH:0
BRDA:98,0,0,0
BRDA:98,0,1,0
BRDA:102,1,0,0
BRDA:102,1,1,0
BRDA:164,2,0,0
BRDA:164,3,0,0
BRDA:164,3,1,0
BRDA:169,4,0,0
BRDA:169,4,1,0
BRDA:172,5,0,0
BRDA:172,5,1,0
BRDA:183,6,0,0
BRDA:183,6,1,0
BRDA:184,7,0,0
BRDA:184,7,1,0
BRDA:202,8,0,0
BRDA:202,8,1,0
BRDA:207,9,0,0
BRDA:208,10,0,0
BRDA:208,10,1,0
BRDA:216,11,0,0
BRDA:216,11,1,0
BRDA:226,12,0,0
BRDA:228,13,0,0
BRDA:228,14,0,0
BRDA:228,14,1,0
BRDA:236,15,0,0
BRDA:238,16,0,0
BRDA:238,17,0,0
BRDA:238,17,1,0
BRDA:297,18,0,0
BRDA:297,18,1,0
BRDA:299,19,0,0
BRDA:299,19,1,0
BRDA:301,20,0,0
BRDA:329,21,0,0
BRDA:350,22,0,0
BRDA:375,23,0,0
BRDA:375,23,1,0
BRDA:380,24,0,0
BRDA:384,25,0,0
BRDA:384,25,1,0
BRDA:384,25,2,0
BRDA:401,26,0,0
BRDA:402,27,0,0
BRDA:414,28,0,0
BRDA:447,29,0,0
BRDA:447,29,1,0
BRDA:448,30,0,0
BRDA:448,30,1,0
BRDA:456,31,0,0
BRDA:456,31,1,0
BRDA:457,32,0,0
BRDA:457,32,1,0
BRDA:458,33,0,0
BRDA:458,33,1,0
BRDA:459,34,0,0
BRDA:459,34,1,0
BRDA:464,35,0,0
BRDA:464,35,1,0
BRDA:465,36,0,0
BRDA:465,36,1,0
BRDA:466,37,0,0
BRDA:466,37,1,0
BRDA:467,38,0,0
BRDA:467,38,1,0
BRDA:468,39,0,0
BRDA:468,39,1,0
BRDA:469,40,0,0
BRDA:469,40,1,0
BRDA:474,41,0,0
BRDA:474,41,1,0
BRDA:475,42,0,0
BRDA:475,42,1,0
BRDA:476,43,0,0
BRDA:476,43,1,0
BRDA:477,44,0,0
BRDA:477,44,1,0
BRDA:478,45,0,0
BRDA:478,45,1,0
BRDA:479,46,0,0
BRDA:479,46,1,0
BRDA:484,47,0,0
BRDA:484,47,1,0
BRDA:484,48,0,0
BRDA:484,48,1,0
BRDA:486,49,0,0
BRDA:486,50,0,0
BRDA:486,50,1,0
BRF:89
BRH:0
end_of_record
TN:
SF:services\databaseService.ts
FN:20,(anonymous_0)
FN:30,(anonymous_1)
FN:42,(anonymous_2)
FN:54,(anonymous_3)
FN:70,(anonymous_4)
FN:80,(anonymous_5)
FN:81,(anonymous_6)
FN:115,(anonymous_7)
FN:129,(anonymous_8)
FN:140,(anonymous_9)
FN:153,(anonymous_10)
FN:166,(anonymous_11)
FN:181,(anonymous_12)
FN:190,(anonymous_13)
FN:205,(anonymous_14)
FN:218,(anonymous_15)
FN:234,(anonymous_16)
FN:246,(anonymous_17)
FN:262,(anonymous_18)
FN:272,(anonymous_19)
FN:273,(anonymous_20)
FN:312,(anonymous_21)
FN:326,(anonymous_22)
FN:337,(anonymous_23)
FN:350,(anonymous_24)
FN:363,(anonymous_25)
FN:376,(anonymous_26)
FN:394,(anonymous_27)
FN:418,(anonymous_28)
FN:450,(anonymous_29)
FN:456,(anonymous_30)
FN:464,(anonymous_31)
FN:479,(anonymous_32)
FN:497,(anonymous_33)
FN:501,(anonymous_34)
FN:531,(anonymous_35)
FN:547,(anonymous_36)
FN:553,(anonymous_37)
FN:564,(anonymous_38)
FN:581,(anonymous_39)
FN:595,(anonymous_40)
FN:603,(anonymous_41)
FN:627,(anonymous_42)
FN:663,(anonymous_43)
FN:674,(anonymous_44)
FN:680,(anonymous_45)
FN:702,(anonymous_46)
FN:724,(anonymous_47)
FN:725,(anonymous_48)
FN:772,(anonymous_49)
FN:795,(anonymous_50)
FN:807,(anonymous_51)
FN:820,(anonymous_52)
FN:834,(anonymous_53)
FN:845,(anonymous_54)
FN:863,(anonymous_55)
FN:903,(anonymous_56)
FN:904,(anonymous_57)
FN:905,(anonymous_58)
FN:933,(anonymous_59)
FN:934,(anonymous_60)
FN:935,(anonymous_61)
FN:936,(anonymous_62)
FN:949,(anonymous_63)
FN:950,(anonymous_64)
FN:959,(anonymous_65)
FN:960,(anonymous_66)
FN:978,(anonymous_67)
FN:995,(anonymous_68)
FN:1014,(anonymous_69)
FN:1028,(anonymous_70)
FN:1041,(anonymous_71)
FN:1042,(anonymous_72)
FN:1048,(anonymous_73)
FN:1049,(anonymous_74)
FN:1059,(anonymous_75)
FN:1060,(anonymous_76)
FN:1066,(anonymous_77)
FN:1067,(anonymous_78)
FN:1076,(anonymous_79)
FN:1095,(anonymous_80)
FN:1107,(anonymous_81)
FN:1120,(anonymous_82)
FN:1134,(anonymous_83)
FN:1150,(anonymous_84)
FN:1172,(anonymous_85)
FN:1184,(anonymous_86)
FN:1187,(anonymous_87)
FN:1194,(anonymous_88)
FN:1216,(anonymous_89)
FN:1242,(anonymous_90)
FN:1244,(anonymous_91)
FN:1245,(anonymous_92)
FN:1252,(anonymous_93)
FN:1254,(anonymous_94)
FN:1255,(anonymous_95)
FN:1270,(anonymous_96)
FN:1300,(anonymous_97)
FN:1301,(anonymous_98)
FN:1308,(anonymous_99)
FN:1309,(anonymous_100)
FN:1313,(anonymous_101)
FN:1314,(anonymous_102)
FN:1318,(anonymous_103)
FN:1319,(anonymous_104)
FN:1323,(anonymous_105)
FN:1324,(anonymous_106)
FN:1336,(anonymous_107)
FN:1356,(anonymous_108)
FN:1375,(anonymous_109)
FN:1387,(anonymous_110)
FN:1399,(anonymous_111)
FN:1408,(anonymous_112)
FN:1416,(anonymous_113)
FN:1428,(anonymous_114)
FN:1440,(anonymous_115)
FN:1447,(anonymous_116)
FNF:117
FNH:0
FNDA:0,(anonymous_0)
FNDA:0,(anonymous_1)
FNDA:0,(anonymous_2)
FNDA:0,(anonymous_3)
FNDA:0,(anonymous_4)
FNDA:0,(anonymous_5)
FNDA:0,(anonymous_6)
FNDA:0,(anonymous_7)
FNDA:0,(anonymous_8)
FNDA:0,(anonymous_9)
FNDA:0,(anonymous_10)
FNDA:0,(anonymous_11)
FNDA:0,(anonymous_12)
FNDA:0,(anonymous_13)
FNDA:0,(anonymous_14)
FNDA:0,(anonymous_15)
FNDA:0,(anonymous_16)
FNDA:0,(anonymous_17)
FNDA:0,(anonymous_18)
FNDA:0,(anonymous_19)
FNDA:0,(anonymous_20)
FNDA:0,(anonymous_21)
FNDA:0,(anonymous_22)
FNDA:0,(anonymous_23)
FNDA:0,(anonymous_24)
FNDA:0,(anonymous_25)
FNDA:0,(anonymous_26)
FNDA:0,(anonymous_27)
FNDA:0,(anonymous_28)
FNDA:0,(anonymous_29)
FNDA:0,(anonymous_30)
FNDA:0,(anonymous_31)
FNDA:0,(anonymous_32)
FNDA:0,(anonymous_33)
FNDA:0,(anonymous_34)
FNDA:0,(anonymous_35)
FNDA:0,(anonymous_36)
FNDA:0,(anonymous_37)
FNDA:0,(anonymous_38)
FNDA:0,(anonymous_39)
FNDA:0,(anonymous_40)
FNDA:0,(anonymous_41)
FNDA:0,(anonymous_42)
FNDA:0,(anonymous_43)
FNDA:0,(anonymous_44)
FNDA:0,(anonymous_45)
FNDA:0,(anonymous_46)
FNDA:0,(anonymous_47)
FNDA:0,(anonymous_48)
FNDA:0,(anonymous_49)
FNDA:0,(anonymous_50)
FNDA:0,(anonymous_51)
FNDA:0,(anonymous_52)
FNDA:0,(anonymous_53)
FNDA:0,(anonymous_54)
FNDA:0,(anonymous_55)
FNDA:0,(anonymous_56)
FNDA:0,(anonymous_57)
FNDA:0,(anonymous_58)
FNDA:0,(anonymous_59)
FNDA:0,(anonymous_60)
FNDA:0,(anonymous_61)
FNDA:0,(anonymous_62)
FNDA:0,(anonymous_63)
FNDA:0,(anonymous_64)
FNDA:0,(anonymous_65)
FNDA:0,(anonymous_66)
FNDA:0,(anonymous_67)
FNDA:0,(anonymous_68)
FNDA:0,(anonymous_69)
FNDA:0,(anonymous_70)
FNDA:0,(anonymous_71)
FNDA:0,(anonymous_72)
FNDA:0,(anonymous_73)
FNDA:0,(anonymous_74)
FNDA:0,(anonymous_75)
FNDA:0,(anonymous_76)
FNDA:0,(anonymous_77)
FNDA:0,(anonymous_78)
FNDA:0,(anonymous_79)
FNDA:0,(anonymous_80)
FNDA:0,(anonymous_81)
FNDA:0,(anonymous_82)
FNDA:0,(anonymous_83)
FNDA:0,(anonymous_84)
FNDA:0,(anonymous_85)
FNDA:0,(anonymous_86)
FNDA:0,(anonymous_87)
FNDA:0,(anonymous_88)
FNDA:0,(anonymous_89)
FNDA:0,(anonymous_90)
FNDA:0,(anonymous_91)
FNDA:0,(anonymous_92)
FNDA:0,(anonymous_93)
FNDA:0,(anonymous_94)
FNDA:0,(anonymous_95)
FNDA:0,(anonymous_96)
FNDA:0,(anonymous_97)
FNDA:0,(anonymous_98)
FNDA:0,(anonymous_99)
FNDA:0,(anonymous_100)
FNDA:0,(anonymous_101)
FNDA:0,(anonymous_102)
FNDA:0,(anonymous_103)
FNDA:0,(anonymous_104)
FNDA:0,(anonymous_105)
FNDA:0,(anonymous_106)
FNDA:0,(anonymous_107)
FNDA:0,(anonymous_108)
FNDA:0,(anonymous_109)
FNDA:0,(anonymous_110)
FNDA:0,(anonymous_111)
FNDA:0,(anonymous_112)
FNDA:0,(anonymous_113)
FNDA:0,(anonymous_114)
FNDA:0,(anonymous_115)
FNDA:0,(anonymous_116)
DA:1,0
DA:2,0
DA:21,0
DA:22,0
DA:23,0
DA:24,0
DA:25,0
DA:30,0
DA:31,0
DA:32,0
DA:41,0
DA:43,0
DA:45,0
DA:50,0
DA:51,0
DA:55,0
DA:57,0
DA:63,0
DA:64,0
DA:65,0
DA:67,0
DA:71,0
DA:74,0
DA:75,0
DA:76,0
DA:80,0
DA:81,0
DA:82,0
DA:83,0
DA:84,0
DA:89,0
DA:103,0
DA:105,0
DA:111,0
DA:112,0
DA:116,0
DA:118,0
DA:125,0
DA:126,0
DA:130,0
DA:132,0
DA:137,0
DA:141,0
DA:143,0
DA:149,0
DA:150,0
DA:154,0
DA:156,0
DA:162,0
DA:163,0
DA:167,0
DA:169,0
DA:179,0
DA:181,0
DA:191,0
DA:193,0
DA:194,0
DA:201,0
DA:202,0
DA:206,0
DA:208,0
DA:214,0
DA:215,0
DA:219,0
DA:221,0
DA:227,0
DA:228,0
DA:233,0
DA:235,0
DA:237,0
DA:242,0
DA:243,0
DA:247,0
DA:249,0
DA:255,0
DA:256,0
DA:257,0
DA:259,0
DA:263,0
DA:266,0
DA:267,0
DA:268,0
DA:272,0
DA:273,0
DA:274,0
DA:275,0
DA:276,0
DA:281,0
DA:294,0
DA:295,0
DA:296,0
DA:297,0
DA:298,0
DA:299,0
DA:300,0
DA:302,0
DA:308,0
DA:309,0
DA:313,0
DA:315,0
DA:322,0
DA:323,0
DA:327,0
DA:329,0
DA:334,0
DA:338,0
DA:340,0
DA:346,0
DA:347,0
DA:351,0
DA:353,0
DA:359,0
DA:360,0
DA:364,0
DA:366,0
DA:372,0
DA:373,0
DA:377,0
DA:379,0
DA:380,0
DA:382,0
DA:390,0
DA:391,0
DA:395,0
DA:397,0
DA:399,0
DA:407,0
DA:408,0
DA:419,0
DA:422,0
DA:427,0
DA:428,0
DA:431,0
DA:432,0
DA:436,0
DA:437,0
DA:438,0
DA:442,0
DA:444,0
DA:451,0
DA:453,0
DA:454,0
DA:456,0
DA:458,0
DA:465,0
DA:467,0
DA:472,0
DA:473,0
DA:480,0
DA:482,0
DA:483,0
DA:485,0
DA:490,0
DA:491,0
DA:498,0
DA:499,0
DA:501,0
DA:502,0
DA:503,0
DA:505,0
DA:506,0
DA:509,0
DA:510,0
DA:513,0
DA:517,0
DA:518,0
DA:521,0
DA:522,0
DA:525,0
DA:532,0
DA:535,0
DA:541,0
DA:543,0
DA:545,0
DA:546,0
DA:547,0
DA:549,0
DA:550,0
DA:553,0
DA:558,0
DA:565,0
DA:568,0
DA:569,0
DA:570,0
DA:572,0
DA:574,0
DA:575,0
DA:577,0
DA:580,0
DA:581,0
DA:583,0
DA:584,0
DA:589,0
DA:599,0
DA:601,0
DA:603,0
DA:610,0
DA:612,0
DA:613,0
DA:614,0
DA:621,0
DA:628,0
DA:629,0
DA:631,0
DA:634,0
DA:640,0
DA:643,0
DA:644,0
DA:645,0
DA:646,0
DA:647,0
DA:651,0
DA:652,0
DA:655,0
DA:657,0
DA:664,0
DA:665,0
DA:667,0
DA:668,0
DA:669,0
DA:670,0
DA:674,0
DA:679,0
DA:681,0
DA:684,0
DA:685,0
DA:686,0
DA:689,0
DA:695,0
DA:696,0
DA:697,0
DA:699,0
DA:703,0
DA:706,0
DA:707,0
DA:708,0
DA:712,0
DA:718,0
DA:720,0
DA:724,0
DA:725,0
DA:726,0
DA:727,0
DA:728,0
DA:733,0
DA:762,0
DA:768,0
DA:769,0
DA:773,0
DA:776,0
DA:777,0
DA:778,0
DA:781,0
DA:788,0
DA:789,0
DA:794,0
DA:796,0
DA:798,0
DA:803,0
DA:804,0
DA:808,0
DA:810,0
DA:816,0
DA:817,0
DA:821,0
DA:823,0
DA:830,0
DA:831,0
DA:835,0
DA:837,0
DA:842,0
DA:846,0
DA:848,0
DA:854,0
DA:855,0
DA:882,0
DA:885,0
DA:892,0
DA:895,0
DA:902,0
DA:903,0
DA:904,0
DA:905,0
DA:906,0
DA:907,0
DA:908,0
DA:912,0
DA:915,0
DA:927,0
DA:931,0
DA:933,0
DA:934,0
DA:935,0
DA:936,0
DA:937,0
DA:940,0
DA:948,0
DA:949,0
DA:950,0
DA:953,0
DA:954,0
DA:955,0
DA:958,0
DA:959,0
DA:960,0
DA:962,0
DA:963,0
DA:966,0
DA:979,0
DA:981,0
DA:988,0
DA:989,0
DA:996,0
DA:999,0
DA:1005,0
DA:1008,0
DA:1015,0
DA:1017,0
DA:1020,0
DA:1021,0
DA:1029,0
DA:1031,0
DA:1032,0
DA:1035,0
DA:1040,0
DA:1041,0
DA:1042,0
DA:1046,0
DA:1048,0
DA:1049,0
DA:1050,0
DA:1051,0
DA:1057,0
DA:1058,0
DA:1060,0
DA:1061,0
DA:1066,0
DA:1067,0
DA:1070,0
DA:1077,0
DA:1079,0
DA:1085,0
DA:1086,0
DA:1087,0
DA:1089,0
DA:1094,0
DA:1096,0
DA:1098,0
DA:1103,0
DA:1104,0
DA:1108,0
DA:1110,0
DA:1116,0
DA:1117,0
DA:1121,0
DA:1123,0
DA:1130,0
DA:1131,0
DA:1135,0
DA:1137,0
DA:1142,0
DA:1151,0
DA:1153,0
DA:1162,0
DA:1163,0
DA:1164,0
DA:1166,0
DA:1173,0
DA:1175,0
DA:1182,0
DA:1184,0
DA:1187,0
DA:1195,0
DA:1197,0
DA:1203,0
DA:1204,0
DA:1205,0
DA:1207,0
DA:1212,0
DA:1229,0
DA:1231,0
DA:1240,0
DA:1241,0
DA:1242,0
DA:1243,0
DA:1244,0
DA:1245,0
DA:1250,0
DA:1251,0
DA:1252,0
DA:1253,0
DA:1254,0
DA:1255,0
DA:1261,0
DA:1264,0
DA:1279,0
DA:1281,0
DA:1282,0
DA:1283,0
DA:1284,0
DA:1285,0
DA:1286,0
DA:1289,0
DA:1290,0
DA:1294,0
DA:1300,0
DA:1301,0
DA:1302,0
DA:1303,0
DA:1307,0
DA:1308,0
DA:1309,0
DA:1313,0
DA:1314,0
DA:1317,0
DA:1318,0
DA:1319,0
DA:1323,0
DA:1324,0
DA:1327,0
DA:1349,0
DA:1352,0
DA:1356,0
DA:1359,0
DA:1364,0
DA:1374,0
DA:1376,0
DA:1378,0
DA:1388,0
DA:1390,0
DA:1400,0
DA:1401,0
DA:1407,0
DA:1409,0
DA:1411,0
DA:1412,0
DA:1413,0
DA:1417,0
DA:1419,0
DA:1424,0
DA:1425,0
DA:1429,0
DA:1431,0
DA:1436,0
DA:1437,0
DA:1441,0
DA:1443,0
DA:1444,0
DA:1448,0
DA:1450,0
DA:1454,0
LF:451
LH:0
BRDA:33,0,0,0
BRDA:33,0,1,0
BRDA:43,1,0,0
BRDA:50,2,0,0
BRDA:51,3,0,0
BRDA:51,3,1,0
BRDA:55,4,0,0
BRDA:63,5,0,0
BRDA:64,6,0,0
BRDA:71,7,0,0
BRDA:75,8,0,0
BRDA:75,9,0,0
BRDA:75,9,1,0
BRDA:83,10,0,0
BRDA:83,10,1,0
BRDA:93,11,0,0
BRDA:93,11,1,0
BRDA:94,12,0,0
BRDA:94,12,1,0
BRDA:95,13,0,0
BRDA:95,13,1,0
BRDA:96,14,0,0
BRDA:96,14,1,0
BRDA:97,15,0,0
BRDA:97,15,1,0
BRDA:98,16,0,0
BRDA:98,16,1,0
BRDA:99,17,0,0
BRDA:99,17,1,0
BRDA:103,18,0,0
BRDA:111,19,0,0
BRDA:116,20,0,0
BRDA:125,21,0,0
BRDA:130,22,0,0
BRDA:137,23,0,0
BRDA:141,24,0,0
BRDA:149,25,0,0
BRDA:150,26,0,0
BRDA:150,26,1,0
BRDA:154,27,0,0
BRDA:162,28,0,0
BRDA:163,29,0,0
BRDA:163,29,1,0
BRDA:167,30,0,0
BRDA:179,31,0,0
BRDA:181,32,0,0
BRDA:181,32,1,0
BRDA:183,33,0,0
BRDA:183,33,1,0
BRDA:184,34,0,0
BRDA:184,34,1,0
BRDA:186,35,0,0
BRDA:186,35,1,0
BRDA:191,36,0,0
BRDA:201,37,0,0
BRDA:202,38,0,0
BRDA:202,38,1,0
BRDA:205,39,0,0
BRDA:206,40,0,0
BRDA:214,41,0,0
BRDA:215,42,0,0
BRDA:215,42,1,0
BRDA:219,43,0,0
BRDA:227,44,0,0
BRDA:228,45,0,0
BRDA:228,45,1,0
BRDA:235,46,0,0
BRDA:242,47,0,0
BRDA:243,48,0,0
BRDA:243,48,1,0
BRDA:247,49,0,0
BRDA:255,50,0,0
BRDA:256,51,0,0
BRDA:263,52,0,0
BRDA:267,53,0,0
BRDA:267,54,0,0
BRDA:267,54,1,0
BRDA:275,55,0,0
BRDA:275,55,1,0
BRDA:285,56,0,0
BRDA:285,56,1,0
BRDA:288,57,0,0
BRDA:288,57,1,0
BRDA:289,58,0,0
BRDA:289,58,1,0
BRDA:290,59,0,0
BRDA:290,59,1,0
BRDA:294,60,0,0
BRDA:295,61,0,0
BRDA:296,62,0,0
BRDA:297,63,0,0
BRDA:298,64,0,0
BRDA:299,65,0,0
BRDA:300,66,0,0
BRDA:308,67,0,0
BRDA:313,68,0,0
BRDA:322,69,0,0
BRDA:327,70,0,0
BRDA:334,71,0,0
BRDA:338,72,0,0
BRDA:346,73,0,0
BRDA:347,74,0,0
BRDA:347,74,1,0
BRDA:351,75,0,0
BRDA:359,76,0,0
BRDA:360,77,0,0
BRDA:360,77,1,0
BRDA:364,78,0,0
BRDA:372,79,0,0
BRDA:373,80,0,0
BRDA:373,80,1,0
BRDA:376,81,0,0
BRDA:377,82,0,0
BRDA:390,83,0,0
BRDA:391,84,0,0
BRDA:391,84,1,0
BRDA:395,85,0,0
BRDA:407,86,0,0
BRDA:408,87,0,0
BRDA:408,87,1,0
BRDA:419,88,0,0
BRDA:427,89,0,0
BRDA:428,90,0,0
BRDA:431,91,0,0
BRDA:437,92,0,0
BRDA:451,93,0,0
BRDA:454,94,0,0
BRDA:465,95,0,0
BRDA:472,96,0,0
BRDA:473,97,0,0
BRDA:473,97,1,0
BRDA:480,98,0,0
BRDA:483,99,0,0
BRDA:483,100,0,0
BRDA:483,100,1,0
BRDA:490,101,0,0
BRDA:491,102,0,0
BRDA:491,102,1,0
BRDA:502,103,0,0
BRDA:503,104,0,0
BRDA:510,105,0,0
BRDA:513,106,0,0
BRDA:513,106,1,0
BRDA:518,107,0,0
BRDA:532,108,0,0
BRDA:541,109,0,0
BRDA:545,110,0,0
BRDA:545,110,1,0
BRDA:549,111,0,0
BRDA:565,112,0,0
BRDA:575,113,0,0
BRDA:575,113,1,0
BRDA:583,114,0,0
BRDA:599,115,0,0
BRDA:629,116,0,0
BRDA:640,117,0,0
BRDA:640,117,1,0
BRDA:643,118,0,0
BRDA:645,119,0,0
BRDA:645,119,1,0
BRDA:646,120,0,0
BRDA:646,120,1,0
BRDA:647,121,0,0
BRDA:668,122,0,0
BRDA:681,123,0,0
BRDA:685,124,0,0
BRDA:685,125,0,0
BRDA:685,125,1,0
BRDA:695,126,0,0
BRDA:696,127,0,0
BRDA:703,128,0,0
BRDA:707,129,0,0
BRDA:707,130,0,0
BRDA:707,130,1,0
BRDA:718,131,0,0
BRDA:727,132,0,0
BRDA:727,132,1,0
BRDA:736,133,0,0
BRDA:736,133,1,0
BRDA:737,134,0,0
BRDA:737,134,1,0
BRDA:738,135,0,0
BRDA:738,135,1,0
BRDA:739,136,0,0
BRDA:739,136,1,0
BRDA:740,137,0,0
BRDA:740,137,1,0
BRDA:741,138,0,0
BRDA:741,138,1,0
BRDA:742,139,0,0
BRDA:742,139,1,0
BRDA:743,140,0,0
BRDA:743,140,1,0
BRDA:744,141,0,0
BRDA:744,141,1,0
BRDA:745,142,0,0
BRDA:745,142,1,0
BRDA:746,143,0,0
BRDA:746,143,1,0
BRDA:747,144,0,0
BRDA:747,144,1,0
BRDA:748,145,0,0
BRDA:748,145,1,0
BRDA:748,145,2,0
BRDA:749,146,0,0
BRDA:749,146,1,0
BRDA:750,147,0,0
BRDA:750,147,1,0
BRDA:751,148,0,0
BRDA:751,148,1,0
BRDA:752,149,0,0
BRDA:752,149,1,0
BRDA:753,150,0,0
BRDA:753,150,1,0
BRDA:754,151,0,0
BRDA:754,151,1,0
BRDA:755,152,0,0
BRDA:755,152,1,0
BRDA:756,153,0,0
BRDA:756,153,1,0
BRDA:757,154,0,0
BRDA:757,154,1,0
BRDA:757,154,2,0
BRDA:758,155,0,0
BRDA:758,155,1,0
BRDA:758,155,2,0
BRDA:759,156,0,0
BRDA:759,156,1,0
BRDA:768,157,0,0
BRDA:773,158,0,0
BRDA:777,159,0,0
BRDA:777,160,0,0
BRDA:777,160,1,0
BRDA:788,161,0,0
BRDA:796,162,0,0
BRDA:803,163,0,0
BRDA:804,164,0,0
BRDA:804,164,1,0
BRDA:808,165,0,0
BRDA:816,166,0,0
BRDA:821,167,0,0
BRDA:830,168,0,0
BRDA:835,169,0,0
BRDA:842,170,0,0
BRDA:846,171,0,0
BRDA:854,172,0,0
BRDA:855,173,0,0
BRDA:855,173,1,0
BRDA:882,174,0,0
BRDA:892,175,0,0
BRDA:902,176,0,0
BRDA:902,176,1,0
BRDA:912,177,0,0
BRDA:912,177,1,0
BRDA:912,178,0,0
BRDA:912,178,1,0
BRDA:913,179,0,0
BRDA:913,179,1,0
BRDA:913,180,0,0
BRDA:913,180,1,0
BRDA:931,181,0,0
BRDA:933,182,0,0
BRDA:933,182,1,0
BRDA:936,183,0,0
BRDA:936,183,1,0
BRDA:954,184,0,0
BRDA:962,185,0,0
BRDA:979,186,0,0
BRDA:988,187,0,0
BRDA:989,188,0,0
BRDA:989,188,1,0
BRDA:996,189,0,0
BRDA:1005,190,0,0
BRDA:1008,191,0,0
BRDA:1008,191,1,0
BRDA:1015,192,0,0
BRDA:1029,193,0,0
BRDA:1032,194,0,0
BRDA:1050,195,0,0
BRDA:1051,196,0,0
BRDA:1051,196,1,0
BRDA:1061,197,0,0
BRDA:1061,197,1,0
BRDA:1077,198,0,0
BRDA:1085,199,0,0
BRDA:1086,200,0,0
BRDA:1096,201,0,0
BRDA:1103,202,0,0
BRDA:1104,203,0,0
BRDA:1104,203,1,0
BRDA:1108,204,0,0
BRDA:1116,205,0,0
BRDA:1121,206,0,0
BRDA:1130,207,0,0
BRDA:1135,208,0,0
BRDA:1142,209,0,0
BRDA:1151,210,0,0
BRDA:1162,211,0,0
BRDA:1163,212,0,0
BRDA:1173,213,0,0
BRDA:1182,214,0,0
BRDA:1184,215,0,0
BRDA:1184,215,1,0
BRDA:1186,216,0,0
BRDA:1186,216,1,0
BRDA:1187,217,0,0
BRDA:1187,217,1,0
BRDA:1187,218,0,0
BRDA:1187,218,1,0
BRDA:1195,219,0,0
BRDA:1203,220,0,0
BRDA:1204,221,0,0
BRDA:1218,222,0,0
BRDA:1229,223,0,0
BRDA:1229,224,0,0
BRDA:1240,225,0,0
BRDA:1243,226,0,0
BRDA:1243,226,1,0
BRDA:1250,227,0,0
BRDA:1253,228,0,0
BRDA:1253,228,1,0
BRDA:1273,229,0,0
BRDA:1281,230,0,0
BRDA:1281,230,1,0
BRDA:1283,231,0,0
BRDA:1283,231,1,0
BRDA:1284,232,0,0
BRDA:1286,233,0,0
BRDA:1286,233,1,0
BRDA:1289,234,0,0
BRDA:1303,235,0,0
BRDA:1303,235,1,0
BRDA:1308,236,0,0
BRDA:1308,236,1,0
BRDA:1318,237,0,0
BRDA:1318,237,1,0
BRDA:1338,238,0,0
BRDA:1349,239,0,0
BRDA:1349,240,0,0
BRDA:1349,241,0,0
BRDA:1352,242,0,0
BRDA:1352,242,1,0
BRDA:1376,243,0,0
BRDA:1388,244,0,0
BRDA:1400,245,0,0
BRDA:1409,246,0,0
BRDA:1412,247,0,0
BRDA:1417,248,0,0
BRDA:1424,249,0,0
BRDA:1429,250,0,0
BRDA:1436,251,0,0
BRDA:1441,252,0,0
BRDA:1444,253,0,0
BRDA:1448,254,0,0
BRF:354
BRH:0
end_of_record
TN:
SF:services\exportService.ts
FN:10,(anonymous_0)
FN:11,(anonymous_1)
FN:13,(anonymous_2)
FN:17,(anonymous_3)
FN:18,(anonymous_4)
FN:19,(anonymous_5)
FN:23,(anonymous_6)
FN:29,(anonymous_7)
FN:31,(anonymous_8)
FN:32,(anonymous_9)
FN:33,(anonymous_10)
FN:34,(anonymous_11)
FN:38,(anonymous_12)
FN:41,(anonymous_13)
FN:42,(anonymous_14)
FN:50,(anonymous_15)
FN:51,(anonymous_16)
FN:59,(anonymous_17)
FN:64,(anonymous_18)
FN:72,(anonymous_19)
FN:76,(anonymous_20)
FN:77,(anonymous_21)
FN:85,(anonymous_22)
FN:90,(anonymous_23)
FN:96,(anonymous_24)
FN:105,(anonymous_25)
FN:106,(anonymous_26)
FN:107,(anonymous_27)
FN:108,(anonymous_28)
FN:109,(anonymous_29)
FN:110,(anonymous_30)
FN:121,(anonymous_31)
FNF:32
FNH:0
FNDA:0,(anonymous_0)
FNDA:0,(anonymous_1)
FNDA:0,(anonymous_2)
FNDA:0,(anonymous_3)
FNDA:0,(anonymous_4)
FNDA:0,(anonymous_5)
FNDA:0,(anonymous_6)
FNDA:0,(anonymous_7)
FNDA:0,(anonymous_8)
FNDA:0,(anonymous_9)
FNDA:0,(anonymous_10)
FNDA:0,(anonymous_11)
FNDA:0,(anonymous_12)
FNDA:0,(anonymous_13)
FNDA:0,(anonymous_14)
FNDA:0,(anonymous_15)
FNDA:0,(anonymous_16)
FNDA:0,(anonymous_17)
FNDA:0,(anonymous_18)
FNDA:0,(anonymous_19)
FNDA:0,(anonymous_20)
FNDA:0,(anonymous_21)
FNDA:0,(anonymous_22)
FNDA:0,(anonymous_23)
FNDA:0,(anonymous_24)
FNDA:0,(anonymous_25)
FNDA:0,(anonymous_26)
FNDA:0,(anonymous_27)
FNDA:0,(anonymous_28)
FNDA:0,(anonymous_29)
FNDA:0,(anonymous_30)
FNDA:0,(anonymous_31)
DA:2,0
DA:7,0
DA:8,0
DA:10,0
DA:11,0
DA:12,0
DA:13,0
DA:14,0
DA:17,0
DA:18,0
DA:19,0
DA:20,0
DA:23,0
DA:29,0
DA:30,0
DA:31,0
DA:32,0
DA:33,0
DA:34,0
DA:38,0
DA:39,0
DA:41,0
DA:42,0
DA:43,0
DA:44,0
DA:45,0
DA:46,0
DA:50,0
DA:51,0
DA:52,0
DA:53,0
DA:54,0
DA:55,0
DA:59,0
DA:64,0
DA:66,0
DA:72,0
DA:73,0
DA:74,0
DA:76,0
DA:77,0
DA:78,0
DA:84,0
DA:85,0
DA:86,0
DA:87,0
DA:90,0
DA:91,0
DA:92,0
DA:96,0
DA:98,0
DA:105,0
DA:106,0
DA:107,0
DA:108,0
DA:109,0
DA:110,0
DA:112,0
DA:121,0
DA:126,0
DA:127,0
DA:128,0
DA:129,0
DA:130,0
DA:132,0
DA:134,0
LF:66
LH:0
BRDA:12,0,0,0
BRDA:23,1,0,0
BRDA:23,1,1,0
BRDA:43,2,0,0
BRDA:52,3,0,0
BRDA:76,4,0,0
BRDA:76,4,1,0
BRDA:76,4,2,0
BRDA:78,5,0,0
BRDA:78,5,1,0
BRDA:78,5,2,0
BRDA:78,5,3,0
BRDA:86,6,0,0
BRDA:86,7,0,0
BRDA:86,7,1,0
BRDA:86,7,2,0
BRDA:86,7,3,0
BRDA:91,8,0,0
BRDA:116,9,0,0
BRDA:116,9,1,0
BRF:20
BRH:0
end_of_record
TN:
SF:services\geminiService.ts
FN:17,(anonymous_0)
FN:18,(anonymous_1)
FN:28,(anonymous_2)
FN:72,(anonymous_3)
FNF:4
FNH:4
FNDA:6,(anonymous_0)
FNDA:6,(anonymous_1)
FNDA:6,(anonymous_2)
FNDA:9,(anonymous_3)
DA:1,1
DA:5,1
DA:8,1
DA:10,1
DA:11,0
DA:17,1
DA:18,6
DA:28,6
DA:38,6
DA:69,6
DA:72,1
DA:77,9
DA:84,9
DA:85,6
DA:86,0
DA:87,0
DA:88,0
DA:91,6
DA:92,6
DA:93,1
DA:94,1
DA:95,1
DA:98,5
DA:100,5
DA:101,5
DA:109,4
DA:110,0
DA:111,0
DA:114,4
DA:115,4
DA:116,4
DA:117,4
DA:118,1
DA:121,4
DA:124,3
DA:125,1
DA:126,1
DA:128,2
DA:131,3
DA:132,3
DA:133,3
DA:135,3
DA:136,2
DA:137,2
DA:138,2
DA:139,2
DA:141,2
DA:142,1
DA:143,1
DA:144,1
DA:145,1
DA:146,1
DA:148,1
DA:151,0
DA:152,0
LF:55
LH:47
BRDA:8,0,0,1
BRDA:8,0,1,0
BRDA:10,1,0,0
BRDA:10,2,0,1
BRDA:10,2,1,0
BRDA:84,3,0,6
BRDA:84,3,1,3
BRDA:85,4,0,0
BRDA:92,5,0,1
BRDA:109,6,0,0
BRDA:117,7,0,1
BRDA:117,8,0,4
BRDA:117,8,1,1
BRDA:124,9,0,1
BRDA:124,10,0,3
BRDA:124,10,1,2
BRDA:124,10,2,2
BRDA:124,10,3,2
BRDA:135,11,0,2
BRDA:135,11,1,1
BRDA:138,12,0,2
BRDA:142,13,0,1
BRDA:145,14,0,1
BRF:23
BRH:18
end_of_record
TN:
SF:src\App.tsx
FN:7,(anonymous_1)
FN:25,(anonymous_2)
FNF:2
FNH:0
FNDA:0,(anonymous_1)
FNDA:0,(anonymous_2)
DA:1,0
DA:2,0
DA:3,0
DA:4,0
DA:5,0
DA:7,0
DA:8,0
DA:10,0
DA:11,0
DA:18,0
DA:19,0
DA:22,0
DA:25,0
DA:26,0
DA:33,0
LF:15
LH:0
BRDA:10,0,0,0
BRDA:18,1,0,0
BRF:2
BRH:0
end_of_record
TN:
SF:src\components\AccessibleButton.tsx
FN:18,(anonymous_10)
FNF:1
FNH:0
FNDA:0,(anonymous_10)
DA:1,0
DA:2,0
DA:18,0
DA:32,0
DA:41,0
DA:48,0
DA:81,0
DA:88,0
DA:89,0
DA:91,0
DA:135,0
DA:137,0
LF:12
LH:0
BRDA:19,0,0,0
BRDA:20,1,0,0
BRDA:21,2,0,0
BRDA:24,3,0,0
BRDA:25,4,0,0
BRDA:27,5,0,0
BRDA:37,6,0,0
BRDA:37,6,1,0
BRDA:88,7,0,0
BRDA:88,7,1,0
BRDA:89,8,0,0
BRDA:89,8,1,0
BRDA:89,9,0,0
BRDA:89,9,1,0
BRDA:96,10,0,0
BRDA:96,10,1,0
BRDA:100,11,0,0
BRDA:100,11,1,0
BRDA:102,12,0,0
BRDA:102,12,1,0
BRDA:102,13,0,0
BRDA:102,13,1,0
BRDA:107,14,0,0
BRDA:107,14,1,0
BRDA:107,14,2,0
BRDA:107,14,3,0
BRDA:119,15,0,0
BRDA:119,15,1,0
BRDA:119,15,2,0
BRDA:119,15,3,0
BRDA:126,16,0,0
BRDA:126,16,1,0
BRDA:128,17,0,0
BRDA:128,17,1,0
BRF:34
BRH:0
end_of_record
TN:
SF:src\components\Dashboard.tsx
FN:10,(anonymous_10)
FN:24,(anonymous_11)
FN:29,(anonymous_12)
FN:34,(anonymous_13)
FN:39,(anonymous_14)
FN:49,(anonymous_15)
FN:63,(anonymous_16)
FN:64,(anonymous_17)
FN:66,(anonymous_18)
FN:67,(anonymous_19)
FN:70,(anonymous_20)
FN:91,(anonymous_21)
FN:92,(anonymous_22)
FN:124,(anonymous_23)
FN:131,(anonymous_24)
FN:138,(anonymous_25)
FN:145,(anonymous_26)
FNF:17
FNH:0
FNDA:0,(anonymous_10)
FNDA:0,(anonymous_11)
FNDA:0,(anonymous_12)
FNDA:0,(anonymous_13)
FNDA:0,(anonymous_14)
FNDA:0,(anonymous_15)
FNDA:0,(anonymous_16)
FNDA:0,(anonymous_17)
FNDA:0,(anonymous_18)
FNDA:0,(anonymous_19)
FNDA:0,(anonymous_20)
FNDA:0,(anonymous_21)
FNDA:0,(anonymous_22)
FNDA:0,(anonymous_23)
FNDA:0,(anonymous_24)
FNDA:0,(anonymous_25)
FNDA:0,(anonymous_26)
DA:1,0
DA:2,0
DA:3,0
DA:5,0
DA:6,0
DA:7,0
DA:10,0
DA:11,0
DA:12,0
DA:13,0
DA:14,0
DA:15,0
DA:16,0
DA:17,0
DA:18,0
DA:19,0
DA:20,0
DA:24,0
DA:25,0
DA:29,0
DA:30,0
DA:34,0
DA:35,0
DA:39,0
DA:40,0
DA:49,0
DA:50,0
DA:51,0
DA:53,0
DA:54,0
DA:55,0
DA:58,0
DA:59,0
DA:60,0
DA:61,0
DA:63,0
DA:64,0
DA:65,0
DA:66,0
DA:67,0
DA:70,0
DA:71,0
DA:72,0
DA:73,0
DA:76,0
DA:77,0
DA:78,0
DA:79,0
DA:80,0
DA:81,0
DA:82,0
DA:84,0
DA:85,0
DA:87,0
DA:91,0
DA:92,0
DA:93,0
DA:94,0
DA:95,0
DA:96,0
DA:101,0
DA:105,0
DA:106,0
DA:110,0
DA:124,0
DA:131,0
DA:138,0
DA:145,0
DA:190,0
LF:69
LH:0
BRDA:66,0,0,0
BRDA:66,0,1,0
BRDA:67,1,0,0
BRDA:67,1,1,0
BRDA:71,2,0,0
BRDA:85,3,0,0
BRDA:85,3,1,0
BRDA:94,4,0,0
BRDA:96,5,0,0
BRDA:105,6,0,0
BRDA:124,7,0,0
BRDA:124,7,1,0
BRDA:131,8,0,0
BRDA:131,8,1,0
BRDA:138,9,0,0
BRDA:138,9,1,0
BRDA:145,10,0,0
BRDA:145,10,1,0
BRDA:158,11,0,0
BRDA:158,11,1,0
BRDA:162,12,0,0
BRDA:162,12,1,0
BRDA:176,13,0,0
BRDA:176,13,1,0
BRDA:177,14,0,0
BRDA:177,14,1,0
BRDA:177,14,2,0
BRDA:177,14,3,0
BRDA:182,15,0,0
BRDA:182,15,1,0
BRDA:182,15,2,0
BRF:31
BRH:0
end_of_record
TN:
SF:src\components\ErrorBoundary.tsx
FN:17,(anonymous_0)
FN:22,(anonymous_1)
FN:26,(anonymous_2)
FN:48,(anonymous_3)
FN:97,(anonymous_4)
FNF:5
FNH:0
FNDA:0,(anonymous_0)
FNDA:0,(anonymous_1)
FNDA:0,(anonymous_2)
FNDA:0,(anonymous_3)
FNDA:0,(anonymous_4)
DA:1,0
DA:3,0
DA:18,0
DA:19,0
DA:23,0
DA:27,0
DA:30,0
DA:32,0
DA:45,0
DA:49,0
DA:50,0
DA:97,0
DA:106,0
DA:110,0
LF:14
LH:0
BRDA:49,0,0,0
BRDA:64,1,0,0
BRDA:64,1,1,0
BRDA:70,2,0,0
BRDA:70,2,1,0
BRDA:80,3,0,0
BRDA:80,3,1,0
BRDA:86,4,0,0
BRDA:86,4,1,0
BRDA:86,4,2,0
BRF:10
BRH:0
end_of_record
TN:
SF:src\components\FeedbackToast.tsx
FN:9,(anonymous_9)
FN:10,(anonymous_10)
FN:11,(anonymous_11)
FN:15,(anonymous_12)
FNF:4
FNH:0
FNDA:0,(anonymous_9)
FNDA:0,(anonymous_10)
FNDA:0,(anonymous_11)
FNDA:0,(anonymous_12)
DA:1,0
DA:9,0
DA:10,0
DA:11,0
DA:12,0
DA:15,0
DA:18,0
DA:19,0
DA:23,0
DA:39,0
LF:10
LH:0
BRDA:19,0,0,0
BRDA:19,0,1,0
BRF:2
BRH:0
end_of_record
TN:
SF:src\components\GlobalSearch.tsx
FN:26,(anonymous_9)
FN:35,(anonymous_10)
FN:38,(anonymous_11)
FN:42,(anonymous_12)
FN:47,(anonymous_13)
FN:50,(anonymous_14)
FN:51,(anonymous_15)
FN:73,(anonymous_16)
FN:77,(anonymous_17)
FN:80,(anonymous_18)
FN:91,(anonymous_19)
FN:108,(anonymous_20)
FN:109,(anonymous_21)
FN:112,(anonymous_22)
FN:114,(anonymous_23)
FN:121,(anonymous_24)
FN:137,(anonymous_25)
FN:141,(anonymous_26)
FN:147,(anonymous_27)
FN:154,(anonymous_28)
FN:155,(anonymous_29)
FN:161,(anonymous_30)
FN:165,(anonymous_31)
FN:182,(anonymous_32)
FN:186,(anonymous_33)
FN:210,(anonymous_34)
FN:237,(anonymous_35)
FN:267,(anonymous_36)
FN:275,(anonymous_37)
FN:303,(anonymous_38)
FNF:30
FNH:0
FNDA:0,(anonymous_9)
FNDA:0,(anonymous_10)
FNDA:0,(anonymous_11)
FNDA:0,(anonymous_12)
FNDA:0,(anonymous_13)
FNDA:0,(anonymous_14)
FNDA:0,(anonymous_15)
FNDA:0,(anonymous_16)
FNDA:0,(anonymous_17)
FNDA:0,(anonymous_18)
FNDA:0,(anonymous_19)
FNDA:0,(anonymous_20)
FNDA:0,(anonymous_21)
FNDA:0,(anonymous_22)
FNDA:0,(anonymous_23)
FNDA:0,(anonymous_24)
FNDA:0,(anonymous_25)
FNDA:0,(anonymous_26)
FNDA:0,(anonymous_27)
FNDA:0,(anonymous_28)
FNDA:0,(anonymous_29)
FNDA:0,(anonymous_30)
FNDA:0,(anonymous_31)
FNDA:0,(anonymous_32)
FNDA:0,(anonymous_33)
FNDA:0,(anonymous_34)
FNDA:0,(anonymous_35)
FNDA:0,(anonymous_36)
FNDA:0,(anonymous_37)
FNDA:0,(anonymous_38)
DA:1,0
DA:3,0
DA:26,0
DA:27,0
DA:28,0
DA:29,0
DA:30,0
DA:31,0
DA:32,0
DA:35,0
DA:36,0
DA:38,0
DA:39,0
DA:42,0
DA:43,0
DA:47,0
DA:48,0
DA:49,0
DA:50,0
DA:51,0
DA:55,0
DA:57,0
DA:58,0
DA:73,0
DA:74,0
DA:77,0
DA:78,0
DA:79,0
DA:80,0
DA:84,0
DA:87,0
DA:88,0
DA:90,0
DA:91,0
DA:92,0
DA:107,0
DA:108,0
DA:109,0
DA:112,0
DA:113,0
DA:114,0
DA:115,0
DA:118,0
DA:120,0
DA:121,0
DA:122,0
DA:125,0
DA:136,0
DA:137,0
DA:141,0
DA:142,0
DA:143,0
DA:147,0
DA:148,0
DA:149,0
DA:154,0
DA:155,0
DA:156,0
DA:158,0
DA:160,0
DA:161,0
DA:162,0
DA:164,0
DA:165,0
DA:166,0
DA:168,0
DA:169,0
DA:170,0
DA:171,0
DA:173,0
DA:175,0
DA:176,0
DA:177,0
DA:181,0
DA:182,0
DA:186,0
DA:187,0
DA:189,0
DA:195,0
DA:201,0
DA:210,0
DA:211,0
DA:213,0
DA:215,0
DA:218,0
DA:222,0
DA:224,0
DA:237,0
DA:268,0
DA:276,0
DA:277,0
DA:304,0
DA:344,0
LF:93
LH:0
BRDA:36,0,0,0
BRDA:48,1,0,0
BRDA:49,2,0,0
BRDA:50,3,0,0
BRDA:51,4,0,0
BRDA:55,5,0,0
BRDA:57,6,0,0
BRDA:78,7,0,0
BRDA:79,8,0,0
BRDA:80,9,0,0
BRDA:84,10,0,0
BRDA:87,11,0,0
BRDA:87,12,0,0
BRDA:87,12,1,0
BRDA:88,13,0,0
BRDA:90,14,0,0
BRDA:97,15,0,0
BRDA:97,15,1,0
BRDA:115,16,0,0
BRDA:118,17,0,0
BRDA:120,18,0,0
BRDA:129,19,0,0
BRDA:129,19,1,0
BRDA:148,20,0,0
BRDA:148,21,0,0
BRDA:148,21,1,0
BRDA:156,22,0,0
BRDA:158,23,0,0
BRDA:158,23,1,0
BRDA:158,23,2,0
BRDA:158,23,3,0
BRDA:169,24,0,0
BRDA:187,25,0,0
BRDA:187,25,1,0
BRDA:187,25,2,0
BRDA:211,26,0,0
BRDA:211,26,1,0
BRDA:211,26,2,0
BRDA:215,27,0,0
BRDA:215,27,1,0
BRDA:216,28,0,0
BRDA:216,28,1,0
BRDA:222,29,0,0
BRDA:249,30,0,0
BRDA:249,30,1,0
BRDA:257,31,0,0
BRDA:257,31,1,0
BRDA:271,32,0,0
BRDA:271,32,1,0
BRDA:288,33,0,0
BRDA:288,33,1,0
BRDA:289,34,0,0
BRDA:289,34,1,0
BRDA:295,35,0,0
BRDA:295,35,1,0
BRDA:298,36,0,0
BRDA:298,36,1,0
BRDA:301,37,0,0
BRDA:301,37,1,0
BRDA:301,37,2,0
BRDA:308,38,0,0
BRDA:308,38,1,0
BRDA:314,39,0,0
BRDA:314,39,1,0
BRDA:335,40,0,0
BRDA:335,40,1,0
BRDA:335,41,0,0
BRDA:335,41,1,0
BRF:68
BRH:0
end_of_record
TN:
SF:src\components\LoadingSpinner.tsx
FN:3,(anonymous_1)
FNF:1
FNH:0
FNDA:0,(anonymous_1)
DA:1,0
DA:3,0
DA:4,0
DA:28,0
LF:4
LH:0
BRDA:3,0,0,0
BRF:1
BRH:0
end_of_record
TN:
SF:src\components\NotificationCenter.tsx
FN:21,(anonymous_9)
FN:29,(anonymous_10)
FN:37,(anonymous_11)
FN:86,(anonymous_12)
FN:120,(anonymous_13)
FN:139,(anonymous_14)
FN:158,(anonymous_15)
FN:164,(anonymous_16)
FN:165,(anonymous_17)
FN:175,(anonymous_18)
FN:181,(anonymous_19)
FN:193,(anonymous_20)
FN:194,(anonymous_21)
FN:195,(anonymous_22)
FN:202,(anonymous_23)
FN:203,(anonymous_24)
FN:204,(anonymous_25)
FN:209,(anonymous_26)
FN:252,(anonymous_27)
FN:266,(anonymous_28)
FN:289,(anonymous_29)
FN:292,(anonymous_30)
FN:335,(anonymous_31)
FN:343,(anonymous_32)
FNF:24
FNH:0
FNDA:0,(anonymous_9)
FNDA:0,(anonymous_10)
FNDA:0,(anonymous_11)
FNDA:0,(anonymous_12)
FNDA:0,(anonymous_13)
FNDA:0,(anonymous_14)
FNDA:0,(anonymous_15)
FNDA:0,(anonymous_16)
FNDA:0,(anonymous_17)
FNDA:0,(anonymous_18)
FNDA:0,(anonymous_19)
FNDA:0,(anonymous_20)
FNDA:0,(anonymous_21)
FNDA:0,(anonymous_22)
FNDA:0,(anonymous_23)
FNDA:0,(anonymous_24)
FNDA:0,(anonymous_25)
FNDA:0,(anonymous_26)
FNDA:0,(anonymous_27)
FNDA:0,(anonymous_28)
FNDA:0,(anonymous_29)
FNDA:0,(anonymous_30)
FNDA:0,(anonymous_31)
FNDA:0,(anonymous_32)
DA:1,0
DA:2,0
DA:21,0
DA:22,0
DA:23,0
DA:24,0
DA:25,0
DA:26,0
DA:29,0
DA:30,0
DA:31,0
DA:32,0
DA:33,0
DA:34,0
DA:37,0
DA:38,0
DA:39,0
DA:41,0
DA:43,0
DA:54,0
DA:56,0
DA:67,0
DA:69,0
DA:70,0
DA:86,0
DA:87,0
DA:88,0
DA:90,0
DA:91,0
DA:102,0
DA:103,0
DA:104,0
DA:120,0
DA:121,0
DA:122,0
DA:123,0
DA:126,0
DA:127,0
DA:139,0
DA:140,0
DA:145,0
DA:146,0
DA:158,0
DA:160,0
DA:164,0
DA:165,0
DA:166,0
DA:167,0
DA:171,0
DA:172,0
DA:175,0
DA:176,0
DA:181,0
DA:182,0
DA:184,0
DA:186,0
DA:188,0
DA:193,0
DA:194,0
DA:195,0
DA:196,0
DA:202,0
DA:203,0
DA:204,0
DA:209,0
DA:210,0
DA:212,0
DA:218,0
DA:224,0
DA:230,0
DA:236,0
DA:243,0
DA:252,0
DA:253,0
DA:254,0
DA:255,0
DA:256,0
DA:257,0
DA:259,0
DA:260,0
DA:261,0
DA:262,0
DA:263,0
DA:266,0
DA:268,0
DA:270,0
DA:290,0
DA:292,0
DA:336,0
DA:343,0
DA:386,0
LF:91
LH:0
BRDA:38,0,0,0
BRDA:38,1,0,0
BRDA:38,1,1,0
BRDA:41,2,0,0
BRDA:41,2,1,0
BRDA:54,3,0,0
BRDA:54,3,1,0
BRDA:54,4,0,0
BRDA:54,4,1,0
BRDA:67,5,0,0
BRDA:67,6,0,0
BRDA:67,6,1,0
BRDA:74,7,0,0
BRDA:74,7,1,0
BRDA:87,8,0,0
BRDA:87,9,0,0
BRDA:87,9,1,0
BRDA:90,10,0,0
BRDA:90,10,1,0
BRDA:102,11,0,0
BRDA:102,12,0,0
BRDA:102,12,1,0
BRDA:108,13,0,0
BRDA:108,13,1,0
BRDA:121,14,0,0
BRDA:121,15,0,0
BRDA:121,15,1,0
BRDA:123,16,0,0
BRDA:123,16,1,0
BRDA:126,17,0,0
BRDA:140,18,0,0
BRDA:140,18,1,0
BRDA:140,18,2,0
BRDA:145,19,0,0
BRDA:150,20,0,0
BRDA:150,20,1,0
BRDA:166,21,0,0
BRDA:166,22,0,0
BRDA:166,22,1,0
BRDA:171,23,0,0
BRDA:182,24,0,0
BRDA:182,24,1,0
BRDA:182,24,2,0
BRDA:196,25,0,0
BRDA:196,25,1,0
BRDA:210,26,0,0
BRDA:210,26,1,0
BRDA:210,26,2,0
BRDA:210,26,3,0
BRDA:210,26,4,0
BRDA:210,26,5,0
BRDA:210,26,6,0
BRDA:259,27,0,0
BRDA:260,28,0,0
BRDA:261,29,0,0
BRDA:262,30,0,0
BRDA:268,31,0,0
BRDA:294,32,0,0
BRDA:294,32,1,0
BRDA:299,33,0,0
BRDA:299,33,1,0
BRDA:300,34,0,0
BRDA:300,34,1,0
BRDA:300,34,2,0
BRDA:309,35,0,0
BRDA:309,35,1,0
BRDA:321,36,0,0
BRDA:321,36,1,0
BRDA:328,37,0,0
BRDA:328,37,1,0
BRDA:329,38,0,0
BRDA:329,38,1,0
BRDA:339,39,0,0
BRDA:339,39,1,0
BRDA:352,40,0,0
BRDA:352,40,1,0
BRDA:356,41,0,0
BRDA:356,41,1,0
BRDA:361,42,0,0
BRDA:361,42,1,0
BRDA:369,43,0,0
BRDA:369,43,1,0
BRF:82
BRH:0
end_of_record
TN:
SF:src\components\ResponsiveLayout.tsx
FN:30,(anonymous_9)
FN:39,(anonymous_10)
FN:40,(anonymous_11)
FN:58,(anonymous_12)
FN:64,(anonymous_13)
FN:74,(anonymous_14)
FN:76,(anonymous_15)
FN:84,(anonymous_16)
FN:89,(anonymous_17)
FN:90,(anonymous_18)
FN:97,(anonymous_19)
FN:134,(anonymous_20)
FN:152,(anonymous_21)
FN:159,(anonymous_22)
FN:197,(anonymous_23)
FN:227,(anonymous_24)
FN:258,(anonymous_25)
FNF:17
FNH:0
FNDA:0,(anonymous_9)
FNDA:0,(anonymous_10)
FNDA:0,(anonymous_11)
FNDA:0,(anonymous_12)
FNDA:0,(anonymous_13)
FNDA:0,(anonymous_14)
FNDA:0,(anonymous_15)
FNDA:0,(anonymous_16)
FNDA:0,(anonymous_17)
FNDA:0,(anonymous_18)
FNDA:0,(anonymous_19)
FNDA:0,(anonymous_20)
FNDA:0,(anonymous_21)
FNDA:0,(anonymous_22)
FNDA:0,(anonymous_23)
FNDA:0,(anonymous_24)
FNDA:0,(anonymous_25)
DA:1,0
DA:16,0
DA:30,0
DA:31,0
DA:39,0
DA:40,0
DA:41,0
DA:42,0
DA:44,0
DA:53,0
DA:56,0
DA:58,0
DA:61,0
DA:64,0
DA:70,0
DA:71,0
DA:74,0
DA:75,0
DA:76,0
DA:77,0
DA:78,0
DA:79,0
DA:83,0
DA:84,0
DA:89,0
DA:90,0
DA:91,0
DA:92,0
DA:96,0
DA:97,0
DA:101,0
DA:102,0
DA:126,0
DA:134,0
DA:152,0
DA:159,0
DA:197,0
DA:203,0
DA:212,0
DA:227,0
DA:233,0
DA:241,0
DA:258,0
DA:266,0
DA:268,0
DA:275,0
DA:304,0
DA:306,0
LF:48
LH:0
BRDA:32,0,0,0
BRDA:32,0,1,0
BRDA:33,1,0,0
BRDA:33,1,1,0
BRDA:34,2,0,0
BRDA:34,2,1,0
BRDA:35,3,0,0
BRDA:35,3,1,0
BRDA:35,4,0,0
BRDA:35,4,1,0
BRDA:36,5,0,0
BRDA:36,5,1,0
BRDA:48,6,0,0
BRDA:48,6,1,0
BRDA:75,7,0,0
BRDA:75,8,0,0
BRDA:75,8,1,0
BRDA:78,9,0,0
BRDA:78,10,0,0
BRDA:78,10,1,0
BRDA:91,11,0,0
BRDA:91,12,0,0
BRDA:91,12,1,0
BRDA:101,13,0,0
BRDA:101,14,0,0
BRDA:101,14,1,0
BRDA:104,15,0,0
BRDA:104,15,1,0
BRDA:110,16,0,0
BRDA:110,16,1,0
BRDA:128,17,0,0
BRDA:128,17,1,0
BRDA:132,18,0,0
BRDA:132,18,1,0
BRDA:149,19,0,0
BRDA:149,19,1,0
BRDA:149,19,2,0
BRDA:177,20,0,0
BRDA:177,20,1,0
BRDA:199,21,0,0
BRDA:200,22,0,0
BRDA:201,23,0,0
BRDA:205,24,0,0
BRDA:205,24,1,0
BRDA:206,25,0,0
BRDA:206,25,1,0
BRDA:207,26,0,0
BRDA:207,26,1,0
BRDA:229,27,0,0
BRDA:230,28,0,0
BRDA:231,29,0,0
BRDA:235,30,0,0
BRDA:235,30,1,0
BRDA:237,31,0,0
BRDA:237,31,1,0
BRDA:263,32,0,0
BRDA:270,33,0,0
BRDA:270,33,1,0
BRDA:271,34,0,0
BRDA:271,34,1,0
BRDA:277,35,0,0
BRDA:277,35,1,0
BRDA:277,35,2,0
BRDA:277,35,3,0
BRDA:278,36,0,0
BRDA:278,36,1,0
BRDA:280,37,0,0
BRDA:280,37,1,0
BRDA:281,38,0,0
BRDA:281,38,1,0
BRDA:285,39,0,0
BRDA:285,39,1,0
BRDA:286,40,0,0
BRDA:286,40,1,0
BRDA:291,41,0,0
BRDA:291,41,1,0
BRF:76
BRH:0
end_of_record
TN:
SF:src\components\StatCard.tsx
FN:11,(anonymous_1)
FN:47,(anonymous_2)
FNF:2
FNH:1
FNDA:5,(anonymous_1)
FNDA:0,(anonymous_2)
DA:1,1
DA:11,1
DA:12,5
DA:13,5
DA:18,5
DA:40,5
DA:41,0
DA:48,0
DA:49,0
DA:50,0
DA:60,5
DA:67,1
LF:12
LH:8
BRDA:11,0,0,4
BRDA:13,1,0,0
BRDA:13,1,1,5
BRDA:20,2,0,0
BRDA:20,2,1,5
BRDA:23,3,0,0
BRDA:23,3,1,5
BRDA:26,4,0,5
BRDA:26,4,1,0
BRDA:32,5,0,5
BRDA:32,5,1,3
BRDA:33,6,0,0
BRDA:33,6,1,3
BRDA:40,7,0,0
BRDA:48,8,0,0
BRDA:48,9,0,0
BRDA:48,9,1,0
BRF:17
BRH:8
end_of_record
TN:
SF:src\components\ai\AIDashboard.tsx
FN:7,(anonymous_9)
FN:13,(anonymous_10)
FN:19,(anonymous_11)
FN:25,(anonymous_12)
FN:31,(anonymous_13)
FN:43,(anonymous_14)
FN:49,(anonymous_15)
FN:55,(anonymous_16)
FN:61,(anonymous_17)
FN:73,(anonymous_18)
FN:79,(anonymous_19)
FN:113,(anonymous_20)
FN:126,(anonymous_21)
FN:140,(anonymous_22)
FN:156,(anonymous_23)
FN:168,(anonymous_24)
FN:186,(anonymous_25)
FN:203,(anonymous_26)
FN:223,(anonymous_27)
FN:232,(anonymous_28)
FN:252,(anonymous_29)
FN:277,(anonymous_30)
FN:347,(anonymous_31)
FN:440,(anonymous_32)
FN:460,(anonymous_33)
FN:492,(anonymous_34)
FN:581,(anonymous_35)
FN:584,(anonymous_36)
FNF:28
FNH:0
FNDA:0,(anonymous_9)
FNDA:0,(anonymous_10)
FNDA:0,(anonymous_11)
FNDA:0,(anonymous_12)
FNDA:0,(anonymous_13)
FNDA:0,(anonymous_14)
FNDA:0,(anonymous_15)
FNDA:0,(anonymous_16)
FNDA:0,(anonymous_17)
FNDA:0,(anonymous_18)
FNDA:0,(anonymous_19)
FNDA:0,(anonymous_20)
FNDA:0,(anonymous_21)
FNDA:0,(anonymous_22)
FNDA:0,(anonymous_23)
FNDA:0,(anonymous_24)
FNDA:0,(anonymous_25)
FNDA:0,(anonymous_26)
FNDA:0,(anonymous_27)
FNDA:0,(anonymous_28)
FNDA:0,(anonymous_29)
FNDA:0,(anonymous_30)
FNDA:0,(anonymous_31)
FNDA:0,(anonymous_32)
FNDA:0,(anonymous_33)
FNDA:0,(anonymous_34)
FNDA:0,(anonymous_35)
FNDA:0,(anonymous_36)
DA:1,0
DA:3,0
DA:4,0
DA:7,0
DA:8,0
DA:13,0
DA:14,0
DA:19,0
DA:20,0
DA:25,0
DA:26,0
DA:31,0
DA:32,0
DA:43,0
DA:44,0
DA:49,0
DA:50,0
DA:55,0
DA:56,0
DA:61,0
DA:62,0
DA:63,0
DA:64,0
DA:65,0
DA:66,0
DA:67,0
DA:68,0
DA:69,0
DA:70,0
DA:73,0
DA:74,0
DA:75,0
DA:79,0
DA:80,0
DA:81,0
DA:82,0
DA:85,0
DA:87,0
DA:89,0
DA:90,0
DA:93,0
DA:95,0
DA:96,0
DA:99,0
DA:100,0
DA:103,0
DA:104,0
DA:107,0
DA:109,0
DA:113,0
DA:114,0
DA:115,0
DA:116,0
DA:117,0
DA:118,0
DA:120,0
DA:122,0
DA:126,0
DA:127,0
DA:129,0
DA:130,0
DA:131,0
DA:132,0
DA:134,0
DA:136,0
DA:140,0
DA:141,0
DA:156,0
DA:157,0
DA:169,0
DA:187,0
DA:204,0
DA:223,0
DA:224,0
DA:232,0
DA:253,0
DA:278,0
DA:347,0
DA:348,0
DA:441,0
DA:460,0
DA:461,0
DA:493,0
DA:518,0
DA:519,0
DA:531,0
DA:582,0
DA:584,0
DA:609,0
LF:89
LH:0
BRDA:7,0,0,0
BRDA:13,1,0,0
BRDA:19,2,0,0
BRDA:25,3,0,0
BRDA:31,4,0,0
BRDA:43,5,0,0
BRDA:49,6,0,0
BRDA:55,7,0,0
BRDA:74,8,0,0
BRDA:80,9,0,0
BRDA:93,10,0,0
BRDA:93,11,0,0
BRDA:93,11,1,0
BRDA:127,12,0,0
BRDA:127,13,0,0
BRDA:127,13,1,0
BRDA:143,14,0,0
BRDA:143,14,1,0
BRDA:151,15,0,0
BRDA:151,15,1,0
BRDA:151,16,0,0
BRDA:151,16,1,0
BRDA:158,17,0,0
BRDA:158,17,1,0
BRDA:161,18,0,0
BRDA:161,18,1,0
BRDA:179,19,0,0
BRDA:179,19,1,0
BRDA:203,20,0,0
BRDA:203,20,1,0
BRDA:216,21,0,0
BRDA:216,21,1,0
BRDA:240,22,0,0
BRDA:240,22,1,0
BRDA:245,23,0,0
BRDA:245,23,1,0
BRDA:248,24,0,0
BRDA:248,24,1,0
BRDA:273,25,0,0
BRDA:273,25,1,0
BRDA:340,26,0,0
BRDA:340,26,1,0
BRDA:349,27,0,0
BRDA:349,27,1,0
BRDA:453,28,0,0
BRDA:453,28,1,0
BRDA:462,29,0,0
BRDA:462,29,1,0
BRDA:476,30,0,0
BRDA:476,30,1,0
BRDA:482,31,0,0
BRDA:482,31,1,0
BRDA:518,32,0,0
BRDA:546,33,0,0
BRDA:546,33,1,0
BRDA:551,34,0,0
BRDA:551,34,1,0
BRDA:560,35,0,0
BRDA:560,35,1,0
BRDA:564,36,0,0
BRDA:564,36,1,0
BRDA:586,37,0,0
BRDA:586,37,1,0
BRDA:600,38,0,0
BRDA:600,38,1,0
BRDA:601,39,0,0
BRDA:601,39,1,0
BRDA:602,40,0,0
BRDA:602,40,1,0
BRDA:603,41,0,0
BRDA:603,41,1,0
BRF:71
BRH:0
end_of_record
TN:
SF:src\components\analytics\AnalyticsDashboard.tsx
FN:9,(anonymous_10)
FN:15,(anonymous_11)
FN:21,(anonymous_12)
FN:27,(anonymous_13)
FN:38,(anonymous_14)
FN:46,(anonymous_15)
FN:47,(anonymous_16)
FN:181,(anonymous_17)
FN:184,(anonymous_18)
FN:198,(anonymous_19)
FN:245,(anonymous_20)
FN:262,(anonymous_21)
FNF:12
FNH:0
FNDA:0,(anonymous_10)
FNDA:0,(anonymous_11)
FNDA:0,(anonymous_12)
FNDA:0,(anonymous_13)
FNDA:0,(anonymous_14)
FNDA:0,(anonymous_15)
FNDA:0,(anonymous_16)
FNDA:0,(anonymous_17)
FNDA:0,(anonymous_18)
FNDA:0,(anonymous_19)
FNDA:0,(anonymous_20)
FNDA:0,(anonymous_21)
DA:1,0
DA:2,0
DA:3,0
DA:4,0
DA:5,0
DA:9,0
DA:10,0
DA:15,0
DA:16,0
DA:21,0
DA:22,0
DA:27,0
DA:28,0
DA:38,0
DA:39,0
DA:40,0
DA:42,0
DA:43,0
DA:44,0
DA:46,0
DA:47,0
DA:48,0
DA:49,0
DA:50,0
DA:51,0
DA:53,0
DA:55,0
DA:59,0
DA:62,0
DA:63,0
DA:70,0
DA:71,0
DA:78,0
DA:80,0
DA:182,0
DA:184,0
DA:199,0
DA:246,0
DA:263,0
DA:285,0
LF:40
LH:0
BRDA:38,0,0,0
BRDA:62,1,0,0
BRDA:70,2,0,0
BRDA:186,3,0,0
BRDA:186,3,1,0
BRDA:258,4,0,0
BRDA:258,4,1,0
BRDA:268,5,0,0
BRDA:268,5,1,0
BRDA:269,6,0,0
BRDA:269,6,1,0
BRDA:271,7,0,0
BRDA:271,7,1,0
BRDA:272,8,0,0
BRDA:272,8,1,0
BRF:15
BRH:0
end_of_record
TN:
SF:src\components\auth\AuthForm.tsx
FN:8,(anonymous_9)
FN:19,(anonymous_10)
FN:61,(anonymous_11)
FN:100,(anonymous_12)
FN:119,(anonymous_13)
FN:139,(anonymous_14)
FNF:6
FNH:0
FNDA:0,(anonymous_9)
FNDA:0,(anonymous_10)
FNDA:0,(anonymous_11)
FNDA:0,(anonymous_12)
FNDA:0,(anonymous_13)
FNDA:0,(anonymous_14)
DA:1,0
DA:2,0
DA:8,0
DA:9,0
DA:10,0
DA:11,0
DA:12,0
DA:13,0
DA:14,0
DA:15,0
DA:17,0
DA:19,0
DA:20,0
DA:21,0
DA:22,0
DA:23,0
DA:26,0
DA:27,0
DA:28,0
DA:29,0
DA:32,0
DA:33,0
DA:34,0
DA:35,0
DA:38,0
DA:39,0
DA:40,0
DA:41,0
DA:44,0
DA:45,0
DA:46,0
DA:47,0
DA:48,0
DA:50,0
DA:51,0
DA:54,0
DA:55,0
DA:57,0
DA:61,0
DA:62,0
DA:63,0
DA:64,0
DA:65,0
DA:66,0
DA:67,0
DA:70,0
DA:100,0
DA:119,0
DA:139,0
DA:230,0
LF:50
LH:0
BRDA:26,0,0,0
BRDA:26,1,0,0
BRDA:26,1,1,0
BRDA:32,2,0,0
BRDA:32,3,0,0
BRDA:32,3,1,0
BRDA:38,4,0,0
BRDA:45,5,0,0
BRDA:45,5,1,0
BRDA:55,6,0,0
BRDA:55,6,1,0
BRDA:80,7,0,0
BRDA:80,7,1,0
BRDA:103,8,0,0
BRDA:103,8,1,0
BRDA:116,9,0,0
BRDA:116,9,1,0
BRDA:122,10,0,0
BRDA:122,10,1,0
BRDA:127,11,0,0
BRDA:127,11,1,0
BRDA:142,12,0,0
BRDA:142,12,1,0
BRDA:149,13,0,0
BRDA:149,13,1,0
BRDA:169,14,0,0
BRDA:169,14,1,0
BRDA:192,15,0,0
BRDA:192,15,1,0
BRDA:194,16,0,0
BRDA:194,16,1,0
BRDA:196,17,0,0
BRDA:196,17,1,0
BRDA:196,18,0,0
BRDA:196,18,1,0
BRDA:202,19,0,0
BRDA:202,19,1,0
BRDA:205,20,0,0
BRDA:205,20,1,0
BRDA:215,21,0,0
BRDA:215,21,1,0
BRDA:216,22,0,0
BRDA:216,22,1,0
BRDA:218,23,0,0
BRDA:218,23,1,0
BRF:45
BRH:0
end_of_record
TN:
SF:src\components\calendar\CalendarPage.tsx
FN:11,(anonymous_10)
FN:22,(anonymous_11)
FN:34,(anonymous_12)
FN:38,(anonymous_13)
FN:42,(anonymous_14)
FN:56,(anonymous_15)
FN:65,(anonymous_16)
FN:70,(anonymous_17)
FN:74,(anonymous_18)
FN:87,(anonymous_19)
FN:88,(anonymous_20)
FN:90,(anonymous_21)
FN:91,(anonymous_22)
FN:93,(anonymous_23)
FN:99,(anonymous_24)
FN:102,(anonymous_25)
FN:106,(anonymous_26)
FN:110,(anonymous_27)
FN:115,(anonymous_28)
FN:134,(anonymous_29)
FN:144,(anonymous_30)
FN:155,(anonymous_31)
FN:165,(anonymous_32)
FN:189,(anonymous_33)
FN:209,(anonymous_34)
FN:213,(anonymous_35)
FN:216,(anonymous_36)
FN:228,(anonymous_37)
FN:238,(anonymous_38)
FN:267,(anonymous_39)
FN:276,(anonymous_40)
FN:278,(anonymous_41)
FN:279,(anonymous_42)
FN:289,(anonymous_43)
FN:298,(anonymous_44)
FNF:35
FNH:0
FNDA:0,(anonymous_10)
FNDA:0,(anonymous_11)
FNDA:0,(anonymous_12)
FNDA:0,(anonymous_13)
FNDA:0,(anonymous_14)
FNDA:0,(anonymous_15)
FNDA:0,(anonymous_16)
FNDA:0,(anonymous_17)
FNDA:0,(anonymous_18)
FNDA:0,(anonymous_19)
FNDA:0,(anonymous_20)
FNDA:0,(anonymous_21)
FNDA:0,(anonymous_22)
FNDA:0,(anonymous_23)
FNDA:0,(anonymous_24)
FNDA:0,(anonymous_25)
FNDA:0,(anonymous_26)
FNDA:0,(anonymous_27)
FNDA:0,(anonymous_28)
FNDA:0,(anonymous_29)
FNDA:0,(anonymous_30)
FNDA:0,(anonymous_31)
FNDA:0,(anonymous_32)
FNDA:0,(anonymous_33)
FNDA:0,(anonymous_34)
FNDA:0,(anonymous_35)
FNDA:0,(anonymous_36)
FNDA:0,(anonymous_37)
FNDA:0,(anonymous_38)
FNDA:0,(anonymous_39)
FNDA:0,(anonymous_40)
FNDA:0,(anonymous_41)
FNDA:0,(anonymous_42)
FNDA:0,(anonymous_43)
FNDA:0,(anonymous_44)
DA:1,0
DA:3,0
DA:4,0
DA:5,0
DA:6,0
DA:7,0
DA:8,0
DA:11,0
DA:12,0
DA:22,0
DA:23,0
DA:24,0
DA:25,0
DA:26,0
DA:27,0
DA:28,0
DA:29,0
DA:30,0
DA:32,0
DA:34,0
DA:35,0
DA:38,0
DA:39,0
DA:42,0
DA:43,0
DA:44,0
DA:45,0
DA:46,0
DA:47,0
DA:49,0
DA:50,0
DA:53,0
DA:54,0
DA:55,0
DA:56,0
DA:58,0
DA:65,0
DA:70,0
DA:75,0
DA:84,0
DA:87,0
DA:88,0
DA:90,0
DA:91,0
DA:93,0
DA:94,0
DA:95,0
DA:96,0
DA:99,0
DA:102,0
DA:103,0
DA:106,0
DA:107,0
DA:110,0
DA:111,0
DA:115,0
DA:116,0
DA:117,0
DA:118,0
DA:120,0
DA:124,0
DA:134,0
DA:144,0
DA:155,0
DA:165,0
DA:189,0
DA:210,0
DA:213,0
DA:217,0
DA:218,0
DA:219,0
DA:228,0
DA:238,0
DA:267,0
DA:276,0
DA:278,0
DA:280,0
DA:281,0
DA:290,0
DA:291,0
DA:298,0
DA:305,0
LF:82
LH:0
BRDA:55,0,0,0
BRDA:55,0,1,0
BRDA:56,1,0,0
BRDA:56,1,1,0
BRDA:62,2,0,0
BRDA:62,2,1,0
BRDA:63,3,0,0
BRDA:63,3,1,0
BRDA:63,4,0,0
BRDA:63,4,1,0
BRDA:67,5,0,0
BRDA:67,5,1,0
BRDA:70,6,0,0
BRDA:70,7,0,0
BRDA:70,7,1,0
BRDA:72,8,0,0
BRDA:72,8,1,0
BRDA:75,9,0,0
BRDA:75,9,1,0
BRDA:75,10,0,0
BRDA:75,10,1,0
BRDA:79,11,0,0
BRDA:79,11,1,0
BRDA:99,12,0,0
BRDA:99,12,1,0
BRDA:99,13,0,0
BRDA:99,13,1,0
BRDA:102,14,0,0
BRDA:102,14,1,0
BRDA:106,15,0,0
BRDA:106,15,1,0
BRDA:144,16,0,0
BRDA:144,16,1,0
BRDA:204,17,0,0
BRDA:204,17,1,0
BRDA:207,18,0,0
BRDA:207,18,1,0
BRDA:217,19,0,0
BRDA:217,20,0,0
BRDA:217,20,1,0
BRDA:239,21,0,0
BRDA:239,21,1,0
BRDA:240,22,0,0
BRDA:240,22,1,0
BRDA:241,23,0,0
BRDA:241,23,1,0
BRDA:264,24,0,0
BRDA:264,24,1,0
BRDA:274,25,0,0
BRDA:274,25,1,0
BRDA:276,26,0,0
BRDA:276,26,1,0
BRDA:276,27,0,0
BRDA:276,27,1,0
BRDA:277,28,0,0
BRDA:277,28,1,0
BRDA:286,29,0,0
BRDA:286,29,1,0
BRDA:296,30,0,0
BRDA:296,30,1,0
BRF:60
BRH:0
end_of_record
TN:
SF:src\components\calendar\FocusBlockManager.tsx
FN:69,(anonymous_9)
FN:84,(anonymous_10)
FN:88,(anonymous_11)
FN:123,(anonymous_12)
FN:130,(anonymous_13)
FN:174,(anonymous_14)
FN:182,(anonymous_15)
FN:197,(anonymous_16)
FN:206,(anonymous_17)
FN:207,(anonymous_18)
FN:207,(anonymous_19)
FN:210,(anonymous_20)
FN:221,(anonymous_21)
FN:223,(anonymous_22)
FN:226,(anonymous_23)
FN:232,(anonymous_24)
FN:232,(anonymous_25)
FN:249,(anonymous_26)
FN:249,(anonymous_27)
FN:272,(anonymous_28)
FN:282,(anonymous_29)
FN:298,(anonymous_30)
FN:319,(anonymous_31)
FN:347,(anonymous_32)
FN:347,(anonymous_33)
FN:360,(anonymous_34)
FN:360,(anonymous_35)
FN:371,(anonymous_36)
FN:371,(anonymous_37)
FN:388,(anonymous_38)
FN:388,(anonymous_39)
FN:403,(anonymous_40)
FN:403,(anonymous_41)
FN:416,(anonymous_42)
FN:434,(anonymous_43)
FN:439,(anonymous_44)
FN:461,(anonymous_45)
FN:479,(anonymous_46)
FN:480,(anonymous_47)
FN:482,(anonymous_48)
FN:509,(anonymous_49)
FN:510,(anonymous_50)
FN:561,(anonymous_51)
FN:564,(anonymous_52)
FNF:44
FNH:0
FNDA:0,(anonymous_9)
FNDA:0,(anonymous_10)
FNDA:0,(anonymous_11)
FNDA:0,(anonymous_12)
FNDA:0,(anonymous_13)
FNDA:0,(anonymous_14)
FNDA:0,(anonymous_15)
FNDA:0,(anonymous_16)
FNDA:0,(anonymous_17)
FNDA:0,(anonymous_18)
FNDA:0,(anonymous_19)
FNDA:0,(anonymous_20)
FNDA:0,(anonymous_21)
FNDA:0,(anonymous_22)
FNDA:0,(anonymous_23)
FNDA:0,(anonymous_24)
FNDA:0,(anonymous_25)
FNDA:0,(anonymous_26)
FNDA:0,(anonymous_27)
FNDA:0,(anonymous_28)
FNDA:0,(anonymous_29)
FNDA:0,(anonymous_30)
FNDA:0,(anonymous_31)
FNDA:0,(anonymous_32)
FNDA:0,(anonymous_33)
FNDA:0,(anonymous_34)
FNDA:0,(anonymous_35)
FNDA:0,(anonymous_36)
FNDA:0,(anonymous_37)
FNDA:0,(anonymous_38)
FNDA:0,(anonymous_39)
FNDA:0,(anonymous_40)
FNDA:0,(anonymous_41)
FNDA:0,(anonymous_42)
FNDA:0,(anonymous_43)
FNDA:0,(anonymous_44)
FNDA:0,(anonymous_45)
FNDA:0,(anonymous_46)
FNDA:0,(anonymous_47)
FNDA:0,(anonymous_48)
FNDA:0,(anonymous_49)
FNDA:0,(anonymous_50)
FNDA:0,(anonymous_51)
FNDA:0,(anonymous_52)
DA:1,0
DA:3,0
DA:34,0
DA:69,0
DA:70,0
DA:71,0
DA:73,0
DA:74,0
DA:75,0
DA:76,0
DA:81,0
DA:82,0
DA:84,0
DA:85,0
DA:88,0
DA:89,0
DA:90,0
DA:92,0
DA:93,0
DA:95,0
DA:96,0
DA:97,0
DA:99,0
DA:100,0
DA:115,0
DA:117,0
DA:119,0
DA:123,0
DA:124,0
DA:125,0
DA:126,0
DA:127,0
DA:130,0
DA:131,0
DA:133,0
DA:134,0
DA:136,0
DA:137,0
DA:138,0
DA:139,0
DA:141,0
DA:142,0
DA:146,0
DA:156,0
DA:166,0
DA:170,0
DA:174,0
DA:175,0
DA:176,0
DA:177,0
DA:178,0
DA:179,0
DA:182,0
DA:183,0
DA:185,0
DA:197,0
DA:198,0
DA:199,0
DA:206,0
DA:207,0
DA:210,0
DA:211,0
DA:212,0
DA:213,0
DA:214,0
DA:215,0
DA:216,0
DA:218,0
DA:221,0
DA:222,0
DA:223,0
DA:226,0
DA:227,0
DA:232,0
DA:233,0
DA:234,0
DA:235,0
DA:249,0
DA:250,0
DA:251,0
DA:252,0
DA:272,0
DA:283,0
DA:284,0
DA:286,0
DA:299,0
DA:319,0
DA:347,0
DA:360,0
DA:371,0
DA:388,0
DA:403,0
DA:416,0
DA:434,0
DA:435,0
DA:440,0
DA:462,0
DA:467,0
DA:479,0
DA:480,0
DA:481,0
DA:482,0
DA:485,0
DA:510,0
DA:511,0
DA:513,0
DA:535,0
DA:562,0
DA:564,0
DA:596,0
LF:110
LH:0
BRDA:99,0,0,0
BRDA:131,1,0,0
BRDA:141,2,0,0
BRDA:142,3,0,0
BRDA:142,3,1,0
BRDA:183,4,0,0
BRDA:183,5,0,0
BRDA:183,5,1,0
BRDA:183,5,2,0
BRDA:191,6,0,0
BRDA:191,6,1,0
BRDA:192,7,0,0
BRDA:192,7,1,0
BRDA:290,8,0,0
BRDA:290,8,1,0
BRDA:302,9,0,0
BRDA:302,9,1,0
BRDA:303,10,0,0
BRDA:303,10,1,0
BRDA:304,11,0,0
BRDA:304,11,1,0
BRDA:310,12,0,0
BRDA:310,12,1,0
BRDA:335,13,0,0
BRDA:335,13,1,0
BRDA:346,14,0,0
BRDA:346,14,1,0
BRDA:359,15,0,0
BRDA:359,15,1,0
BRDA:370,16,0,0
BRDA:370,16,1,0
BRDA:387,17,0,0
BRDA:387,17,1,0
BRDA:402,18,0,0
BRDA:402,18,1,0
BRDA:444,19,0,0
BRDA:444,19,1,0
BRDA:445,20,0,0
BRDA:445,20,1,0
BRDA:481,21,0,0
BRDA:481,21,1,0
BRDA:482,22,0,0
BRDA:482,22,1,0
BRDA:511,23,0,0
BRDA:511,23,1,0
BRDA:566,24,0,0
BRDA:566,24,1,0
BRDA:579,25,0,0
BRDA:579,25,1,0
BRDA:585,26,0,0
BRDA:585,26,1,0
BRDA:586,27,0,0
BRDA:586,27,1,0
BRDA:587,28,0,0
BRDA:587,28,1,0
BRF:55
BRH:0
end_of_record
TN:
SF:src\components\calendar\SimpleTaskEditModal.tsx
FN:11,(anonymous_9)
FN:23,(anonymous_10)
FN:32,(anonymous_11)
FN:49,(anonymous_12)
FN:58,(anonymous_13)
FN:71,(anonymous_14)
FNF:6
FNH:0
FNDA:0,(anonymous_9)
FNDA:0,(anonymous_10)
FNDA:0,(anonymous_11)
FNDA:0,(anonymous_12)
FNDA:0,(anonymous_13)
FNDA:0,(anonymous_14)
DA:1,0
DA:2,0
DA:11,0
DA:17,0
DA:18,0
DA:19,0
DA:21,0
DA:23,0
DA:24,0
DA:29,0
DA:32,0
DA:33,0
DA:34,0
DA:35,0
DA:38,0
DA:49,0
DA:58,0
DA:71,0
DA:111,0
LF:19
LH:0
BRDA:21,0,0,0
BRDA:33,1,0,0
BRDA:33,1,1,0
BRDA:86,2,0,0
BRDA:86,2,1,0
BRDA:91,3,0,0
BRDA:91,3,1,0
BRF:7
BRH:0
end_of_record
TN:
SF:src\components\calendar\TaskScheduler.tsx
FN:30,(anonymous_9)
FN:47,(anonymous_10)
FN:52,(anonymous_11)
FN:61,(anonymous_12)
FN:74,(anonymous_13)
FN:102,(anonymous_14)
FN:149,(anonymous_15)
FN:159,(anonymous_16)
FN:164,(anonymous_17)
FN:170,(anonymous_18)
FN:207,(anonymous_19)
FN:211,(anonymous_20)
FN:212,(anonymous_21)
FN:230,(anonymous_22)
FN:231,(anonymous_23)
FN:261,(anonymous_24)
FN:304,(anonymous_25)
FN:314,(anonymous_26)
FN:327,(anonymous_27)
FN:338,(anonymous_28)
FN:367,(anonymous_29)
FN:410,(anonymous_30)
FN:450,(anonymous_31)
FN:489,(anonymous_32)
FNF:24
FNH:0
FNDA:0,(anonymous_9)
FNDA:0,(anonymous_10)
FNDA:0,(anonymous_11)
FNDA:0,(anonymous_12)
FNDA:0,(anonymous_13)
FNDA:0,(anonymous_14)
FNDA:0,(anonymous_15)
FNDA:0,(anonymous_16)
FNDA:0,(anonymous_17)
FNDA:0,(anonymous_18)
FNDA:0,(anonymous_19)
FNDA:0,(anonymous_20)
FNDA:0,(anonymous_21)
FNDA:0,(anonymous_22)
FNDA:0,(anonymous_23)
FNDA:0,(anonymous_24)
FNDA:0,(anonymous_25)
FNDA:0,(anonymous_26)
FNDA:0,(anonymous_27)
FNDA:0,(anonymous_28)
FNDA:0,(anonymous_29)
FNDA:0,(anonymous_30)
FNDA:0,(anonymous_31)
FNDA:0,(anonymous_32)
DA:1,0
DA:4,0
DA:5,0
DA:30,0
DA:36,0
DA:37,0
DA:39,0
DA:40,0
DA:41,0
DA:42,0
DA:43,0
DA:44,0
DA:45,0
DA:47,0
DA:48,0
DA:49,0
DA:52,0
DA:53,0
DA:54,0
DA:57,0
DA:60,0
DA:61,0
DA:62,0
DA:66,0
DA:68,0
DA:70,0
DA:74,0
DA:75,0
DA:77,0
DA:78,0
DA:79,0
DA:81,0
DA:83,0
DA:84,0
DA:88,0
DA:91,0
DA:92,0
DA:94,0
DA:96,0
DA:99,0
DA:102,0
DA:103,0
DA:104,0
DA:105,0
DA:106,0
DA:108,0
DA:109,0
DA:111,0
DA:113,0
DA:114,0
DA:116,0
DA:117,0
DA:118,0
DA:119,0
DA:120,0
DA:123,0
DA:124,0
DA:132,0
DA:135,0
DA:136,0
DA:137,0
DA:144,0
DA:149,0
DA:150,0
DA:159,0
DA:160,0
DA:161,0
DA:164,0
DA:165,0
DA:166,0
DA:167,0
DA:170,0
DA:171,0
DA:174,0
DA:175,0
DA:176,0
DA:179,0
DA:182,0
DA:183,0
DA:184,0
DA:185,0
DA:188,0
DA:189,0
DA:190,0
DA:191,0
DA:192,0
DA:196,0
DA:197,0
DA:198,0
DA:199,0
DA:200,0
DA:201,0
DA:204,0
DA:207,0
DA:208,0
DA:210,0
DA:211,0
DA:212,0
DA:214,0
DA:215,0
DA:216,0
DA:218,0
DA:221,0
DA:222,0
DA:224,0
DA:228,0
DA:229,0
DA:230,0
DA:231,0
DA:233,0
DA:234,0
DA:236,0
DA:246,0
DA:247,0
DA:248,0
DA:253,0
DA:254,0
DA:256,0
DA:257,0
DA:261,0
DA:262,0
DA:267,0
DA:269,0
DA:272,0
DA:304,0
DA:314,0
DA:327,0
DA:338,0
DA:368,0
DA:411,0
DA:451,0
DA:490,0
DA:491,0
DA:504,0
LF:134
LH:0
BRDA:62,0,0,0
BRDA:62,0,1,0
BRDA:62,0,2,0
BRDA:75,1,0,0
BRDA:79,2,0,0
BRDA:79,2,1,0
BRDA:81,3,0,0
BRDA:81,3,1,0
BRDA:83,4,0,0
BRDA:84,5,0,0
BRDA:84,5,1,0
BRDA:91,6,0,0
BRDA:92,7,0,0
BRDA:92,7,1,0
BRDA:94,8,0,0
BRDA:103,9,0,0
BRDA:103,9,1,0
BRDA:104,10,0,0
BRDA:104,10,1,0
BRDA:105,11,0,0
BRDA:105,11,1,0
BRDA:106,12,0,0
BRDA:106,12,1,0
BRDA:116,13,0,0
BRDA:116,13,1,0
BRDA:116,14,0,0
BRDA:116,14,1,0
BRDA:117,15,0,0
BRDA:117,15,1,0
BRDA:117,16,0,0
BRDA:117,16,1,0
BRDA:118,17,0,0
BRDA:118,17,1,0
BRDA:118,18,0,0
BRDA:118,18,1,0
BRDA:119,19,0,0
BRDA:119,19,1,0
BRDA:119,20,0,0
BRDA:119,20,1,0
BRDA:135,21,0,0
BRDA:174,22,0,0
BRDA:174,22,1,0
BRDA:175,23,0,0
BRDA:175,23,1,0
BRDA:176,24,0,0
BRDA:177,25,0,0
BRDA:177,25,1,0
BRDA:177,25,2,0
BRDA:177,25,3,0
BRDA:182,26,0,0
BRDA:182,26,1,0
BRDA:183,27,0,0
BRDA:183,27,1,0
BRDA:183,28,0,0
BRDA:183,28,1,0
BRDA:184,29,0,0
BRDA:184,29,1,0
BRDA:184,30,0,0
BRDA:184,30,1,0
BRDA:185,31,0,0
BRDA:188,32,0,0
BRDA:188,32,1,0
BRDA:188,32,2,0
BRDA:188,32,3,0
BRDA:196,33,0,0
BRDA:199,34,0,0
BRDA:199,34,1,0
BRDA:200,35,0,0
BRDA:200,35,1,0
BRDA:201,36,0,0
BRDA:218,37,0,0
BRDA:221,38,0,0
BRDA:221,39,0,0
BRDA:221,39,1,0
BRDA:233,40,0,0
BRDA:233,41,0,0
BRDA:233,41,1,0
BRDA:240,42,0,0
BRDA:240,42,1,0
BRDA:247,43,0,0
BRDA:256,44,0,0
BRDA:262,45,0,0
BRDA:262,45,1,0
BRDA:262,45,2,0
BRDA:262,45,3,0
BRDA:262,45,4,0
BRDA:262,45,5,0
BRDA:267,46,0,0
BRDA:267,46,1,0
BRDA:269,47,0,0
BRDA:269,47,1,0
BRDA:306,48,0,0
BRDA:306,48,1,0
BRDA:316,49,0,0
BRDA:316,49,1,0
BRDA:354,50,0,0
BRDA:354,50,1,0
BRDA:376,51,0,0
BRDA:376,51,1,0
BRDA:377,52,0,0
BRDA:377,52,1,0
BRDA:378,53,0,0
BRDA:378,53,1,0
BRDA:387,54,0,0
BRDA:387,54,1,0
BRDA:390,55,0,0
BRDA:390,55,1,0
BRDA:393,56,0,0
BRDA:393,56,1,0
BRDA:414,57,0,0
BRDA:414,57,1,0
BRDA:423,58,0,0
BRDA:423,58,1,0
BRDA:424,59,0,0
BRDA:424,59,1,0
BRDA:425,60,0,0
BRDA:425,60,1,0
BRDA:431,61,0,0
BRDA:431,61,1,0
BRDA:432,62,0,0
BRDA:432,62,1,0
BRDA:490,63,0,0
BRDA:491,64,0,0
BRF:123
BRH:0
end_of_record
TN:
SF:src\components\calendar\WorkingHoursManager.tsx
FN:10,(anonymous_9)
FN:42,(anonymous_10)
FN:46,(anonymous_11)
FN:47,(anonymous_12)
FN:100,(anonymous_13)
FN:110,(anonymous_14)
FN:115,(anonymous_15)
FN:121,(anonymous_16)
FN:138,(anonymous_17)
FN:138,(anonymous_18)
FN:153,(anonymous_19)
FN:153,(anonymous_20)
FN:174,(anonymous_21)
FN:174,(anonymous_22)
FN:187,(anonymous_23)
FN:204,(anonymous_24)
FN:204,(anonymous_25)
FN:219,(anonymous_26)
FN:219,(anonymous_27)
FN:230,(anonymous_28)
FN:235,(anonymous_29)
FN:247,(anonymous_30)
FN:260,(anonymous_31)
FN:260,(anonymous_32)
FN:273,(anonymous_33)
FN:273,(anonymous_34)
FN:286,(anonymous_35)
FN:286,(anonymous_36)
FN:304,(anonymous_37)
FN:304,(anonymous_38)
FN:317,(anonymous_39)
FN:317,(anonymous_40)
FN:330,(anonymous_41)
FN:345,(anonymous_42)
FN:345,(anonymous_43)
FN:365,(anonymous_44)
FN:365,(anonymous_45)
FN:394,(anonymous_46)
FN:398,(anonymous_47)
FN:402,(anonymous_48)
FN:438,(anonymous_49)
FN:456,(anonymous_50)
FN:459,(anonymous_51)
FN:489,(anonymous_52)
FNF:44
FNH:0
FNDA:0,(anonymous_9)
FNDA:0,(anonymous_10)
FNDA:0,(anonymous_11)
FNDA:0,(anonymous_12)
FNDA:0,(anonymous_13)
FNDA:0,(anonymous_14)
FNDA:0,(anonymous_15)
FNDA:0,(anonymous_16)
FNDA:0,(anonymous_17)
FNDA:0,(anonymous_18)
FNDA:0,(anonymous_19)
FNDA:0,(anonymous_20)
FNDA:0,(anonymous_21)
FNDA:0,(anonymous_22)
FNDA:0,(anonymous_23)
FNDA:0,(anonymous_24)
FNDA:0,(anonymous_25)
FNDA:0,(anonymous_26)
FNDA:0,(anonymous_27)
FNDA:0,(anonymous_28)
FNDA:0,(anonymous_29)
FNDA:0,(anonymous_30)
FNDA:0,(anonymous_31)
FNDA:0,(anonymous_32)
FNDA:0,(anonymous_33)
FNDA:0,(anonymous_34)
FNDA:0,(anonymous_35)
FNDA:0,(anonymous_36)
FNDA:0,(anonymous_37)
FNDA:0,(anonymous_38)
FNDA:0,(anonymous_39)
FNDA:0,(anonymous_40)
FNDA:0,(anonymous_41)
FNDA:0,(anonymous_42)
FNDA:0,(anonymous_43)
FNDA:0,(anonymous_44)
FNDA:0,(anonymous_45)
FNDA:0,(anonymous_46)
FNDA:0,(anonymous_47)
FNDA:0,(anonymous_48)
FNDA:0,(anonymous_49)
FNDA:0,(anonymous_50)
FNDA:0,(anonymous_51)
FNDA:0,(anonymous_52)
DA:1,0
DA:3,0
DA:10,0
DA:11,0
DA:13,0
DA:29,0
DA:30,0
DA:32,0
DA:42,0
DA:43,0
DA:46,0
DA:47,0
DA:48,0
DA:49,0
DA:51,0
DA:53,0
DA:54,0
DA:63,0
DA:71,0
DA:72,0
DA:81,0
DA:82,0
DA:91,0
DA:97,0
DA:100,0
DA:101,0
DA:102,0
DA:103,0
DA:104,0
DA:106,0
DA:110,0
DA:111,0
DA:112,0
DA:115,0
DA:118,0
DA:121,0
DA:122,0
DA:138,0
DA:153,0
DA:174,0
DA:187,0
DA:188,0
DA:204,0
DA:219,0
DA:231,0
DA:235,0
DA:247,0
DA:248,0
DA:260,0
DA:273,0
DA:286,0
DA:304,0
DA:317,0
DA:330,0
DA:331,0
DA:345,0
DA:365,0
DA:394,0
DA:395,0
DA:399,0
DA:403,0
DA:428,0
DA:438,0
DA:457,0
DA:459,0
DA:489,0
DA:506,0
LF:67
LH:0
BRDA:18,0,0,0
BRDA:18,0,1,0
BRDA:51,1,0,0
BRDA:51,1,1,0
BRDA:53,2,0,0
BRDA:71,3,0,0
BRDA:81,4,0,0
BRDA:111,5,0,0
BRDA:111,5,1,0
BRDA:114,6,0,0
BRDA:114,6,1,0
BRDA:174,7,0,0
BRDA:174,7,1,0
BRDA:406,8,0,0
BRDA:406,8,1,0
BRDA:461,9,0,0
BRDA:461,9,1,0
BRDA:474,10,0,0
BRDA:474,10,1,0
BRDA:475,11,0,0
BRDA:475,11,1,0
BRDA:476,12,0,0
BRDA:476,12,1,0
BRDA:477,13,0,0
BRDA:477,13,1,0
BRF:25
BRH:0
end_of_record
TN:
SF:src\components\collaboration\ExportSharingModal.tsx
FN:27,(anonymous_10)
FN:42,(anonymous_11)
FN:52,(anonymous_12)
FN:79,(anonymous_13)
FN:86,(anonymous_14)
FN:100,(anonymous_15)
FN:116,(anonymous_16)
FN:122,(anonymous_17)
FN:128,(anonymous_18)
FN:131,(anonymous_19)
FN:133,(anonymous_20)
FN:133,(anonymous_21)
FN:140,(anonymous_22)
FN:153,(anonymous_23)
FN:158,(anonymous_24)
FN:174,(anonymous_25)
FN:246,(anonymous_26)
FN:259,(anonymous_27)
FN:274,(anonymous_28)
FN:291,(anonymous_29)
FN:305,(anonymous_30)
FN:340,(anonymous_31)
FN:373,(anonymous_32)
FN:389,(anonymous_33)
FNF:24
FNH:0
FNDA:0,(anonymous_10)
FNDA:0,(anonymous_11)
FNDA:0,(anonymous_12)
FNDA:0,(anonymous_13)
FNDA:0,(anonymous_14)
FNDA:0,(anonymous_15)
FNDA:0,(anonymous_16)
FNDA:0,(anonymous_17)
FNDA:0,(anonymous_18)
FNDA:0,(anonymous_19)
FNDA:0,(anonymous_20)
FNDA:0,(anonymous_21)
FNDA:0,(anonymous_22)
FNDA:0,(anonymous_23)
FNDA:0,(anonymous_24)
FNDA:0,(anonymous_25)
FNDA:0,(anonymous_26)
FNDA:0,(anonymous_27)
FNDA:0,(anonymous_28)
FNDA:0,(anonymous_29)
FNDA:0,(anonymous_30)
FNDA:0,(anonymous_31)
FNDA:0,(anonymous_32)
FNDA:0,(anonymous_33)
DA:1,0
DA:2,0
DA:3,0
DA:27,0
DA:32,0
DA:33,0
DA:34,0
DA:35,0
DA:36,0
DA:37,0
DA:38,0
DA:39,0
DA:42,0
DA:43,0
DA:44,0
DA:45,0
DA:46,0
DA:47,0
DA:52,0
DA:54,0
DA:76,0
DA:79,0
DA:80,0
DA:82,0
DA:84,0
DA:86,0
DA:88,0
DA:89,0
DA:100,0
DA:101,0
DA:104,0
DA:105,0
DA:106,0
DA:107,0
DA:108,0
DA:110,0
DA:112,0
DA:116,0
DA:117,0
DA:118,0
DA:119,0
DA:120,0
DA:122,0
DA:124,0
DA:128,0
DA:129,0
DA:131,0
DA:133,0
DA:134,0
DA:136,0
DA:140,0
DA:141,0
DA:143,0
DA:144,0
DA:150,0
DA:153,0
DA:154,0
DA:158,0
DA:159,0
DA:161,0
DA:162,0
DA:164,0
DA:166,0
DA:167,0
DA:169,0
DA:170,0
DA:171,0
DA:174,0
DA:175,0
DA:180,0
DA:183,0
DA:185,0
DA:246,0
DA:259,0
DA:274,0
DA:291,0
DA:305,0
DA:341,0
DA:373,0
DA:389,0
DA:434,0
LF:81
LH:0
BRDA:43,0,0,0
BRDA:45,1,0,0
BRDA:80,2,0,0
BRDA:80,3,0,0
BRDA:80,3,1,0
BRDA:141,4,0,0
BRDA:159,5,0,0
BRDA:164,6,0,0
BRDA:169,7,0,0
BRDA:169,8,0,0
BRDA:169,8,1,0
BRDA:170,9,0,0
BRDA:170,10,0,0
BRDA:170,10,1,0
BRDA:180,11,0,0
BRDA:180,11,1,0
BRDA:183,12,0,0
BRDA:217,13,0,0
BRDA:217,13,1,0
BRDA:282,14,0,0
BRDA:282,14,1,0
BRDA:335,15,0,0
BRDA:335,15,1,0
BRDA:349,16,0,0
BRDA:349,16,1,0
BRDA:351,17,0,0
BRDA:351,17,1,0
BRDA:376,18,0,0
BRDA:376,18,1,0
BRF:29
BRH:0
end_of_record
TN:
SF:src\components\collaboration\ProjectSharingModal.tsx
FN:24,(anonymous_10)
FN:36,(anonymous_11)
FN:44,(anonymous_12)
FN:59,(anonymous_13)
FN:66,(anonymous_14)
FN:78,(anonymous_15)
FN:87,(anonymous_16)
FN:94,(anonymous_17)
FN:100,(anonymous_18)
FN:103,(anonymous_19)
FN:105,(anonymous_20)
FN:105,(anonymous_21)
FN:112,(anonymous_22)
FN:126,(anonymous_23)
FN:131,(anonymous_24)
FN:147,(anonymous_25)
FN:199,(anonymous_26)
FN:206,(anonymous_27)
FN:229,(anonymous_28)
FN:262,(anonymous_29)
FN:288,(anonymous_30)
FN:304,(anonymous_31)
FNF:22
FNH:0
FNDA:0,(anonymous_10)
FNDA:0,(anonymous_11)
FNDA:0,(anonymous_12)
FNDA:0,(anonymous_13)
FNDA:0,(anonymous_14)
FNDA:0,(anonymous_15)
FNDA:0,(anonymous_16)
FNDA:0,(anonymous_17)
FNDA:0,(anonymous_18)
FNDA:0,(anonymous_19)
FNDA:0,(anonymous_20)
FNDA:0,(anonymous_21)
FNDA:0,(anonymous_22)
FNDA:0,(anonymous_23)
FNDA:0,(anonymous_24)
FNDA:0,(anonymous_25)
FNDA:0,(anonymous_26)
FNDA:0,(anonymous_27)
FNDA:0,(anonymous_28)
FNDA:0,(anonymous_29)
FNDA:0,(anonymous_30)
FNDA:0,(anonymous_31)
DA:1,0
DA:3,0
DA:4,0
DA:24,0
DA:29,0
DA:30,0
DA:31,0
DA:32,0
DA:33,0
DA:36,0
DA:37,0
DA:39,0
DA:40,0
DA:44,0
DA:46,0
DA:56,0
DA:59,0
DA:60,0
DA:62,0
DA:64,0
DA:66,0
DA:68,0
DA:69,0
DA:78,0
DA:79,0
DA:81,0
DA:83,0
DA:87,0
DA:88,0
DA:89,0
DA:90,0
DA:91,0
DA:94,0
DA:96,0
DA:100,0
DA:101,0
DA:103,0
DA:105,0
DA:106,0
DA:108,0
DA:112,0
DA:113,0
DA:115,0
DA:116,0
DA:123,0
DA:126,0
DA:127,0
DA:131,0
DA:132,0
DA:134,0
DA:135,0
DA:137,0
DA:139,0
DA:140,0
DA:142,0
DA:143,0
DA:144,0
DA:147,0
DA:148,0
DA:153,0
DA:156,0
DA:158,0
DA:200,0
DA:206,0
DA:229,0
DA:263,0
DA:288,0
DA:304,0
DA:350,0
LF:69
LH:0
BRDA:37,0,0,0
BRDA:37,1,0,0
BRDA:37,1,1,0
BRDA:60,2,0,0
BRDA:113,3,0,0
BRDA:132,4,0,0
BRDA:137,5,0,0
BRDA:142,6,0,0
BRDA:142,7,0,0
BRDA:142,7,1,0
BRDA:143,8,0,0
BRDA:143,9,0,0
BRDA:143,9,1,0
BRDA:156,10,0,0
BRDA:156,11,0,0
BRDA:156,11,1,0
BRDA:257,12,0,0
BRDA:257,12,1,0
BRDA:274,13,0,0
BRDA:274,13,1,0
BRDA:291,14,0,0
BRDA:291,14,1,0
BRF:22
BRH:0
end_of_record
TN:
SF:src\components\documents\DocumentsPage.tsx
FN:19,(anonymous_9)
FN:24,(anonymous_10)
FN:30,(anonymous_11)
FN:42,(anonymous_12)
FN:54,(anonymous_13)
FN:65,(anonymous_14)
FN:73,(anonymous_15)
FN:74,(anonymous_16)
FN:89,(anonymous_17)
FN:90,(anonymous_18)
FN:93,(anonymous_19)
FN:110,(anonymous_20)
FN:117,(anonymous_21)
FN:127,(anonymous_22)
FN:145,(anonymous_23)
FN:152,(anonymous_24)
FN:154,(anonymous_25)
FN:156,(anonymous_26)
FN:162,(anonymous_27)
FN:162,(anonymous_28)
FN:190,(anonymous_29)
FN:198,(anonymous_30)
FN:208,(anonymous_31)
FNF:23
FNH:0
FNDA:0,(anonymous_9)
FNDA:0,(anonymous_10)
FNDA:0,(anonymous_11)
FNDA:0,(anonymous_12)
FNDA:0,(anonymous_13)
FNDA:0,(anonymous_14)
FNDA:0,(anonymous_15)
FNDA:0,(anonymous_16)
FNDA:0,(anonymous_17)
FNDA:0,(anonymous_18)
FNDA:0,(anonymous_19)
FNDA:0,(anonymous_20)
FNDA:0,(anonymous_21)
FNDA:0,(anonymous_22)
FNDA:0,(anonymous_23)
FNDA:0,(anonymous_24)
FNDA:0,(anonymous_25)
FNDA:0,(anonymous_26)
FNDA:0,(anonymous_27)
FNDA:0,(anonymous_28)
FNDA:0,(anonymous_29)
FNDA:0,(anonymous_30)
FNDA:0,(anonymous_31)
DA:1,0
DA:3,0
DA:19,0
DA:20,0
DA:24,0
DA:25,0
DA:30,0
DA:31,0
DA:32,0
DA:34,0
DA:35,0
DA:36,0
DA:37,0
DA:38,0
DA:39,0
DA:42,0
DA:43,0
DA:44,0
DA:45,0
DA:47,0
DA:48,0
DA:49,0
DA:51,0
DA:54,0
DA:55,0
DA:56,0
DA:57,0
DA:65,0
DA:66,0
DA:67,0
DA:68,0
DA:69,0
DA:73,0
DA:74,0
DA:75,0
DA:76,0
DA:77,0
DA:78,0
DA:79,0
DA:80,0
DA:81,0
DA:82,0
DA:83,0
DA:84,0
DA:85,0
DA:89,0
DA:90,0
DA:93,0
DA:100,0
DA:110,0
DA:117,0
DA:127,0
DA:145,0
DA:152,0
DA:154,0
DA:156,0
DA:162,0
DA:163,0
DA:191,0
DA:198,0
DA:208,0
DA:225,0
LF:62
LH:0
BRDA:39,0,0,0
BRDA:39,0,1,0
BRDA:43,1,0,0
BRDA:43,2,0,0
BRDA:43,2,1,0
BRDA:47,3,0,0
BRDA:56,4,0,0
BRDA:56,4,1,0
BRDA:56,5,0,0
BRDA:56,5,1,0
BRDA:60,6,0,0
BRDA:60,6,1,0
BRDA:67,7,0,0
BRDA:68,8,0,0
BRDA:75,9,0,0
BRDA:109,10,0,0
BRDA:109,10,1,0
BRDA:116,11,0,0
BRDA:116,11,1,0
BRDA:121,12,0,0
BRDA:121,12,1,0
BRDA:121,12,2,0
BRDA:162,13,0,0
BRDA:162,13,1,0
BRDA:186,14,0,0
BRDA:186,14,1,0
BRDA:208,15,0,0
BRDA:208,15,1,0
BRDA:208,15,2,0
BRDA:208,15,3,0
BRDA:215,16,0,0
BRDA:215,16,1,0
BRF:32
BRH:0
end_of_record
TN:
SF:src\components\home\HomePage.tsx
FN:9,(anonymous_1)
FN:21,(anonymous_2)
FN:26,(anonymous_3)
FN:31,(anonymous_4)
FN:34,(anonymous_5)
FN:48,(anonymous_6)
FN:56,(anonymous_7)
FN:69,(anonymous_8)
FN:83,(anonymous_9)
FNF:9
FNH:0
FNDA:0,(anonymous_1)
FNDA:0,(anonymous_2)
FNDA:0,(anonymous_3)
FNDA:0,(anonymous_4)
FNDA:0,(anonymous_5)
FNDA:0,(anonymous_6)
FNDA:0,(anonymous_7)
FNDA:0,(anonymous_8)
FNDA:0,(anonymous_9)
DA:1,0
DA:2,0
DA:3,0
DA:9,0
DA:10,0
DA:18,0
DA:21,0
DA:22,0
DA:26,0
DA:27,0
DA:31,0
DA:34,0
DA:36,0
DA:48,0
DA:57,0
DA:69,0
DA:83,0
DA:103,0
LF:18
LH:0
BRF:0
BRH:0
end_of_record
TN:
SF:src\components\project_dashboard\HeaderComponent.tsx
FN:10,(anonymous_1)
FN:17,(anonymous_2)
FN:47,(anonymous_3)
FN:63,(anonymous_4)
FNF:4
FNH:0
FNDA:0,(anonymous_1)
FNDA:0,(anonymous_2)
FNDA:0,(anonymous_3)
FNDA:0,(anonymous_4)
DA:1,0
DA:2,0
DA:3,0
DA:10,0
DA:14,0
DA:15,0
DA:17,0
DA:18,0
DA:19,0
DA:26,0
DA:47,0
DA:64,0
DA:65,0
DA:67,0
DA:83,0
LF:15
LH:0
BRDA:20,0,0,0
BRDA:20,0,1,0
BRF:2
BRH:0
end_of_record
TN:
SF:src\components\project_dashboard\LeftSidebarComponent.tsx
FN:11,(anonymous_1)
FN:29,(anonymous_2)
FN:37,(anonymous_3)
FNF:3
FNH:0
FNDA:0,(anonymous_1)
FNDA:0,(anonymous_2)
FNDA:0,(anonymous_3)
DA:1,0
DA:3,0
DA:11,0
DA:16,0
DA:30,0
DA:31,0
DA:32,0
DA:34,0
DA:37,0
DA:126,0
LF:10
LH:0
BRDA:21,0,0,0
BRDA:21,0,1,0
BRDA:32,1,0,0
BRDA:32,1,1,0
BRDA:32,1,2,0
BRDA:39,2,0,0
BRDA:39,2,1,0
BRDA:46,3,0,0
BRDA:46,3,1,0
BRDA:49,4,0,0
BRDA:49,4,1,0
BRDA:50,5,0,0
BRDA:50,5,1,0
BRDA:56,6,0,0
BRDA:56,6,1,0
BRDA:57,7,0,0
BRDA:57,7,1,0
BRDA:63,8,0,0
BRDA:63,8,1,0
BRDA:64,9,0,0
BRDA:64,9,1,0
BRDA:72,10,0,0
BRDA:72,10,1,0
BRDA:75,11,0,0
BRDA:75,11,1,0
BRDA:75,12,0,0
BRDA:75,12,1,0
BRDA:77,13,0,0
BRDA:77,13,1,0
BRDA:79,14,0,0
BRDA:79,14,1,0
BRDA:81,15,0,0
BRDA:81,15,1,0
BRDA:82,16,0,0
BRDA:82,16,1,0
BRDA:83,17,0,0
BRDA:83,17,1,0
BRDA:90,18,0,0
BRDA:90,18,1,0
BRDA:94,19,0,0
BRDA:94,19,1,0
BRDA:95,20,0,0
BRDA:95,20,1,0
BRDA:96,21,0,0
BRDA:96,21,1,0
BRDA:107,22,0,0
BRDA:107,22,1,0
BRDA:109,23,0,0
BRDA:109,23,1,0
BRF:49
BRH:0
end_of_record
TN:
SF:src\components\project_dashboard\MainProjectContentComponent.tsx
FN:10,(anonymous_10)
FN:15,(anonymous_11)
FN:20,(anonymous_12)
FN:25,(anonymous_13)
FN:40,(anonymous_14)
FN:60,(anonymous_15)
FN:70,(anonymous_16)
FN:73,(anonymous_17)
FN:74,(anonymous_18)
FN:75,(anonymous_19)
FN:87,(anonymous_20)
FN:91,(anonymous_21)
FN:140,(anonymous_22)
FN:143,(anonymous_23)
FN:219,(anonymous_24)
FN:230,(anonymous_25)
FN:235,(anonymous_26)
FN:236,(anonymous_27)
FN:247,(anonymous_28)
FN:259,(anonymous_29)
FN:269,(anonymous_30)
FN:270,(anonymous_31)
FNF:22
FNH:0
FNDA:0,(anonymous_10)
FNDA:0,(anonymous_11)
FNDA:0,(anonymous_12)
FNDA:0,(anonymous_13)
FNDA:0,(anonymous_14)
FNDA:0,(anonymous_15)
FNDA:0,(anonymous_16)
FNDA:0,(anonymous_17)
FNDA:0,(anonymous_18)
FNDA:0,(anonymous_19)
FNDA:0,(anonymous_20)
FNDA:0,(anonymous_21)
FNDA:0,(anonymous_22)
FNDA:0,(anonymous_23)
FNDA:0,(anonymous_24)
FNDA:0,(anonymous_25)
FNDA:0,(anonymous_26)
FNDA:0,(anonymous_27)
FNDA:0,(anonymous_28)
FNDA:0,(anonymous_29)
FNDA:0,(anonymous_30)
FNDA:0,(anonymous_31)
DA:1,0
DA:2,0
DA:3,0
DA:4,0
DA:5,0
DA:6,0
DA:7,0
DA:10,0
DA:11,0
DA:15,0
DA:16,0
DA:20,0
DA:21,0
DA:25,0
DA:26,0
DA:40,0
DA:41,0
DA:60,0
DA:67,0
DA:68,0
DA:70,0
DA:71,0
DA:72,0
DA:73,0
DA:74,0
DA:75,0
DA:87,0
DA:88,0
DA:91,0
DA:92,0
DA:95,0
DA:96,0
DA:109,0
DA:111,0
DA:140,0
DA:143,0
DA:220,0
DA:231,0
DA:247,0
DA:259,0
DA:269,0
DA:271,0
DA:272,0
DA:281,0
LF:44
LH:0
BRDA:40,0,0,0
BRDA:44,1,0,0
BRDA:44,1,1,0
BRDA:46,2,0,0
BRDA:46,2,1,0
BRDA:71,3,0,0
BRDA:88,4,0,0
BRDA:88,4,1,0
BRDA:92,5,0,0
BRDA:92,5,1,0
BRDA:95,6,0,0
BRDA:109,7,0,0
BRDA:109,7,1,0
BRDA:109,7,2,0
BRDA:119,8,0,0
BRDA:119,8,1,0
BRDA:120,9,0,0
BRDA:120,9,1,0
BRDA:126,10,0,0
BRDA:126,10,1,0
BRDA:127,11,0,0
BRDA:127,11,1,0
BRDA:132,12,0,0
BRDA:132,12,1,0
BRDA:168,13,0,0
BRDA:168,13,1,0
BRDA:173,14,0,0
BRDA:173,14,1,0
BRDA:174,15,0,0
BRDA:174,15,1,0
BRDA:175,16,0,0
BRDA:175,16,1,0
BRDA:184,17,0,0
BRDA:184,17,1,0
BRDA:185,18,0,0
BRDA:185,18,1,0
BRDA:186,19,0,0
BRDA:186,19,1,0
BRDA:196,20,0,0
BRDA:196,20,1,0
BRDA:199,21,0,0
BRDA:199,21,1,0
BRDA:201,22,0,0
BRDA:201,22,1,0
BRDA:215,23,0,0
BRDA:215,23,1,0
BRDA:215,23,2,0
BRDA:228,24,0,0
BRDA:228,24,1,0
BRDA:256,25,0,0
BRDA:256,25,1,0
BRDA:266,26,0,0
BRDA:266,26,1,0
BRDA:266,26,2,0
BRF:54
BRH:0
end_of_record
TN:
SF:src\components\project_dashboard\ProjectDashboardPage.tsx
FN:20,(anonymous_10)
FN:33,(anonymous_11)
FN:35,(anonymous_12)
FN:38,(anonymous_13)
FN:43,(anonymous_14)
FN:49,(anonymous_15)
FN:53,(anonymous_16)
FN:57,(anonymous_17)
FN:61,(anonymous_18)
FN:62,(anonymous_19)
FN:65,(anonymous_20)
FN:67,(anonymous_21)
FNF:12
FNH:0
FNDA:0,(anonymous_10)
FNDA:0,(anonymous_11)
FNDA:0,(anonymous_12)
FNDA:0,(anonymous_13)
FNDA:0,(anonymous_14)
FNDA:0,(anonymous_15)
FNDA:0,(anonymous_16)
FNDA:0,(anonymous_17)
FNDA:0,(anonymous_18)
FNDA:0,(anonymous_19)
FNDA:0,(anonymous_20)
FNDA:0,(anonymous_21)
DA:2,0
DA:3,0
DA:4,0
DA:5,0
DA:20,0
DA:31,0
DA:33,0
DA:34,0
DA:35,0
DA:38,0
DA:39,0
DA:40,0
DA:41,0
DA:42,0
DA:43,0
DA:45,0
DA:49,0
DA:50,0
DA:53,0
DA:54,0
DA:57,0
DA:58,0
DA:61,0
DA:62,0
DA:65,0
DA:66,0
DA:67,0
DA:70,0
DA:90,0
LF:29
LH:0
BRDA:29,0,0,0
BRDA:34,1,0,0
BRDA:39,2,0,0
BRDA:39,2,1,0
BRDA:39,3,0,0
BRDA:39,3,1,0
BRDA:41,4,0,0
BRDA:41,4,1,0
BRDA:43,5,0,0
BRDA:43,6,0,0
BRDA:43,6,1,0
BRDA:45,7,0,0
BRDA:45,7,1,0
BRDA:62,8,0,0
BRDA:62,8,1,0
BRDA:66,9,0,0
BRF:16
BRH:0
end_of_record
TN:
SF:src\components\project_dashboard\RightSidebarComponent.tsx
FN:3,(anonymous_1)
FNF:1
FNH:0
FNDA:0,(anonymous_1)
DA:1,0
DA:3,0
DA:4,0
DA:40,0
LF:4
LH:0
BRF:0
BRH:0
end_of_record
TN:
SF:src\components\projects\EditProjectModal.tsx
FN:11,(anonymous_9)
FN:36,(anonymous_10)
FN:50,(anonymous_11)
FN:67,(anonymous_12)
FN:78,(anonymous_13)
FN:78,(anonymous_14)
FN:82,(anonymous_15)
FN:82,(anonymous_16)
FN:89,(anonymous_17)
FN:90,(anonymous_18)
FN:92,(anonymous_19)
FN:97,(anonymous_20)
FN:124,(anonymous_21)
FN:170,(anonymous_22)
FN:182,(anonymous_23)
FN:193,(anonymous_24)
FN:206,(anonymous_25)
FN:209,(anonymous_26)
FN:221,(anonymous_27)
FN:224,(anonymous_28)
FN:239,(anonymous_29)
FN:255,(anonymous_30)
FN:267,(anonymous_31)
FN:272,(anonymous_32)
FN:289,(anonymous_33)
FNF:25
FNH:0
FNDA:0,(anonymous_9)
FNDA:0,(anonymous_10)
FNDA:0,(anonymous_11)
FNDA:0,(anonymous_12)
FNDA:0,(anonymous_13)
FNDA:0,(anonymous_14)
FNDA:0,(anonymous_15)
FNDA:0,(anonymous_16)
FNDA:0,(anonymous_17)
FNDA:0,(anonymous_18)
FNDA:0,(anonymous_19)
FNDA:0,(anonymous_20)
FNDA:0,(anonymous_21)
FNDA:0,(anonymous_22)
FNDA:0,(anonymous_23)
FNDA:0,(anonymous_24)
FNDA:0,(anonymous_25)
FNDA:0,(anonymous_26)
FNDA:0,(anonymous_27)
FNDA:0,(anonymous_28)
FNDA:0,(anonymous_29)
FNDA:0,(anonymous_30)
FNDA:0,(anonymous_31)
FNDA:0,(anonymous_32)
FNDA:0,(anonymous_33)
DA:1,0
DA:2,0
DA:11,0
DA:17,0
DA:18,0
DA:19,0
DA:20,0
DA:21,0
DA:22,0
DA:23,0
DA:24,0
DA:25,0
DA:27,0
DA:36,0
DA:37,0
DA:38,0
DA:39,0
DA:40,0
DA:41,0
DA:42,0
DA:43,0
DA:44,0
DA:45,0
DA:46,0
DA:50,0
DA:51,0
DA:53,0
DA:54,0
DA:55,0
DA:56,0
DA:57,0
DA:58,0
DA:59,0
DA:60,0
DA:61,0
DA:65,0
DA:67,0
DA:68,0
DA:69,0
DA:70,0
DA:71,0
DA:74,0
DA:78,0
DA:82,0
DA:86,0
DA:89,0
DA:90,0
DA:91,0
DA:92,0
DA:97,0
DA:98,0
DA:100,0
DA:101,0
DA:102,0
DA:104,0
DA:105,0
DA:106,0
DA:107,0
DA:108,0
DA:109,0
DA:112,0
DA:114,0
DA:124,0
DA:170,0
DA:182,0
DA:193,0
DA:206,0
DA:210,0
DA:221,0
DA:225,0
DA:239,0
DA:255,0
DA:268,0
DA:272,0
DA:289,0
DA:316,0
LF:76
LH:0
BRDA:37,0,0,0
BRDA:37,1,0,0
BRDA:37,1,1,0
BRDA:38,2,0,0
BRDA:38,2,1,0
BRDA:39,3,0,0
BRDA:39,3,1,0
BRDA:40,4,0,0
BRDA:40,4,1,0
BRDA:41,5,0,0
BRDA:41,5,1,0
BRDA:44,6,0,0
BRDA:44,6,1,0
BRDA:45,7,0,0
BRDA:45,7,1,0
BRDA:46,8,0,0
BRDA:46,8,1,0
BRDA:51,9,0,0
BRDA:65,10,0,0
BRDA:69,11,0,0
BRDA:79,12,0,0
BRDA:79,12,1,0
BRDA:91,13,0,0
BRDA:91,13,1,0
BRDA:98,14,0,0
BRDA:104,15,0,0
BRDA:105,16,0,0
BRDA:106,17,0,0
BRDA:107,18,0,0
BRDA:108,19,0,0
BRDA:136,20,0,0
BRDA:136,20,1,0
BRDA:141,21,0,0
BRDA:141,21,1,0
BRDA:142,22,0,0
BRDA:142,22,1,0
BRDA:143,23,0,0
BRDA:143,23,1,0
BRDA:152,24,0,0
BRDA:152,24,1,0
BRDA:153,25,0,0
BRDA:153,25,1,0
BRDA:154,26,0,0
BRDA:154,26,1,0
BRF:44
BRH:0
end_of_record
TN:
SF:src\components\projects\NewProjectModal.tsx
FN:11,(anonymous_9)
FN:31,(anonymous_10)
FN:47,(anonymous_11)
FN:48,(anonymous_12)
FN:50,(anonymous_13)
FN:55,(anonymous_14)
FN:66,(anonymous_15)
FN:66,(anonymous_16)
FN:70,(anonymous_17)
FN:70,(anonymous_18)
FN:88,(anonymous_19)
FN:105,(anonymous_20)
FN:116,(anonymous_21)
FN:126,(anonymous_22)
FN:138,(anonymous_23)
FN:141,(anonymous_24)
FN:153,(anonymous_25)
FN:156,(anonymous_26)
FN:170,(anonymous_27)
FN:185,(anonymous_28)
FN:197,(anonymous_29)
FN:202,(anonymous_30)
FN:219,(anonymous_31)
FNF:23
FNH:0
FNDA:0,(anonymous_9)
FNDA:0,(anonymous_10)
FNDA:0,(anonymous_11)
FNDA:0,(anonymous_12)
FNDA:0,(anonymous_13)
FNDA:0,(anonymous_14)
FNDA:0,(anonymous_15)
FNDA:0,(anonymous_16)
FNDA:0,(anonymous_17)
FNDA:0,(anonymous_18)
FNDA:0,(anonymous_19)
FNDA:0,(anonymous_20)
FNDA:0,(anonymous_21)
FNDA:0,(anonymous_22)
FNDA:0,(anonymous_23)
FNDA:0,(anonymous_24)
FNDA:0,(anonymous_25)
FNDA:0,(anonymous_26)
FNDA:0,(anonymous_27)
FNDA:0,(anonymous_28)
FNDA:0,(anonymous_29)
FNDA:0,(anonymous_30)
FNDA:0,(anonymous_31)
DA:2,0
DA:3,0
DA:11,0
DA:12,0
DA:13,0
DA:14,0
DA:15,0
DA:16,0
DA:17,0
DA:18,0
DA:19,0
DA:20,0
DA:22,0
DA:31,0
DA:32,0
DA:33,0
DA:34,0
DA:35,0
DA:36,0
DA:37,0
DA:38,0
DA:39,0
DA:40,0
DA:41,0
DA:45,0
DA:47,0
DA:48,0
DA:49,0
DA:50,0
DA:55,0
DA:56,0
DA:57,0
DA:58,0
DA:59,0
DA:62,0
DA:66,0
DA:70,0
DA:75,0
DA:78,0
DA:88,0
DA:105,0
DA:116,0
DA:126,0
DA:138,0
DA:142,0
DA:153,0
DA:157,0
DA:170,0
DA:185,0
DA:198,0
DA:202,0
DA:219,0
DA:245,0
LF:53
LH:0
BRDA:32,0,0,0
BRDA:45,1,0,0
BRDA:49,2,0,0
BRDA:49,2,1,0
BRDA:57,3,0,0
BRDA:67,4,0,0
BRDA:67,4,1,0
BRF:7
BRH:0
end_of_record
TN:
SF:src\components\settings\SettingsPage.tsx
FN:8,(anonymous_10)
FN:21,(anonymous_11)
FN:37,(anonymous_12)
FN:50,(anonymous_13)
FN:63,(anonymous_14)
FN:91,(anonymous_15)
FN:95,(anonymous_16)
FN:112,(anonymous_17)
FN:124,(anonymous_18)
FN:128,(anonymous_19)
FN:145,(anonymous_20)
FN:157,(anonymous_21)
FN:161,(anonymous_22)
FN:197,(anonymous_23)
FN:252,(anonymous_24)
FN:255,(anonymous_25)
FN:272,(anonymous_26)
FNF:17
FNH:0
FNDA:0,(anonymous_10)
FNDA:0,(anonymous_11)
FNDA:0,(anonymous_12)
FNDA:0,(anonymous_13)
FNDA:0,(anonymous_14)
FNDA:0,(anonymous_15)
FNDA:0,(anonymous_16)
FNDA:0,(anonymous_17)
FNDA:0,(anonymous_18)
FNDA:0,(anonymous_19)
FNDA:0,(anonymous_20)
FNDA:0,(anonymous_21)
FNDA:0,(anonymous_22)
FNDA:0,(anonymous_23)
FNDA:0,(anonymous_24)
FNDA:0,(anonymous_25)
FNDA:0,(anonymous_26)
DA:2,0
DA:4,0
DA:5,0
DA:6,0
DA:8,0
DA:9,0
DA:10,0
DA:12,0
DA:13,0
DA:14,0
DA:15,0
DA:16,0
DA:17,0
DA:18,0
DA:19,0
DA:21,0
DA:22,0
DA:23,0
DA:24,0
DA:25,0
DA:26,0
DA:27,0
DA:28,0
DA:33,0
DA:35,0
DA:37,0
DA:38,0
DA:46,0
DA:50,0
DA:51,0
DA:53,0
DA:63,0
DA:91,0
DA:96,0
DA:112,0
DA:124,0
DA:129,0
DA:145,0
DA:157,0
DA:162,0
DA:179,0
DA:191,0
DA:197,0
DA:232,0
DA:241,0
DA:253,0
DA:255,0
DA:272,0
DA:278,0
LF:49
LH:0
BRDA:13,0,0,0
BRDA:13,0,1,0
BRDA:14,1,0,0
BRDA:14,1,1,0
BRDA:15,2,0,0
BRDA:15,2,1,0
BRDA:16,3,0,0
BRDA:16,3,1,0
BRDA:17,4,0,0
BRDA:17,4,1,0
BRDA:18,5,0,0
BRDA:18,5,1,0
BRDA:22,6,0,0
BRDA:25,7,0,0
BRDA:25,7,1,0
BRDA:26,8,0,0
BRDA:26,8,1,0
BRDA:27,9,0,0
BRDA:27,9,1,0
BRDA:28,10,0,0
BRDA:28,10,1,0
BRDA:35,11,0,0
BRDA:35,11,1,0
BRDA:51,12,0,0
BRDA:51,12,1,0
BRDA:51,12,2,0
BRDA:51,12,3,0
BRDA:72,13,0,0
BRDA:72,13,1,0
BRDA:76,14,0,0
BRDA:76,14,1,0
BRDA:99,15,0,0
BRDA:99,15,1,0
BRDA:104,16,0,0
BRDA:104,16,1,0
BRDA:132,17,0,0
BRDA:132,17,1,0
BRDA:137,18,0,0
BRDA:137,18,1,0
BRDA:165,19,0,0
BRDA:165,19,1,0
BRDA:257,20,0,0
BRDA:257,20,1,0
BRDA:258,21,0,0
BRDA:258,21,1,0
BRDA:271,22,0,0
BRDA:271,22,1,0
BRF:47
BRH:0
end_of_record
TN:
SF:src\components\tags\TagManager.tsx
FN:9,(anonymous_9)
FN:22,(anonymous_10)
FN:26,(anonymous_11)
FN:45,(anonymous_12)
FN:52,(anonymous_13)
FN:62,(anonymous_14)
FN:72,(anonymous_15)
FN:83,(anonymous_16)
FN:93,(anonymous_17)
FN:103,(anonymous_18)
FN:104,(anonymous_19)
FN:123,(anonymous_20)
FN:169,(anonymous_21)
FN:172,(anonymous_22)
FN:194,(anonymous_23)
FN:204,(anonymous_24)
FN:220,(anonymous_25)
FN:227,(anonymous_26)
FN:235,(anonymous_27)
FN:236,(anonymous_28)
FN:243,(anonymous_29)
FN:244,(anonymous_30)
FN:266,(anonymous_31)
FN:290,(anonymous_32)
FN:302,(anonymous_33)
FN:308,(anonymous_34)
FN:335,(anonymous_35)
FN:336,(anonymous_36)
FN:352,(anonymous_37)
FN:362,(anonymous_38)
FN:411,(anonymous_39)
FN:433,(anonymous_40)
FN:458,(anonymous_41)
FN:468,(anonymous_42)
FN:507,(anonymous_43)
FN:527,(anonymous_44)
FN:549,(anonymous_45)
FN:551,(anonymous_46)
FN:563,(anonymous_47)
FN:591,(anonymous_48)
FN:608,(anonymous_49)
FN:637,(anonymous_50)
FN:645,(anonymous_51)
FN:673,(anonymous_52)
FN:684,(anonymous_53)
FN:695,(anonymous_54)
FN:699,(anonymous_55)
FN:711,(anonymous_56)
FN:717,(anonymous_57)
FN:752,(anonymous_58)
FN:760,(anonymous_59)
FN:785,(anonymous_60)
FN:798,(anonymous_61)
FN:810,(anonymous_62)
FN:823,(anonymous_63)
FN:829,(anonymous_64)
FNF:56
FNH:0
FNDA:0,(anonymous_9)
FNDA:0,(anonymous_10)
FNDA:0,(anonymous_11)
FNDA:0,(anonymous_12)
FNDA:0,(anonymous_13)
FNDA:0,(anonymous_14)
FNDA:0,(anonymous_15)
FNDA:0,(anonymous_16)
FNDA:0,(anonymous_17)
FNDA:0,(anonymous_18)
FNDA:0,(anonymous_19)
FNDA:0,(anonymous_20)
FNDA:0,(anonymous_21)
FNDA:0,(anonymous_22)
FNDA:0,(anonymous_23)
FNDA:0,(anonymous_24)
FNDA:0,(anonymous_25)
FNDA:0,(anonymous_26)
FNDA:0,(anonymous_27)
FNDA:0,(anonymous_28)
FNDA:0,(anonymous_29)
FNDA:0,(anonymous_30)
FNDA:0,(anonymous_31)
FNDA:0,(anonymous_32)
FNDA:0,(anonymous_33)
FNDA:0,(anonymous_34)
FNDA:0,(anonymous_35)
FNDA:0,(anonymous_36)
FNDA:0,(anonymous_37)
FNDA:0,(anonymous_38)
FNDA:0,(anonymous_39)
FNDA:0,(anonymous_40)
FNDA:0,(anonymous_41)
FNDA:0,(anonymous_42)
FNDA:0,(anonymous_43)
FNDA:0,(anonymous_44)
FNDA:0,(anonymous_45)
FNDA:0,(anonymous_46)
FNDA:0,(anonymous_47)
FNDA:0,(anonymous_48)
FNDA:0,(anonymous_49)
FNDA:0,(anonymous_50)
FNDA:0,(anonymous_51)
FNDA:0,(anonymous_52)
FNDA:0,(anonymous_53)
FNDA:0,(anonymous_54)
FNDA:0,(anonymous_55)
FNDA:0,(anonymous_56)
FNDA:0,(anonymous_57)
FNDA:0,(anonymous_58)
FNDA:0,(anonymous_59)
FNDA:0,(anonymous_60)
FNDA:0,(anonymous_61)
FNDA:0,(anonymous_62)
FNDA:0,(anonymous_63)
FNDA:0,(anonymous_64)
DA:1,0
DA:3,0
DA:9,0
DA:10,0
DA:11,0
DA:12,0
DA:13,0
DA:14,0
DA:15,0
DA:16,0
DA:17,0
DA:18,0
DA:19,0
DA:20,0
DA:22,0
DA:23,0
DA:26,0
DA:27,0
DA:28,0
DA:29,0
DA:35,0
DA:36,0
DA:37,0
DA:39,0
DA:41,0
DA:45,0
DA:46,0
DA:48,0
DA:49,0
DA:52,0
DA:53,0
DA:54,0
DA:55,0
DA:56,0
DA:58,0
DA:62,0
DA:63,0
DA:64,0
DA:65,0
DA:66,0
DA:68,0
DA:72,0
DA:73,0
DA:75,0
DA:76,0
DA:77,0
DA:79,0
DA:83,0
DA:84,0
DA:85,0
DA:86,0
DA:87,0
DA:89,0
DA:93,0
DA:94,0
DA:95,0
DA:96,0
DA:97,0
DA:99,0
DA:103,0
DA:104,0
DA:105,0
DA:107,0
DA:108,0
DA:109,0
DA:110,0
DA:113,0
DA:115,0
DA:116,0
DA:117,0
DA:119,0
DA:123,0
DA:124,0
DA:125,0
DA:126,0
DA:127,0
DA:129,0
DA:133,0
DA:134,0
DA:144,0
DA:170,0
DA:172,0
DA:194,0
DA:204,0
DA:220,0
DA:227,0
DA:235,0
DA:236,0
DA:243,0
DA:244,0
DA:266,0
DA:278,0
DA:290,0
DA:302,0
DA:309,0
DA:336,0
DA:337,0
DA:352,0
DA:362,0
DA:411,0
DA:417,0
DA:434,0
DA:458,0
DA:468,0
DA:507,0
DA:508,0
DA:527,0
DA:549,0
DA:552,0
DA:563,0
DA:592,0
DA:609,0
DA:637,0
DA:638,0
DA:645,0
DA:646,0
DA:647,0
DA:649,0
DA:655,0
DA:673,0
DA:684,0
DA:695,0
DA:700,0
DA:711,0
DA:717,0
DA:752,0
DA:753,0
DA:760,0
DA:761,0
DA:762,0
DA:764,0
DA:767,0
DA:785,0
DA:798,0
DA:810,0
DA:823,0
DA:829,0
DA:857,0
LF:138
LH:0
BRDA:46,0,0,0
BRDA:46,0,1,0
BRDA:48,1,0,0
BRDA:48,1,1,0
BRDA:49,2,0,0
BRDA:49,2,1,0
BRDA:73,3,0,0
BRDA:105,4,0,0
BRDA:107,5,0,0
BRDA:107,5,1,0
BRDA:108,6,0,0
BRDA:113,7,0,0
BRDA:133,8,0,0
BRDA:168,9,0,0
BRDA:168,9,1,0
BRDA:174,10,0,0
BRDA:174,10,1,0
BRDA:186,11,0,0
BRDA:186,11,1,0
BRDA:201,12,0,0
BRDA:201,12,1,0
BRDA:210,13,0,0
BRDA:210,13,1,0
BRDA:210,13,2,0
BRDA:216,14,0,0
BRDA:216,14,1,0
BRDA:224,15,0,0
BRDA:224,15,1,0
BRDA:231,16,0,0
BRDA:231,16,1,0
BRDA:240,17,0,0
BRDA:240,17,1,0
BRDA:310,18,0,0
BRDA:310,18,1,0
BRDA:346,19,0,0
BRDA:346,19,1,0
BRDA:374,20,0,0
BRDA:374,20,1,0
BRDA:380,21,0,0
BRDA:380,21,1,0
BRDA:382,22,0,0
BRDA:382,22,1,0
BRDA:389,23,0,0
BRDA:389,23,1,0
BRDA:442,24,0,0
BRDA:442,24,1,0
BRDA:452,25,0,0
BRDA:452,25,1,0
BRDA:453,26,0,0
BRDA:453,26,1,0
[...]
DA:204,0
DA:205,0
DA:206,0
DA:209,0
DA:211,0
DA:212,0
DA:218,0
DA:219,0
DA:220,0
DA:221,0
DA:222,0
DA:225,0
DA:228,0
DA:229,0
DA:232,0
DA:235,0
DA:236,0
DA:237,0
DA:242,0
DA:243,0
DA:244,0
DA:245,0
DA:248,0
DA:252,0
DA:258,0
DA:290,0
DA:291,0
DA:292,0
DA:293,0
DA:296,0
DA:297,0
DA:298,0
DA:299,0
DA:302,0
DA:304,0
DA:305,0
DA:311,0
DA:312,0
DA:313,0
DA:314,0
DA:315,0
DA:318,0
DA:321,0
DA:322,0
DA:325,0
DA:328,0
DA:329,0
DA:330,0
DA:334,0
DA:338,0
DA:345,0
DA:346,0
DA:349,0
DA:350,0
DA:354,0
DA:363,0
DA:370,0
DA:382,0
DA:448,0
DA:454,0
DA:455,0
DA:457,0
DA:463,0
DA:466,0
DA:477,0
DA:528,0
DA:533,0
DA:535,0
DA:536,0
DA:539,0
DA:540,0
DA:545,0
DA:547,0
DA:554,0
DA:555,0
LF:107
LH:0
BRDA:8,0,0,0
BRDA:134,1,0,0
BRDA:149,2,0,0
BRDA:197,3,0,0
BRDA:198,4,0,0
BRDA:204,5,0,0
BRDA:218,6,0,0
BRDA:218,6,1,0
BRDA:221,7,0,0
BRDA:221,8,0,0
BRDA:221,8,1,0
BRDA:228,9,0,0
BRDA:228,10,0,0
BRDA:228,10,1,0
BRDA:228,10,2,0
BRDA:242,11,0,0
BRDA:242,11,1,0
BRDA:244,12,0,0
BRDA:290,13,0,0
BRDA:291,14,0,0
BRDA:297,15,0,0
BRDA:311,16,0,0
BRDA:311,16,1,0
BRDA:314,17,0,0
BRDA:314,18,0,0
BRDA:314,18,1,0
BRDA:321,19,0,0
BRDA:321,20,0,0
BRDA:321,20,1,0
BRDA:321,20,2,0
BRDA:350,21,0,0
BRDA:350,21,1,0
BRDA:350,21,2,0
BRDA:390,22,0,0
BRDA:390,22,1,0
BRDA:455,23,0,0
BRDA:455,23,1,0
BRDA:463,24,0,0
BRDA:463,24,1,0
BRDA:487,25,0,0
BRDA:487,25,1,0
BRDA:487,26,0,0
BRDA:487,26,1,0
BRDA:491,27,0,0
BRDA:491,27,1,0
BRDA:535,28,0,0
BRDA:535,29,0,0
BRDA:535,29,1,0
BRDA:539,30,0,0
BRF:49
BRH:0
end_of_record
TN:
SF:src\services\monitoringService.ts
FN:27,(anonymous_0)
FN:38,(anonymous_1)
FN:52,(anonymous_2)
FN:60,(anonymous_3)
FN:67,(anonymous_4)
FN:69,(anonymous_5)
FN:74,(anonymous_6)
FN:79,(anonymous_7)
FN:90,(anonymous_8)
FN:109,(anonymous_9)
FN:116,(anonymous_10)
FN:162,(anonymous_11)
FN:190,(anonymous_12)
FN:218,(anonymous_13)
FN:242,(anonymous_14)
FN:244,(anonymous_15)
FN:249,(anonymous_16)
FN:254,(anonymous_17)
FN:261,(anonymous_18)
FN:262,(anonymous_19)
FN:276,(anonymous_20)
FN:279,(anonymous_21)
FN:294,(anonymous_22)
FN:308,(anonymous_23)
FN:316,(anonymous_24)
FN:331,(anonymous_25)
FN:346,(anonymous_26)
FN:366,(anonymous_27)
FN:379,(anonymous_28)
FN:391,(anonymous_29)
FN:399,(anonymous_30)
FN:418,(anonymous_31)
FN:426,(anonymous_32)
FN:429,(anonymous_33)
FN:433,(anonymous_34)
FN:445,(anonymous_35)
FN:448,(anonymous_36)
FN:451,(anonymous_37)
FN:454,(anonymous_38)
FN:457,(anonymous_39)
FN:460,(anonymous_40)
FN:463,(anonymous_41)
FNF:42
FNH:0
FNDA:0,(anonymous_0)
FNDA:0,(anonymous_1)
FNDA:0,(anonymous_2)
FNDA:0,(anonymous_3)
FNDA:0,(anonymous_4)
FNDA:0,(anonymous_5)
FNDA:0,(anonymous_6)
FNDA:0,(anonymous_7)
FNDA:0,(anonymous_8)
FNDA:0,(anonymous_9)
FNDA:0,(anonymous_10)
FNDA:0,(anonymous_11)
FNDA:0,(anonymous_12)
FNDA:0,(anonymous_13)
FNDA:0,(anonymous_14)
FNDA:0,(anonymous_15)
FNDA:0,(anonymous_16)
FNDA:0,(anonymous_17)
FNDA:0,(anonymous_18)
FNDA:0,(anonymous_19)
FNDA:0,(anonymous_20)
FNDA:0,(anonymous_21)
FNDA:0,(anonymous_22)
FNDA:0,(anonymous_23)
FNDA:0,(anonymous_24)
FNDA:0,(anonymous_25)
FNDA:0,(anonymous_26)
FNDA:0,(anonymous_27)
FNDA:0,(anonymous_28)
FNDA:0,(anonymous_29)
FNDA:0,(anonymous_30)
FNDA:0,(anonymous_31)
FNDA:0,(anonymous_32)
FNDA:0,(anonymous_33)
FNDA:0,(anonymous_34)
FNDA:0,(anonymous_35)
FNDA:0,(anonymous_36)
FNDA:0,(anonymous_37)
FNDA:0,(anonymous_38)
FNDA:0,(anonymous_39)
FNDA:0,(anonymous_40)
FNDA:0,(anonymous_41)
DA:6,0
DA:27,0
DA:28,0
DA:29,0
DA:30,0
DA:31,0
DA:32,0
DA:33,0
DA:34,0
DA:38,0
DA:39,0
DA:40,0
DA:41,0
DA:42,0
DA:48,0
DA:49,0
DA:50,0
DA:53,0
DA:54,0
DA:61,0
DA:69,0
DA:70,0
DA:71,0
DA:74,0
DA:75,0
DA:79,0
DA:80,0
DA:90,0
DA:91,0
DA:101,0
DA:103,0
DA:110,0
DA:127,0
DA:139,0
DA:142,0
DA:145,0
DA:146,0
DA:154,0
DA:155,0
DA:167,0
DA:175,0
DA:178,0
DA:179,0
DA:182,0
DA:183,0
DA:191,0
DA:199,0
DA:202,0
DA:203,0
DA:210,0
DA:211,0
DA:223,0
DA:233,0
DA:236,0
DA:244,0
DA:245,0
DA:249,0
DA:250,0
DA:254,0
DA:255,0
DA:256,0
DA:261,0
DA:262,0
DA:263,0
DA:264,0
DA:265,0
DA:266,0
DA:267,0
DA:277,0
DA:278,0
DA:279,0
DA:280,0
DA:281,0
DA:284,0
DA:286,0
DA:295,0
DA:309,0
DA:310,0
DA:317,0
DA:325,0
DA:332,0
DA:340,0
DA:347,0
DA:348,0
DA:349,0
DA:350,0
DA:353,0
DA:354,0
DA:357,0
DA:359,0
DA:367,0
DA:370,0
DA:373,0
DA:380,0
DA:382,0
DA:385,0
DA:392,0
DA:393,0
DA:406,0
DA:419,0
DA:420,0
DA:421,0
DA:425,0
DA:426,0
DA:427,0
DA:428,0
DA:429,0
DA:433,0
DA:435,0
DA:436,0
DA:442,0
DA:445,0
DA:446,0
DA:448,0
DA:449,0
DA:451,0
DA:452,0
DA:454,0
DA:455,0
DA:457,0
DA:458,0
DA:460,0
DA:461,0
DA:463,0
DA:464,0
DA:466,0
LF:126
LH:0
BRDA:27,0,0,0
BRDA:27,0,1,0
BRDA:38,1,0,0
BRDA:38,1,1,0
BRDA:118,2,0,0
BRDA:132,3,0,0
BRDA:132,3,1,0
BRDA:133,4,0,0
BRDA:133,4,1,0
BRDA:145,5,0,0
BRDA:145,6,0,0
BRDA:145,6,1,0
BRDA:154,7,0,0
BRDA:164,8,0,0
BRDA:178,9,0,0
BRDA:182,10,0,0
BRDA:182,11,0,0
BRDA:182,11,1,0
BRDA:202,12,0,0
BRDA:210,13,0,0
BRDA:255,14,0,0
BRDA:264,15,0,0
BRDA:277,16,0,0
BRDA:309,17,0,0
BRDA:309,17,1,0
BRDA:325,18,0,0
BRDA:325,18,1,0
BRDA:340,19,0,0
BRDA:340,19,1,0
BRDA:349,20,0,0
BRDA:349,20,1,0
BRDA:353,21,0,0
BRDA:367,22,0,0
BRDA:380,23,0,0
BRDA:420,24,0,0
BRDA:421,25,0,0
BRDA:421,25,1,0
BRDA:427,26,0,0
BRDA:428,27,0,0
BRDA:428,27,1,0
BRF:40
BRH:0
end_of_record
TN:
SF:src\services\openaiService.ts
FN:38,(anonymous_0)
FN:78,(anonymous_1)
FN:131,(anonymous_2)
FN:194,(anonymous_3)
FN:235,(anonymous_4)
FN:245,(anonymous_5)
FN:266,(anonymous_6)
FN:278,(anonymous_7)
FN:344,(anonymous_8)
FN:350,(anonymous_9)
FN:351,(anonymous_10)
FN:359,(anonymous_11)
FN:362,(anonymous_12)
FN:373,(anonymous_13)
FN:426,(anonymous_14)
FN:463,(anonymous_15)
FNF:16
FNH:0
FNDA:0,(anonymous_0)
FNDA:0,(anonymous_1)
FNDA:0,(anonymous_2)
FNDA:0,(anonymous_3)
FNDA:0,(anonymous_4)
FNDA:0,(anonymous_5)
FNDA:0,(anonymous_6)
FNDA:0,(anonymous_7)
FNDA:0,(anonymous_8)
FNDA:0,(anonymous_9)
FNDA:0,(anonymous_10)
FNDA:0,(anonymous_11)
FNDA:0,(anonymous_12)
FNDA:0,(anonymous_13)
FNDA:0,(anonymous_14)
FNDA:0,(anonymous_15)
DA:9,0
DA:38,0
DA:43,0
DA:49,0
DA:51,0
DA:63,0
DA:64,0
DA:67,0
DA:68,0
DA:71,0
DA:72,0
DA:73,0
DA:78,0
DA:85,0
DA:106,0
DA:107,0
DA:108,0
DA:111,0
DA:113,0
DA:114,0
DA:120,0
DA:121,0
DA:124,0
DA:125,0
DA:126,0
DA:131,0
DA:137,0
DA:169,0
DA:170,0
DA:171,0
DA:174,0
DA:176,0
DA:177,0
DA:183,0
DA:184,0
DA:187,0
DA:188,0
DA:189,0
DA:194,0
DA:199,0
DA:210,0
DA:225,0
DA:226,0
DA:229,0
DA:235,0
DA:242,0
DA:243,0
DA:245,0
DA:246,0
DA:250,0
DA:259,0
DA:266,0
DA:278,0
DA:344,0
DA:350,0
DA:351,0
DA:353,0
DA:359,0
DA:362,0
DA:373,0
DA:426,0
DA:427,0
DA:428,0
DA:429,0
DA:432,0
DA:433,0
DA:436,0
DA:438,0
DA:440,0
DA:463,0
DA:464,0
DA:465,0
DA:466,0
DA:469,0
DA:470,0
DA:473,0
DA:475,0
DA:477,0
DA:511,0
LF:79
LH:0
BRDA:63,0,0,0
BRDA:106,1,0,0
BRDA:116,2,0,0
BRDA:116,2,1,0
BRDA:169,3,0,0
BRDA:179,4,0,0
BRDA:179,4,1,0
BRDA:225,5,0,0
BRDA:246,6,0,0
BRDA:246,6,1,0
BRDA:246,6,2,0
BRDA:286,7,0,0
BRDA:286,7,1,0
BRDA:351,8,0,0
BRDA:351,8,1,0
BRDA:359,9,0,0
BRDA:359,9,1,0
BRDA:383,10,0,0
BRDA:383,10,1,0
BRDA:383,11,0,0
BRDA:383,11,1,0
BRDA:387,12,0,0
BRDA:387,12,1,0
BRDA:432,13,0,0
BRDA:432,14,0,0
BRDA:432,14,1,0
BRDA:432,14,2,0
BRDA:469,15,0,0
BRDA:469,16,0,0
BRDA:469,16,1,0
BRDA:469,16,2,0
BRF:31
BRH:0
end_of_record
TN:
SF:src\utils\accessibilityUtils.ts
FN:11,(anonymous_0)
FN:23,(anonymous_1)
FN:35,(anonymous_2)
FN:60,(anonymous_3)
FN:63,(anonymous_4)
FN:73,(anonymous_5)
FN:146,(anonymous_6)
FN:156,(anonymous_7)
FN:164,(anonymous_8)
FN:177,(anonymous_9)
FN:184,(anonymous_10)
FN:194,(anonymous_11)
FN:207,(anonymous_12)
FN:218,getFocusableElements
FN:232,getLuminance
FN:244,(anonymous_15)
FNF:16
FNH:0
FNDA:0,(anonymous_0)
FNDA:0,(anonymous_1)
FNDA:0,(anonymous_2)
FNDA:0,(anonymous_3)
FNDA:0,(anonymous_4)
FNDA:0,(anonymous_5)
FNDA:0,(anonymous_6)
FNDA:0,(anonymous_7)
FNDA:0,(anonymous_8)
FNDA:0,(anonymous_9)
FNDA:0,(anonymous_10)
FNDA:0,(anonymous_11)
FNDA:0,(anonymous_12)
FNDA:0,getFocusableElements
FNDA:0,getLuminance
FNDA:0,(anonymous_15)
DA:7,0
DA:12,0
DA:13,0
DA:14,0
DA:15,0
DA:17,0
DA:24,0
DA:25,0
DA:26,0
DA:27,0
DA:29,0
DA:36,0
DA:37,0
DA:38,0
DA:40,0
DA:41,0
DA:43,0
DA:44,0
DA:45,0
DA:49,0
DA:50,0
DA:51,0
DA:61,0
DA:63,0
DA:69,0
DA:83,0
DA:84,0
DA:86,0
DA:88,0
DA:89,0
DA:90,0
DA:91,0
DA:92,0
DA:95,0
DA:97,0
DA:98,0
DA:99,0
DA:100,0
DA:101,0
DA:104,0
DA:106,0
DA:107,0
DA:108,0
DA:109,0
DA:110,0
DA:113,0
DA:115,0
DA:116,0
DA:117,0
DA:118,0
DA:119,0
DA:122,0
DA:124,0
DA:125,0
DA:126,0
DA:128,0
DA:129,0
DA:130,0
DA:133,0
DA:134,0
DA:137,0
DA:142,0
DA:147,0
DA:148,0
DA:149,0
DA:150,0
DA:151,0
DA:153,0
DA:156,0
DA:157,0
DA:165,0
DA:166,0
DA:167,0
DA:173,0
DA:178,0
DA:185,0
DA:195,0
DA:203,0
DA:210,0
DA:211,0
DA:212,0
DA:213,0
DA:219,0
DA:229,0
DA:235,0
DA:236,0
DA:237,0
DA:238,0
DA:240,0
DA:244,0
DA:245,0
LF:91
LH:0
BRDA:13,0,0,0
BRDA:25,1,0,0
BRDA:40,2,0,0
BRDA:41,3,0,0
BRDA:41,3,1,0
BRDA:43,4,0,0
BRDA:49,5,0,0
BRDA:61,6,0,0
BRDA:61,7,0,0
BRDA:61,7,1,0
BRDA:77,8,0,0
BRDA:83,9,0,0
BRDA:83,10,0,0
BRDA:83,11,0,0
BRDA:86,12,0,0
BRDA:86,12,1,0
BRDA:86,12,2,0
BRDA:86,12,3,0
BRDA:86,12,4,0
BRDA:86,12,5,0
BRDA:88,13,0,0
BRDA:88,14,0,0
BRDA:88,14,1,0
BRDA:90,15,0,0
BRDA:90,15,1,0
BRDA:91,16,0,0
BRDA:92,17,0,0
BRDA:92,17,1,0
BRDA:97,18,0,0
BRDA:97,19,0,0
BRDA:97,19,1,0
BRDA:99,20,0,0
BRDA:99,20,1,0
BRDA:100,21,0,0
BRDA:101,22,0,0
BRDA:101,22,1,0
BRDA:106,23,0,0
BRDA:106,24,0,0
BRDA:106,24,1,0
BRDA:109,25,0,0
BRDA:110,26,0,0
BRDA:110,26,1,0
BRDA:115,27,0,0
BRDA:115,28,0,0
BRDA:115,28,1,0
BRDA:118,29,0,0
BRDA:119,30,0,0
BRDA:119,30,1,0
BRDA:133,31,0,0
BRDA:133,32,0,0
BRDA:133,32,1,0
BRDA:146,33,0,0
BRDA:164,34,0,0
BRDA:166,35,0,0
BRDA:177,36,0,0
BRF:55
BRH:0
end_of_record
TN:
SF:src\utils\dateUtils.ts
FN:10,(anonymous_0)
FN:22,(anonymous_1)
FN:46,(anonymous_2)
FN:75,(anonymous_3)
FN:89,(anonymous_4)
FNF:5
FNH:0
FNDA:0,(anonymous_0)
FNDA:0,(anonymous_1)
FNDA:0,(anonymous_2)
FNDA:0,(anonymous_3)
FNDA:0,(anonymous_4)
DA:10,0
DA:11,0
DA:12,0
DA:13,0
DA:14,0
DA:15,0
DA:22,0
DA:23,0
DA:26,0
DA:28,0
DA:29,0
DA:33,0
DA:34,0
DA:35,0
DA:39,0
DA:46,0
DA:47,0
DA:52,0
DA:53,0
DA:55,0
DA:58,0
DA:59,0
DA:61,0
DA:64,0
DA:66,0
DA:75,0
DA:76,0
DA:78,0
DA:80,0
DA:83,0
DA:89,0
DA:90,0
LF:32
LH:0
BRDA:11,0,0,0
BRDA:23,1,0,0
BRDA:26,2,0,0
BRDA:34,3,0,0
BRDA:34,4,0,0
BRDA:34,4,1,0
BRDA:34,4,2,0
BRDA:47,5,0,0
BRDA:47,6,0,0
BRDA:47,6,1,0
BRDA:52,7,0,0
BRDA:52,7,1,0
BRDA:58,8,0,0
BRDA:58,8,1,0
BRDA:64,9,0,0
BRDA:64,10,0,0
BRDA:64,10,1,0
BRDA:66,11,0,0
BRDA:66,11,1,0
BRDA:66,11,2,0
BRDA:76,12,0,0
BRDA:78,13,0,0
BRDA:80,14,0,0
BRDA:80,14,1,0
BRF:24
BRH:0
end_of_record
TN:
SF:src\utils\dependencyUtils.ts
FN:23,buildDependencyGraph
FN:28,(anonymous_1)
FN:41,(anonymous_2)
FN:42,(anonymous_3)
FN:48,(anonymous_4)
FN:57,(anonymous_5)
FN:60,(anonymous_6)
FN:79,getBlockedTasksFromGraph
FN:80,(anonymous_8)
FN:86,getAvailableTasksFromGraph
FN:87,(anonymous_10)
FN:93,detectCircularDependencies
FN:98,(anonymous_12)
FN:113,(anonymous_13)
FN:115,(anonymous_14)
FN:123,(anonymous_15)
FN:135,calculateCriticalPath
FN:137,(anonymous_17)
FN:143,(anonymous_18)
FN:158,(anonymous_19)
FN:169,(anonymous_20)
FN:184,getSuggestedTaskOrder
FN:189,(anonymous_22)
FN:190,(anonymous_23)
FN:214,(anonymous_24)
FN:215,(anonymous_25)
FN:221,getTaskDependencyStats
FN:244,(anonymous_27)
FN:252,(anonymous_28)
FN:254,(anonymous_29)
FN:261,(anonymous_30)
FN:268,(anonymous_31)
FN:269,(anonymous_32)
FN:271,(anonymous_33)
FN:281,(anonymous_34)
FN:281,(anonymous_35)
FN:282,(anonymous_36)
FN:297,validateDependencies
FN:304,(anonymous_38)
FN:307,(anonymous_39)
FN:308,(anonymous_40)
FN:317,(anonymous_41)
FN:318,(anonymous_42)
FN:323,(anonymous_43)
FN:330,(anonymous_44)
FN:337,(anonymous_45)
FNF:46
FNH:45
FNDA:17,buildDependencyGraph
FNDA:64,(anonymous_1)
FNDA:64,(anonymous_2)
FNDA:40,(anonymous_3)
FNDA:84,(anonymous_4)
FNDA:64,(anonymous_5)
FNDA:28,(anonymous_6)
FNDA:7,getBlockedTasksFromGraph
FNDA:28,(anonymous_8)
FNDA:3,getAvailableTasksFromGraph
FNDA:12,(anonymous_10)
FNDA:9,detectCircularDependencies
FNDA:43,(anonymous_12)
FNDA:128,(anonymous_13)
FNDA:27,(anonymous_14)
FNDA:32,(anonymous_15)
FNDA:2,calculateCriticalPath
FNDA:7,(anonymous_17)
FNDA:7,(anonymous_18)
FNDA:3,(anonymous_19)
FNDA:7,(anonymous_20)
FNDA:2,getSuggestedTaskOrder
FNDA:5,(anonymous_22)
FNDA:12,(anonymous_23)
FNDA:5,(anonymous_24)
FNDA:5,(anonymous_25)
FNDA:2,getTaskDependencyStats
FNDA:4,(anonymous_27)
FNDA:2,(anonymous_28)
FNDA:0,(anonymous_29)
FNDA:5,(anonymous_30)
FNDA:3,(anonymous_31)
FNDA:3,(anonymous_32)
FNDA:1,(anonymous_33)
FNDA:2,(anonymous_34)
FNDA:3,(anonymous_35)
FNDA:2,(anonymous_36)
FNDA:6,validateDependencies
FNDA:24,(anonymous_38)
FNDA:24,(anonymous_39)
FNDA:20,(anonymous_40)
FNDA:2,(anonymous_41)
FNDA:5,(anonymous_42)
FNDA:24,(anonymous_43)
FNDA:24,(anonymous_44)
FNDA:24,(anonymous_45)
DA:1,1
DA:23,1
DA:24,17
DA:25,17
DA:28,17
DA:29,64
DA:41,17
DA:42,64
DA:43,40
DA:46,40
DA:47,40
DA:48,84
DA:49,39
DA:50,39
DA:57,17
DA:58,64
DA:60,58
DA:61,28
DA:62,28
DA:65,58
DA:66,58
DA:68,6
DA:69,6
DA:73,17
DA:79,1
DA:80,28
DA:86,1
DA:87,12
DA:93,1
DA:94,9
DA:95,9
DA:96,9
DA:98,9
DA:99,43
DA:101,4
DA:102,4
DA:103,4
DA:105,4
DA:108,39
DA:110,33
DA:111,33
DA:113,128
DA:114,33
DA:115,32
DA:116,27
DA:120,33
DA:123,9
DA:124,32
DA:125,16
DA:129,9
DA:135,1
DA:136,2
DA:137,7
DA:140,2
DA:141,2
DA:143,2
DA:144,7
DA:146,7
DA:147,7
DA:149,7
DA:150,7
DA:152,7
DA:153,7
DA:154,5
DA:157,2
DA:158,2
DA:159,3
DA:160,3
DA:161,2
DA:165,2
DA:169,2
DA:170,7
DA:171,4
DA:172,4
DA:173,2
DA:178,2
DA:184,1
DA:185,2
DA:186,2
DA:189,2
DA:190,12
DA:191,5
DA:194,5
DA:197,5
DA:200,5
DA:203,5
DA:204,1
DA:205,1
DA:206,1
DA:207,0
DA:210,5
DA:213,2
DA:214,5
DA:215,5
DA:221,1
DA:229,2
DA:230,2
DA:232,2
DA:233,0
DA:244,2
DA:245,4
DA:246,4
DA:248,4
DA:249,4
DA:251,4
DA:252,4
DA:253,2
DA:254,2
DA:257,4
DA:261,2
DA:262,5
DA:263,5
DA:265,5
DA:266,5
DA:268,5
DA:269,5
DA:270,3
DA:271,3
DA:274,5
DA:277,2
DA:278,2
DA:280,2
DA:281,3
DA:282,2
DA:284,2
DA:297,1
DA:302,6
DA:303,6
DA:304,24
DA:307,6
DA:308,24
DA:309,20
DA:310,1
DA:316,6
DA:317,6
DA:318,5
DA:319,2
DA:323,6
DA:324,24
DA:325,1
DA:330,6
DA:331,24
DA:332,1
DA:336,6
DA:337,24
DA:338,3
DA:341,6
LF:147
LH:145
BRDA:47,0,0,39
BRDA:49,1,0,39
BRDA:58,2,0,58
BRDA:58,2,1,6
BRDA:62,3,0,28
BRDA:62,3,1,27
BRDA:99,4,0,4
BRDA:102,5,0,4
BRDA:108,6,0,6
BRDA:114,7,0,32
BRDA:124,8,0,16
BRDA:144,9,0,0
BRDA:147,10,0,0
BRDA:153,11,0,5
BRDA:153,12,0,7
BRDA:153,12,1,7
BRDA:160,13,0,2
BRDA:170,14,0,4
BRDA:170,15,0,7
BRDA:170,15,1,4
BRDA:172,16,0,2
BRDA:203,17,0,1
BRDA:205,18,0,0
BRDA:205,18,1,1
BRDA:206,19,0,1
BRDA:206,19,1,0
BRDA:207,20,0,0
BRDA:232,21,0,0
BRDA:244,22,0,2
BRDA:245,23,0,0
BRDA:249,24,0,0
BRDA:261,25,0,2
BRDA:262,26,0,0
BRDA:266,27,0,0
BRDA:282,28,0,2
BRDA:282,28,1,2
BRDA:309,29,0,1
BRDA:318,30,0,5
BRDA:318,30,1,0
BRDA:324,31,0,1
BRDA:331,32,0,1
BRDA:337,33,0,3
BRF:42
BRH:31
end_of_record
TN:
SF:src\utils\projectUtils.ts
FN:6,(anonymous_0)
FN:10,(anonymous_1)
FN:17,(anonymous_2)
FN:24,(anonymous_3)
FN:42,(anonymous_4)
FN:46,(anonymous_5)
FN:47,(anonymous_6)
FN:61,(anonymous_7)
FN:62,(anonymous_8)
FN:72,(anonymous_9)
FN:76,(anonymous_10)
FN:82,(anonymous_11)
FN:86,(anonymous_12)
FN:97,(anonymous_13)
FN:98,(anonymous_14)
FN:100,(anonymous_15)
FN:101,(anonymous_16)
FN:115,(anonymous_17)
FN:132,(anonymous_18)
FN:133,(anonymous_19)
FN:135,(anonymous_20)
FN:136,(anonymous_21)
FN:150,(anonymous_22)
FN:151,(anonymous_23)
FN:156,(anonymous_24)
FNF:25
FNH:0
FNDA:0,(anonymous_0)
FNDA:0,(anonymous_1)
FNDA:0,(anonymous_2)
FNDA:0,(anonymous_3)
FNDA:0,(anonymous_4)
FNDA:0,(anonymous_5)
FNDA:0,(anonymous_6)
FNDA:0,(anonymous_7)
FNDA:0,(anonymous_8)
FNDA:0,(anonymous_9)
FNDA:0,(anonymous_10)
FNDA:0,(anonymous_11)
FNDA:0,(anonymous_12)
FNDA:0,(anonymous_13)
FNDA:0,(anonymous_14)
FNDA:0,(anonymous_15)
FNDA:0,(anonymous_16)
FNDA:0,(anonymous_17)
FNDA:0,(anonymous_18)
FNDA:0,(anonymous_19)
FNDA:0,(anonymous_20)
FNDA:0,(anonymous_21)
FNDA:0,(anonymous_22)
FNDA:0,(anonymous_23)
FNDA:0,(anonymous_24)
DA:6,0
DA:10,0
DA:12,0
DA:14,0
DA:17,0
DA:18,0
DA:24,0
DA:25,0
DA:27,0
DA:28,0
DA:29,0
DA:31,0
DA:32,0
DA:33,0
DA:34,0
DA:35,0
DA:36,0
DA:42,0
DA:46,0
DA:47,0
DA:49,0
DA:61,0
DA:62,0
DA:63,0
DA:64,0
DA:65,0
DA:72,0
DA:76,0
DA:82,0
DA:86,0
DA:88,0
DA:89,0
DA:90,0
DA:91,0
DA:92,0
DA:97,0
DA:98,0
DA:99,0
DA:100,0
DA:101,0
DA:102,0
DA:105,0
DA:108,0
DA:115,0
DA:119,0
DA:122,0
DA:123,0
DA:127,0
DA:128,0
DA:132,0
DA:133,0
DA:134,0
DA:135,0
DA:136,0
DA:137,0
DA:140,0
DA:143,0
DA:144,0
DA:147,0
DA:150,0
DA:151,0
DA:153,0
DA:155,0
DA:156,0
DA:158,0
LF:65
LH:0
BRDA:12,0,0,0
BRDA:14,1,0,0
BRDA:14,1,1,0
BRDA:25,2,0,0
BRDA:31,3,0,0
BRDA:32,4,0,0
BRDA:33,5,0,0
BRDA:34,6,0,0
BRDA:35,7,0,0
BRDA:63,8,0,0
BRDA:63,8,1,0
BRDA:63,9,0,0
BRDA:63,9,1,0
BRDA:64,10,0,0
BRDA:64,10,1,0
BRDA:64,11,0,0
BRDA:64,11,1,0
BRDA:88,12,0,0
BRDA:91,13,0,0
BRDA:91,14,0,0
BRDA:91,14,1,0
BRDA:99,15,0,0
BRDA:99,16,0,0
BRDA:99,16,1,0
BRDA:102,17,0,0
BRDA:102,17,1,0
BRDA:122,18,0,0
BRDA:122,19,0,0
BRDA:122,19,1,0
BRDA:127,20,0,0
BRDA:127,21,0,0
BRDA:127,21,1,0
BRDA:127,21,2,0
BRDA:134,22,0,0
BRDA:134,23,0,0
BRDA:134,23,1,0
BRDA:137,24,0,0
BRDA:137,24,1,0
BRDA:143,25,0,0
BRDA:153,26,0,0
BRF:40
BRH:0
end_of_record
TN:
SF:src\utils\securityUtils.ts
FN:38,(anonymous_0)
FN:42,(anonymous_1)
FN:57,(anonymous_2)
FN:65,(anonymous_3)
FN:96,(anonymous_4)
FN:116,(anonymous_5)
FN:126,(anonymous_6)
FN:144,(anonymous_7)
FN:175,(anonymous_8)
FN:190,(anonymous_9)
FN:204,(anonymous_10)
FN:218,(anonymous_11)
FN:225,(anonymous_12)
FN:227,(anonymous_13)
FN:242,(anonymous_14)
FN:245,(anonymous_15)
FN:252,(anonymous_16)
FN:262,(anonymous_17)
FN:272,(anonymous_18)
FN:302,(anonymous_19)
FN:308,(anonymous_20)
FN:318,(anonymous_21)
FN:328,(anonymous_22)
FNF:23
FNH:0
FNDA:0,(anonymous_0)
FNDA:0,(anonymous_1)
FNDA:0,(anonymous_2)
FNDA:0,(anonymous_3)
FNDA:0,(anonymous_4)
FNDA:0,(anonymous_5)
FNDA:0,(anonymous_6)
FNDA:0,(anonymous_7)
FNDA:0,(anonymous_8)
FNDA:0,(anonymous_9)
FNDA:0,(anonymous_10)
FNDA:0,(anonymous_11)
FNDA:0,(anonymous_12)
FNDA:0,(anonymous_13)
FNDA:0,(anonymous_14)
FNDA:0,(anonymous_15)
FNDA:0,(anonymous_16)
FNDA:0,(anonymous_17)
FNDA:0,(anonymous_18)
FNDA:0,(anonymous_19)
FNDA:0,(anonymous_20)
FNDA:0,(anonymous_21)
FNDA:0,(anonymous_22)
DA:7,0
DA:34,0
DA:39,0
DA:41,0
DA:43,0
DA:49,0
DA:58,0
DA:59,0
DA:66,0
DA:68,0
DA:69,0
DA:71,0
DA:72,0
DA:74,0
DA:75,0
DA:77,0
DA:78,0
DA:80,0
DA:81,0
DA:83,0
DA:84,0
DA:87,0
DA:97,0
DA:99,0
DA:100,0
DA:103,0
DA:104,0
DA:108,0
DA:116,0
DA:117,0
DA:120,0
DA:127,0
DA:129,0
DA:130,0
DA:133,0
DA:138,0
DA:139,0
DA:149,0
DA:150,0
DA:152,0
DA:154,0
DA:158,0
DA:161,0
DA:162,0
DA:168,0
DA:169,0
DA:176,0
DA:177,0
DA:178,0
DA:179,0
DA:186,0
DA:191,0
DA:192,0
DA:193,0
DA:194,0
DA:196,0
DA:197,0
DA:205,0
DA:206,0
DA:207,0
DA:208,0
DA:210,0
DA:211,0
DA:219,0
DA:226,0
DA:227,0
DA:228,0
DA:229,0
DA:236,0
DA:237,0
DA:243,0
DA:244,0
DA:245,0
DA:246,0
DA:253,0
DA:254,0
DA:256,0
DA:263,0
DA:268,0
DA:276,0
DA:285,0
DA:288,0
DA:289,0
DA:292,0
DA:293,0
DA:296,0
DA:303,0
DA:308,0
DA:309,0
DA:318,0
DA:320,0
DA:321,0
DA:325,0
DA:328,0
DA:329,0
DA:332,0
DA:336,0
DA:346,0
LF:98
LH:0
BRDA:39,0,0,0
BRDA:49,1,0,0
BRDA:49,1,1,0
BRDA:59,2,0,0
BRDA:59,2,1,0
BRDA:68,3,0,0
BRDA:71,4,0,0
BRDA:74,5,0,0
BRDA:77,6,0,0
BRDA:80,7,0,0
BRDA:83,8,0,0
BRDA:99,9,0,0
BRDA:99,10,0,0
BRDA:99,10,1,0
BRDA:103,11,0,0
BRDA:116,12,0,0
BRDA:129,13,0,0
BRDA:146,14,0,0
BRDA:147,15,0,0
BRDA:152,16,0,0
BRDA:152,17,0,0
BRDA:152,17,1,0
BRDA:161,18,0,0
BRDA:178,19,0,0
BRDA:207,20,0,0
BRDA:228,21,0,0
BRDA:253,22,0,0
BRDA:263,23,0,0
BRDA:263,23,1,0
BRDA:274,24,0,0
BRDA:288,25,0,0
BRDA:288,25,1,0
BRDA:292,26,0,0
BRDA:303,27,0,0
BRDA:303,27,1,0
BRDA:320,28,0,0
BRF:36
BRH:0
end_of_record
TN:
SF:src\utils\testUtils.tsx
FN:220,(anonymous_5)
FN:224,(anonymous_6)
FN:246,(anonymous_7)
FN:275,(anonymous_8)
FN:283,(anonymous_9)
FN:283,(anonymous_10)
FN:287,(anonymous_11)
FNF:7
FNH:0
FNDA:0,(anonymous_5)
FNDA:0,(anonymous_6)
FNDA:0,(anonymous_7)
FNDA:0,(anonymous_8)
FNDA:0,(anonymous_9)
FNDA:0,(anonymous_10)
FNDA:0,(anonymous_11)
DA:1,0
DA:2,0
DA:3,0
DA:4,0
DA:5,0
DA:18,0
DA:44,0
DA:74,0
DA:103,0
DA:122,0
DA:175,0
DA:185,0
DA:220,0
DA:224,0
DA:225,0
DA:230,0
DA:234,0
DA:246,0
DA:252,0
DA:268,0
DA:275,0
DA:283,0
DA:286,0
DA:287,0
LF:24
LH:0
BRDA:222,0,0,0
BRDA:222,1,0,0
BRDA:246,2,0,0
BRDA:246,3,0,0
BRF:4
BRH:0
end_of_record
