TN:
SF:services\adaptiveDatabaseService.ts
FN:10,(anonymous_0)
FN:14,(anonymous_1)
FN:19,(anonymous_2)
FN:34,(anonymous_3)
FN:49,(anonymous_4)
FN:64,(anonymous_5)
FN:79,(anonymous_6)
FN:96,(anonymous_7)
FN:114,(anonymous_8)
FN:131,(anonymous_9)
FN:148,(anonymous_10)
FN:165,(anonymous_11)
FN:182,(anonymous_12)
FN:200,(anonymous_13)
FN:217,(anonymous_14)
FN:235,(anonymous_15)
FN:252,(anonymous_16)
FN:269,(anonymous_17)
FN:286,(anonymous_18)
FN:304,(anonymous_19)
FN:321,(anonymous_20)
FN:339,(anonymous_21)
FN:344,(anonymous_22)
FNF:23
FNH:0
FNDA:0,(anonymous_0)
FNDA:0,(anonymous_1)
FNDA:0,(anonymous_2)
FNDA:0,(anonymous_3)
FNDA:0,(anonymous_4)
FNDA:0,(anonymous_5)
FNDA:0,(anonymous_6)
FNDA:0,(anonymous_7)
FNDA:0,(anonymous_8)
FNDA:0,(anonymous_9)
FNDA:0,(anonymous_10)
FNDA:0,(anonymous_11)
FNDA:0,(anonymous_12)
FNDA:0,(anonymous_13)
FNDA:0,(anonymous_14)
FNDA:0,(anonymous_15)
FNDA:0,(anonymous_16)
FNDA:0,(anonymous_17)
FNDA:0,(anonymous_18)
FNDA:0,(anonymous_19)
FNDA:0,(anonymous_20)
FNDA:0,(anonymous_21)
FNDA:0,(anonymous_22)
DA:1,0
DA:2,0
DA:3,0
DA:11,0
DA:15,0
DA:20,0
DA:21,0
DA:22,0
DA:24,0
DA:25,0
DA:26,0
DA:29,0
DA:30,0
DA:35,0
DA:36,0
DA:37,0
DA:39,0
DA:40,0
DA:41,0
DA:44,0
DA:45,0
DA:50,0
DA:51,0
DA:52,0
DA:54,0
DA:55,0
DA:56,0
DA:59,0
DA:60,0
DA:65,0
DA:66,0
DA:67,0
DA:69,0
DA:70,0
DA:71,0
DA:74,0
DA:75,0
DA:80,0
DA:81,0
DA:82,0
DA:83,0
DA:85,0
DA:86,0
DA:87,0
DA:90,0
DA:91,0
DA:97,0
DA:98,0
DA:101,0
DA:102,0
DA:104,0
DA:105,0
DA:106,0
DA:109,0
DA:110,0
DA:115,0
DA:116,0
DA:118,0
DA:119,0
DA:121,0
DA:122,0
DA:123,0
DA:126,0
DA:127,0
DA:132,0
DA:133,0
DA:135,0
DA:136,0
DA:138,0
DA:139,0
DA:140,0
DA:143,0
DA:144,0
DA:149,0
DA:150,0
DA:152,0
DA:153,0
DA:155,0
DA:156,0
DA:157,0
DA:160,0
DA:161,0
DA:166,0
DA:167,0
DA:169,0
DA:170,0
DA:172,0
DA:173,0
DA:174,0
DA:177,0
DA:178,0
DA:183,0
DA:184,0
DA:186,0
DA:187,0
DA:189,0
DA:190,0
DA:191,0
DA:194,0
DA:195,0
DA:201,0
DA:202,0
DA:204,0
DA:205,0
DA:207,0
DA:208,0
DA:209,0
DA:212,0
DA:213,0
DA:218,0
DA:219,0
DA:221,0
DA:222,0
DA:224,0
DA:225,0
DA:226,0
DA:229,0
DA:230,0
DA:236,0
DA:237,0
DA:239,0
DA:240,0
DA:242,0
DA:243,0
DA:244,0
DA:247,0
DA:248,0
DA:253,0
DA:254,0
DA:256,0
DA:257,0
DA:259,0
DA:260,0
DA:261,0
DA:264,0
DA:265,0
DA:270,0
DA:271,0
DA:273,0
DA:274,0
DA:276,0
DA:277,0
DA:278,0
DA:281,0
DA:282,0
DA:287,0
DA:288,0
DA:290,0
DA:291,0
DA:293,0
DA:294,0
DA:295,0
DA:298,0
DA:299,0
DA:305,0
DA:306,0
DA:308,0
DA:309,0
DA:311,0
DA:312,0
DA:313,0
DA:316,0
DA:317,0
DA:322,0
DA:323,0
DA:325,0
DA:326,0
DA:328,0
DA:329,0
DA:330,0
DA:333,0
DA:334,0
DA:340,0
DA:341,0
DA:345,0
DA:346,0
DA:348,0
DA:355,0
LF:178
LH:0
BRDA:11,0,0,0
BRDA:11,0,1,0
BRDA:20,1,0,0
BRDA:20,1,1,0
BRDA:35,2,0,0
BRDA:35,2,1,0
BRDA:50,3,0,0
BRDA:50,3,1,0
BRDA:65,4,0,0
BRDA:65,4,1,0
BRDA:80,5,0,0
BRDA:80,5,1,0
BRDA:97,6,0,0
BRDA:97,6,1,0
BRDA:115,7,0,0
BRDA:115,7,1,0
BRDA:132,8,0,0
BRDA:132,8,1,0
BRDA:149,9,0,0
BRDA:149,9,1,0
BRDA:166,10,0,0
BRDA:166,10,1,0
BRDA:183,11,0,0
BRDA:183,11,1,0
BRDA:201,12,0,0
BRDA:201,12,1,0
BRDA:218,13,0,0
BRDA:218,13,1,0
BRDA:236,14,0,0
BRDA:236,14,1,0
BRDA:253,15,0,0
BRDA:253,15,1,0
BRDA:270,16,0,0
BRDA:270,16,1,0
BRDA:287,17,0,0
BRDA:287,17,1,0
BRDA:305,18,0,0
BRDA:305,18,1,0
BRDA:322,19,0,0
BRDA:322,19,1,0
BRDA:346,20,0,0
BRDA:346,20,1,0
BRF:42
BRH:0
end_of_record
TN:
SF:services\analyticsService.ts
FN:76,(anonymous_0)
FN:95,(anonymous_1)
FN:96,(anonymous_2)
FN:100,(anonymous_3)
FN:135,(anonymous_4)
FN:152,(anonymous_5)
FN:163,(anonymous_6)
FN:199,(anonymous_7)
FN:200,(anonymous_8)
FN:206,(anonymous_9)
FN:213,(anonymous_10)
FN:214,(anonymous_11)
FN:218,(anonymous_12)
FN:225,(anonymous_13)
FN:235,(anonymous_14)
FN:254,(anonymous_15)
FN:264,(anonymous_16)
FN:290,(anonymous_17)
FN:328,(anonymous_18)
FN:332,(anonymous_19)
FN:339,(anonymous_20)
FN:348,(anonymous_21)
FN:354,(anonymous_22)
FN:355,(anonymous_23)
FN:356,(anonymous_24)
FN:357,(anonymous_25)
FN:368,(anonymous_26)
FN:372,(anonymous_27)
FN:373,(anonymous_28)
FN:378,(anonymous_29)
FN:379,(anonymous_30)
FN:383,(anonymous_31)
FN:392,(anonymous_32)
FN:397,(anonymous_33)
FN:398,(anonymous_34)
FN:406,(anonymous_35)
FN:407,(anonymous_36)
FN:408,(anonymous_37)
FN:412,(anonymous_38)
FN:416,(anonymous_39)
FN:417,(anonymous_40)
FN:418,(anonymous_41)
FN:430,(anonymous_42)
FN:442,(anonymous_43)
FNF:44
FNH:0
FNDA:0,(anonymous_0)
FNDA:0,(anonymous_1)
FNDA:0,(anonymous_2)
FNDA:0,(anonymous_3)
FNDA:0,(anonymous_4)
FNDA:0,(anonymous_5)
FNDA:0,(anonymous_6)
FNDA:0,(anonymous_7)
FNDA:0,(anonymous_8)
FNDA:0,(anonymous_9)
FNDA:0,(anonymous_10)
FNDA:0,(anonymous_11)
FNDA:0,(anonymous_12)
FNDA:0,(anonymous_13)
FNDA:0,(anonymous_14)
FNDA:0,(anonymous_15)
FNDA:0,(anonymous_16)
FNDA:0,(anonymous_17)
FNDA:0,(anonymous_18)
FNDA:0,(anonymous_19)
FNDA:0,(anonymous_20)
FNDA:0,(anonymous_21)
FNDA:0,(anonymous_22)
FNDA:0,(anonymous_23)
FNDA:0,(anonymous_24)
FNDA:0,(anonymous_25)
FNDA:0,(anonymous_26)
FNDA:0,(anonymous_27)
FNDA:0,(anonymous_28)
FNDA:0,(anonymous_29)
FNDA:0,(anonymous_30)
FNDA:0,(anonymous_31)
FNDA:0,(anonymous_32)
FNDA:0,(anonymous_33)
FNDA:0,(anonymous_34)
FNDA:0,(anonymous_35)
FNDA:0,(anonymous_36)
FNDA:0,(anonymous_37)
FNDA:0,(anonymous_38)
FNDA:0,(anonymous_39)
FNDA:0,(anonymous_40)
FNDA:0,(anonymous_41)
FNDA:0,(anonymous_42)
FNDA:0,(anonymous_43)
DA:1,0
DA:72,0
DA:77,0
DA:78,0
DA:79,0
DA:80,0
DA:81,0
DA:83,0
DA:96,0
DA:97,0
DA:98,0
DA:100,0
DA:101,0
DA:102,0
DA:105,0
DA:108,0
DA:111,0
DA:114,0
DA:115,0
DA:116,0
DA:117,0
DA:119,0
DA:138,0
DA:141,0
DA:144,0
DA:146,0
DA:153,0
DA:154,0
DA:155,0
DA:157,0
DA:163,0
DA:164,0
DA:165,0
DA:166,0
DA:169,0
DA:170,0
DA:171,0
DA:172,0
DA:173,0
DA:174,0
DA:175,0
DA:176,0
DA:178,0
DA:183,0
DA:184,0
DA:186,0
DA:200,0
DA:201,0
DA:202,0
DA:205,0
DA:206,0
DA:207,0
DA:208,0
DA:212,0
DA:213,0
DA:214,0
DA:218,0
DA:221,0
DA:222,0
DA:223,0
DA:225,0
DA:226,0
DA:227,0
DA:228,0
DA:229,0
DA:230,0
DA:235,0
DA:236,0
DA:237,0
DA:238,0
DA:239,0
DA:240,0
DA:246,0
DA:247,0
DA:248,0
DA:250,0
DA:254,0
DA:266,0
DA:267,0
DA:272,0
DA:277,0
DA:279,0
DA:291,0
DA:292,0
DA:294,0
DA:295,0
DA:297,0
DA:298,0
DA:299,0
DA:300,0
DA:301,0
DA:302,0
DA:305,0
DA:308,0
DA:309,0
DA:310,0
DA:311,0
DA:313,0
DA:322,0
DA:329,0
DA:332,0
DA:333,0
DA:342,0
DA:349,0
DA:350,0
DA:351,0
DA:354,0
DA:355,0
DA:356,0
DA:357,0
DA:359,0
DA:369,0
DA:373,0
DA:374,0
DA:375,0
DA:379,0
DA:380,0
DA:382,0
DA:383,0
DA:384,0
DA:389,0
DA:394,0
DA:398,0
DA:399,0
DA:401,0
DA:402,0
DA:403,0
DA:407,0
DA:408,0
DA:409,0
DA:413,0
DA:414,0
DA:416,0
DA:417,0
DA:418,0
DA:420,0
DA:438,0
DA:439,0
DA:442,0
DA:445,0
DA:454,0
DA:463,0
DA:473,0
DA:483,0
DA:484,0
DA:485,0
DA:486,0
DA:487,0
DA:490,0
LF:149
LH:0
BRDA:98,0,0,0
BRDA:98,0,1,0
BRDA:102,1,0,0
BRDA:102,1,1,0
BRDA:164,2,0,0
BRDA:164,3,0,0
BRDA:164,3,1,0
BRDA:169,4,0,0
BRDA:169,4,1,0
BRDA:172,5,0,0
BRDA:172,5,1,0
BRDA:183,6,0,0
BRDA:183,6,1,0
BRDA:184,7,0,0
BRDA:184,7,1,0
BRDA:202,8,0,0
BRDA:202,8,1,0
BRDA:207,9,0,0
BRDA:208,10,0,0
BRDA:208,10,1,0
BRDA:216,11,0,0
BRDA:216,11,1,0
BRDA:226,12,0,0
BRDA:228,13,0,0
BRDA:228,14,0,0
BRDA:228,14,1,0
BRDA:236,15,0,0
BRDA:238,16,0,0
BRDA:238,17,0,0
BRDA:238,17,1,0
BRDA:297,18,0,0
BRDA:297,18,1,0
BRDA:299,19,0,0
BRDA:299,19,1,0
BRDA:301,20,0,0
BRDA:329,21,0,0
BRDA:350,22,0,0
BRDA:375,23,0,0
BRDA:375,23,1,0
BRDA:380,24,0,0
BRDA:384,25,0,0
BRDA:384,25,1,0
BRDA:384,25,2,0
BRDA:401,26,0,0
BRDA:402,27,0,0
BRDA:414,28,0,0
BRDA:447,29,0,0
BRDA:447,29,1,0
BRDA:448,30,0,0
BRDA:448,30,1,0
BRDA:456,31,0,0
BRDA:456,31,1,0
BRDA:457,32,0,0
BRDA:457,32,1,0
BRDA:458,33,0,0
BRDA:458,33,1,0
BRDA:459,34,0,0
BRDA:459,34,1,0
BRDA:464,35,0,0
BRDA:464,35,1,0
BRDA:465,36,0,0
BRDA:465,36,1,0
BRDA:466,37,0,0
BRDA:466,37,1,0
BRDA:467,38,0,0
BRDA:467,38,1,0
BRDA:468,39,0,0
BRDA:468,39,1,0
BRDA:469,40,0,0
BRDA:469,40,1,0
BRDA:474,41,0,0
BRDA:474,41,1,0
BRDA:475,42,0,0
BRDA:475,42,1,0
BRDA:476,43,0,0
BRDA:476,43,1,0
BRDA:477,44,0,0
BRDA:477,44,1,0
BRDA:478,45,0,0
BRDA:478,45,1,0
BRDA:479,46,0,0
BRDA:479,46,1,0
BRDA:484,47,0,0
BRDA:484,47,1,0
BRDA:484,48,0,0
BRDA:484,48,1,0
BRDA:486,49,0,0
BRDA:486,50,0,0
BRDA:486,50,1,0
BRF:89
BRH:0
end_of_record
TN:
SF:services\customDatabaseService.ts
FN:8,(anonymous_0)
FN:12,(anonymous_1)
FN:13,(anonymous_2)
FN:20,(anonymous_3)
FN:28,(anonymous_4)
FN:40,(anonymous_5)
FN:52,(anonymous_6)
FN:56,(anonymous_7)
FN:58,(anonymous_8)
FN:61,(anonymous_9)
FN:81,(anonymous_10)
FN:83,(anonymous_11)
FN:101,(anonymous_12)
FN:103,(anonymous_13)
FN:111,(anonymous_14)
FN:119,(anonymous_15)
FN:123,(anonymous_16)
FN:125,(anonymous_17)
FN:128,(anonymous_18)
FN:130,(anonymous_19)
FN:133,(anonymous_20)
FN:152,(anonymous_21)
FN:154,(anonymous_22)
FN:172,(anonymous_23)
FN:174,(anonymous_24)
FN:185,(anonymous_25)
FN:190,(anonymous_26)
FN:222,(anonymous_27)
FN:226,(anonymous_28)
FN:243,(anonymous_29)
FN:245,(anonymous_30)
FN:263,(anonymous_31)
FN:265,(anonymous_32)
FN:276,(anonymous_33)
FN:280,(anonymous_34)
FN:298,(anonymous_35)
FN:302,(anonymous_36)
FNF:37
FNH:0
FNDA:0,(anonymous_0)
FNDA:0,(anonymous_1)
FNDA:0,(anonymous_2)
FNDA:0,(anonymous_3)
FNDA:0,(anonymous_4)
FNDA:0,(anonymous_5)
FNDA:0,(anonymous_6)
FNDA:0,(anonymous_7)
FNDA:0,(anonymous_8)
FNDA:0,(anonymous_9)
FNDA:0,(anonymous_10)
FNDA:0,(anonymous_11)
FNDA:0,(anonymous_12)
FNDA:0,(anonymous_13)
FNDA:0,(anonymous_14)
FNDA:0,(anonymous_15)
FNDA:0,(anonymous_16)
FNDA:0,(anonymous_17)
FNDA:0,(anonymous_18)
FNDA:0,(anonymous_19)
FNDA:0,(anonymous_20)
FNDA:0,(anonymous_21)
FNDA:0,(anonymous_22)
FNDA:0,(anonymous_23)
FNDA:0,(anonymous_24)
FNDA:0,(anonymous_25)
FNDA:0,(anonymous_26)
FNDA:0,(anonymous_27)
FNDA:0,(anonymous_28)
FNDA:0,(anonymous_29)
FNDA:0,(anonymous_30)
FNDA:0,(anonymous_31)
FNDA:0,(anonymous_32)
FNDA:0,(anonymous_33)
FNDA:0,(anonymous_34)
FNDA:0,(anonymous_35)
FNDA:0,(anonymous_36)
DA:1,0
DA:9,0
DA:13,0
DA:14,0
DA:15,0
DA:16,0
DA:21,0
DA:22,0
DA:23,0
DA:25,0
DA:29,0
DA:30,0
DA:31,0
DA:32,0
DA:33,0
DA:35,0
DA:36,0
DA:41,0
DA:42,0
DA:43,0
DA:44,0
DA:46,0
DA:47,0
DA:53,0
DA:57,0
DA:58,0
DA:62,0
DA:63,0
DA:65,0
DA:76,0
DA:77,0
DA:78,0
DA:82,0
DA:83,0
DA:85,0
DA:86,0
DA:89,0
DA:96,0
DA:97,0
DA:98,0
DA:102,0
DA:103,0
DA:105,0
DA:106,0
DA:110,0
DA:111,0
DA:112,0
DA:114,0
DA:115,0
DA:120,0
DA:124,0
DA:125,0
DA:129,0
DA:130,0
DA:134,0
DA:135,0
DA:137,0
DA:147,0
DA:148,0
DA:149,0
DA:153,0
DA:154,0
DA:156,0
DA:157,0
DA:160,0
DA:167,0
DA:168,0
DA:169,0
DA:173,0
DA:174,0
DA:176,0
DA:177,0
DA:180,0
DA:181,0
DA:186,0
DA:187,0
DA:191,0
DA:192,0
DA:194,0
DA:210,0
DA:217,0
DA:218,0
DA:223,0
DA:227,0
DA:228,0
DA:230,0
DA:238,0
DA:239,0
DA:240,0
DA:244,0
DA:245,0
DA:247,0
DA:248,0
DA:251,0
DA:258,0
DA:259,0
DA:260,0
DA:264,0
DA:265,0
DA:267,0
DA:268,0
DA:271,0
DA:272,0
DA:277,0
DA:281,0
DA:282,0
DA:284,0
DA:292,0
DA:293,0
DA:294,0
DA:299,0
DA:300,0
DA:302,0
DA:303,0
DA:304,0
DA:309,0
LF:116
LH:0
BRDA:15,0,0,0
BRDA:15,0,1,0
BRDA:22,1,0,0
BRDA:33,2,0,0
BRDA:33,2,1,0
BRDA:58,3,0,0
BRDA:58,3,1,0
BRDA:71,4,0,0
BRDA:71,4,1,0
BRDA:72,5,0,0
BRDA:72,5,1,0
BRDA:73,6,0,0
BRDA:73,6,1,0
BRDA:85,7,0,0
BRDA:105,8,0,0
BRDA:125,9,0,0
BRDA:125,9,1,0
BRDA:143,10,0,0
BRDA:143,10,1,0
BRDA:144,11,0,0
BRDA:144,11,1,0
BRDA:156,12,0,0
BRDA:176,13,0,0
BRDA:187,14,0,0
BRDA:187,14,1,0
BRDA:211,15,0,0
BRDA:211,15,1,0
BRDA:247,16,0,0
BRDA:267,17,0,0
BRF:29
BRH:0
end_of_record
TN:
SF:services\databaseService.ts
FN:25,(anonymous_0)
FN:35,(anonymous_1)
FN:42,(anonymous_2)
FN:52,(anonymous_3)
FN:53,(anonymous_4)
FN:77,(anonymous_5)
FN:88,(anonymous_6)
FN:103,(anonymous_7)
FN:120,(anonymous_8)
FN:152,(anonymous_9)
FN:163,(anonymous_10)
FN:180,(anonymous_11)
FN:191,(anonymous_12)
FN:205,(anonymous_13)
FN:210,(anonymous_14)
FN:222,(anonymous_15)
FN:235,(anonymous_16)
FN:250,(anonymous_17)
FN:259,(anonymous_18)
FN:274,(anonymous_19)
FN:287,(anonymous_20)
FN:303,(anonymous_21)
FN:309,(anonymous_22)
FN:322,(anonymous_23)
FN:344,(anonymous_24)
FN:403,(anonymous_25)
FN:421,(anonymous_26)
FN:435,(anonymous_27)
FN:448,(anonymous_28)
FN:461,(anonymous_29)
FN:474,(anonymous_30)
FN:492,(anonymous_31)
FN:516,(anonymous_32)
FN:548,(anonymous_33)
FN:554,(anonymous_34)
FN:562,(anonymous_35)
FN:577,(anonymous_36)
FN:595,(anonymous_37)
FN:619,(anonymous_38)
FN:645,(anonymous_39)
FN:659,(anonymous_40)
FN:679,(anonymous_41)
FN:690,(anonymous_42)
FN:704,(anonymous_43)
FN:716,(anonymous_44)
FN:733,(anonymous_45)
FN:741,(anonymous_46)
FN:765,(anonymous_47)
FN:801,(anonymous_48)
FN:822,(anonymous_49)
FN:828,(anonymous_50)
FN:849,(anonymous_51)
FN:861,(anonymous_52)
FN:872,(anonymous_53)
FN:880,(anonymous_54)
FN:904,(anonymous_55)
FN:951,(anonymous_56)
FN:983,(anonymous_57)
FN:998,(anonymous_58)
FN:1010,(anonymous_59)
FN:1018,(anonymous_60)
FN:1031,(anonymous_61)
FN:1039,(anonymous_62)
FN:1053,(anonymous_63)
FN:1064,(anonymous_64)
FN:1086,(anonymous_65)
FN:1147,(anonymous_66)
FN:1167,(anonymous_67)
FN:1222,(anonymous_68)
FN:1234,(anonymous_69)
FN:1247,(anonymous_70)
FN:1261,(anonymous_71)
FN:1272,(anonymous_72)
FN:1290,(anonymous_73)
FN:1330,(anonymous_74)
FN:1331,(anonymous_75)
FN:1332,(anonymous_76)
FN:1360,(anonymous_77)
FN:1361,(anonymous_78)
FN:1362,(anonymous_79)
FN:1363,(anonymous_80)
FN:1376,(anonymous_81)
FN:1377,(anonymous_82)
FN:1386,(anonymous_83)
FN:1387,(anonymous_84)
FN:1405,(anonymous_85)
FN:1422,(anonymous_86)
FN:1441,(anonymous_87)
FN:1455,(anonymous_88)
FN:1468,(anonymous_89)
FN:1469,(anonymous_90)
FN:1475,(anonymous_91)
FN:1476,(anonymous_92)
FN:1486,(anonymous_93)
FN:1487,(anonymous_94)
FN:1493,(anonymous_95)
FN:1494,(anonymous_96)
FN:1503,(anonymous_97)
FN:1522,(anonymous_98)
FN:1534,(anonymous_99)
FN:1547,(anonymous_100)
FN:1561,(anonymous_101)
FN:1577,(anonymous_102)
FN:1599,(anonymous_103)
FN:1611,(anonymous_104)
FN:1614,(anonymous_105)
FN:1621,(anonymous_106)
FN:1643,(anonymous_107)
FN:1669,(anonymous_108)
FN:1671,(anonymous_109)
FN:1672,(anonymous_110)
FN:1679,(anonymous_111)
FN:1681,(anonymous_112)
FN:1682,(anonymous_113)
FN:1697,(anonymous_114)
FN:1727,(anonymous_115)
FN:1728,(anonymous_116)
FN:1735,(anonymous_117)
FN:1736,(anonymous_118)
FN:1740,(anonymous_119)
FN:1741,(anonymous_120)
FN:1745,(anonymous_121)
FN:1746,(anonymous_122)
FN:1750,(anonymous_123)
FN:1751,(anonymous_124)
FN:1763,(anonymous_125)
FN:1783,(anonymous_126)
FN:1807,(anonymous_127)
FN:1823,(anonymous_128)
FN:1839,(anonymous_129)
FN:1855,(anonymous_130)
FN:1872,(anonymous_131)
FN:1879,(anonymous_132)
FN:1886,(anonymous_133)
FN:1893,(anonymous_134)
FN:1921,(anonymous_135)
FN:1933,(anonymous_136)
FN:1945,(anonymous_137)
FN:1952,(anonymous_138)
FNF:139
FNH:0
FNDA:0,(anonymous_0)
FNDA:0,(anonymous_1)
FNDA:0,(anonymous_2)
FNDA:0,(anonymous_3)
FNDA:0,(anonymous_4)
FNDA:0,(anonymous_5)
FNDA:0,(anonymous_6)
FNDA:0,(anonymous_7)
FNDA:0,(anonymous_8)
FNDA:0,(anonymous_9)
FNDA:0,(anonymous_10)
FNDA:0,(anonymous_11)
FNDA:0,(anonymous_12)
FNDA:0,(anonymous_13)
FNDA:0,(anonymous_14)
FNDA:0,(anonymous_15)
FNDA:0,(anonymous_16)
FNDA:0,(anonymous_17)
FNDA:0,(anonymous_18)
FNDA:0,(anonymous_19)
FNDA:0,(anonymous_20)
FNDA:0,(anonymous_21)
FNDA:0,(anonymous_22)
FNDA:0,(anonymous_23)
FNDA:0,(anonymous_24)
FNDA:0,(anonymous_25)
FNDA:0,(anonymous_26)
FNDA:0,(anonymous_27)
FNDA:0,(anonymous_28)
FNDA:0,(anonymous_29)
FNDA:0,(anonymous_30)
FNDA:0,(anonymous_31)
FNDA:0,(anonymous_32)
FNDA:0,(anonymous_33)
FNDA:0,(anonymous_34)
FNDA:0,(anonymous_35)
FNDA:0,(anonymous_36)
FNDA:0,(anonymous_37)
FNDA:0,(anonymous_38)
FNDA:0,(anonymous_39)
FNDA:0,(anonymous_40)
FNDA:0,(anonymous_41)
FNDA:0,(anonymous_42)
FNDA:0,(anonymous_43)
FNDA:0,(anonymous_44)
FNDA:0,(anonymous_45)
FNDA:0,(anonymous_46)
FNDA:0,(anonymous_47)
FNDA:0,(anonymous_48)
FNDA:0,(anonymous_49)
FNDA:0,(anonymous_50)
FNDA:0,(anonymous_51)
FNDA:0,(anonymous_52)
FNDA:0,(anonymous_53)
FNDA:0,(anonymous_54)
FNDA:0,(anonymous_55)
FNDA:0,(anonymous_56)
FNDA:0,(anonymous_57)
FNDA:0,(anonymous_58)
FNDA:0,(anonymous_59)
FNDA:0,(anonymous_60)
FNDA:0,(anonymous_61)
FNDA:0,(anonymous_62)
FNDA:0,(anonymous_63)
FNDA:0,(anonymous_64)
FNDA:0,(anonymous_65)
FNDA:0,(anonymous_66)
FNDA:0,(anonymous_67)
FNDA:0,(anonymous_68)
FNDA:0,(anonymous_69)
FNDA:0,(anonymous_70)
FNDA:0,(anonymous_71)
FNDA:0,(anonymous_72)
FNDA:0,(anonymous_73)
FNDA:0,(anonymous_74)
FNDA:0,(anonymous_75)
FNDA:0,(anonymous_76)
FNDA:0,(anonymous_77)
FNDA:0,(anonymous_78)
FNDA:0,(anonymous_79)
FNDA:0,(anonymous_80)
FNDA:0,(anonymous_81)
FNDA:0,(anonymous_82)
FNDA:0,(anonymous_83)
FNDA:0,(anonymous_84)
FNDA:0,(anonymous_85)
FNDA:0,(anonymous_86)
FNDA:0,(anonymous_87)
FNDA:0,(anonymous_88)
FNDA:0,(anonymous_89)
FNDA:0,(anonymous_90)
FNDA:0,(anonymous_91)
FNDA:0,(anonymous_92)
FNDA:0,(anonymous_93)
FNDA:0,(anonymous_94)
FNDA:0,(anonymous_95)
FNDA:0,(anonymous_96)
FNDA:0,(anonymous_97)
FNDA:0,(anonymous_98)
FNDA:0,(anonymous_99)
FNDA:0,(anonymous_100)
FNDA:0,(anonymous_101)
FNDA:0,(anonymous_102)
FNDA:0,(anonymous_103)
FNDA:0,(anonymous_104)
FNDA:0,(anonymous_105)
FNDA:0,(anonymous_106)
FNDA:0,(anonymous_107)
FNDA:0,(anonymous_108)
FNDA:0,(anonymous_109)
FNDA:0,(anonymous_110)
FNDA:0,(anonymous_111)
FNDA:0,(anonymous_112)
FNDA:0,(anonymous_113)
FNDA:0,(anonymous_114)
FNDA:0,(anonymous_115)
FNDA:0,(anonymous_116)
FNDA:0,(anonymous_117)
FNDA:0,(anonymous_118)
FNDA:0,(anonymous_119)
FNDA:0,(anonymous_120)
FNDA:0,(anonymous_121)
FNDA:0,(anonymous_122)
FNDA:0,(anonymous_123)
FNDA:0,(anonymous_124)
FNDA:0,(anonymous_125)
FNDA:0,(anonymous_126)
FNDA:0,(anonymous_127)
FNDA:0,(anonymous_128)
FNDA:0,(anonymous_129)
FNDA:0,(anonymous_130)
FNDA:0,(anonymous_131)
FNDA:0,(anonymous_132)
FNDA:0,(anonymous_133)
FNDA:0,(anonymous_134)
FNDA:0,(anonymous_135)
FNDA:0,(anonymous_136)
FNDA:0,(anonymous_137)
FNDA:0,(anonymous_138)
DA:1,0
DA:2,0
DA:3,0
DA:4,0
DA:5,0
DA:6,0
DA:26,0
DA:27,0
DA:28,0
DA:29,0
DA:30,0
DA:35,0
DA:37,0
DA:41,0
DA:43,0
DA:45,0
DA:46,0
DA:50,0
DA:53,0
DA:54,0
DA:55,0
DA:60,0
DA:66,0
DA:67,0
DA:70,0
DA:78,0
DA:79,0
DA:83,0
DA:84,0
DA:85,0
DA:88,0
DA:89,0
DA:95,0
DA:96,0
DA:97,0
DA:99,0
DA:104,0
DA:105,0
DA:109,0
DA:110,0
DA:111,0
DA:115,0
DA:116,0
DA:117,0
DA:120,0
DA:122,0
DA:135,0
DA:137,0
DA:143,0
DA:146,0
DA:148,0
DA:153,0
DA:154,0
DA:158,0
DA:159,0
DA:160,0
DA:163,0
DA:164,0
DA:171,0
DA:174,0
DA:176,0
DA:181,0
DA:182,0
DA:186,0
DA:187,0
DA:188,0
DA:191,0
DA:192,0
DA:197,0
DA:200,0
DA:206,0
DA:207,0
DA:210,0
DA:211,0
DA:217,0
DA:218,0
DA:223,0
DA:225,0
DA:231,0
DA:232,0
DA:236,0
DA:238,0
DA:248,0
DA:250,0
DA:260,0
DA:262,0
DA:263,0
DA:270,0
DA:271,0
DA:275,0
DA:277,0
DA:283,0
DA:284,0
DA:288,0
DA:290,0
DA:296,0
DA:297,0
DA:302,0
DA:304,0
DA:307,0
DA:310,0
DA:315,0
DA:316,0
DA:323,0
DA:326,0
DA:327,0
DA:328,0
DA:331,0
DA:337,0
DA:338,0
DA:339,0
DA:341,0
DA:345,0
DA:348,0
DA:349,0
DA:350,0
DA:354,0
DA:355,0
DA:356,0
DA:360,0
DA:361,0
DA:362,0
DA:363,0
DA:368,0
DA:381,0
DA:382,0
DA:383,0
DA:384,0
DA:385,0
DA:386,0
DA:387,0
DA:389,0
DA:395,0
DA:398,0
DA:400,0
DA:404,0
DA:406,0
DA:413,0
DA:416,0
DA:418,0
DA:422,0
DA:424,0
DA:429,0
DA:432,0
DA:436,0
DA:438,0
DA:444,0
DA:445,0
DA:449,0
DA:451,0
DA:457,0
DA:458,0
DA:462,0
DA:464,0
DA:470,0
DA:471,0
DA:475,0
DA:477,0
DA:478,0
DA:480,0
DA:488,0
DA:489,0
DA:493,0
DA:495,0
DA:497,0
DA:505,0
DA:506,0
DA:517,0
DA:520,0
DA:525,0
DA:526,0
DA:529,0
DA:530,0
DA:534,0
DA:535,0
DA:536,0
DA:540,0
DA:542,0
DA:549,0
DA:551,0
DA:552,0
DA:554,0
DA:556,0
DA:563,0
DA:565,0
DA:570,0
DA:571,0
DA:578,0
DA:580,0
DA:581,0
DA:583,0
DA:588,0
DA:589,0
DA:597,0
DA:602,0
DA:603,0
DA:604,0
DA:607,0
DA:610,0
DA:611,0
DA:612,0
DA:616,0
DA:617,0
DA:619,0
DA:620,0
DA:621,0
DA:623,0
DA:624,0
DA:627,0
DA:631,0
DA:632,0
DA:635,0
DA:636,0
DA:639,0
DA:646,0
DA:649,0
DA:654,0
DA:656,0
DA:659,0
DA:660,0
DA:663,0
DA:664,0
DA:667,0
DA:668,0
DA:669,0
DA:670,0
DA:671,0
DA:675,0
DA:676,0
DA:679,0
DA:684,0
DA:691,0
DA:694,0
DA:699,0
DA:701,0
DA:704,0
DA:705,0
DA:708,0
DA:709,0
DA:711,0
DA:713,0
DA:716,0
DA:717,0
DA:718,0
DA:721,0
DA:722,0
DA:727,0
DA:737,0
DA:739,0
DA:741,0
DA:748,0
DA:750,0
DA:751,0
DA:752,0
DA:759,0
DA:766,0
DA:767,0
DA:769,0
DA:772,0
DA:778,0
DA:781,0
DA:782,0
DA:783,0
DA:784,0
DA:785,0
DA:789,0
DA:790,0
DA:793,0
DA:795,0
DA:803,0
DA:808,0
DA:809,0
DA:812,0
DA:815,0
DA:816,0
DA:817,0
DA:818,0
DA:822,0
DA:829,0
DA:832,0
DA:838,0
DA:841,0
DA:842,0
DA:843,0
DA:844,0
DA:845,0
DA:849,0
DA:850,0
DA:853,0
DA:855,0
DA:860,0
DA:862,0
DA:864,0
DA:869,0
DA:872,0
DA:881,0
DA:883,0
DA:889,0
DA:890,0
DA:891,0
DA:895,0
DA:896,0
DA:897,0
DA:901,0
DA:905,0
DA:908,0
DA:909,0
DA:910,0
DA:914,0
DA:933,0
DA:939,0
DA:942,0
DA:943,0
DA:944,0
DA:948,0
DA:952,0
DA:955,0
DA:956,0
DA:957,0
DA:959,0
DA:960,0
DA:964,0
DA:971,0
DA:974,0
DA:975,0
DA:976,0
DA:980,0
DA:984,0
DA:986,0
DA:991,0
DA:999,0
DA:1001,0
DA:1007,0
DA:1010,0
DA:1019,0
DA:1021,0
DA:1028,0
DA:1031,0
DA:1040,0
DA:1042,0
DA:1050,0
DA:1053,0
DA:1063,0
DA:1065,0
DA:1068,0
DA:1069,0
DA:1070,0
DA:1073,0
DA:1079,0
DA:1080,0
DA:1081,0
DA:1083,0
DA:1087,0
DA:1090,0
DA:1091,0
DA:1092,0
DA:1096,0
DA:1102,0
DA:1104,0
DA:1108,0
DA:1137,0
DA:1143,0
DA:1144,0
DA:1148,0
DA:1151,0
DA:1152,0
DA:1153,0
DA:1156,0
DA:1163,0
DA:1164,0
DA:1168,0
DA:1171,0
DA:1172,0
DA:1173,0
DA:1177,0
DA:1207,0
DA:1215,0
DA:1216,0
DA:1221,0
DA:1223,0
DA:1225,0
DA:1230,0
DA:1231,0
DA:1235,0
DA:1237,0
DA:1243,0
DA:1244,0
DA:1248,0
DA:1250,0
DA:1257,0
DA:1258,0
DA:1262,0
DA:1264,0
DA:1269,0
DA:1273,0
DA:1275,0
DA:1281,0
DA:1282,0
DA:1309,0
DA:1312,0
DA:1319,0
DA:1322,0
DA:1329,0
DA:1330,0
DA:1331,0
DA:1332,0
DA:1333,0
DA:1334,0
DA:1335,0
DA:1339,0
DA:1342,0
DA:1354,0
DA:1358,0
DA:1360,0
DA:1361,0
DA:1362,0
DA:1363,0
DA:1364,0
DA:1367,0
DA:1375,0
DA:1376,0
DA:1377,0
DA:1380,0
DA:1381,0
DA:1382,0
DA:1385,0
DA:1386,0
DA:1387,0
DA:1389,0
DA:1390,0
DA:1393,0
DA:1406,0
DA:1408,0
DA:1415,0
DA:1416,0
DA:1423,0
DA:1426,0
DA:1432,0
DA:1435,0
DA:1442,0
DA:1444,0
DA:1447,0
DA:1448,0
DA:1456,0
DA:1458,0
DA:1459,0
DA:1462,0
DA:1467,0
DA:1468,0
DA:1469,0
DA:1473,0
DA:1475,0
DA:1476,0
DA:1477,0
DA:1478,0
DA:1484,0
DA:1485,0
DA:1487,0
DA:1488,0
DA:1493,0
DA:1494,0
DA:1497,0
DA:1504,0
DA:1506,0
DA:1512,0
DA:1513,0
DA:1514,0
DA:1516,0
DA:1521,0
DA:1523,0
DA:1525,0
DA:1530,0
DA:1531,0
DA:1535,0
DA:1537,0
DA:1543,0
DA:1544,0
DA:1548,0
DA:1550,0
DA:1557,0
DA:1558,0
DA:1562,0
DA:1564,0
DA:1569,0
DA:1578,0
DA:1580,0
DA:1589,0
DA:1590,0
DA:1591,0
DA:1593,0
DA:1600,0
DA:1602,0
DA:1609,0
DA:1611,0
DA:1614,0
DA:1622,0
DA:1624,0
DA:1630,0
DA:1631,0
DA:1632,0
DA:1634,0
DA:1639,0
DA:1656,0
DA:1658,0
DA:1667,0
DA:1668,0
DA:1669,0
DA:1670,0
DA:1671,0
DA:1672,0
DA:1677,0
DA:1678,0
DA:1679,0
DA:1680,0
DA:1681,0
DA:1682,0
DA:1688,0
DA:1691,0
DA:1706,0
DA:1708,0
DA:1709,0
DA:1710,0
DA:1711,0
DA:1712,0
DA:1713,0
DA:1716,0
DA:1717,0
DA:1721,0
DA:1727,0
DA:1728,0
DA:1729,0
DA:1730,0
DA:1734,0
DA:1735,0
DA:1736,0
DA:1740,0
DA:1741,0
DA:1744,0
DA:1745,0
DA:1746,0
DA:1750,0
DA:1751,0
DA:1754,0
DA:1776,0
DA:1779,0
DA:1783,0
DA:1786,0
DA:1791,0
DA:1801,0
DA:1803,0
DA:1808,0
DA:1824,0
DA:1840,0
DA:1856,0
DA:1873,0
DA:1880,0
DA:1887,0
DA:1892,0
DA:1894,0
DA:1896,0
DA:1897,0
DA:1898,0
DA:1900,0
DA:1901,0
DA:1903,0
DA:1904,0
DA:1905,0
DA:1907,0
DA:1909,0
DA:1911,0
DA:1912,0
DA:1913,0
DA:1914,0
DA:1915,0
DA:1917,0
DA:1922,0
DA:1924,0
DA:1929,0
DA:1930,0
DA:1934,0
DA:1936,0
DA:1941,0
DA:1942,0
DA:1946,0
DA:1948,0
DA:1949,0
DA:1953,0
DA:1955,0
DA:1959,0
LF:589
LH:0
BRDA:45,0,0,0
BRDA:61,1,0,0
BRDA:61,1,1,0
BRDA:63,2,0,0
BRDA:63,2,1,0
BRDA:66,3,0,0
BRDA:70,4,0,0
BRDA:70,4,1,0
BRDA:78,5,0,0
BRDA:84,6,0,0
BRDA:95,7,0,0
BRDA:96,8,0,0
BRDA:104,9,0,0
BRDA:110,10,0,0
BRDA:116,11,0,0
BRDA:126,12,0,0
BRDA:126,12,1,0
BRDA:127,13,0,0
BRDA:127,13,1,0
BRDA:128,14,0,0
BRDA:128,14,1,0
BRDA:129,15,0,0
BRDA:129,15,1,0
BRDA:130,16,0,0
BRDA:130,16,1,0
BRDA:131,17,0,0
BRDA:131,17,1,0
BRDA:135,18,0,0
BRDA:143,19,0,0
BRDA:153,20,0,0
BRDA:159,21,0,0
BRDA:171,22,0,0
BRDA:181,23,0,0
BRDA:187,24,0,0
BRDA:197,25,0,0
BRDA:206,26,0,0
BRDA:217,27,0,0
BRDA:218,28,0,0
BRDA:218,28,1,0
BRDA:223,29,0,0
BRDA:231,30,0,0
BRDA:232,31,0,0
BRDA:232,31,1,0
BRDA:236,32,0,0
BRDA:248,33,0,0
BRDA:250,34,0,0
BRDA:250,34,1,0
BRDA:252,35,0,0
BRDA:252,35,1,0
BRDA:253,36,0,0
BRDA:253,36,1,0
BRDA:255,37,0,0
BRDA:255,37,1,0
BRDA:260,38,0,0
BRDA:270,39,0,0
BRDA:271,40,0,0
BRDA:271,40,1,0
BRDA:274,41,0,0
BRDA:275,42,0,0
BRDA:283,43,0,0
BRDA:284,44,0,0
BRDA:284,44,1,0
BRDA:288,45,0,0
BRDA:296,46,0,0
BRDA:297,47,0,0
BRDA:297,47,1,0
BRDA:304,48,0,0
BRDA:315,49,0,0
BRDA:316,50,0,0
BRDA:316,50,1,0
BRDA:323,51,0,0
BRDA:327,52,0,0
BRDA:337,53,0,0
BRDA:338,54,0,0
BRDA:345,55,0,0
BRDA:349,56,0,0
BRDA:355,57,0,0
BRDA:360,58,0,0
BRDA:362,59,0,0
BRDA:372,60,0,0
BRDA:372,60,1,0
BRDA:375,61,0,0
BRDA:375,61,1,0
BRDA:376,62,0,0
BRDA:376,62,1,0
BRDA:377,63,0,0
BRDA:377,63,1,0
BRDA:381,64,0,0
BRDA:382,65,0,0
BRDA:383,66,0,0
BRDA:384,67,0,0
BRDA:385,68,0,0
BRDA:386,69,0,0
BRDA:387,70,0,0
BRDA:395,71,0,0
BRDA:404,72,0,0
BRDA:413,73,0,0
BRDA:422,74,0,0
BRDA:429,75,0,0
BRDA:436,76,0,0
BRDA:444,77,0,0
BRDA:445,78,0,0
BRDA:445,78,1,0
BRDA:449,79,0,0
BRDA:457,80,0,0
BRDA:458,81,0,0
BRDA:458,81,1,0
BRDA:462,82,0,0
BRDA:470,83,0,0
BRDA:471,84,0,0
BRDA:471,84,1,0
BRDA:474,85,0,0
BRDA:475,86,0,0
BRDA:488,87,0,0
BRDA:489,88,0,0
BRDA:489,88,1,0
BRDA:493,89,0,0
BRDA:505,90,0,0
BRDA:506,91,0,0
BRDA:506,91,1,0
BRDA:517,92,0,0
BRDA:525,93,0,0
BRDA:526,94,0,0
BRDA:529,95,0,0
BRDA:535,96,0,0
BRDA:549,97,0,0
BRDA:552,98,0,0
BRDA:563,99,0,0
BRDA:570,100,0,0
BRDA:571,101,0,0
BRDA:571,101,1,0
BRDA:578,102,0,0
BRDA:581,103,0,0
BRDA:581,104,0,0
BRDA:581,104,1,0
BRDA:588,105,0,0
BRDA:589,106,0,0
BRDA:589,106,1,0
BRDA:602,107,0,0
BRDA:607,108,0,0
BRDA:612,109,0,0
BRDA:612,109,1,0
BRDA:620,110,0,0
BRDA:621,111,0,0
BRDA:627,112,0,0
BRDA:627,112,1,0
BRDA:628,113,0,0
BRDA:628,113,1,0
BRDA:629,114,0,0
BRDA:629,114,1,0
BRDA:632,115,0,0
BRDA:646,116,0,0
BRDA:654,117,0,0
BRDA:656,118,0,0
BRDA:664,119,0,0
BRDA:664,120,0,0
BRDA:664,120,1,0
BRDA:670,121,0,0
BRDA:670,122,0,0
BRDA:670,122,1,0
BRDA:675,123,0,0
BRDA:691,124,0,0
BRDA:699,125,0,0
BRDA:701,126,0,0
BRDA:709,127,0,0
BRDA:711,128,0,0
BRDA:711,128,1,0
BRDA:718,129,0,0
BRDA:718,129,1,0
BRDA:721,130,0,0
BRDA:737,131,0,0
BRDA:767,132,0,0
BRDA:778,133,0,0
BRDA:778,133,1,0
BRDA:781,134,0,0
BRDA:783,135,0,0
BRDA:783,135,1,0
BRDA:784,136,0,0
BRDA:784,136,1,0
BRDA:785,137,0,0
BRDA:808,138,0,0
BRDA:809,139,0,0
BRDA:816,140,0,0
BRDA:838,141,0,0
BRDA:838,141,1,0
BRDA:841,142,0,0
BRDA:843,143,0,0
BRDA:843,143,1,0
BRDA:844,144,0,0
BRDA:844,144,1,0
BRDA:845,145,0,0
BRDA:853,146,0,0
BRDA:853,146,1,0
BRDA:862,147,0,0
BRDA:869,148,0,0
BRDA:872,149,0,0
BRDA:872,149,1,0
BRDA:874,150,0,0
BRDA:874,150,1,0
BRDA:875,151,0,0
BRDA:875,151,1,0
BRDA:881,152,0,0
BRDA:889,153,0,0
BRDA:890,154,0,0
BRDA:895,155,0,0
BRDA:896,156,0,0
BRDA:896,156,1,0
BRDA:897,157,0,0
BRDA:897,157,1,0
BRDA:905,158,0,0
BRDA:909,159,0,0
BRDA:918,160,0,0
BRDA:918,160,1,0
BRDA:921,161,0,0
BRDA:921,161,1,0
BRDA:922,162,0,0
BRDA:922,162,1,0
BRDA:923,163,0,0
BRDA:923,163,1,0
BRDA:924,164,0,0
BRDA:924,164,1,0
BRDA:924,165,0,0
BRDA:924,165,1,0
BRDA:925,166,0,0
BRDA:925,166,1,0
BRDA:925,167,0,0
BRDA:925,167,1,0
BRDA:926,168,0,0
BRDA:926,168,1,0
BRDA:927,169,0,0
BRDA:927,169,1,0
BRDA:939,170,0,0
BRDA:942,171,0,0
BRDA:943,172,0,0
BRDA:943,172,1,0
BRDA:944,173,0,0
BRDA:944,173,1,0
BRDA:952,174,0,0
BRDA:956,175,0,0
BRDA:956,176,0,0
BRDA:956,176,1,0
BRDA:959,177,0,0
BRDA:959,178,0,0
BRDA:959,178,1,0
BRDA:971,179,0,0
BRDA:974,180,0,0
BRDA:975,181,0,0
BRDA:975,181,1,0
BRDA:976,182,0,0
BRDA:976,182,1,0
BRDA:984,183,0,0
BRDA:991,184,0,0
BRDA:999,185,0,0
BRDA:1007,186,0,0
BRDA:1010,187,0,0
BRDA:1010,187,1,0
BRDA:1012,188,0,0
BRDA:1012,188,1,0
BRDA:1013,189,0,0
BRDA:1013,189,1,0
BRDA:1019,190,0,0
BRDA:1028,191,0,0
BRDA:1031,192,0,0
BRDA:1031,192,1,0
BRDA:1033,193,0,0
BRDA:1033,193,1,0
BRDA:1034,194,0,0
BRDA:1034,194,1,0
BRDA:1040,195,0,0
BRDA:1050,196,0,0
BRDA:1053,197,0,0
BRDA:1053,197,1,0
BRDA:1055,198,0,0
BRDA:1055,198,1,0
BRDA:1056,199,0,0
BRDA:1056,199,1,0
BRDA:1065,200,0,0
BRDA:1069,201,0,0
BRDA:1079,202,0,0
BRDA:1080,203,0,0
BRDA:1087,204,0,0
BRDA:1091,205,0,0
BRDA:1102,206,0,0
BRDA:1111,207,0,0
BRDA:1111,207,1,0
BRDA:1112,208,0,0
BRDA:1112,208,1,0
BRDA:1113,209,0,0
BRDA:1113,209,1,0
BRDA:1114,210,0,0
BRDA:1114,210,1,0
BRDA:1115,211,0,0
BRDA:1115,211,1,0
BRDA:1116,212,0,0
BRDA:1116,212,1,0
BRDA:1117,213,0,0
BRDA:1117,213,1,0
BRDA:1118,214,0,0
BRDA:1118,214,1,0
BRDA:1119,215,0,0
BRDA:1119,215,1,0
BRDA:1120,216,0,0
BRDA:1120,216,1,0
BRDA:1121,217,0,0
BRDA:1121,217,1,0
BRDA:1122,218,0,0
BRDA:1122,218,1,0
BRDA:1123,219,0,0
BRDA:1123,219,1,0
BRDA:1123,219,2,0
BRDA:1124,220,0,0
BRDA:1124,220,1,0
BRDA:1125,221,0,0
BRDA:1125,221,1,0
BRDA:1126,222,0,0
BRDA:1126,222,1,0
BRDA:1127,223,0,0
BRDA:1127,223,1,0
BRDA:1128,224,0,0
BRDA:1128,224,1,0
BRDA:1129,225,0,0
BRDA:1129,225,1,0
BRDA:1130,226,0,0
BRDA:1130,226,1,0
BRDA:1131,227,0,0
BRDA:1131,227,1,0
BRDA:1132,228,0,0
BRDA:1132,228,1,0
BRDA:1132,228,2,0
BRDA:1133,229,0,0
BRDA:1133,229,1,0
BRDA:1133,229,2,0
BRDA:1134,230,0,0
BRDA:1134,230,1,0
BRDA:1143,231,0,0
BRDA:1148,232,0,0
BRDA:1152,233,0,0
BRDA:1163,234,0,0
BRDA:1168,235,0,0
BRDA:1172,236,0,0
BRDA:1180,237,0,0
BRDA:1180,237,1,0
BRDA:1181,238,0,0
BRDA:1181,238,1,0
BRDA:1182,239,0,0
BRDA:1182,239,1,0
BRDA:1183,240,0,0
BRDA:1183,240,1,0
BRDA:1184,241,0,0
BRDA:1184,241,1,0
BRDA:1185,242,0,0
BRDA:1185,242,1,0
BRDA:1186,243,0,0
BRDA:1186,243,1,0
BRDA:1187,244,0,0
BRDA:1187,244,1,0
BRDA:1188,245,0,0
BRDA:1188,245,1,0
BRDA:1189,246,0,0
BRDA:1189,246,1,0
BRDA:1190,247,0,0
BRDA:1190,247,1,0
BRDA:1191,248,0,0
BRDA:1191,248,1,0
BRDA:1192,249,0,0
BRDA:1192,249,1,0
BRDA:1192,249,2,0
BRDA:1193,250,0,0
BRDA:1193,250,1,0
BRDA:1194,251,0,0
BRDA:1194,251,1,0
BRDA:1195,252,0,0
BRDA:1195,252,1,0
BRDA:1196,253,0,0
BRDA:1196,253,1,0
BRDA:1197,254,0,0
BRDA:1197,254,1,0
BRDA:1198,255,0,0
BRDA:1198,255,1,0
BRDA:1199,256,0,0
BRDA:1199,256,1,0
BRDA:1200,257,0,0
BRDA:1200,257,1,0
BRDA:1201,258,0,0
BRDA:1201,258,1,0
BRDA:1201,258,2,0
BRDA:1202,259,0,0
BRDA:1202,259,1,0
BRDA:1202,259,2,0
BRDA:1203,260,0,0
BRDA:1203,260,1,0
BRDA:1215,261,0,0
BRDA:1223,262,0,0
BRDA:1230,263,0,0
BRDA:1231,264,0,0
BRDA:1231,264,1,0
BRDA:1235,265,0,0
BRDA:1243,266,0,0
BRDA:1248,267,0,0
BRDA:1257,268,0,0
BRDA:1262,269,0,0
BRDA:1269,270,0,0
BRDA:1273,271,0,0
BRDA:1281,272,0,0
BRDA:1282,273,0,0
BRDA:1282,273,1,0
BRDA:1309,274,0,0
BRDA:1319,275,0,0
BRDA:1329,276,0,0
BRDA:1329,276,1,0
BRDA:1339,277,0,0
BRDA:1339,277,1,0
BRDA:1339,278,0,0
BRDA:1339,278,1,0
BRDA:1340,279,0,0
BRDA:1340,279,1,0
BRDA:1340,280,0,0
BRDA:1340,280,1,0
BRDA:1358,281,0,0
BRDA:1360,282,0,0
BRDA:1360,282,1,0
BRDA:1363,283,0,0
BRDA:1363,283,1,0
BRDA:1381,284,0,0
BRDA:1389,285,0,0
BRDA:1406,286,0,0
BRDA:1415,287,0,0
BRDA:1416,288,0,0
BRDA:1416,288,1,0
BRDA:1423,289,0,0
BRDA:1432,290,0,0
BRDA:1435,291,0,0
BRDA:1435,291,1,0
BRDA:1442,292,0,0
BRDA:1456,293,0,0
BRDA:1459,294,0,0
BRDA:1477,295,0,0
BRDA:1478,296,0,0
BRDA:1478,296,1,0
BRDA:1488,297,0,0
BRDA:1488,297,1,0
BRDA:1504,298,0,0
BRDA:1512,299,0,0
BRDA:1513,300,0,0
BRDA:1523,301,0,0
BRDA:1530,302,0,0
BRDA:1531,303,0,0
BRDA:1531,303,1,0
BRDA:1535,304,0,0
BRDA:1543,305,0,0
BRDA:1548,306,0,0
BRDA:1557,307,0,0
BRDA:1562,308,0,0
BRDA:1569,309,0,0
BRDA:1578,310,0,0
BRDA:1589,311,0,0
BRDA:1590,312,0,0
BRDA:1600,313,0,0
BRDA:1609,314,0,0
BRDA:1611,315,0,0
BRDA:1611,315,1,0
BRDA:1613,316,0,0
BRDA:1613,316,1,0
BRDA:1614,317,0,0
BRDA:1614,317,1,0
BRDA:1614,318,0,0
BRDA:1614,318,1,0
BRDA:1622,319,0,0
BRDA:1630,320,0,0
BRDA:1631,321,0,0
BRDA:1645,322,0,0
BRDA:1656,323,0,0
BRDA:1656,324,0,0
BRDA:1667,325,0,0
BRDA:1670,326,0,0
BRDA:1670,326,1,0
BRDA:1677,327,0,0
BRDA:1680,328,0,0
BRDA:1680,328,1,0
BRDA:1700,329,0,0
BRDA:1708,330,0,0
BRDA:1708,330,1,0
BRDA:1710,331,0,0
BRDA:1710,331,1,0
BRDA:1711,332,0,0
BRDA:1713,333,0,0
BRDA:1713,333,1,0
BRDA:1716,334,0,0
BRDA:1730,335,0,0
BRDA:1730,335,1,0
BRDA:1735,336,0,0
BRDA:1735,336,1,0
BRDA:1745,337,0,0
BRDA:1745,337,1,0
BRDA:1765,338,0,0
BRDA:1776,339,0,0
BRDA:1776,340,0,0
BRDA:1776,341,0,0
BRDA:1779,342,0,0
BRDA:1779,342,1,0
BRDA:1894,343,0,0
BRDA:1898,344,0,0
BRDA:1900,345,0,0
BRDA:1900,346,0,0
BRDA:1900,346,1,0
BRDA:1911,347,0,0
BRDA:1911,348,0,0
BRDA:1911,348,1,0
BRDA:1922,349,0,0
BRDA:1929,350,0,0
BRDA:1934,351,0,0
BRDA:1941,352,0,0
BRDA:1946,353,0,0
BRDA:1949,354,0,0
BRDA:1953,355,0,0
BRF:515
BRH:0
end_of_record
TN:
SF:services\exportService.ts
FN:10,(anonymous_0)
FN:11,(anonymous_1)
FN:13,(anonymous_2)
FN:17,(anonymous_3)
FN:18,(anonymous_4)
FN:19,(anonymous_5)
FN:23,(anonymous_6)
FN:29,(anonymous_7)
FN:31,(anonymous_8)
FN:32,(anonymous_9)
FN:33,(anonymous_10)
FN:34,(anonymous_11)
FN:38,(anonymous_12)
FN:41,(anonymous_13)
FN:42,(anonymous_14)
FN:50,(anonymous_15)
FN:51,(anonymous_16)
FN:59,(anonymous_17)
FN:64,(anonymous_18)
FN:72,(anonymous_19)
FN:76,(anonymous_20)
FN:77,(anonymous_21)
FN:85,(anonymous_22)
FN:90,(anonymous_23)
FN:96,(anonymous_24)
FN:105,(anonymous_25)
FN:106,(anonymous_26)
FN:107,(anonymous_27)
FN:108,(anonymous_28)
FN:109,(anonymous_29)
FN:110,(anonymous_30)
FN:121,(anonymous_31)
FNF:32
FNH:0
FNDA:0,(anonymous_0)
FNDA:0,(anonymous_1)
FNDA:0,(anonymous_2)
FNDA:0,(anonymous_3)
FNDA:0,(anonymous_4)
FNDA:0,(anonymous_5)
FNDA:0,(anonymous_6)
FNDA:0,(anonymous_7)
FNDA:0,(anonymous_8)
FNDA:0,(anonymous_9)
FNDA:0,(anonymous_10)
FNDA:0,(anonymous_11)
FNDA:0,(anonymous_12)
FNDA:0,(anonymous_13)
FNDA:0,(anonymous_14)
FNDA:0,(anonymous_15)
FNDA:0,(anonymous_16)
FNDA:0,(anonymous_17)
FNDA:0,(anonymous_18)
FNDA:0,(anonymous_19)
FNDA:0,(anonymous_20)
FNDA:0,(anonymous_21)
FNDA:0,(anonymous_22)
FNDA:0,(anonymous_23)
FNDA:0,(anonymous_24)
FNDA:0,(anonymous_25)
FNDA:0,(anonymous_26)
FNDA:0,(anonymous_27)
FNDA:0,(anonymous_28)
FNDA:0,(anonymous_29)
FNDA:0,(anonymous_30)
FNDA:0,(anonymous_31)
DA:2,0
DA:7,0
DA:8,0
DA:10,0
DA:11,0
DA:12,0
DA:13,0
DA:14,0
DA:17,0
DA:18,0
DA:19,0
DA:20,0
DA:23,0
DA:29,0
DA:30,0
DA:31,0
DA:32,0
DA:33,0
DA:34,0
DA:38,0
DA:39,0
DA:41,0
DA:42,0
DA:43,0
DA:44,0
DA:45,0
DA:46,0
DA:50,0
DA:51,0
DA:52,0
DA:53,0
DA:54,0
DA:55,0
DA:59,0
DA:64,0
DA:66,0
DA:72,0
DA:73,0
DA:74,0
DA:76,0
DA:77,0
DA:78,0
DA:84,0
DA:85,0
DA:86,0
DA:87,0
DA:90,0
DA:91,0
DA:92,0
DA:96,0
DA:98,0
DA:105,0
DA:106,0
DA:107,0
DA:108,0
DA:109,0
DA:110,0
DA:112,0
DA:121,0
DA:126,0
DA:127,0
DA:128,0
DA:129,0
DA:130,0
DA:132,0
DA:134,0
LF:66
LH:0
BRDA:12,0,0,0
BRDA:23,1,0,0
BRDA:23,1,1,0
BRDA:43,2,0,0
BRDA:52,3,0,0
BRDA:76,4,0,0
BRDA:76,4,1,0
BRDA:76,4,2,0
BRDA:78,5,0,0
BRDA:78,5,1,0
BRDA:78,5,2,0
BRDA:78,5,3,0
BRDA:86,6,0,0
BRDA:86,7,0,0
BRDA:86,7,1,0
BRDA:86,7,2,0
BRDA:86,7,3,0
BRDA:91,8,0,0
BRDA:116,9,0,0
BRDA:116,9,1,0
BRF:20
BRH:0
end_of_record
TN:
SF:services\geminiService.ts
FN:17,(anonymous_0)
FN:18,(anonymous_1)
FN:28,(anonymous_2)
FN:72,(anonymous_3)
FNF:4
FNH:4
FNDA:6,(anonymous_0)
FNDA:6,(anonymous_1)
FNDA:6,(anonymous_2)
FNDA:9,(anonymous_3)
DA:1,1
DA:5,1
DA:8,1
DA:10,1
DA:11,0
DA:17,1
DA:18,6
DA:28,6
DA:38,6
DA:69,6
DA:72,1
DA:77,9
DA:84,9
DA:85,6
DA:86,0
DA:87,0
DA:88,0
DA:91,6
DA:92,6
DA:93,1
DA:94,1
DA:95,1
DA:98,5
DA:100,5
DA:101,5
DA:109,4
DA:110,0
DA:111,0
DA:114,4
DA:115,4
DA:116,4
DA:117,4
DA:118,1
DA:121,4
DA:124,3
DA:125,1
DA:126,1
DA:128,2
DA:131,3
DA:132,3
DA:133,3
DA:135,3
DA:136,2
DA:137,2
DA:138,2
DA:139,2
DA:141,2
DA:142,1
DA:143,1
DA:144,1
DA:145,1
DA:146,1
DA:148,1
DA:151,0
DA:152,0
LF:55
LH:47
BRDA:8,0,0,1
BRDA:8,0,1,0
BRDA:10,1,0,0
BRDA:10,2,0,1
BRDA:10,2,1,0
BRDA:84,3,0,6
BRDA:84,3,1,3
BRDA:85,4,0,0
BRDA:92,5,0,1
BRDA:109,6,0,0
BRDA:117,7,0,1
BRDA:117,8,0,4
BRDA:117,8,1,1
BRDA:124,9,0,1
BRDA:124,10,0,3
BRDA:124,10,1,2
BRDA:124,10,2,2
BRDA:124,10,3,2
BRDA:135,11,0,2
BRDA:135,11,1,1
BRDA:138,12,0,2
BRDA:142,13,0,1
BRDA:145,14,0,1
BRF:23
BRH:18
end_of_record
TN:
SF:src\App.tsx
FN:7,(anonymous_1)
FN:25,(anonymous_2)
FNF:2
FNH:0
FNDA:0,(anonymous_1)
FNDA:0,(anonymous_2)
DA:1,0
DA:2,0
DA:3,0
DA:4,0
DA:5,0
DA:7,0
DA:8,0
DA:10,0
DA:11,0
DA:18,0
DA:19,0
DA:22,0
DA:25,0
DA:26,0
DA:33,0
LF:15
LH:0
BRDA:10,0,0,0
BRDA:18,1,0,0
BRF:2
BRH:0
end_of_record
TN:
SF:src\components\AccessibleButton.tsx
FN:18,(anonymous_10)
FNF:1
FNH:0
FNDA:0,(anonymous_10)
DA:1,0
DA:2,0
DA:18,0
DA:32,0
DA:41,0
DA:48,0
DA:81,0
DA:88,0
DA:89,0
DA:91,0
DA:135,0
DA:137,0
LF:12
LH:0
BRDA:19,0,0,0
BRDA:20,1,0,0
BRDA:21,2,0,0
BRDA:24,3,0,0
BRDA:25,4,0,0
BRDA:27,5,0,0
BRDA:37,6,0,0
BRDA:37,6,1,0
BRDA:88,7,0,0
BRDA:88,7,1,0
BRDA:89,8,0,0
BRDA:89,8,1,0
BRDA:89,9,0,0
BRDA:89,9,1,0
BRDA:96,10,0,0
BRDA:96,10,1,0
BRDA:100,11,0,0
BRDA:100,11,1,0
BRDA:102,12,0,0
BRDA:102,12,1,0
BRDA:102,13,0,0
BRDA:102,13,1,0
BRDA:107,14,0,0
BRDA:107,14,1,0
BRDA:107,14,2,0
BRDA:107,14,3,0
BRDA:119,15,0,0
BRDA:119,15,1,0
BRDA:119,15,2,0
BRDA:119,15,3,0
BRDA:126,16,0,0
BRDA:126,16,1,0
BRDA:128,17,0,0
BRDA:128,17,1,0
BRF:34
BRH:0
end_of_record
TN:
SF:src\components\Dashboard.tsx
FN:10,(anonymous_10)
FN:24,(anonymous_11)
FN:29,(anonymous_12)
FN:34,(anonymous_13)
FN:39,(anonymous_14)
FN:49,(anonymous_15)
FN:63,(anonymous_16)
FN:64,(anonymous_17)
FN:66,(anonymous_18)
FN:67,(anonymous_19)
FN:70,(anonymous_20)
FN:91,(anonymous_21)
FN:92,(anonymous_22)
FN:124,(anonymous_23)
FN:131,(anonymous_24)
FN:138,(anonymous_25)
FN:145,(anonymous_26)
FNF:17
FNH:0
FNDA:0,(anonymous_10)
FNDA:0,(anonymous_11)
FNDA:0,(anonymous_12)
FNDA:0,(anonymous_13)
FNDA:0,(anonymous_14)
FNDA:0,(anonymous_15)
FNDA:0,(anonymous_16)
FNDA:0,(anonymous_17)
FNDA:0,(anonymous_18)
FNDA:0,(anonymous_19)
FNDA:0,(anonymous_20)
FNDA:0,(anonymous_21)
FNDA:0,(anonymous_22)
FNDA:0,(anonymous_23)
FNDA:0,(anonymous_24)
FNDA:0,(anonymous_25)
FNDA:0,(anonymous_26)
DA:1,0
DA:2,0
DA:3,0
DA:5,0
DA:6,0
DA:7,0
DA:10,0
DA:11,0
DA:12,0
DA:13,0
DA:14,0
DA:15,0
DA:16,0
DA:17,0
DA:18,0
DA:19,0
DA:20,0
DA:24,0
DA:25,0
DA:29,0
DA:30,0
DA:34,0
DA:35,0
DA:39,0
DA:40,0
DA:49,0
DA:50,0
DA:51,0
DA:53,0
DA:54,0
DA:55,0
DA:58,0
DA:59,0
DA:60,0
DA:61,0
DA:63,0
DA:64,0
DA:65,0
DA:66,0
DA:67,0
DA:70,0
DA:71,0
DA:72,0
DA:73,0
DA:76,0
DA:77,0
DA:78,0
DA:79,0
DA:80,0
DA:81,0
DA:82,0
DA:84,0
DA:85,0
DA:87,0
DA:91,0
DA:92,0
DA:93,0
DA:94,0
DA:95,0
DA:96,0
DA:101,0
DA:105,0
DA:106,0
DA:110,0
DA:124,0
DA:131,0
DA:138,0
DA:145,0
DA:190,0
LF:69
LH:0
BRDA:66,0,0,0
BRDA:66,0,1,0
BRDA:67,1,0,0
BRDA:67,1,1,0
BRDA:71,2,0,0
BRDA:85,3,0,0
BRDA:85,3,1,0
BRDA:94,4,0,0
BRDA:96,5,0,0
BRDA:105,6,0,0
BRDA:124,7,0,0
BRDA:124,7,1,0
BRDA:131,8,0,0
BRDA:131,8,1,0
BRDA:138,9,0,0
BRDA:138,9,1,0
BRDA:145,10,0,0
BRDA:145,10,1,0
BRDA:158,11,0,0
BRDA:158,11,1,0
BRDA:162,12,0,0
BRDA:162,12,1,0
BRDA:176,13,0,0
BRDA:176,13,1,0
BRDA:177,14,0,0
BRDA:177,14,1,0
BRDA:177,14,2,0
BRDA:177,14,3,0
BRDA:182,15,0,0
BRDA:182,15,1,0
BRDA:182,15,2,0
BRF:31
BRH:0
end_of_record
TN:
SF:src\components\ErrorBoundary.tsx
FN:17,(anonymous_0)
FN:22,(anonymous_1)
FN:26,(anonymous_2)
FN:48,(anonymous_3)
FN:97,(anonymous_4)
FNF:5
FNH:0
FNDA:0,(anonymous_0)
FNDA:0,(anonymous_1)
FNDA:0,(anonymous_2)
FNDA:0,(anonymous_3)
FNDA:0,(anonymous_4)
DA:1,0
DA:3,0
DA:18,0
DA:19,0
DA:23,0
DA:27,0
DA:30,0
DA:32,0
DA:45,0
DA:49,0
DA:50,0
DA:97,0
DA:106,0
DA:110,0
LF:14
LH:0
BRDA:49,0,0,0
BRDA:64,1,0,0
BRDA:64,1,1,0
BRDA:70,2,0,0
BRDA:70,2,1,0
BRDA:80,3,0,0
BRDA:80,3,1,0
BRDA:86,4,0,0
BRDA:86,4,1,0
BRDA:86,4,2,0
BRF:10
BRH:0
end_of_record
TN:
SF:src\components\FeedbackToast.tsx
FN:9,(anonymous_9)
FN:10,(anonymous_10)
FN:11,(anonymous_11)
FN:15,(anonymous_12)
FNF:4
FNH:0
FNDA:0,(anonymous_9)
FNDA:0,(anonymous_10)
FNDA:0,(anonymous_11)
FNDA:0,(anonymous_12)
DA:1,0
DA:9,0
DA:10,0
DA:11,0
DA:12,0
DA:15,0
DA:18,0
DA:19,0
DA:23,0
DA:39,0
LF:10
LH:0
BRDA:19,0,0,0
BRDA:19,0,1,0
BRF:2
BRH:0
end_of_record
TN:
SF:src\components\GlobalSearch.tsx
FN:26,(anonymous_9)
FN:35,(anonymous_10)
FN:38,(anonymous_11)
FN:42,(anonymous_12)
FN:47,(anonymous_13)
FN:50,(anonymous_14)
FN:51,(anonymous_15)
FN:73,(anonymous_16)
FN:77,(anonymous_17)
FN:80,(anonymous_18)
FN:91,(anonymous_19)
FN:108,(anonymous_20)
FN:109,(anonymous_21)
FN:112,(anonymous_22)
FN:114,(anonymous_23)
FN:121,(anonymous_24)
FN:137,(anonymous_25)
FN:141,(anonymous_26)
FN:147,(anonymous_27)
FN:154,(anonymous_28)
FN:155,(anonymous_29)
FN:161,(anonymous_30)
FN:165,(anonymous_31)
FN:182,(anonymous_32)
FN:186,(anonymous_33)
FN:210,(anonymous_34)
FN:237,(anonymous_35)
FN:267,(anonymous_36)
FN:275,(anonymous_37)
FN:303,(anonymous_38)
FNF:30
FNH:0
FNDA:0,(anonymous_9)
FNDA:0,(anonymous_10)
FNDA:0,(anonymous_11)
FNDA:0,(anonymous_12)
FNDA:0,(anonymous_13)
FNDA:0,(anonymous_14)
FNDA:0,(anonymous_15)
FNDA:0,(anonymous_16)
FNDA:0,(anonymous_17)
FNDA:0,(anonymous_18)
FNDA:0,(anonymous_19)
FNDA:0,(anonymous_20)
FNDA:0,(anonymous_21)
FNDA:0,(anonymous_22)
FNDA:0,(anonymous_23)
FNDA:0,(anonymous_24)
FNDA:0,(anonymous_25)
FNDA:0,(anonymous_26)
FNDA:0,(anonymous_27)
FNDA:0,(anonymous_28)
FNDA:0,(anonymous_29)
FNDA:0,(anonymous_30)
FNDA:0,(anonymous_31)
FNDA:0,(anonymous_32)
FNDA:0,(anonymous_33)
FNDA:0,(anonymous_34)
FNDA:0,(anonymous_35)
FNDA:0,(anonymous_36)
FNDA:0,(anonymous_37)
FNDA:0,(anonymous_38)
DA:1,0
DA:3,0
DA:26,0
DA:27,0
DA:28,0
DA:29,0
DA:30,0
DA:31,0
DA:32,0
DA:35,0
DA:36,0
DA:38,0
DA:39,0
DA:42,0
DA:43,0
DA:47,0
DA:48,0
DA:49,0
DA:50,0
DA:51,0
DA:55,0
DA:57,0
DA:58,0
DA:73,0
DA:74,0
DA:77,0
DA:78,0
DA:79,0
DA:80,0
DA:84,0
DA:87,0
DA:88,0
DA:90,0
DA:91,0
DA:92,0
DA:107,0
DA:108,0
DA:109,0
DA:112,0
DA:113,0
DA:114,0
DA:115,0
DA:118,0
DA:120,0
DA:121,0
DA:122,0
DA:125,0
DA:136,0
DA:137,0
DA:141,0
DA:142,0
DA:143,0
DA:147,0
DA:148,0
DA:149,0
DA:154,0
DA:155,0
DA:156,0
DA:158,0
DA:160,0
DA:161,0
DA:162,0
DA:164,0
DA:165,0
DA:166,0
DA:168,0
DA:169,0
DA:170,0
DA:171,0
DA:173,0
DA:175,0
DA:176,0
DA:177,0
DA:181,0
DA:182,0
DA:186,0
DA:187,0
DA:189,0
DA:195,0
DA:201,0
DA:210,0
DA:211,0
DA:213,0
DA:215,0
DA:218,0
DA:222,0
DA:224,0
DA:237,0
DA:268,0
DA:276,0
DA:277,0
DA:304,0
DA:344,0
LF:93
LH:0
BRDA:36,0,0,0
BRDA:48,1,0,0
BRDA:49,2,0,0
BRDA:50,3,0,0
BRDA:51,4,0,0
BRDA:55,5,0,0
BRDA:57,6,0,0
BRDA:78,7,0,0
BRDA:79,8,0,0
BRDA:80,9,0,0
BRDA:84,10,0,0
BRDA:87,11,0,0
BRDA:87,12,0,0
BRDA:87,12,1,0
BRDA:88,13,0,0
BRDA:90,14,0,0
BRDA:97,15,0,0
BRDA:97,15,1,0
BRDA:115,16,0,0
BRDA:118,17,0,0
BRDA:120,18,0,0
BRDA:129,19,0,0
BRDA:129,19,1,0
BRDA:148,20,0,0
BRDA:148,21,0,0
BRDA:148,21,1,0
BRDA:156,22,0,0
BRDA:158,23,0,0
BRDA:158,23,1,0
BRDA:158,23,2,0
BRDA:158,23,3,0
BRDA:169,24,0,0
BRDA:187,25,0,0
BRDA:187,25,1,0
BRDA:187,25,2,0
BRDA:211,26,0,0
BRDA:211,26,1,0
BRDA:211,26,2,0
BRDA:215,27,0,0
BRDA:215,27,1,0
BRDA:216,28,0,0
BRDA:216,28,1,0
BRDA:222,29,0,0
BRDA:249,30,0,0
BRDA:249,30,1,0
BRDA:257,31,0,0
BRDA:257,31,1,0
BRDA:271,32,0,0
BRDA:271,32,1,0
BRDA:288,33,0,0
BRDA:288,33,1,0
BRDA:289,34,0,0
BRDA:289,34,1,0
BRDA:295,35,0,0
BRDA:295,35,1,0
BRDA:298,36,0,0
BRDA:298,36,1,0
BRDA:301,37,0,0
BRDA:301,37,1,0
BRDA:301,37,2,0
BRDA:308,38,0,0
BRDA:308,38,1,0
BRDA:314,39,0,0
BRDA:314,39,1,0
BRDA:335,40,0,0
BRDA:335,40,1,0
BRDA:335,41,0,0
BRDA:335,41,1,0
BRF:68
BRH:0
end_of_record
TN:
SF:src\components\LoadingSpinner.tsx
FN:3,(anonymous_1)
FNF:1
FNH:0
FNDA:0,(anonymous_1)
DA:1,0
DA:3,0
DA:4,0
DA:28,0
LF:4
LH:0
BRDA:3,0,0,0
BRF:1
BRH:0
end_of_record
TN:
SF:src\components\NotificationCenter.tsx
FN:21,(anonymous_9)
FN:29,(anonymous_10)
FN:37,(anonymous_11)
FN:86,(anonymous_12)
FN:120,(anonymous_13)
FN:139,(anonymous_14)
FN:158,(anonymous_15)
FN:164,(anonymous_16)
FN:165,(anonymous_17)
FN:175,(anonymous_18)
FN:181,(anonymous_19)
FN:193,(anonymous_20)
FN:194,(anonymous_21)
FN:195,(anonymous_22)
FN:202,(anonymous_23)
FN:203,(anonymous_24)
FN:204,(anonymous_25)
FN:209,(anonymous_26)
FN:252,(anonymous_27)
FN:266,(anonymous_28)
FN:289,(anonymous_29)
FN:292,(anonymous_30)
FN:335,(anonymous_31)
FN:343,(anonymous_32)
FNF:24
FNH:0
FNDA:0,(anonymous_9)
FNDA:0,(anonymous_10)
FNDA:0,(anonymous_11)
FNDA:0,(anonymous_12)
FNDA:0,(anonymous_13)
FNDA:0,(anonymous_14)
FNDA:0,(anonymous_15)
FNDA:0,(anonymous_16)
FNDA:0,(anonymous_17)
FNDA:0,(anonymous_18)
FNDA:0,(anonymous_19)
FNDA:0,(anonymous_20)
FNDA:0,(anonymous_21)
FNDA:0,(anonymous_22)
FNDA:0,(anonymous_23)
FNDA:0,(anonymous_24)
FNDA:0,(anonymous_25)
FNDA:0,(anonymous_26)
FNDA:0,(anonymous_27)
FNDA:0,(anonymous_28)
FNDA:0,(anonymous_29)
FNDA:0,(anonymous_30)
FNDA:0,(anonymous_31)
FNDA:0,(anonymous_32)
DA:1,0
DA:2,0
DA:21,0
DA:22,0
DA:23,0
DA:24,0
DA:25,0
DA:26,0
DA:29,0
DA:30,0
DA:31,0
DA:32,0
DA:33,0
DA:34,0
DA:37,0
DA:38,0
DA:39,0
DA:41,0
DA:43,0
DA:54,0
DA:56,0
DA:67,0
DA:69,0
DA:70,0
DA:86,0
DA:87,0
DA:88,0
DA:90,0
DA:91,0
DA:102,0
DA:103,0
DA:104,0
DA:120,0
DA:121,0
DA:122,0
DA:123,0
DA:126,0
DA:127,0
DA:139,0
DA:140,0
DA:145,0
DA:146,0
DA:158,0
DA:160,0
DA:164,0
DA:165,0
DA:166,0
DA:167,0
DA:171,0
DA:172,0
DA:175,0
DA:176,0
DA:181,0
DA:182,0
DA:184,0
DA:186,0
DA:188,0
DA:193,0
DA:194,0
DA:195,0
DA:196,0
DA:202,0
DA:203,0
DA:204,0
DA:209,0
DA:210,0
DA:212,0
DA:218,0
DA:224,0
DA:230,0
DA:236,0
DA:243,0
DA:252,0
DA:253,0
DA:254,0
DA:255,0
DA:256,0
DA:257,0
DA:259,0
DA:260,0
DA:261,0
DA:262,0
DA:263,0
DA:266,0
DA:268,0
DA:270,0
DA:290,0
DA:292,0
DA:336,0
DA:343,0
DA:386,0
LF:91
LH:0
BRDA:38,0,0,0
BRDA:38,1,0,0
BRDA:38,1,1,0
BRDA:41,2,0,0
BRDA:41,2,1,0
BRDA:54,3,0,0
BRDA:54,3,1,0
BRDA:54,4,0,0
BRDA:54,4,1,0
BRDA:67,5,0,0
BRDA:67,6,0,0
BRDA:67,6,1,0
BRDA:74,7,0,0
BRDA:74,7,1,0
BRDA:87,8,0,0
BRDA:87,9,0,0
BRDA:87,9,1,0
BRDA:90,10,0,0
BRDA:90,10,1,0
BRDA:102,11,0,0
BRDA:102,12,0,0
BRDA:102,12,1,0
BRDA:108,13,0,0
BRDA:108,13,1,0
BRDA:121,14,0,0
BRDA:121,15,0,0
BRDA:121,15,1,0
BRDA:123,16,0,0
BRDA:123,16,1,0
BRDA:126,17,0,0
BRDA:140,18,0,0
BRDA:140,18,1,0
BRDA:140,18,2,0
BRDA:145,19,0,0
BRDA:150,20,0,0
BRDA:150,20,1,0
BRDA:166,21,0,0
BRDA:166,22,0,0
BRDA:166,22,1,0
BRDA:171,23,0,0
BRDA:182,24,0,0
BRDA:182,24,1,0
BRDA:182,24,2,0
BRDA:196,25,0,0
BRDA:196,25,1,0
BRDA:210,26,0,0
BRDA:210,26,1,0
BRDA:210,26,2,0
BRDA:210,26,3,0
BRDA:210,26,4,0
BRDA:210,26,5,0
BRDA:210,26,6,0
BRDA:259,27,0,0
BRDA:260,28,0,0
BRDA:261,29,0,0
BRDA:262,30,0,0
BRDA:268,31,0,0
BRDA:294,32,0,0
BRDA:294,32,1,0
BRDA:299,33,0,0
BRDA:299,33,1,0
BRDA:300,34,0,0
BRDA:300,34,1,0
BRDA:300,34,2,0
BRDA:309,35,0,0
BRDA:309,35,1,0
BRDA:321,36,0,0
BRDA:321,36,1,0
BRDA:328,37,0,0
BRDA:328,37,1,0
BRDA:329,38,0,0
BRDA:329,38,1,0
BRDA:339,39,0,0
BRDA:339,39,1,0
BRDA:352,40,0,0
BRDA:352,40,1,0
BRDA:356,41,0,0
BRDA:356,41,1,0
BRDA:361,42,0,0
BRDA:361,42,1,0
BRDA:369,43,0,0
BRDA:369,43,1,0
BRF:82
BRH:0
end_of_record
TN:
SF:src\components\ResponsiveLayout.tsx
FN:30,(anonymous_9)
FN:39,(anonymous_10)
FN:40,(anonymous_11)
FN:58,(anonymous_12)
FN:64,(anonymous_13)
FN:74,(anonymous_14)
FN:76,(anonymous_15)
FN:84,(anonymous_16)
FN:89,(anonymous_17)
FN:90,(anonymous_18)
FN:97,(anonymous_19)
FN:134,(anonymous_20)
FN:152,(anonymous_21)
FN:159,(anonymous_22)
FN:197,(anonymous_23)
FN:227,(anonymous_24)
FN:258,(anonymous_25)
FNF:17
FNH:0
FNDA:0,(anonymous_9)
FNDA:0,(anonymous_10)
FNDA:0,(anonymous_11)
FNDA:0,(anonymous_12)
FNDA:0,(anonymous_13)
FNDA:0,(anonymous_14)
FNDA:0,(anonymous_15)
FNDA:0,(anonymous_16)
FNDA:0,(anonymous_17)
FNDA:0,(anonymous_18)
FNDA:0,(anonymous_19)
FNDA:0,(anonymous_20)
FNDA:0,(anonymous_21)
FNDA:0,(anonymous_22)
FNDA:0,(anonymous_23)
FNDA:0,(anonymous_24)
FNDA:0,(anonymous_25)
DA:1,0
DA:16,0
DA:30,0
DA:31,0
DA:39,0
DA:40,0
DA:41,0
DA:42,0
DA:44,0
DA:53,0
DA:56,0
DA:58,0
DA:61,0
DA:64,0
DA:70,0
DA:71,0
DA:74,0
DA:75,0
DA:76,0
DA:77,0
DA:78,0
DA:79,0
DA:83,0
DA:84,0
DA:89,0
DA:90,0
DA:91,0
DA:92,0
DA:96,0
DA:97,0
DA:101,0
DA:102,0
DA:126,0
DA:134,0
DA:152,0
DA:159,0
DA:197,0
DA:203,0
DA:212,0
DA:227,0
DA:233,0
DA:241,0
DA:258,0
DA:266,0
DA:268,0
DA:275,0
DA:304,0
DA:306,0
LF:48
LH:0
BRDA:32,0,0,0
BRDA:32,0,1,0
BRDA:33,1,0,0
BRDA:33,1,1,0
BRDA:34,2,0,0
BRDA:34,2,1,0
BRDA:35,3,0,0
BRDA:35,3,1,0
BRDA:35,4,0,0
BRDA:35,4,1,0
BRDA:36,5,0,0
BRDA:36,5,1,0
BRDA:48,6,0,0
BRDA:48,6,1,0
BRDA:75,7,0,0
BRDA:75,8,0,0
BRDA:75,8,1,0
BRDA:78,9,0,0
BRDA:78,10,0,0
BRDA:78,10,1,0
BRDA:91,11,0,0
BRDA:91,12,0,0
BRDA:91,12,1,0
BRDA:101,13,0,0
BRDA:101,14,0,0
BRDA:101,14,1,0
BRDA:104,15,0,0
BRDA:104,15,1,0
BRDA:110,16,0,0
BRDA:110,16,1,0
BRDA:128,17,0,0
BRDA:128,17,1,0
BRDA:132,18,0,0
BRDA:132,18,1,0
BRDA:149,19,0,0
BRDA:149,19,1,0
BRDA:149,19,2,0
BRDA:177,20,0,0
BRDA:177,20,1,0
BRDA:199,21,0,0
BRDA:200,22,0,0
BRDA:201,23,0,0
BRDA:205,24,0,0
BRDA:205,24,1,0
BRDA:206,25,0,0
BRDA:206,25,1,0
BRDA:207,26,0,0
BRDA:207,26,1,0
BRDA:229,27,0,0
BRDA:230,28,0,0
BRDA:231,29,0,0
BRDA:235,30,0,0
BRDA:235,30,1,0
BRDA:237,31,0,0
BRDA:237,31,1,0
BRDA:263,32,0,0
BRDA:270,33,0,0
BRDA:270,33,1,0
BRDA:271,34,0,0
BRDA:271,34,1,0
BRDA:277,35,0,0
BRDA:277,35,1,0
BRDA:277,35,2,0
BRDA:277,35,3,0
BRDA:278,36,0,0
BRDA:278,36,1,0
BRDA:280,37,0,0
BRDA:280,37,1,0
BRDA:281,38,0,0
BRDA:281,38,1,0
BRDA:285,39,0,0
BRDA:285,39,1,0
BRDA:286,40,0,0
BRDA:286,40,1,0
BRDA:291,41,0,0
BRDA:291,41,1,0
BRF:76
BRH:0
end_of_record
TN:
SF:src\components\StatCard.tsx
FN:11,(anonymous_1)
FN:47,(anonymous_2)
FN:68,(anonymous_3)
FNF:3
FNH:1
FNDA:5,(anonymous_1)
FNDA:0,(anonymous_2)
FNDA:0,(anonymous_3)
DA:1,1
DA:11,1
DA:12,5
DA:13,5
DA:18,5
DA:40,5
DA:41,0
DA:48,0
DA:49,0
DA:50,0
DA:60,5
DA:68,1
DA:70,0
LF:13
LH:8
BRDA:11,0,0,4
BRDA:13,1,0,0
BRDA:13,1,1,5
BRDA:20,2,0,0
BRDA:20,2,1,5
BRDA:23,3,0,0
BRDA:23,3,1,5
BRDA:26,4,0,5
BRDA:26,4,1,0
BRDA:32,5,0,5
BRDA:32,5,1,3
BRDA:33,6,0,0
BRDA:33,6,1,3
BRDA:40,7,0,0
BRDA:48,8,0,0
BRDA:48,9,0,0
BRDA:48,9,1,0
BRDA:71,10,0,0
BRDA:71,10,1,0
BRDA:71,10,2,0
BRDA:71,10,3,0
BRDA:71,10,4,0
BRF:22
BRH:8
end_of_record
TN:
SF:src\components\admin\SecurityDashboard.tsx
FN:4,(anonymous_9)
FN:9,(anonymous_10)
FN:14,(anonymous_11)
FN:17,(anonymous_12)
FN:23,(anonymous_13)
FN:28,(anonymous_14)
FN:36,(anonymous_15)
FN:44,(anonymous_16)
FN:135,(anonymous_17)
FNF:9
FNH:0
FNDA:0,(anonymous_9)
FNDA:0,(anonymous_10)
FNDA:0,(anonymous_11)
FNDA:0,(anonymous_12)
FNDA:0,(anonymous_13)
FNDA:0,(anonymous_14)
FNDA:0,(anonymous_15)
FNDA:0,(anonymous_16)
FNDA:0,(anonymous_17)
DA:1,0
DA:2,0
DA:4,0
DA:5,0
DA:6,0
DA:7,0
DA:9,0
DA:10,0
DA:13,0
DA:14,0
DA:17,0
DA:18,0
DA:19,0
DA:20,0
DA:23,0
DA:24,0
DA:25,0
DA:28,0
DA:29,0
DA:30,0
DA:31,0
DA:32,0
DA:36,0
DA:37,0
DA:38,0
DA:39,0
DA:40,0
DA:44,0
DA:45,0
DA:48,0
DA:136,0
DA:178,0
LF:32
LH:0
BRDA:29,0,0,0
BRDA:29,0,1,0
BRDA:29,0,2,0
BRDA:37,1,0,0
BRDA:37,1,1,0
BRDA:37,1,2,0
BRDA:68,2,0,0
BRDA:68,2,1,0
BRDA:72,3,0,0
BRDA:72,3,1,0
BRDA:76,4,0,0
BRDA:76,4,1,0
BRDA:81,5,0,0
BRDA:81,5,1,0
BRDA:111,6,0,0
BRDA:111,6,1,0
BRDA:139,7,0,0
BRDA:139,7,1,0
BRDA:143,8,0,0
BRDA:143,8,1,0
BRDA:153,9,0,0
BRDA:153,9,1,0
BRF:22
BRH:0
end_of_record
TN:
SF:src\components\ai\AIDashboard.tsx
FN:7,(anonymous_9)
FN:13,(anonymous_10)
FN:19,(anonymous_11)
FN:25,(anonymous_12)
FN:31,(anonymous_13)
FN:43,(anonymous_14)
FN:49,(anonymous_15)
FN:55,(anonymous_16)
FN:61,(anonymous_17)
FN:73,(anonymous_18)
FN:79,(anonymous_19)
FN:113,(anonymous_20)
FN:126,(anonymous_21)
FN:140,(anonymous_22)
FN:156,(anonymous_23)
FN:168,(anonymous_24)
FN:186,(anonymous_25)
FN:203,(anonymous_26)
FN:223,(anonymous_27)
FN:232,(anonymous_28)
FN:252,(anonymous_29)
FN:277,(anonymous_30)
FN:347,(anonymous_31)
FN:440,(anonymous_32)
FN:460,(anonymous_33)
FN:492,(anonymous_34)
FN:581,(anonymous_35)
FN:584,(anonymous_36)
FNF:28
FNH:0
FNDA:0,(anonymous_9)
FNDA:0,(anonymous_10)
FNDA:0,(anonymous_11)
FNDA:0,(anonymous_12)
FNDA:0,(anonymous_13)
FNDA:0,(anonymous_14)
FNDA:0,(anonymous_15)
FNDA:0,(anonymous_16)
FNDA:0,(anonymous_17)
FNDA:0,(anonymous_18)
FNDA:0,(anonymous_19)
FNDA:0,(anonymous_20)
FNDA:0,(anonymous_21)
FNDA:0,(anonymous_22)
FNDA:0,(anonymous_23)
FNDA:0,(anonymous_24)
FNDA:0,(anonymous_25)
FNDA:0,(anonymous_26)
FNDA:0,(anonymous_27)
FNDA:0,(anonymous_28)
FNDA:0,(anonymous_29)
FNDA:0,(anonymous_30)
FNDA:0,(anonymous_31)
FNDA:0,(anonymous_32)
FNDA:0,(anonymous_33)
FNDA:0,(anonymous_34)
FNDA:0,(anonymous_35)
FNDA:0,(anonymous_36)
DA:1,0
DA:3,0
DA:4,0
DA:7,0
DA:8,0
DA:13,0
DA:14,0
DA:19,0
DA:20,0
DA:25,0
DA:26,0
DA:31,0
DA:32,0
DA:43,0
DA:44,0
DA:49,0
DA:50,0
DA:55,0
DA:56,0
DA:61,0
DA:62,0
DA:63,0
DA:64,0
DA:65,0
DA:66,0
DA:67,0
DA:68,0
DA:69,0
DA:70,0
DA:73,0
DA:74,0
DA:75,0
DA:79,0
DA:80,0
DA:81,0
DA:82,0
DA:85,0
DA:87,0
DA:89,0
DA:90,0
DA:93,0
DA:95,0
DA:96,0
DA:99,0
DA:100,0
DA:103,0
DA:104,0
DA:107,0
DA:109,0
DA:113,0
DA:114,0
DA:115,0
DA:116,0
DA:117,0
DA:118,0
DA:120,0
DA:122,0
DA:126,0
DA:127,0
DA:129,0
DA:130,0
DA:131,0
DA:132,0
DA:134,0
DA:136,0
DA:140,0
DA:141,0
DA:156,0
DA:157,0
DA:169,0
DA:187,0
DA:204,0
DA:223,0
DA:224,0
DA:232,0
DA:253,0
DA:278,0
DA:347,0
DA:348,0
DA:441,0
DA:460,0
DA:461,0
DA:493,0
DA:518,0
DA:519,0
DA:531,0
DA:582,0
DA:584,0
DA:609,0
LF:89
LH:0
BRDA:7,0,0,0
BRDA:13,1,0,0
BRDA:19,2,0,0
BRDA:25,3,0,0
BRDA:31,4,0,0
BRDA:43,5,0,0
BRDA:49,6,0,0
BRDA:55,7,0,0
BRDA:74,8,0,0
BRDA:80,9,0,0
BRDA:93,10,0,0
BRDA:93,11,0,0
BRDA:93,11,1,0
BRDA:127,12,0,0
BRDA:127,13,0,0
BRDA:127,13,1,0
BRDA:143,14,0,0
BRDA:143,14,1,0
BRDA:151,15,0,0
BRDA:151,15,1,0
BRDA:151,16,0,0
BRDA:151,16,1,0
BRDA:158,17,0,0
BRDA:158,17,1,0
BRDA:161,18,0,0
BRDA:161,18,1,0
BRDA:179,19,0,0
BRDA:179,19,1,0
BRDA:203,20,0,0
BRDA:203,20,1,0
BRDA:216,21,0,0
BRDA:216,21,1,0
BRDA:240,22,0,0
BRDA:240,22,1,0
BRDA:245,23,0,0
BRDA:245,23,1,0
BRDA:248,24,0,0
BRDA:248,24,1,0
BRDA:273,25,0,0
BRDA:273,25,1,0
BRDA:340,26,0,0
BRDA:340,26,1,0
BRDA:349,27,0,0
BRDA:349,27,1,0
BRDA:453,28,0,0
BRDA:453,28,1,0
BRDA:462,29,0,0
BRDA:462,29,1,0
BRDA:476,30,0,0
BRDA:476,30,1,0
BRDA:482,31,0,0
BRDA:482,31,1,0
BRDA:518,32,0,0
BRDA:546,33,0,0
BRDA:546,33,1,0
BRDA:551,34,0,0
BRDA:551,34,1,0
BRDA:560,35,0,0
BRDA:560,35,1,0
BRDA:564,36,0,0
BRDA:564,36,1,0
BRDA:586,37,0,0
BRDA:586,37,1,0
BRDA:600,38,0,0
BRDA:600,38,1,0
BRDA:601,39,0,0
BRDA:601,39,1,0
BRDA:602,40,0,0
BRDA:602,40,1,0
BRDA:603,41,0,0
BRDA:603,41,1,0
BRF:71
BRH:0
end_of_record
TN:
SF:src\components\analytics\AnalyticsDashboard.tsx
FN:9,(anonymous_10)
FN:15,(anonymous_11)
FN:21,(anonymous_12)
FN:27,(anonymous_13)
FN:38,(anonymous_14)
FN:46,(anonymous_15)
FN:47,(anonymous_16)
FN:181,(anonymous_17)
FN:184,(anonymous_18)
FN:198,(anonymous_19)
FN:245,(anonymous_20)
FN:262,(anonymous_21)
FNF:12
FNH:0
FNDA:0,(anonymous_10)
FNDA:0,(anonymous_11)
FNDA:0,(anonymous_12)
FNDA:0,(anonymous_13)
FNDA:0,(anonymous_14)
FNDA:0,(anonymous_15)
FNDA:0,(anonymous_16)
FNDA:0,(anonymous_17)
FNDA:0,(anonymous_18)
FNDA:0,(anonymous_19)
FNDA:0,(anonymous_20)
FNDA:0,(anonymous_21)
DA:1,0
DA:2,0
DA:3,0
DA:4,0
DA:5,0
DA:9,0
DA:10,0
DA:15,0
DA:16,0
DA:21,0
DA:22,0
DA:27,0
DA:28,0
DA:38,0
DA:39,0
DA:40,0
DA:42,0
DA:43,0
DA:44,0
DA:46,0
DA:47,0
DA:48,0
DA:49,0
DA:50,0
DA:51,0
DA:53,0
DA:55,0
DA:59,0
DA:62,0
DA:63,0
DA:70,0
DA:71,0
DA:78,0
DA:80,0
DA:182,0
DA:184,0
DA:199,0
DA:246,0
DA:263,0
DA:285,0
LF:40
LH:0
BRDA:38,0,0,0
BRDA:62,1,0,0
BRDA:70,2,0,0
BRDA:186,3,0,0
BRDA:186,3,1,0
BRDA:258,4,0,0
BRDA:258,4,1,0
BRDA:268,5,0,0
BRDA:268,5,1,0
BRDA:269,6,0,0
BRDA:269,6,1,0
BRDA:271,7,0,0
BRDA:271,7,1,0
BRDA:272,8,0,0
BRDA:272,8,1,0
BRF:15
BRH:0
end_of_record
TN:
SF:src\components\auth\AuthForm.tsx
FN:8,(anonymous_9)
FN:19,(anonymous_10)
FN:76,(anonymous_11)
FN:116,(anonymous_12)
FN:135,(anonymous_13)
FN:155,(anonymous_14)
FNF:6
FNH:0
FNDA:0,(anonymous_9)
FNDA:0,(anonymous_10)
FNDA:0,(anonymous_11)
FNDA:0,(anonymous_12)
FNDA:0,(anonymous_13)
FNDA:0,(anonymous_14)
DA:1,0
DA:2,0
DA:8,0
DA:9,0
DA:10,0
DA:11,0
DA:12,0
DA:13,0
DA:14,0
DA:15,0
DA:17,0
DA:19,0
DA:20,0
DA:21,0
DA:22,0
DA:23,0
DA:26,0
DA:27,0
DA:28,0
DA:29,0
DA:32,0
DA:33,0
DA:34,0
DA:35,0
DA:38,0
DA:39,0
DA:40,0
DA:41,0
DA:44,0
DA:45,0
DA:46,0
DA:47,0
DA:50,0
DA:51,0
DA:52,0
DA:53,0
DA:54,0
DA:55,0
DA:57,0
DA:60,0
DA:61,0
DA:62,0
DA:63,0
DA:65,0
DA:69,0
DA:70,0
DA:72,0
DA:76,0
DA:77,0
DA:78,0
DA:79,0
DA:80,0
DA:81,0
DA:82,0
DA:85,0
DA:116,0
DA:135,0
DA:155,0
DA:246,0
LF:59
LH:0
BRDA:26,0,0,0
BRDA:32,1,0,0
BRDA:38,2,0,0
BRDA:38,3,0,0
BRDA:38,3,1,0
BRDA:44,4,0,0
BRDA:51,5,0,0
BRDA:51,5,1,0
BRDA:53,6,0,0
BRDA:53,6,1,0
BRDA:57,7,0,0
BRDA:57,7,1,0
BRDA:61,8,0,0
BRDA:61,8,1,0
BRDA:65,9,0,0
BRDA:65,9,1,0
BRDA:70,10,0,0
BRDA:70,10,1,0
BRDA:95,11,0,0
BRDA:95,11,1,0
BRDA:119,12,0,0
BRDA:119,12,1,0
BRDA:132,13,0,0
BRDA:132,13,1,0
BRDA:138,14,0,0
BRDA:138,14,1,0
BRDA:143,15,0,0
BRDA:143,15,1,0
BRDA:158,16,0,0
BRDA:158,16,1,0
BRDA:165,17,0,0
BRDA:165,17,1,0
BRDA:185,18,0,0
BRDA:185,18,1,0
BRDA:208,19,0,0
BRDA:208,19,1,0
BRDA:210,20,0,0
BRDA:210,20,1,0
BRDA:212,21,0,0
BRDA:212,21,1,0
BRDA:212,22,0,0
BRDA:212,22,1,0
BRDA:218,23,0,0
BRDA:218,23,1,0
BRDA:221,24,0,0
BRDA:221,24,1,0
BRDA:231,25,0,0
BRDA:231,25,1,0
BRDA:232,26,0,0
BRDA:232,26,1,0
BRDA:234,27,0,0
BRDA:234,27,1,0
BRF:52
BRH:0
end_of_record
TN:
SF:src\components\calendar\CalendarPage.tsx
FN:13,(anonymous_10)
FN:24,(anonymous_11)
FN:38,(anonymous_12)
FN:41,(anonymous_13)
FN:51,(anonymous_14)
FN:54,(anonymous_15)
FN:58,(anonymous_16)
FN:67,(anonymous_17)
FN:78,(anonymous_18)
FN:79,(anonymous_19)
FN:91,(anonymous_20)
FN:96,(anonymous_21)
FN:100,(anonymous_22)
FN:105,(anonymous_23)
FN:119,(anonymous_24)
FN:120,(anonymous_25)
FN:123,(anonymous_26)
FN:124,(anonymous_27)
FN:127,(anonymous_28)
FN:137,(anonymous_29)
FN:141,(anonymous_30)
FN:145,(anonymous_31)
FN:150,(anonymous_32)
FN:159,(anonymous_33)
FN:169,(anonymous_34)
FN:174,(anonymous_35)
FN:185,(anonymous_36)
FN:206,(anonymous_37)
FN:216,(anonymous_38)
FN:227,(anonymous_39)
FN:237,(anonymous_40)
FN:244,(anonymous_41)
FN:271,(anonymous_42)
FN:293,(anonymous_43)
FN:297,(anonymous_44)
FN:300,(anonymous_45)
FN:312,(anonymous_46)
FN:322,(anonymous_47)
FN:345,(anonymous_48)
FN:349,(anonymous_49)
FN:352,(anonymous_50)
FN:364,(anonymous_51)
FN:374,(anonymous_52)
FN:414,(anonymous_53)
FN:424,(anonymous_54)
FN:434,(anonymous_55)
FN:447,(anonymous_56)
FN:449,(anonymous_57)
FN:450,(anonymous_58)
FN:460,(anonymous_59)
FN:469,(anonymous_60)
FN:477,(anonymous_61)
FNF:52
FNH:0
FNDA:0,(anonymous_10)
FNDA:0,(anonymous_11)
FNDA:0,(anonymous_12)
FNDA:0,(anonymous_13)
FNDA:0,(anonymous_14)
FNDA:0,(anonymous_15)
FNDA:0,(anonymous_16)
FNDA:0,(anonymous_17)
FNDA:0,(anonymous_18)
FNDA:0,(anonymous_19)
FNDA:0,(anonymous_20)
FNDA:0,(anonymous_21)
FNDA:0,(anonymous_22)
FNDA:0,(anonymous_23)
FNDA:0,(anonymous_24)
FNDA:0,(anonymous_25)
FNDA:0,(anonymous_26)
FNDA:0,(anonymous_27)
FNDA:0,(anonymous_28)
FNDA:0,(anonymous_29)
FNDA:0,(anonymous_30)
FNDA:0,(anonymous_31)
FNDA:0,(anonymous_32)
FNDA:0,(anonymous_33)
FNDA:0,(anonymous_34)
FNDA:0,(anonymous_35)
FNDA:0,(anonymous_36)
FNDA:0,(anonymous_37)
FNDA:0,(anonymous_38)
FNDA:0,(anonymous_39)
FNDA:0,(anonymous_40)
FNDA:0,(anonymous_41)
FNDA:0,(anonymous_42)
FNDA:0,(anonymous_43)
FNDA:0,(anonymous_44)
FNDA:0,(anonymous_45)
FNDA:0,(anonymous_46)
FNDA:0,(anonymous_47)
FNDA:0,(anonymous_48)
FNDA:0,(anonymous_49)
FNDA:0,(anonymous_50)
FNDA:0,(anonymous_51)
FNDA:0,(anonymous_52)
FNDA:0,(anonymous_53)
FNDA:0,(anonymous_54)
FNDA:0,(anonymous_55)
FNDA:0,(anonymous_56)
FNDA:0,(anonymous_57)
FNDA:0,(anonymous_58)
FNDA:0,(anonymous_59)
FNDA:0,(anonymous_60)
FNDA:0,(anonymous_61)
DA:1,0
DA:3,0
DA:4,0
DA:5,0
DA:6,0
DA:7,0
DA:8,0
DA:9,0
DA:10,0
DA:13,0
DA:14,0
DA:24,0
DA:25,0
DA:26,0
DA:27,0
DA:28,0
DA:29,0
DA:30,0
DA:31,0
DA:32,0
DA:33,0
DA:34,0
DA:35,0
DA:38,0
DA:41,0
DA:42,0
DA:43,0
DA:44,0
DA:45,0
DA:47,0
DA:51,0
DA:52,0
DA:54,0
DA:55,0
DA:58,0
DA:59,0
DA:60,0
DA:63,0
DA:67,0
DA:68,0
DA:69,0
DA:71,0
DA:72,0
DA:75,0
DA:76,0
DA:77,0
DA:78,0
DA:79,0
DA:80,0
DA:81,0
DA:84,0
DA:91,0
DA:96,0
DA:101,0
DA:106,0
DA:115,0
DA:119,0
DA:120,0
DA:123,0
DA:124,0
DA:127,0
DA:128,0
DA:129,0
DA:130,0
DA:134,0
DA:137,0
DA:138,0
DA:141,0
DA:142,0
DA:145,0
DA:146,0
DA:150,0
DA:151,0
DA:152,0
DA:153,0
DA:155,0
DA:159,0
DA:160,0
DA:161,0
DA:162,0
DA:163,0
DA:165,0
DA:169,0
DA:170,0
DA:171,0
DA:174,0
DA:175,0
DA:176,0
DA:177,0
DA:178,0
DA:180,0
DA:181,0
DA:185,0
DA:186,0
DA:187,0
DA:188,0
DA:189,0
DA:191,0
DA:192,0
DA:196,0
DA:206,0
DA:216,0
DA:227,0
DA:237,0
DA:244,0
DA:271,0
DA:294,0
DA:297,0
DA:301,0
DA:302,0
DA:303,0
DA:312,0
DA:322,0
DA:346,0
DA:349,0
DA:353,0
DA:354,0
DA:355,0
DA:364,0
DA:375,0
DA:376,0
DA:377,0
DA:414,0
DA:424,0
DA:435,0
DA:436,0
DA:447,0
DA:449,0
DA:451,0
DA:452,0
DA:461,0
DA:462,0
DA:469,0
DA:477,0
DA:479,0
LF:135
LH:0
BRDA:52,0,0,0
BRDA:55,1,0,0
BRDA:55,1,1,0
BRDA:77,2,0,0
BRDA:77,2,1,0
BRDA:78,3,0,0
BRDA:78,3,1,0
BRDA:88,4,0,0
BRDA:88,4,1,0
BRDA:89,5,0,0
BRDA:89,5,1,0
BRDA:89,6,0,0
BRDA:89,6,1,0
BRDA:93,7,0,0
BRDA:93,7,1,0
BRDA:96,8,0,0
BRDA:96,9,0,0
BRDA:96,9,1,0
BRDA:98,10,0,0
BRDA:98,10,1,0
BRDA:101,11,0,0
BRDA:101,11,1,0
BRDA:101,12,0,0
BRDA:101,12,1,0
BRDA:110,13,0,0
BRDA:110,13,1,0
BRDA:137,14,0,0
BRDA:137,14,1,0
BRDA:141,15,0,0
BRDA:141,15,1,0
BRDA:216,16,0,0
BRDA:216,16,1,0
BRDA:286,17,0,0
BRDA:286,17,1,0
BRDA:289,18,0,0
BRDA:289,18,1,0
BRDA:301,19,0,0
BRDA:301,20,0,0
BRDA:301,20,1,0
BRDA:323,21,0,0
BRDA:323,21,1,0
BRDA:324,22,0,0
BRDA:324,22,1,0
BRDA:325,23,0,0
BRDA:325,23,1,0
BRDA:341,24,0,0
BRDA:341,24,1,0
BRDA:353,25,0,0
BRDA:353,26,0,0
BRDA:353,26,1,0
BRDA:393,27,0,0
BRDA:393,27,1,0
BRDA:401,28,0,0
BRDA:401,28,1,0
BRDA:401,28,2,0
BRDA:411,29,0,0
BRDA:411,29,1,0
BRDA:421,30,0,0
BRDA:421,30,1,0
BRDA:427,31,0,0
BRDA:427,31,1,0
BRDA:431,32,0,0
BRDA:431,32,1,0
BRDA:445,33,0,0
BRDA:445,33,1,0
BRDA:447,34,0,0
BRDA:447,34,1,0
BRDA:447,35,0,0
BRDA:447,35,1,0
BRDA:448,36,0,0
BRDA:448,36,1,0
BRDA:457,37,0,0
BRDA:457,37,1,0
BRDA:467,38,0,0
BRDA:467,38,1,0
BRDA:480,39,0,0
BRDA:480,39,1,0
BRF:77
BRH:0
end_of_record
TN:
SF:src\components\calendar\EditEventModal.tsx
FN:14,(anonymous_10)
FN:40,(anonymous_11)
FN:70,(anonymous_12)
FN:87,(anonymous_13)
FN:134,(anonymous_14)
FN:134,(anonymous_15)
FN:147,(anonymous_16)
FN:164,(anonymous_17)
FN:182,(anonymous_18)
FN:209,(anonymous_19)
FN:223,(anonymous_20)
FN:237,(anonymous_21)
FN:253,(anonymous_22)
FN:258,(anonymous_23)
FN:271,(anonymous_24)
FN:283,(anonymous_25)
FN:299,(anonymous_26)
FN:314,(anonymous_27)
FN:330,(anonymous_28)
FN:342,(anonymous_29)
FN:355,(anonymous_30)
FN:373,(anonymous_31)
FN:383,(anonymous_32)
FN:421,(anonymous_33)
FNF:24
FNH:0
FNDA:0,(anonymous_10)
FNDA:0,(anonymous_11)
FNDA:0,(anonymous_12)
FNDA:0,(anonymous_13)
FNDA:0,(anonymous_14)
FNDA:0,(anonymous_15)
FNDA:0,(anonymous_16)
FNDA:0,(anonymous_17)
FNDA:0,(anonymous_18)
FNDA:0,(anonymous_19)
FNDA:0,(anonymous_20)
FNDA:0,(anonymous_21)
FNDA:0,(anonymous_22)
FNDA:0,(anonymous_23)
FNDA:0,(anonymous_24)
FNDA:0,(anonymous_25)
FNDA:0,(anonymous_26)
FNDA:0,(anonymous_27)
FNDA:0,(anonymous_28)
FNDA:0,(anonymous_29)
FNDA:0,(anonymous_30)
FNDA:0,(anonymous_31)
FNDA:0,(anonymous_32)
FNDA:0,(anonymous_33)
DA:1,0
DA:3,0
DA:14,0
DA:22,0
DA:23,0
DA:24,0
DA:25,0
DA:26,0
DA:27,0
DA:28,0
DA:29,0
DA:30,0
DA:31,0
DA:32,0
DA:33,0
DA:34,0
DA:35,0
DA:36,0
DA:37,0
DA:40,0
DA:41,0
DA:42,0
DA:43,0
DA:46,0
DA:47,0
DA:49,0
DA:50,0
DA:51,0
DA:52,0
DA:53,0
DA:55,0
DA:56,0
DA:57,0
DA:58,0
DA:61,0
DA:62,0
DA:63,0
DA:64,0
DA:65,0
DA:66,0
DA:70,0
DA:71,0
DA:72,0
DA:73,0
DA:74,0
DA:75,0
DA:76,0
DA:77,0
DA:78,0
DA:79,0
DA:80,0
DA:81,0
DA:82,0
DA:83,0
DA:84,0
DA:87,0
DA:88,0
DA:90,0
DA:92,0
DA:93,0
DA:94,0
DA:97,0
DA:98,0
DA:99,0
DA:102,0
DA:103,0
DA:104,0
DA:107,0
DA:108,0
DA:110,0
DA:114,0
DA:115,0
DA:116,0
DA:118,0
DA:119,0
DA:124,0
DA:134,0
DA:137,0
DA:138,0
DA:140,0
DA:141,0
DA:143,0
DA:147,0
DA:148,0
DA:150,0
DA:151,0
DA:153,0
DA:154,0
DA:155,0
DA:157,0
DA:158,0
DA:160,0
DA:164,0
DA:165,0
DA:166,0
DA:167,0
DA:170,0
DA:172,0
DA:182,0
DA:209,0
DA:223,0
DA:237,0
DA:253,0
DA:259,0
DA:271,0
DA:283,0
DA:299,0
DA:314,0
DA:330,0
DA:342,0
DA:355,0
DA:373,0
DA:383,0
DA:421,0
DA:442,0
LF:115
LH:0
BRDA:41,0,0,0
BRDA:42,1,0,0
BRDA:42,1,1,0
BRDA:43,2,0,0
BRDA:43,2,1,0
BRDA:49,3,0,0
BRDA:49,3,1,0
BRDA:61,4,0,0
BRDA:61,4,1,0
BRDA:62,5,0,0
BRDA:62,5,1,0
BRDA:63,6,0,0
BRDA:63,6,1,0
BRDA:64,7,0,0
BRDA:64,7,1,0
BRDA:65,8,0,0
BRDA:65,8,1,0
BRDA:66,9,0,0
BRDA:66,9,1,0
BRDA:90,10,0,0
BRDA:92,11,0,0
BRDA:97,12,0,0
BRDA:102,13,0,0
BRDA:102,14,0,0
BRDA:102,14,1,0
BRDA:114,15,0,0
BRDA:114,15,1,0
BRDA:116,16,0,0
BRDA:116,16,1,0
BRDA:119,17,0,0
BRDA:119,17,1,0
BRDA:119,18,0,0
BRDA:119,18,1,0
BRDA:120,19,0,0
BRDA:120,19,1,0
BRDA:126,20,0,0
BRDA:126,20,1,0
BRDA:131,21,0,0
BRDA:131,21,1,0
BRDA:132,22,0,0
BRDA:132,22,1,0
BRDA:141,23,0,0
BRDA:141,23,1,0
BRDA:148,24,0,0
BRDA:158,25,0,0
BRDA:158,25,1,0
BRDA:165,26,0,0
BRDA:165,27,0,0
BRDA:165,27,1,0
BRDA:170,28,0,0
BRDA:170,29,0,0
BRDA:170,29,1,0
BRDA:193,30,0,0
BRDA:193,30,1,0
BRDA:199,31,0,0
BRDA:199,31,1,0
BRDA:305,32,0,0
BRDA:305,32,1,0
BRDA:335,33,0,0
BRDA:335,33,1,0
BRDA:403,34,0,0
BRDA:403,34,1,0
BRDA:432,35,0,0
BRDA:432,35,1,0
BRF:64
BRH:0
end_of_record
TN:
SF:src\components\calendar\FocusBlockManager.tsx
FN:69,(anonymous_9)
FN:85,(anonymous_10)
FN:89,(anonymous_11)
FN:124,(anonymous_12)
FN:131,(anonymous_13)
FN:175,(anonymous_14)
FN:183,(anonymous_15)
FN:198,(anonymous_16)
FN:207,(anonymous_17)
FN:208,(anonymous_18)
FN:208,(anonymous_19)
FN:211,(anonymous_20)
FN:222,(anonymous_21)
FN:224,(anonymous_22)
FN:227,(anonymous_23)
FN:233,(anonymous_24)
FN:233,(anonymous_25)
FN:250,(anonymous_26)
FN:250,(anonymous_27)
FN:273,(anonymous_28)
FN:283,(anonymous_29)
FN:299,(anonymous_30)
FN:320,(anonymous_31)
FN:348,(anonymous_32)
FN:348,(anonymous_33)
FN:361,(anonymous_34)
FN:361,(anonymous_35)
FN:372,(anonymous_36)
FN:372,(anonymous_37)
FN:389,(anonymous_38)
FN:389,(anonymous_39)
FN:404,(anonymous_40)
FN:404,(anonymous_41)
FN:417,(anonymous_42)
FN:435,(anonymous_43)
FN:440,(anonymous_44)
FN:462,(anonymous_45)
FN:480,(anonymous_46)
FN:481,(anonymous_47)
FN:483,(anonymous_48)
FN:510,(anonymous_49)
FN:511,(anonymous_50)
FN:547,(anonymous_51)
FN:574,(anonymous_52)
FN:577,(anonymous_53)
FN:614,(anonymous_54)
FNF:46
FNH:0
FNDA:0,(anonymous_9)
FNDA:0,(anonymous_10)
FNDA:0,(anonymous_11)
FNDA:0,(anonymous_12)
FNDA:0,(anonymous_13)
FNDA:0,(anonymous_14)
FNDA:0,(anonymous_15)
FNDA:0,(anonymous_16)
FNDA:0,(anonymous_17)
FNDA:0,(anonymous_18)
FNDA:0,(anonymous_19)
FNDA:0,(anonymous_20)
FNDA:0,(anonymous_21)
FNDA:0,(anonymous_22)
FNDA:0,(anonymous_23)
FNDA:0,(anonymous_24)
FNDA:0,(anonymous_25)
FNDA:0,(anonymous_26)
FNDA:0,(anonymous_27)
FNDA:0,(anonymous_28)
FNDA:0,(anonymous_29)
FNDA:0,(anonymous_30)
FNDA:0,(anonymous_31)
FNDA:0,(anonymous_32)
FNDA:0,(anonymous_33)
FNDA:0,(anonymous_34)
FNDA:0,(anonymous_35)
FNDA:0,(anonymous_36)
FNDA:0,(anonymous_37)
FNDA:0,(anonymous_38)
FNDA:0,(anonymous_39)
FNDA:0,(anonymous_40)
FNDA:0,(anonymous_41)
FNDA:0,(anonymous_42)
FNDA:0,(anonymous_43)
FNDA:0,(anonymous_44)
FNDA:0,(anonymous_45)
FNDA:0,(anonymous_46)
FNDA:0,(anonymous_47)
FNDA:0,(anonymous_48)
FNDA:0,(anonymous_49)
FNDA:0,(anonymous_50)
FNDA:0,(anonymous_51)
FNDA:0,(anonymous_52)
FNDA:0,(anonymous_53)
FNDA:0,(anonymous_54)
DA:1,0
DA:3,0
DA:34,0
DA:69,0
DA:70,0
DA:71,0
DA:73,0
DA:74,0
DA:75,0
DA:76,0
DA:81,0
DA:82,0
DA:83,0
DA:85,0
DA:86,0
DA:89,0
DA:90,0
DA:91,0
DA:93,0
DA:94,0
DA:96,0
DA:97,0
DA:98,0
DA:100,0
DA:101,0
DA:116,0
DA:118,0
DA:120,0
DA:124,0
DA:125,0
DA:126,0
DA:127,0
DA:128,0
DA:131,0
DA:132,0
DA:134,0
DA:135,0
DA:137,0
DA:138,0
DA:139,0
DA:140,0
DA:142,0
DA:143,0
DA:147,0
DA:157,0
DA:167,0
DA:171,0
DA:175,0
DA:176,0
DA:177,0
DA:178,0
DA:179,0
DA:180,0
DA:183,0
DA:184,0
DA:186,0
DA:198,0
DA:199,0
DA:200,0
DA:207,0
DA:208,0
DA:211,0
DA:212,0
DA:213,0
DA:214,0
DA:215,0
DA:216,0
DA:217,0
DA:219,0
DA:222,0
DA:223,0
DA:224,0
DA:227,0
DA:228,0
DA:233,0
DA:234,0
DA:235,0
DA:236,0
DA:250,0
DA:251,0
DA:252,0
DA:253,0
DA:273,0
DA:284,0
DA:285,0
DA:287,0
DA:300,0
DA:320,0
DA:348,0
DA:361,0
DA:372,0
DA:389,0
DA:404,0
DA:417,0
DA:435,0
DA:436,0
DA:441,0
DA:463,0
DA:468,0
DA:480,0
DA:481,0
DA:482,0
DA:483,0
DA:486,0
DA:511,0
DA:512,0
DA:514,0
DA:536,0
DA:547,0
DA:575,0
DA:577,0
DA:614,0
DA:781,0
LF:113
LH:0
BRDA:100,0,0,0
BRDA:132,1,0,0
BRDA:142,2,0,0
BRDA:143,3,0,0
BRDA:143,3,1,0
BRDA:184,4,0,0
BRDA:184,5,0,0
BRDA:184,5,1,0
BRDA:184,5,2,0
BRDA:192,6,0,0
BRDA:192,6,1,0
BRDA:193,7,0,0
BRDA:193,7,1,0
BRDA:291,8,0,0
BRDA:291,8,1,0
BRDA:303,9,0,0
BRDA:303,9,1,0
BRDA:304,10,0,0
BRDA:304,10,1,0
BRDA:305,11,0,0
BRDA:305,11,1,0
BRDA:311,12,0,0
BRDA:311,12,1,0
BRDA:336,13,0,0
BRDA:336,13,1,0
BRDA:347,14,0,0
BRDA:347,14,1,0
BRDA:360,15,0,0
BRDA:360,15,1,0
BRDA:371,16,0,0
BRDA:371,16,1,0
BRDA:388,17,0,0
BRDA:388,17,1,0
BRDA:403,18,0,0
BRDA:403,18,1,0
BRDA:445,19,0,0
BRDA:445,19,1,0
BRDA:446,20,0,0
BRDA:446,20,1,0
BRDA:482,21,0,0
BRDA:482,21,1,0
BRDA:483,22,0,0
BRDA:483,22,1,0
BRDA:512,23,0,0
BRDA:512,23,1,0
BRDA:579,24,0,0
BRDA:579,24,1,0
BRDA:592,25,0,0
BRDA:592,25,1,0
BRDA:598,26,0,0
BRDA:598,26,1,0
BRDA:599,27,0,0
BRDA:599,27,1,0
BRDA:600,28,0,0
BRDA:600,28,1,0
BRDA:607,29,0,0
BRDA:607,29,1,0
BRF:57
BRH:0
end_of_record
TN:
SF:src\components\calendar\NewEventModal.tsx
FN:13,(anonymous_10)
FN:35,(anonymous_11)
FN:51,(anonymous_12)
FN:96,(anonymous_13)
FN:96,(anonymous_14)
FN:109,(anonymous_15)
FN:127,(anonymous_16)
FN:153,(anonymous_17)
FN:170,(anonymous_18)
FN:184,(anonymous_19)
FN:200,(anonymous_20)
FN:205,(anonymous_21)
FN:218,(anonymous_22)
FN:230,(anonymous_23)
FN:246,(anonymous_24)
FN:261,(anonymous_25)
FN:277,(anonymous_26)
FN:289,(anonymous_27)
FN:302,(anonymous_28)
FN:320,(anonymous_29)
FNF:20
FNH:0
FNDA:0,(anonymous_10)
FNDA:0,(anonymous_11)
FNDA:0,(anonymous_12)
FNDA:0,(anonymous_13)
FNDA:0,(anonymous_14)
FNDA:0,(anonymous_15)
FNDA:0,(anonymous_16)
FNDA:0,(anonymous_17)
FNDA:0,(anonymous_18)
FNDA:0,(anonymous_19)
FNDA:0,(anonymous_20)
FNDA:0,(anonymous_21)
FNDA:0,(anonymous_22)
FNDA:0,(anonymous_23)
FNDA:0,(anonymous_24)
FNDA:0,(anonymous_25)
FNDA:0,(anonymous_26)
FNDA:0,(anonymous_27)
FNDA:0,(anonymous_28)
FNDA:0,(anonymous_29)
DA:1,0
DA:3,0
DA:13,0
DA:20,0
DA:21,0
DA:22,0
DA:23,0
DA:24,0
DA:25,0
DA:26,0
DA:27,0
DA:28,0
DA:29,0
DA:30,0
DA:31,0
DA:32,0
DA:33,0
DA:35,0
DA:36,0
DA:37,0
DA:38,0
DA:39,0
DA:40,0
DA:41,0
DA:42,0
DA:43,0
DA:44,0
DA:45,0
DA:46,0
DA:47,0
DA:48,0
DA:51,0
DA:52,0
DA:54,0
DA:55,0
DA:56,0
DA:59,0
DA:60,0
DA:61,0
DA:64,0
DA:65,0
DA:66,0
DA:69,0
DA:70,0
DA:72,0
DA:76,0
DA:77,0
DA:78,0
DA:80,0
DA:81,0
DA:86,0
DA:96,0
DA:99,0
DA:100,0
DA:101,0
DA:103,0
DA:104,0
DA:105,0
DA:109,0
DA:110,0
DA:111,0
DA:112,0
DA:115,0
DA:117,0
DA:127,0
DA:153,0
DA:170,0
DA:184,0
DA:200,0
DA:206,0
DA:218,0
DA:230,0
DA:246,0
DA:261,0
DA:277,0
DA:289,0
DA:302,0
DA:320,0
DA:350,0
LF:79
LH:0
BRDA:22,0,0,0
BRDA:22,0,1,0
BRDA:24,1,0,0
BRDA:24,1,1,0
BRDA:38,2,0,0
BRDA:38,2,1,0
BRDA:40,3,0,0
BRDA:40,3,1,0
BRDA:54,4,0,0
BRDA:59,5,0,0
BRDA:64,6,0,0
BRDA:64,7,0,0
BRDA:64,7,1,0
BRDA:76,8,0,0
BRDA:76,8,1,0
BRDA:78,9,0,0
BRDA:78,9,1,0
BRDA:81,10,0,0
BRDA:81,10,1,0
BRDA:81,11,0,0
BRDA:81,11,1,0
BRDA:82,12,0,0
BRDA:82,12,1,0
BRDA:88,13,0,0
BRDA:88,13,1,0
BRDA:93,14,0,0
BRDA:93,14,1,0
BRDA:94,15,0,0
BRDA:94,15,1,0
BRDA:104,16,0,0
BRDA:104,16,1,0
BRDA:110,17,0,0
BRDA:115,18,0,0
BRDA:138,19,0,0
BRDA:138,19,1,0
BRDA:252,20,0,0
BRDA:252,20,1,0
BRDA:282,21,0,0
BRDA:282,21,1,0
BRDA:341,22,0,0
BRDA:341,22,1,0
BRF:41
BRH:0
end_of_record
TN:
SF:src\components\calendar\SimpleTaskEditModal.tsx
FN:11,(anonymous_9)
FN:23,(anonymous_10)
FN:32,(anonymous_11)
FN:49,(anonymous_12)
FN:58,(anonymous_13)
FN:71,(anonymous_14)
FNF:6
FNH:0
FNDA:0,(anonymous_9)
FNDA:0,(anonymous_10)
FNDA:0,(anonymous_11)
FNDA:0,(anonymous_12)
FNDA:0,(anonymous_13)
FNDA:0,(anonymous_14)
DA:1,0
DA:2,0
DA:11,0
DA:17,0
DA:18,0
DA:19,0
DA:21,0
DA:23,0
DA:24,0
DA:29,0
DA:32,0
DA:33,0
DA:34,0
DA:35,0
DA:38,0
DA:49,0
DA:58,0
DA:71,0
DA:111,0
LF:19
LH:0
BRDA:21,0,0,0
BRDA:33,1,0,0
BRDA:33,1,1,0
BRDA:86,2,0,0
BRDA:86,2,1,0
BRDA:91,3,0,0
BRDA:91,3,1,0
BRF:7
BRH:0
end_of_record
TN:
SF:src\components\calendar\TaskScheduler.tsx
FN:30,(anonymous_9)
FN:47,(anonymous_10)
FN:52,(anonymous_11)
FN:61,(anonymous_12)
FN:74,(anonymous_13)
FN:102,(anonymous_14)
FN:149,(anonymous_15)
FN:159,(anonymous_16)
FN:164,(anonymous_17)
FN:170,(anonymous_18)
FN:207,(anonymous_19)
FN:211,(anonymous_20)
FN:212,(anonymous_21)
FN:230,(anonymous_22)
FN:231,(anonymous_23)
FN:261,(anonymous_24)
FN:304,(anonymous_25)
FN:314,(anonymous_26)
FN:327,(anonymous_27)
FN:338,(anonymous_28)
FN:367,(anonymous_29)
FN:410,(anonymous_30)
FN:450,(anonymous_31)
FN:489,(anonymous_32)
FNF:24
FNH:0
FNDA:0,(anonymous_9)
FNDA:0,(anonymous_10)
FNDA:0,(anonymous_11)
FNDA:0,(anonymous_12)
FNDA:0,(anonymous_13)
FNDA:0,(anonymous_14)
FNDA:0,(anonymous_15)
FNDA:0,(anonymous_16)
FNDA:0,(anonymous_17)
FNDA:0,(anonymous_18)
FNDA:0,(anonymous_19)
FNDA:0,(anonymous_20)
FNDA:0,(anonymous_21)
FNDA:0,(anonymous_22)
FNDA:0,(anonymous_23)
FNDA:0,(anonymous_24)
FNDA:0,(anonymous_25)
FNDA:0,(anonymous_26)
FNDA:0,(anonymous_27)
FNDA:0,(anonymous_28)
FNDA:0,(anonymous_29)
FNDA:0,(anonymous_30)
FNDA:0,(anonymous_31)
FNDA:0,(anonymous_32)
DA:1,0
DA:4,0
DA:5,0
DA:30,0
DA:36,0
DA:37,0
DA:39,0
DA:40,0
DA:41,0
DA:42,0
DA:43,0
DA:44,0
DA:45,0
DA:47,0
DA:48,0
DA:49,0
DA:52,0
DA:53,0
DA:54,0
DA:57,0
DA:60,0
DA:61,0
DA:62,0
DA:66,0
DA:68,0
DA:70,0
DA:74,0
DA:75,0
DA:77,0
DA:78,0
DA:79,0
DA:81,0
DA:83,0
DA:84,0
DA:88,0
DA:91,0
DA:92,0
DA:94,0
DA:96,0
DA:99,0
DA:102,0
DA:103,0
DA:104,0
DA:105,0
DA:106,0
DA:108,0
DA:109,0
DA:111,0
DA:113,0
DA:114,0
DA:116,0
DA:117,0
DA:118,0
DA:119,0
DA:120,0
DA:123,0
DA:124,0
DA:132,0
DA:135,0
DA:136,0
DA:137,0
DA:144,0
DA:149,0
DA:150,0
DA:159,0
DA:160,0
DA:161,0
DA:164,0
DA:165,0
DA:166,0
DA:167,0
DA:170,0
DA:171,0
DA:174,0
DA:175,0
DA:176,0
DA:179,0
DA:182,0
DA:183,0
DA:184,0
DA:185,0
DA:188,0
DA:189,0
DA:190,0
DA:191,0
DA:192,0
DA:196,0
DA:197,0
DA:198,0
DA:199,0
DA:200,0
DA:201,0
DA:204,0
DA:207,0
DA:208,0
DA:210,0
DA:211,0
DA:212,0
DA:214,0
DA:215,0
DA:216,0
DA:218,0
DA:221,0
DA:222,0
DA:224,0
DA:228,0
DA:229,0
DA:230,0
DA:231,0
DA:233,0
DA:234,0
DA:236,0
DA:246,0
DA:247,0
DA:248,0
DA:253,0
DA:254,0
DA:256,0
DA:257,0
DA:261,0
DA:262,0
DA:267,0
DA:269,0
DA:272,0
DA:304,0
DA:314,0
DA:327,0
DA:338,0
DA:368,0
DA:411,0
DA:451,0
DA:490,0
DA:491,0
DA:504,0
LF:134
LH:0
BRDA:62,0,0,0
BRDA:62,0,1,0
BRDA:62,0,2,0
BRDA:75,1,0,0
BRDA:79,2,0,0
BRDA:79,2,1,0
BRDA:81,3,0,0
BRDA:81,3,1,0
BRDA:83,4,0,0
BRDA:84,5,0,0
BRDA:84,5,1,0
BRDA:91,6,0,0
BRDA:92,7,0,0
BRDA:92,7,1,0
BRDA:94,8,0,0
BRDA:103,9,0,0
BRDA:103,9,1,0
BRDA:104,10,0,0
BRDA:104,10,1,0
BRDA:105,11,0,0
BRDA:105,11,1,0
BRDA:106,12,0,0
BRDA:106,12,1,0
BRDA:116,13,0,0
BRDA:116,13,1,0
BRDA:116,14,0,0
BRDA:116,14,1,0
BRDA:117,15,0,0
BRDA:117,15,1,0
BRDA:117,16,0,0
BRDA:117,16,1,0
BRDA:118,17,0,0
BRDA:118,17,1,0
BRDA:118,18,0,0
BRDA:118,18,1,0
BRDA:119,19,0,0
BRDA:119,19,1,0
BRDA:119,20,0,0
BRDA:119,20,1,0
BRDA:135,21,0,0
BRDA:174,22,0,0
BRDA:174,22,1,0
BRDA:175,23,0,0
BRDA:175,23,1,0
BRDA:176,24,0,0
BRDA:177,25,0,0
BRDA:177,25,1,0
BRDA:177,25,2,0
BRDA:177,25,3,0
BRDA:182,26,0,0
BRDA:182,26,1,0
BRDA:183,27,0,0
BRDA:183,27,1,0
BRDA:183,28,0,0
BRDA:183,28,1,0
BRDA:184,29,0,0
BRDA:184,29,1,0
BRDA:184,30,0,0
BRDA:184,30,1,0
BRDA:185,31,0,0
BRDA:188,32,0,0
BRDA:188,32,1,0
BRDA:188,32,2,0
BRDA:188,32,3,0
BRDA:196,33,0,0
BRDA:199,34,0,0
BRDA:199,34,1,0
BRDA:200,35,0,0
BRDA:200,35,1,0
BRDA:201,36,0,0
BRDA:218,37,0,0
BRDA:221,38,0,0
BRDA:221,39,0,0
BRDA:221,39,1,0
BRDA:233,40,0,0
BRDA:233,41,0,0
BRDA:233,41,1,0
BRDA:240,42,0,0
BRDA:240,42,1,0
BRDA:247,43,0,0
BRDA:256,44,0,0
BRDA:262,45,0,0
BRDA:262,45,1,0
BRDA:262,45,2,0
BRDA:262,45,3,0
BRDA:262,45,4,0
BRDA:262,45,5,0
BRDA:267,46,0,0
BRDA:267,46,1,0
BRDA:269,47,0,0
BRDA:269,47,1,0
BRDA:306,48,0,0
BRDA:306,48,1,0
BRDA:316,49,0,0
BRDA:316,49,1,0
BRDA:354,50,0,0
BRDA:354,50,1,0
BRDA:376,51,0,0
BRDA:376,51,1,0
BRDA:377,52,0,0
BRDA:377,52,1,0
BRDA:378,53,0,0
BRDA:378,53,1,0
BRDA:387,54,0,0
BRDA:387,54,1,0
BRDA:390,55,0,0
BRDA:390,55,1,0
BRDA:393,56,0,0
BRDA:393,56,1,0
BRDA:414,57,0,0
BRDA:414,57,1,0
BRDA:423,58,0,0
BRDA:423,58,1,0
BRDA:424,59,0,0
BRDA:424,59,1,0
BRDA:425,60,0,0
BRDA:425,60,1,0
BRDA:431,61,0,0
BRDA:431,61,1,0
BRDA:432,62,0,0
BRDA:432,62,1,0
BRDA:490,63,0,0
BRDA:491,64,0,0
BRF:123
BRH:0
end_of_record
TN:
SF:src\components\calendar\WorkingHoursManager.tsx
FN:10,(anonymous_9)
FN:42,(anonymous_10)
FN:46,(anonymous_11)
FN:47,(anonymous_12)
FN:100,(anonymous_13)
FN:110,(anonymous_14)
FN:115,(anonymous_15)
FN:121,(anonymous_16)
FN:138,(anonymous_17)
FN:138,(anonymous_18)
FN:153,(anonymous_19)
FN:153,(anonymous_20)
FN:174,(anonymous_21)
FN:174,(anonymous_22)
FN:187,(anonymous_23)
FN:204,(anonymous_24)
FN:204,(anonymous_25)
FN:219,(anonymous_26)
FN:219,(anonymous_27)
FN:230,(anonymous_28)
FN:235,(anonymous_29)
FN:247,(anonymous_30)
FN:260,(anonymous_31)
FN:260,(anonymous_32)
FN:273,(anonymous_33)
FN:273,(anonymous_34)
FN:286,(anonymous_35)
FN:286,(anonymous_36)
FN:304,(anonymous_37)
FN:304,(anonymous_38)
FN:317,(anonymous_39)
FN:317,(anonymous_40)
FN:330,(anonymous_41)
FN:345,(anonymous_42)
FN:345,(anonymous_43)
FN:365,(anonymous_44)
FN:365,(anonymous_45)
FN:394,(anonymous_46)
FN:398,(anonymous_47)
FN:402,(anonymous_48)
FN:438,(anonymous_49)
FN:456,(anonymous_50)
FN:459,(anonymous_51)
FN:489,(anonymous_52)
FNF:44
FNH:0
FNDA:0,(anonymous_9)
FNDA:0,(anonymous_10)
FNDA:0,(anonymous_11)
FNDA:0,(anonymous_12)
FNDA:0,(anonymous_13)
FNDA:0,(anonymous_14)
FNDA:0,(anonymous_15)
FNDA:0,(anonymous_16)
FNDA:0,(anonymous_17)
FNDA:0,(anonymous_18)
FNDA:0,(anonymous_19)
FNDA:0,(anonymous_20)
FNDA:0,(anonymous_21)
FNDA:0,(anonymous_22)
FNDA:0,(anonymous_23)
FNDA:0,(anonymous_24)
FNDA:0,(anonymous_25)
FNDA:0,(anonymous_26)
FNDA:0,(anonymous_27)
FNDA:0,(anonymous_28)
FNDA:0,(anonymous_29)
FNDA:0,(anonymous_30)
FNDA:0,(anonymous_31)
FNDA:0,(anonymous_32)
FNDA:0,(anonymous_33)
FNDA:0,(anonymous_34)
FNDA:0,(anonymous_35)
FNDA:0,(anonymous_36)
FNDA:0,(anonymous_37)
FNDA:0,(anonymous_38)
FNDA:0,(anonymous_39)
FNDA:0,(anonymous_40)
FNDA:0,(anonymous_41)
FNDA:0,(anonymous_42)
FNDA:0,(anonymous_43)
FNDA:0,(anonymous_44)
FNDA:0,(anonymous_45)
FNDA:0,(anonymous_46)
FNDA:0,(anonymous_47)
FNDA:0,(anonymous_48)
FNDA:0,(anonymous_49)
FNDA:0,(anonymous_50)
FNDA:0,(anonymous_51)
FNDA:0,(anonymous_52)
DA:1,0
DA:3,0
DA:10,0
DA:11,0
DA:13,0
DA:29,0
DA:30,0
DA:32,0
DA:42,0
DA:43,0
DA:46,0
DA:47,0
DA:48,0
DA:49,0
DA:51,0
DA:53,0
DA:54,0
DA:63,0
DA:71,0
DA:72,0
DA:81,0
DA:82,0
DA:91,0
DA:97,0
DA:100,0
DA:101,0
DA:102,0
DA:103,0
DA:104,0
DA:106,0
DA:110,0
DA:111,0
DA:112,0
DA:115,0
DA:118,0
DA:121,0
DA:122,0
DA:138,0
DA:153,0
DA:174,0
DA:187,0
DA:188,0
DA:204,0
DA:219,0
DA:231,0
DA:235,0
DA:247,0
DA:248,0
DA:260,0
DA:273,0
DA:286,0
DA:304,0
DA:317,0
DA:330,0
DA:331,0
DA:345,0
DA:365,0
DA:394,0
DA:395,0
DA:399,0
DA:403,0
DA:428,0
DA:438,0
DA:457,0
DA:459,0
DA:489,0
DA:506,0
LF:67
LH:0
BRDA:18,0,0,0
BRDA:18,0,1,0
BRDA:51,1,0,0
BRDA:51,1,1,0
BRDA:53,2,0,0
BRDA:71,3,0,0
BRDA:81,4,0,0
BRDA:111,5,0,0
BRDA:111,5,1,0
BRDA:114,6,0,0
BRDA:114,6,1,0
BRDA:174,7,0,0
BRDA:174,7,1,0
BRDA:406,8,0,0
BRDA:406,8,1,0
BRDA:461,9,0,0
BRDA:461,9,1,0
BRDA:474,10,0,0
BRDA:474,10,1,0
BRDA:475,11,0,0
BRDA:475,11,1,0
BRDA:476,12,0,0
BRDA:476,12,1,0
BRDA:477,13,0,0
BRDA:477,13,1,0
BRF:25
BRH:0
end_of_record
TN:
SF:src\components\collaboration\ExportSharingModal.tsx
FN:27,(anonymous_10)
FN:42,(anonymous_11)
FN:52,(anonymous_12)
FN:79,(anonymous_13)
FN:86,(anonymous_14)
FN:100,(anonymous_15)
FN:116,(anonymous_16)
FN:122,(anonymous_17)
FN:128,(anonymous_18)
FN:131,(anonymous_19)
FN:133,(anonymous_20)
FN:133,(anonymous_21)
FN:140,(anonymous_22)
FN:153,(anonymous_23)
FN:158,(anonymous_24)
FN:174,(anonymous_25)
FN:246,(anonymous_26)
FN:259,(anonymous_27)
FN:274,(anonymous_28)
FN:291,(anonymous_29)
FN:305,(anonymous_30)
FN:340,(anonymous_31)
FN:373,(anonymous_32)
FN:389,(anonymous_33)
FNF:24
FNH:0
FNDA:0,(anonymous_10)
FNDA:0,(anonymous_11)
FNDA:0,(anonymous_12)
FNDA:0,(anonymous_13)
FNDA:0,(anonymous_14)
FNDA:0,(anonymous_15)
FNDA:0,(anonymous_16)
FNDA:0,(anonymous_17)
FNDA:0,(anonymous_18)
FNDA:0,(anonymous_19)
FNDA:0,(anonymous_20)
FNDA:0,(anonymous_21)
FNDA:0,(anonymous_22)
FNDA:0,(anonymous_23)
FNDA:0,(anonymous_24)
FNDA:0,(anonymous_25)
FNDA:0,(anonymous_26)
FNDA:0,(anonymous_27)
FNDA:0,(anonymous_28)
FNDA:0,(anonymous_29)
FNDA:0,(anonymous_30)
FNDA:0,(anonymous_31)
FNDA:0,(anonymous_32)
FNDA:0,(anonymous_33)
DA:1,0
DA:2,0
DA:3,0
DA:27,0
DA:32,0
DA:33,0
DA:34,0
DA:35,0
DA:36,0
DA:37,0
DA:38,0
DA:39,0
DA:42,0
DA:43,0
DA:44,0
DA:45,0
DA:46,0
DA:47,0
DA:52,0
DA:54,0
DA:76,0
DA:79,0
DA:80,0
DA:82,0
DA:84,0
DA:86,0
DA:88,0
DA:89,0
DA:100,0
DA:101,0
DA:104,0
DA:105,0
DA:106,0
DA:107,0
DA:108,0
DA:110,0
DA:112,0
DA:116,0
DA:117,0
DA:118,0
DA:119,0
DA:120,0
DA:122,0
DA:124,0
DA:128,0
DA:129,0
DA:131,0
DA:133,0
DA:134,0
DA:136,0
DA:140,0
DA:141,0
DA:143,0
DA:144,0
DA:150,0
DA:153,0
DA:154,0
DA:158,0
DA:159,0
DA:161,0
DA:162,0
DA:164,0
DA:166,0
DA:167,0
DA:169,0
DA:170,0
DA:171,0
DA:174,0
DA:175,0
DA:180,0
DA:183,0
DA:185,0
DA:246,0
DA:259,0
DA:274,0
DA:291,0
DA:305,0
DA:341,0
DA:373,0
DA:389,0
DA:434,0
LF:81
LH:0
BRDA:43,0,0,0
BRDA:45,1,0,0
BRDA:80,2,0,0
BRDA:80,3,0,0
BRDA:80,3,1,0
BRDA:141,4,0,0
BRDA:159,5,0,0
BRDA:164,6,0,0
BRDA:169,7,0,0
BRDA:169,8,0,0
BRDA:169,8,1,0
BRDA:170,9,0,0
BRDA:170,10,0,0
BRDA:170,10,1,0
BRDA:180,11,0,0
BRDA:180,11,1,0
BRDA:183,12,0,0
BRDA:217,13,0,0
BRDA:217,13,1,0
BRDA:282,14,0,0
BRDA:282,14,1,0
BRDA:335,15,0,0
BRDA:335,15,1,0
BRDA:349,16,0,0
BRDA:349,16,1,0
BRDA:351,17,0,0
BRDA:351,17,1,0
BRDA:376,18,0,0
BRDA:376,18,1,0
BRF:29
BRH:0
end_of_record
TN:
SF:src\components\collaboration\ProjectSharingModal.tsx
FN:24,(anonymous_10)
FN:36,(anonymous_11)
[...]
BRDA:154,11,0,0
BRDA:168,12,0,0
BRDA:171,13,0,0
BRDA:171,13,1,0
BRDA:184,14,0,0
BRDA:184,14,1,0
BRDA:185,15,0,0
BRDA:185,15,1,0
BRDA:196,16,0,0
BRDA:196,16,1,0
BRDA:196,16,2,0
BRDA:196,16,3,0
BRDA:196,16,4,0
BRDA:204,17,0,0
BRDA:204,17,1,0
BRDA:204,17,2,0
BRDA:204,17,3,0
BRDA:204,17,4,0
BRDA:212,18,0,0
BRDA:212,18,1,0
BRDA:212,18,2,0
BRDA:218,19,0,0
BRDA:218,19,1,0
BRDA:218,19,2,0
BRDA:224,20,0,0
BRDA:224,20,1,0
BRDA:224,20,2,0
BRDA:224,20,3,0
BRDA:224,20,4,0
BRDA:232,21,0,0
BRDA:232,21,1,0
BRDA:232,21,2,0
BRDA:232,21,3,0
BRDA:239,22,0,0
BRDA:239,22,1,0
BRDA:239,22,2,0
BRDA:245,23,0,0
BRDA:245,23,1,0
BRDA:245,23,2,0
BRDA:245,23,3,0
BRDA:245,23,4,0
BRDA:253,24,0,0
BRDA:253,24,1,0
BRDA:253,24,2,0
BRDA:259,25,0,0
BRDA:259,25,1,0
BRDA:259,25,2,0
BRDA:265,26,0,0
BRDA:269,27,0,0
BRDA:271,28,0,0
BRDA:271,28,1,0
BRDA:274,29,0,0
BRDA:288,30,0,0
BRDA:288,30,1,0
BRDA:303,31,0,0
BRDA:303,31,1,0
BRDA:303,31,2,0
BRDA:303,31,3,0
BRF:72
BRH:0
end_of_record
TN:
SF:src\utils\idGeneration.ts
FN:17,(anonymous_0)
FN:25,(anonymous_1)
FN:32,(anonymous_2)
FN:40,(anonymous_3)
FN:54,(anonymous_4)
FN:63,(anonymous_5)
FN:75,(anonymous_6)
FN:79,(anonymous_7)
FN:83,(anonymous_8)
FN:87,(anonymous_9)
FN:91,(anonymous_10)
FN:95,(anonymous_11)
FN:99,(anonymous_12)
FN:103,(anonymous_13)
FN:110,(anonymous_14)
FN:129,(anonymous_15)
FN:139,(anonymous_16)
FN:150,(anonymous_17)
FN:158,(anonymous_18)
FNF:19
FNH:0
FNDA:0,(anonymous_0)
FNDA:0,(anonymous_1)
FNDA:0,(anonymous_2)
FNDA:0,(anonymous_3)
FNDA:0,(anonymous_4)
FNDA:0,(anonymous_5)
FNDA:0,(anonymous_6)
FNDA:0,(anonymous_7)
FNDA:0,(anonymous_8)
FNDA:0,(anonymous_9)
FNDA:0,(anonymous_10)
FNDA:0,(anonymous_11)
FNDA:0,(anonymous_12)
FNDA:0,(anonymous_13)
FNDA:0,(anonymous_14)
FNDA:0,(anonymous_15)
FNDA:0,(anonymous_16)
FNDA:0,(anonymous_17)
FNDA:0,(anonymous_18)
DA:1,0
DA:12,0
DA:18,0
DA:26,0
DA:33,0
DA:42,0
DA:45,0
DA:47,0
DA:55,0
DA:56,0
DA:64,0
DA:65,0
DA:66,0
DA:67,0
DA:69,0
DA:76,0
DA:80,0
DA:84,0
DA:88,0
DA:92,0
DA:96,0
DA:100,0
DA:104,0
DA:111,0
DA:112,0
DA:115,0
DA:116,0
DA:122,0
DA:130,0
DA:131,0
DA:132,0
DA:140,0
DA:141,0
DA:142,0
DA:150,0
DA:151,0
DA:152,0
DA:158,0
DA:159,0
DA:162,0
LF:40
LH:0
BRDA:47,0,0,0
BRDA:47,0,1,0
BRDA:65,1,0,0
BRDA:67,2,0,0
BRDA:67,2,1,0
BRDA:69,3,0,0
BRDA:69,3,1,0
BRDA:111,4,0,0
BRDA:115,5,0,0
BRDA:129,6,0,0
BRDA:140,7,0,0
BRDA:140,7,1,0
BRDA:141,8,0,0
BRDA:141,8,1,0
BRF:14
BRH:0
end_of_record
TN:
SF:src\utils\performanceMonitoring.ts
FN:42,(anonymous_9)
FN:71,(anonymous_10)
FN:105,(anonymous_11)
FN:118,(anonymous_12)
FN:131,(anonymous_13)
FN:152,(anonymous_14)
FN:174,(anonymous_15)
FN:176,(anonymous_16)
FN:191,(anonymous_17)
FN:192,(anonymous_18)
FN:195,(anonymous_19)
FN:196,(anonymous_20)
FN:204,(anonymous_21)
FN:211,(anonymous_22)
FN:212,(anonymous_23)
FN:215,(anonymous_24)
FN:216,(anonymous_25)
FN:230,(anonymous_26)
FN:231,(anonymous_27)
FN:236,(anonymous_28)
FN:237,(anonymous_29)
FN:251,(anonymous_30)
FN:252,(anonymous_31)
FN:257,(anonymous_32)
FN:258,(anonymous_33)
FN:271,(anonymous_34)
FN:272,(anonymous_35)
FN:275,(anonymous_36)
FN:276,(anonymous_37)
FN:281,(anonymous_38)
FN:289,(anonymous_39)
FN:297,(anonymous_40)
FN:315,(anonymous_41)
FN:322,(anonymous_42)
FN:334,(anonymous_43)
FN:335,(anonymous_44)
FN:341,(anonymous_45)
FN:355,(anonymous_46)
FN:367,usePerformanceTracker
FN:370,(anonymous_48)
FN:376,(anonymous_49)
FN:389,withPerformanceTracking
FN:393,(anonymous_51)
FN:397,(anonymous_52)
FN:407,withDatabaseTracking
FN:468,(anonymous_54)
FN:480,(anonymous_55)
FN:493,(anonymous_56)
FN:501,(anonymous_57)
FNF:49
FNH:0
FNDA:0,(anonymous_9)
FNDA:0,(anonymous_10)
FNDA:0,(anonymous_11)
FNDA:0,(anonymous_12)
FNDA:0,(anonymous_13)
FNDA:0,(anonymous_14)
FNDA:0,(anonymous_15)
FNDA:0,(anonymous_16)
FNDA:0,(anonymous_17)
FNDA:0,(anonymous_18)
FNDA:0,(anonymous_19)
FNDA:0,(anonymous_20)
FNDA:0,(anonymous_21)
FNDA:0,(anonymous_22)
FNDA:0,(anonymous_23)
FNDA:0,(anonymous_24)
FNDA:0,(anonymous_25)
FNDA:0,(anonymous_26)
FNDA:0,(anonymous_27)
FNDA:0,(anonymous_28)
FNDA:0,(anonymous_29)
FNDA:0,(anonymous_30)
FNDA:0,(anonymous_31)
FNDA:0,(anonymous_32)
FNDA:0,(anonymous_33)
FNDA:0,(anonymous_34)
FNDA:0,(anonymous_35)
FNDA:0,(anonymous_36)
FNDA:0,(anonymous_37)
FNDA:0,(anonymous_38)
FNDA:0,(anonymous_39)
FNDA:0,(anonymous_40)
FNDA:0,(anonymous_41)
FNDA:0,(anonymous_42)
FNDA:0,(anonymous_43)
FNDA:0,(anonymous_44)
FNDA:0,(anonymous_45)
FNDA:0,(anonymous_46)
FNDA:0,usePerformanceTracker
FNDA:0,(anonymous_48)
FNDA:0,(anonymous_49)
FNDA:0,withPerformanceTracking
FNDA:0,(anonymous_51)
FNDA:0,(anonymous_52)
FNDA:0,withDatabaseTracking
FNDA:0,(anonymous_54)
FNDA:0,(anonymous_55)
FNDA:0,(anonymous_56)
FNDA:0,(anonymous_57)
DA:6,0
DA:33,0
DA:34,0
DA:35,0
DA:36,0
DA:37,0
DA:43,0
DA:51,0
DA:52,0
DA:61,0
DA:62,0
DA:65,0
DA:77,0
DA:85,0
DA:86,0
DA:95,0
DA:96,0
DA:99,0
DA:106,0
DA:119,0
DA:132,0
DA:139,0
DA:140,0
DA:153,0
DA:162,0
DA:163,0
DA:164,0
DA:165,0
DA:166,0
DA:167,0
DA:175,0
DA:176,0
DA:178,0
DA:192,0
DA:193,0
DA:195,0
DA:196,0
DA:198,0
DA:204,0
DA:212,0
DA:213,0
DA:215,0
DA:216,0
DA:218,0
DA:231,0
DA:232,0
DA:234,0
DA:236,0
DA:237,0
DA:238,0
DA:240,0
DA:252,0
DA:253,0
DA:255,0
DA:257,0
DA:258,0
DA:260,0
DA:272,0
DA:273,0
DA:275,0
DA:276,0
DA:278,0
DA:281,0
DA:290,0
DA:291,0
DA:298,0
DA:299,0
DA:301,0
DA:302,0
DA:304,0
DA:305,0
DA:307,0
DA:308,0
DA:316,0
DA:323,0
DA:324,0
DA:325,0
DA:327,0
DA:335,0
DA:342,0
DA:356,0
DA:357,0
DA:358,0
DA:359,0
DA:364,0
DA:367,0
DA:368,0
DA:370,0
DA:371,0
DA:372,0
DA:375,0
DA:377,0
DA:378,0
DA:389,0
DA:393,0
DA:394,0
DA:395,0
DA:397,0
DA:398,0
DA:399,0
DA:402,0
DA:407,0
DA:412,0
DA:414,0
DA:415,0
DA:416,0
DA:418,0
DA:419,0
DA:421,0
DA:423,0
DA:424,0
DA:425,0
DA:466,0
DA:468,0
DA:469,0
DA:470,0
DA:471,0
DA:480,0
DA:481,0
DA:482,0
DA:483,0
DA:484,0
DA:493,0
DA:494,0
DA:495,0
DA:497,0
DA:498,0
DA:501,0
LF:128
LH:0
BRDA:42,0,0,0
BRDA:61,1,0,0
BRDA:61,2,0,0
BRDA:61,2,1,0
BRDA:74,3,0,0
BRDA:75,4,0,0
BRDA:95,5,0,0
BRDA:108,6,0,0
BRDA:108,6,1,0
BRDA:162,7,0,0
BRDA:162,7,1,0
BRDA:162,8,0,0
BRDA:162,8,1,0
BRDA:164,9,0,0
BRDA:164,9,1,0
BRDA:164,10,0,0
BRDA:164,10,1,0
BRDA:166,11,0,0
BRDA:166,12,0,0
BRDA:166,12,1,0
BRDA:174,13,0,0
BRDA:193,14,0,0
BRDA:213,15,0,0
BRDA:232,16,0,0
BRDA:232,16,1,0
BRDA:234,17,0,0
BRDA:244,18,0,0
BRDA:244,18,1,0
BRDA:253,19,0,0
BRDA:253,19,1,0
BRDA:255,20,0,0
BRDA:273,21,0,0
BRDA:298,22,0,0
BRDA:301,23,0,0
BRDA:304,24,0,0
BRDA:307,25,0,0
BRDA:335,26,0,0
BRDA:335,26,1,0
BRDA:394,27,0,0
BRDA:394,27,1,0
BRDA:394,27,2,0
BRDA:410,28,0,0
BRDA:418,29,0,0
BRDA:418,29,1,0
BRDA:466,30,0,0
BRDA:466,31,0,0
BRDA:466,31,1,0
BRDA:473,32,0,0
BRDA:473,32,1,0
BRDA:487,33,0,0
BRDA:487,33,1,0
BRDA:497,34,0,0
BRDA:502,35,0,0
BRDA:502,35,1,0
BRF:54
BRH:0
end_of_record
TN:
SF:src\utils\projectUtils.ts
FN:6,(anonymous_0)
FN:10,(anonymous_1)
FN:17,(anonymous_2)
FN:24,(anonymous_3)
FN:42,(anonymous_4)
FN:46,(anonymous_5)
FN:47,(anonymous_6)
FN:61,(anonymous_7)
FN:62,(anonymous_8)
FN:72,(anonymous_9)
FN:76,(anonymous_10)
FN:82,(anonymous_11)
FN:86,(anonymous_12)
FN:97,(anonymous_13)
FN:98,(anonymous_14)
FN:100,(anonymous_15)
FN:101,(anonymous_16)
FN:115,(anonymous_17)
FN:132,(anonymous_18)
FN:133,(anonymous_19)
FN:135,(anonymous_20)
FN:136,(anonymous_21)
FN:150,(anonymous_22)
FN:151,(anonymous_23)
FN:156,(anonymous_24)
FNF:25
FNH:0
FNDA:0,(anonymous_0)
FNDA:0,(anonymous_1)
FNDA:0,(anonymous_2)
FNDA:0,(anonymous_3)
FNDA:0,(anonymous_4)
FNDA:0,(anonymous_5)
FNDA:0,(anonymous_6)
FNDA:0,(anonymous_7)
FNDA:0,(anonymous_8)
FNDA:0,(anonymous_9)
FNDA:0,(anonymous_10)
FNDA:0,(anonymous_11)
FNDA:0,(anonymous_12)
FNDA:0,(anonymous_13)
FNDA:0,(anonymous_14)
FNDA:0,(anonymous_15)
FNDA:0,(anonymous_16)
FNDA:0,(anonymous_17)
FNDA:0,(anonymous_18)
FNDA:0,(anonymous_19)
FNDA:0,(anonymous_20)
FNDA:0,(anonymous_21)
FNDA:0,(anonymous_22)
FNDA:0,(anonymous_23)
FNDA:0,(anonymous_24)
DA:6,0
DA:10,0
DA:12,0
DA:14,0
DA:17,0
DA:18,0
DA:24,0
DA:25,0
DA:27,0
DA:28,0
DA:29,0
DA:31,0
DA:32,0
DA:33,0
DA:34,0
DA:35,0
DA:36,0
DA:42,0
DA:46,0
DA:47,0
DA:49,0
DA:61,0
DA:62,0
DA:63,0
DA:64,0
DA:65,0
DA:72,0
DA:76,0
DA:82,0
DA:86,0
DA:88,0
DA:89,0
DA:90,0
DA:91,0
DA:92,0
DA:97,0
DA:98,0
DA:99,0
DA:100,0
DA:101,0
DA:102,0
DA:105,0
DA:108,0
DA:115,0
DA:119,0
DA:122,0
DA:123,0
DA:127,0
DA:128,0
DA:132,0
DA:133,0
DA:134,0
DA:135,0
DA:136,0
DA:137,0
DA:140,0
DA:143,0
DA:144,0
DA:147,0
DA:150,0
DA:151,0
DA:153,0
DA:155,0
DA:156,0
DA:158,0
LF:65
LH:0
BRDA:12,0,0,0
BRDA:14,1,0,0
BRDA:14,1,1,0
BRDA:25,2,0,0
BRDA:31,3,0,0
BRDA:32,4,0,0
BRDA:33,5,0,0
BRDA:34,6,0,0
BRDA:35,7,0,0
BRDA:63,8,0,0
BRDA:63,8,1,0
BRDA:63,9,0,0
BRDA:63,9,1,0
BRDA:64,10,0,0
BRDA:64,10,1,0
BRDA:64,11,0,0
BRDA:64,11,1,0
BRDA:88,12,0,0
BRDA:91,13,0,0
BRDA:91,14,0,0
BRDA:91,14,1,0
BRDA:99,15,0,0
BRDA:99,16,0,0
BRDA:99,16,1,0
BRDA:102,17,0,0
BRDA:102,17,1,0
BRDA:122,18,0,0
BRDA:122,19,0,0
BRDA:122,19,1,0
BRDA:127,20,0,0
BRDA:127,21,0,0
BRDA:127,21,1,0
BRDA:127,21,2,0
BRDA:134,22,0,0
BRDA:134,23,0,0
BRDA:134,23,1,0
BRDA:137,24,0,0
BRDA:137,24,1,0
BRDA:143,25,0,0
BRDA:153,26,0,0
BRF:40
BRH:0
end_of_record
TN:
SF:src\utils\realtimeOptimized.ts
FN:36,(anonymous_0)
FN:77,(anonymous_1)
FN:91,(anonymous_2)
FN:107,(anonymous_3)
FN:112,(anonymous_4)
FN:139,(anonymous_5)
FN:172,(anonymous_6)
FN:187,(anonymous_7)
FN:197,(anonymous_8)
FN:216,(anonymous_9)
FN:232,(anonymous_10)
FN:244,(anonymous_11)
FN:252,(anonymous_12)
FN:282,(anonymous_13)
FN:286,(anonymous_14)
FN:294,(anonymous_15)
FN:331,(anonymous_16)
FN:338,(anonymous_17)
FN:347,(anonymous_18)
FN:362,(anonymous_19)
FNF:20
FNH:0
FNDA:0,(anonymous_0)
FNDA:0,(anonymous_1)
FNDA:0,(anonymous_2)
FNDA:0,(anonymous_3)
FNDA:0,(anonymous_4)
FNDA:0,(anonymous_5)
FNDA:0,(anonymous_6)
FNDA:0,(anonymous_7)
FNDA:0,(anonymous_8)
FNDA:0,(anonymous_9)
FNDA:0,(anonymous_10)
FNDA:0,(anonymous_11)
FNDA:0,(anonymous_12)
FNDA:0,(anonymous_13)
FNDA:0,(anonymous_14)
FNDA:0,(anonymous_15)
FNDA:0,(anonymous_16)
FNDA:0,(anonymous_17)
FNDA:0,(anonymous_18)
FNDA:0,(anonymous_19)
DA:6,0
DA:7,0
DA:25,0
DA:26,0
DA:27,0
DA:28,0
DA:29,0
DA:30,0
DA:31,0
DA:42,0
DA:43,0
DA:44,0
DA:48,0
DA:49,0
DA:50,0
DA:53,0
DA:54,0
DA:63,0
DA:70,0
DA:74,0
DA:77,0
DA:78,0
DA:80,0
DA:81,0
DA:82,0
DA:83,0
DA:84,0
DA:88,0
DA:91,0
DA:95,0
DA:96,0
DA:99,0
DA:100,0
DA:112,0
DA:113,0
DA:115,0
DA:118,0
DA:119,0
DA:123,0
DA:124,0
DA:128,0
DA:131,0
DA:140,0
DA:142,0
DA:144,0
DA:145,0
DA:146,0
DA:147,0
DA:149,0
DA:152,0
DA:153,0
DA:154,0
DA:155,0
DA:157,0
DA:160,0
DA:161,0
DA:165,0
DA:178,0
DA:180,0
DA:181,0
DA:184,0
DA:187,0
DA:188,0
DA:191,0
DA:202,0
DA:205,0
DA:206,0
DA:208,0
DA:211,0
DA:212,0
DA:216,0
DA:217,0
DA:218,0
DA:220,0
DA:221,0
DA:223,0
DA:226,0
DA:233,0
DA:234,0
DA:236,0
DA:237,0
DA:238,0
DA:241,0
DA:242,0
DA:244,0
DA:245,0
DA:253,0
DA:254,0
DA:256,0
DA:257,0
DA:260,0
DA:261,0
DA:265,0
DA:267,0
DA:271,0
DA:274,0
DA:275,0
DA:283,0
DA:295,0
DA:296,0
DA:298,0
DA:299,0
DA:300,0
DA:303,0
DA:304,0
DA:307,0
DA:308,0
DA:310,0
DA:311,0
DA:312,0
DA:315,0
DA:316,0
DA:317,0
DA:320,0
DA:322,0
DA:324,0
DA:332,0
DA:339,0
DA:340,0
DA:348,0
DA:358,0
DA:361,0
DA:362,0
DA:363,0
LF:124
LH:0
BRDA:42,0,0,0
BRDA:48,1,0,0
BRDA:70,2,0,0
BRDA:70,2,1,0
BRDA:71,3,0,0
BRDA:71,3,1,0
BRDA:72,4,0,0
BRDA:72,4,1,0
BRDA:80,5,0,0
BRDA:80,5,1,0
BRDA:83,6,0,0
BRDA:83,7,0,0
BRDA:83,7,1,0
BRDA:118,8,0,0
BRDA:123,9,0,0
BRDA:142,10,0,0
BRDA:142,10,1,0
BRDA:142,10,2,0
BRDA:142,10,3,0
BRDA:144,11,0,0
BRDA:144,11,1,0
BRDA:144,12,0,0
BRDA:144,12,1,0
BRDA:146,13,0,0
BRDA:146,14,0,0
BRDA:146,14,1,0
BRDA:152,15,0,0
BRDA:152,15,1,0
BRDA:152,16,0,0
BRDA:152,16,1,0
BRDA:154,17,0,0
BRDA:154,18,0,0
BRDA:154,18,1,0
BRDA:180,19,0,0
BRDA:205,20,0,0
BRDA:211,21,0,0
BRDA:217,22,0,0
BRDA:217,22,1,0
BRDA:218,23,0,0
BRDA:236,24,0,0
BRDA:254,25,0,0
BRDA:260,26,0,0
BRDA:296,27,0,0
BRDA:299,28,0,0
BRDA:310,29,0,0
BRDA:315,30,0,0
BRDA:361,31,0,0
BRF:47
BRH:0
end_of_record
TN:
SF:src\utils\retryLogic.ts
FN:24,(anonymous_0)
FN:31,(anonymous_1)
FN:74,(anonymous_2)
FN:91,(anonymous_3)
FN:113,(anonymous_4)
FN:141,(anonymous_5)
FN:154,(anonymous_6)
FN:172,(anonymous_7)
FN:173,(anonymous_8)
FN:184,(anonymous_9)
FN:197,(anonymous_10)
FN:204,(anonymous_11)
FN:218,(anonymous_12)
FN:225,(anonymous_13)
FN:235,(anonymous_14)
FN:242,(anonymous_15)
FN:251,(anonymous_16)
FN:269,(anonymous_17)
FN:283,(anonymous_18)
FN:297,(anonymous_19)
FN:311,(anonymous_20)
FN:325,(anonymous_21)
FN:350,(anonymous_23)
FN:369,(anonymous_24)
FN:375,(anonymous_25)
FN:384,(anonymous_26)
FN:389,(anonymous_27)
FNF:27
FNH:0
FNDA:0,(anonymous_0)
FNDA:0,(anonymous_1)
FNDA:0,(anonymous_2)
FNDA:0,(anonymous_3)
FNDA:0,(anonymous_4)
FNDA:0,(anonymous_5)
FNDA:0,(anonymous_6)
FNDA:0,(anonymous_7)
FNDA:0,(anonymous_8)
FNDA:0,(anonymous_9)
FNDA:0,(anonymous_10)
FNDA:0,(anonymous_11)
FNDA:0,(anonymous_12)
FNDA:0,(anonymous_13)
FNDA:0,(anonymous_14)
FNDA:0,(anonymous_15)
FNDA:0,(anonymous_16)
FNDA:0,(anonymous_17)
FNDA:0,(anonymous_18)
FNDA:0,(anonymous_19)
FNDA:0,(anonymous_20)
FNDA:0,(anonymous_21)
FNDA:0,(anonymous_23)
FNDA:0,(anonymous_24)
FNDA:0,(anonymous_25)
FNDA:0,(anonymous_26)
FNDA:0,(anonymous_27)
DA:6,0
DA:18,0
DA:24,0
DA:27,0
DA:36,0
DA:39,0
DA:40,0
DA:42,0
DA:43,0
DA:44,0
DA:47,0
DA:50,0
DA:53,0
DA:54,0
DA:58,0
DA:61,0
DA:62,0
DA:68,0
DA:75,0
DA:81,0
DA:82,0
DA:85,0
DA:97,0
DA:98,0
DA:102,0
DA:103,0
DA:107,0
DA:114,0
DA:120,0
DA:127,0
DA:131,0
DA:134,0
DA:142,0
DA:143,0
DA:147,0
DA:148,0
DA:159,0
DA:161,0
DA:173,0
DA:180,0
DA:185,0
DA:198,0
DA:206,0
DA:219,0
DA:227,0
DA:236,0
DA:243,0
DA:252,0
DA:265,0
DA:273,0
DA:287,0
DA:301,0
DA:315,0
DA:329,0
DA:340,0
DA:341,0
DA:342,0
DA:343,0
DA:346,0
DA:347,0
DA:351,0
DA:352,0
DA:353,0
DA:355,0
DA:359,0
DA:360,0
DA:361,0
DA:362,0
DA:364,0
DA:365,0
DA:370,0
DA:371,0
DA:372,0
DA:376,0
DA:377,0
DA:379,0
DA:380,0
DA:385,0
DA:390,0
LF:79
LH:0
BRDA:33,0,0,0
BRDA:42,1,0,0
BRDA:53,2,0,0
BRDA:61,3,0,0
BRDA:81,4,0,0
BRDA:97,5,0,0
BRDA:102,6,0,0
BRDA:114,7,0,0
BRDA:114,7,1,0
BRDA:114,7,2,0
BRDA:114,7,3,0
BRDA:114,7,4,0
BRDA:114,7,5,0
BRDA:114,7,6,0
BRDA:114,7,7,0
BRDA:114,7,8,0
BRDA:114,7,9,0
BRDA:114,7,10,0
BRDA:114,7,11,0
BRDA:142,8,0,0
BRDA:346,9,0,0
BRDA:347,10,0,0
BRDA:351,11,0,0
BRDA:352,12,0,0
BRDA:352,12,1,0
BRDA:379,13,0,0
BRDA:385,14,0,0
BRDA:385,14,1,0
BRF:28
BRH:0
end_of_record
TN:
SF:src\utils\securityUtils.ts
FN:38,(anonymous_0)
FN:42,(anonymous_1)
FN:57,(anonymous_2)
FN:65,(anonymous_3)
FN:96,(anonymous_4)
FN:116,(anonymous_5)
FN:126,(anonymous_6)
FN:144,(anonymous_7)
FN:175,(anonymous_8)
FN:190,(anonymous_9)
FN:204,(anonymous_10)
FN:218,(anonymous_11)
FN:225,(anonymous_12)
FN:227,(anonymous_13)
FN:242,(anonymous_14)
FN:245,(anonymous_15)
FN:252,(anonymous_16)
FN:262,(anonymous_17)
FN:272,(anonymous_18)
FN:302,(anonymous_19)
FN:308,(anonymous_20)
FN:318,(anonymous_21)
FN:328,(anonymous_22)
FNF:23
FNH:0
FNDA:0,(anonymous_0)
FNDA:0,(anonymous_1)
FNDA:0,(anonymous_2)
FNDA:0,(anonymous_3)
FNDA:0,(anonymous_4)
FNDA:0,(anonymous_5)
FNDA:0,(anonymous_6)
FNDA:0,(anonymous_7)
FNDA:0,(anonymous_8)
FNDA:0,(anonymous_9)
FNDA:0,(anonymous_10)
FNDA:0,(anonymous_11)
FNDA:0,(anonymous_12)
FNDA:0,(anonymous_13)
FNDA:0,(anonymous_14)
FNDA:0,(anonymous_15)
FNDA:0,(anonymous_16)
FNDA:0,(anonymous_17)
FNDA:0,(anonymous_18)
FNDA:0,(anonymous_19)
FNDA:0,(anonymous_20)
FNDA:0,(anonymous_21)
FNDA:0,(anonymous_22)
DA:7,0
DA:34,0
DA:39,0
DA:41,0
DA:43,0
DA:49,0
DA:58,0
DA:59,0
DA:66,0
DA:68,0
DA:69,0
DA:71,0
DA:72,0
DA:74,0
DA:75,0
DA:77,0
DA:78,0
DA:80,0
DA:81,0
DA:83,0
DA:84,0
DA:87,0
DA:97,0
DA:99,0
DA:100,0
DA:103,0
DA:104,0
DA:108,0
DA:116,0
DA:117,0
DA:120,0
DA:127,0
DA:129,0
DA:130,0
DA:133,0
DA:138,0
DA:139,0
DA:149,0
DA:150,0
DA:152,0
DA:154,0
DA:158,0
DA:161,0
DA:162,0
DA:168,0
DA:169,0
DA:176,0
DA:177,0
DA:178,0
DA:179,0
DA:186,0
DA:191,0
DA:192,0
DA:193,0
DA:194,0
DA:196,0
DA:197,0
DA:205,0
DA:206,0
DA:207,0
DA:208,0
DA:210,0
DA:211,0
DA:219,0
DA:226,0
DA:227,0
DA:228,0
DA:229,0
DA:236,0
DA:237,0
DA:243,0
DA:244,0
DA:245,0
DA:246,0
DA:253,0
DA:254,0
DA:256,0
DA:263,0
DA:268,0
DA:276,0
DA:285,0
DA:288,0
DA:289,0
DA:292,0
DA:293,0
DA:296,0
DA:303,0
DA:308,0
DA:309,0
DA:318,0
DA:320,0
DA:321,0
DA:325,0
DA:328,0
DA:329,0
DA:332,0
DA:336,0
DA:346,0
LF:98
LH:0
BRDA:39,0,0,0
BRDA:49,1,0,0
BRDA:49,1,1,0
BRDA:59,2,0,0
BRDA:59,2,1,0
BRDA:68,3,0,0
BRDA:71,4,0,0
BRDA:74,5,0,0
BRDA:77,6,0,0
BRDA:80,7,0,0
BRDA:83,8,0,0
BRDA:99,9,0,0
BRDA:99,10,0,0
BRDA:99,10,1,0
BRDA:103,11,0,0
BRDA:116,12,0,0
BRDA:129,13,0,0
BRDA:146,14,0,0
BRDA:147,15,0,0
BRDA:152,16,0,0
BRDA:152,17,0,0
BRDA:152,17,1,0
BRDA:161,18,0,0
BRDA:178,19,0,0
BRDA:207,20,0,0
BRDA:228,21,0,0
BRDA:253,22,0,0
BRDA:263,23,0,0
BRDA:263,23,1,0
BRDA:274,24,0,0
BRDA:288,25,0,0
BRDA:288,25,1,0
BRDA:292,26,0,0
BRDA:303,27,0,0
BRDA:303,27,1,0
BRDA:320,28,0,0
BRF:36
BRH:0
end_of_record
TN:
SF:src\utils\testUtils.tsx
FN:223,(anonymous_5)
FN:227,(anonymous_6)
FN:249,(anonymous_7)
FN:278,(anonymous_8)
FN:286,(anonymous_9)
FN:286,(anonymous_10)
FN:290,(anonymous_11)
FNF:7
FNH:0
FNDA:0,(anonymous_5)
FNDA:0,(anonymous_6)
FNDA:0,(anonymous_7)
FNDA:0,(anonymous_8)
FNDA:0,(anonymous_9)
FNDA:0,(anonymous_10)
FNDA:0,(anonymous_11)
DA:1,0
DA:2,0
DA:3,0
DA:4,0
DA:5,0
DA:18,0
DA:46,0
DA:77,0
DA:106,0
DA:125,0
DA:178,0
DA:188,0
DA:223,0
DA:227,0
DA:228,0
DA:233,0
DA:237,0
DA:249,0
DA:255,0
DA:271,0
DA:278,0
DA:286,0
DA:289,0
DA:290,0
LF:24
LH:0
BRDA:225,0,0,0
BRDA:225,1,0,0
BRDA:249,2,0,0
BRDA:249,3,0,0
BRF:4
BRH:0
end_of_record
TN:
SF:src\utils\userMessages.ts
FN:21,(anonymous_0)
FN:37,(anonymous_1)
FN:56,(anonymous_2)
FN:74,(anonymous_3)
FN:89,(anonymous_4)
FN:124,(anonymous_5)
FN:138,(anonymous_6)
FN:228,(anonymous_7)
FN:292,(anonymous_8)
FN:304,(anonymous_9)
FN:321,(anonymous_10)
FN:329,(anonymous_11)
FN:336,(anonymous_12)
FN:343,(anonymous_13)
FN:350,(anonymous_14)
FN:358,(anonymous_15)
FN:365,(anonymous_16)
FN:374,(anonymous_17)
FN:382,(anonymous_18)
FN:395,(anonymous_19)
FN:403,(anonymous_20)
FN:412,(anonymous_21)
FN:421,(anonymous_22)
FN:435,(anonymous_23)
FN:443,(anonymous_24)
FN:451,(anonymous_25)
FN:459,(anonymous_26)
FNF:27
FNH:0
FNDA:0,(anonymous_0)
FNDA:0,(anonymous_1)
FNDA:0,(anonymous_2)
FNDA:0,(anonymous_3)
FNDA:0,(anonymous_4)
FNDA:0,(anonymous_5)
FNDA:0,(anonymous_6)
FNDA:0,(anonymous_7)
FNDA:0,(anonymous_8)
FNDA:0,(anonymous_9)
FNDA:0,(anonymous_10)
FNDA:0,(anonymous_11)
FNDA:0,(anonymous_12)
FNDA:0,(anonymous_13)
FNDA:0,(anonymous_14)
FNDA:0,(anonymous_15)
FNDA:0,(anonymous_16)
FNDA:0,(anonymous_17)
FNDA:0,(anonymous_18)
FNDA:0,(anonymous_19)
FNDA:0,(anonymous_20)
FNDA:0,(anonymous_21)
FNDA:0,(anonymous_22)
FNDA:0,(anonymous_23)
FNDA:0,(anonymous_24)
FNDA:0,(anonymous_25)
FNDA:0,(anonymous_26)
DA:6,0
DA:17,0
DA:22,0
DA:24,0
DA:43,0
DA:62,0
DA:79,0
DA:90,0
DA:93,0
DA:96,0
DA:99,0
DA:102,0
DA:105,0
DA:108,0
DA:111,0
DA:114,0
DA:117,0
DA:120,0
DA:128,0
DA:130,0
DA:131,0
DA:135,0
DA:142,0
DA:144,0
DA:147,0
DA:148,0
DA:150,0
DA:155,0
DA:160,0
DA:168,0
DA:169,0
DA:171,0
DA:176,0
DA:181,0
DA:189,0
DA:190,0
DA:192,0
DA:197,0
DA:202,0
DA:210,0
DA:211,0
DA:213,0
DA:218,0
DA:225,0
DA:229,0
DA:231,0
DA:237,0
DA:243,0
DA:249,0
DA:255,0
DA:261,0
DA:267,0
DA:273,0
DA:279,0
DA:285,0
DA:293,0
DA:296,0
DA:298,0
DA:300,0
DA:305,0
DA:308,0
DA:310,0
DA:312,0
DA:320,0
DA:322,0
DA:330,0
DA:337,0
DA:344,0
DA:351,0
DA:359,0
DA:366,0
DA:375,0
DA:383,0
DA:394,0
DA:396,0
DA:404,0
DA:413,0
DA:422,0
DA:434,0
DA:436,0
DA:444,0
DA:452,0
DA:460,0
LF:83
LH:0
BRDA:41,0,0,0
BRDA:60,1,0,0
BRDA:90,2,0,0
BRDA:90,2,1,0
BRDA:90,2,2,0
BRDA:90,2,3,0
BRDA:90,2,4,0
BRDA:90,2,5,0
BRDA:90,2,6,0
BRDA:90,2,7,0
BRDA:90,2,8,0
BRDA:90,2,9,0
BRDA:90,2,10,0
BRDA:130,3,0,0
BRDA:142,4,0,0
BRDA:147,5,0,0
BRDA:148,6,0,0
BRDA:148,6,1,0
BRDA:148,6,2,0
BRDA:168,7,0,0
BRDA:169,8,0,0
BRDA:169,8,1,0
BRDA:169,8,2,0
BRDA:189,9,0,0
BRDA:189,10,0,0
BRDA:189,10,1,0
BRDA:189,10,2,0
BRDA:190,11,0,0
BRDA:190,11,1,0
BRDA:190,11,2,0
BRDA:210,12,0,0
BRDA:210,13,0,0
BRDA:210,13,1,0
BRDA:211,14,0,0
BRDA:211,14,1,0
BRDA:229,15,0,0
BRDA:229,15,1,0
BRDA:229,15,2,0
BRDA:229,15,3,0
BRDA:229,15,4,0
BRDA:229,15,5,0
BRDA:229,15,6,0
BRDA:229,15,7,0
BRDA:229,15,8,0
BRDA:229,15,9,0
BRDA:286,16,0,0
BRDA:286,16,1,0
BRDA:293,17,0,0
BRDA:293,17,1,0
BRDA:293,17,2,0
BRDA:293,17,3,0
BRDA:305,18,0,0
BRDA:305,18,1,0
BRDA:305,18,2,0
BRDA:305,18,3,0
BRF:55
BRH:0
end_of_record
